[Rank 254] xlo: 752.459094, xhi: 859.953250, ylo: 752.459094, yhi: 859.953250, zlo: 214.988312, zhi: 322.482469
[Rank 255] xlo: 752.459094, xhi: 859.953250, ylo: 752.459094, yhi: 859.953250, zlo: 322.482469, zhi: 429.976625
[Rank 253] xlo: 752.459094, xhi: 859.953250, ylo: 752.459094, yhi: 859.953250, zlo: 107.494156, zhi: 214.988312
[Rank 252] xlo: 752.459094, xhi: 859.953250, ylo: 752.459094, yhi: 859.953250, zlo: 0.000000, zhi: 107.494156
[Rank 7] xlo: 0.000000, xhi: 107.494156, ylo: 107.494156, yhi: 214.988312, zlo: 322.482469, zhi: 429.976625
[Rank 129] xlo: 429.976625, xhi: 537.470781, ylo: 0.000000, yhi: 107.494156, zlo: 107.494156, zhi: 214.988312
[Rank 235] xlo: 752.459094, xhi: 859.953250, ylo: 214.988312, yhi: 322.482469, zlo: 322.482469, zhi: 429.976625
[Rank 42] xlo: 107.494156, xhi: 214.988312, ylo: 214.988312, yhi: 322.482469, zlo: 214.988312, zhi: 322.482469
[Rank 41] xlo: 107.494156, xhi: 214.988312, ylo: 214.988312, yhi: 322.482469, zlo: 107.494156, zhi: 214.988312
[Rank 43] xlo: 107.494156, xhi: 214.988312, ylo: 214.988312, yhi: 322.482469, zlo: 322.482469, zhi: 429.976625
[Rank 139] xlo: 429.976625, xhi: 537.470781, ylo: 214.988312, yhi: 322.482469, zlo: 322.482469, zhi: 429.976625
[Rank 40] xlo: 107.494156, xhi: 214.988312, ylo: 214.988312, yhi: 322.482469, zlo: 0.000000, zhi: 107.494156
[Rank 67] xlo: 214.988312, xhi: 322.482469, ylo: 0.000000, yhi: 107.494156, zlo: 322.482469, zhi: 429.976625
[Rank 90] xlo: 214.988312, xhi: 322.482469, ylo: 644.964937, yhi: 752.459094, zlo: 214.988312, zhi: 322.482469
[Rank 103] xlo: 322.482469, xhi: 429.976625, ylo: 107.494156, yhi: 214.988312, zlo: 322.482469, zhi: 429.976625
[Rank 64] xlo: 214.988312, xhi: 322.482469, ylo: 0.000000, yhi: 107.494156, zlo: 0.000000, zhi: 107.494156
[Rank 221] xlo: 644.964937, xhi: 752.459094, ylo: 752.459094, yhi: 859.953250, zlo: 107.494156, zhi: 214.988312
[Rank 187] xlo: 537.470781, xhi: 644.964937, ylo: 644.964937, yhi: 752.459094, zlo: 322.482469, zhi: 429.976625
[Rank 6] xlo: 0.000000, xhi: 107.494156, ylo: 107.494156, yhi: 214.988312, zlo: 214.988312, zhi: 322.482469
[Rank 18] xlo: 0.000000, xhi: 107.494156, ylo: 429.976625, yhi: 537.470781, zlo: 214.988312, zhi: 322.482469
[Rank 19] xlo: 0.000000, xhi: 107.494156, ylo: 429.976625, yhi: 537.470781, zlo: 322.482469, zhi: 429.976625
[Rank 66] xlo: 214.988312, xhi: 322.482469, ylo: 0.000000, yhi: 107.494156, zlo: 214.988312, zhi: 322.482469
[Rank 17] xlo: 0.000000, xhi: 107.494156, ylo: 429.976625, yhi: 537.470781, zlo: 107.494156, zhi: 214.988312
[Rank 128] xlo: 429.976625, xhi: 537.470781, ylo: 0.000000, yhi: 107.494156, zlo: 0.000000, zhi: 107.494156
[Rank 30] xlo: 0.000000, xhi: 107.494156, ylo: 752.459094, yhi: 859.953250, zlo: 214.988312, zhi: 322.482469
[Rank 91] xlo: 214.988312, xhi: 322.482469, ylo: 644.964937, yhi: 752.459094, zlo: 322.482469, zhi: 429.976625
[Rank 234] xlo: 752.459094, xhi: 859.953250, ylo: 214.988312, yhi: 322.482469, zlo: 214.988312, zhi: 322.482469
[Rank 199] xlo: 644.964937, xhi: 752.459094, ylo: 107.494156, yhi: 214.988312, zlo: 322.482469, zhi: 429.976625
[Rank 31] xlo: 0.000000, xhi: 107.494156, ylo: 752.459094, yhi: 859.953250, zlo: 322.482469, zhi: 429.976625
[Rank 161] xlo: 537.470781, xhi: 644.964937, ylo: 0.000000, yhi: 107.494156, zlo: 107.494156, zhi: 214.988312
[Rank 102] xlo: 322.482469, xhi: 429.976625, ylo: 107.494156, yhi: 214.988312, zlo: 214.988312, zhi: 322.482469
[Rank 220] xlo: 644.964937, xhi: 752.459094, ylo: 752.459094, yhi: 859.953250, zlo: 0.000000, zhi: 107.494156
[Rank 65] xlo: 214.988312, xhi: 322.482469, ylo: 0.000000, yhi: 107.494156, zlo: 107.494156, zhi: 214.988312
[Rank 16] xlo: 0.000000, xhi: 107.494156, ylo: 429.976625, yhi: 537.470781, zlo: 0.000000, zhi: 107.494156
[Rank 79] xlo: 214.988312, xhi: 322.482469, ylo: 322.482469, yhi: 429.976625, zlo: 322.482469, zhi: 429.976625
[Rank 29] xlo: 0.000000, xhi: 107.494156, ylo: 752.459094, yhi: 859.953250, zlo: 107.494156, zhi: 214.988312
[Rank 175] xlo: 537.470781, xhi: 644.964937, ylo: 322.482469, yhi: 429.976625, zlo: 322.482469, zhi: 429.976625
[Rank 173] xlo: 537.470781, xhi: 644.964937, ylo: 322.482469, yhi: 429.976625, zlo: 107.494156, zhi: 214.988312
[Rank 69] xlo: 214.988312, xhi: 322.482469, ylo: 107.494156, yhi: 214.988312, zlo: 107.494156, zhi: 214.988312
[Rank 172] xlo: 537.470781, xhi: 644.964937, ylo: 322.482469, yhi: 429.976625, zlo: 0.000000, zhi: 107.494156
[Rank 250] xlo: 752.459094, xhi: 859.953250, ylo: 644.964937, yhi: 752.459094, zlo: 214.988312, zhi: 322.482469
[Rank 162] xlo: 537.470781, xhi: 644.964937, ylo: 0.000000, yhi: 107.494156, zlo: 214.988312, zhi: 322.482469
[Rank 205] xlo: 644.964937, xhi: 752.459094, ylo: 322.482469, yhi: 429.976625, zlo: 107.494156, zhi: 214.988312
[Rank 78] xlo: 214.988312, xhi: 322.482469, ylo: 322.482469, yhi: 429.976625, zlo: 214.988312, zhi: 322.482469
[Rank 100] xlo: 322.482469, xhi: 429.976625, ylo: 107.494156, yhi: 214.988312, zlo: 0.000000, zhi: 107.494156
[Rank 138] xlo: 429.976625, xhi: 537.470781, ylo: 214.988312, yhi: 322.482469, zlo: 214.988312, zhi: 322.482469
[Rank 163] xlo: 537.470781, xhi: 644.964937, ylo: 0.000000, yhi: 107.494156, zlo: 322.482469, zhi: 429.976625
[Rank 204] xlo: 644.964937, xhi: 752.459094, ylo: 322.482469, yhi: 429.976625, zlo: 0.000000, zhi: 107.494156
[Rank 174] xlo: 537.470781, xhi: 644.964937, ylo: 322.482469, yhi: 429.976625, zlo: 214.988312, zhi: 322.482469
[Rank 145] xlo: 429.976625, xhi: 537.470781, ylo: 429.976625, yhi: 537.470781, zlo: 107.494156, zhi: 214.988312
[Rank 28] xlo: 0.000000, xhi: 107.494156, ylo: 752.459094, yhi: 859.953250, zlo: 0.000000, zhi: 107.494156
[Rank 136] xlo: 429.976625, xhi: 537.470781, ylo: 214.988312, yhi: 322.482469, zlo: 0.000000, zhi: 107.494156
[Rank 144] xlo: 429.976625, xhi: 537.470781, ylo: 429.976625, yhi: 537.470781, zlo: 0.000000, zhi: 107.494156
[Rank 101] xlo: 322.482469, xhi: 429.976625, ylo: 107.494156, yhi: 214.988312, zlo: 107.494156, zhi: 214.988312
[Rank 238] xlo: 752.459094, xhi: 859.953250, ylo: 322.482469, yhi: 429.976625, zlo: 214.988312, zhi: 322.482469
[Rank 160] xlo: 537.470781, xhi: 644.964937, ylo: 0.000000, yhi: 107.494156, zlo: 0.000000, zhi: 107.494156
[Rank 104] xlo: 322.482469, xhi: 429.976625, ylo: 214.988312, yhi: 322.482469, zlo: 0.000000, zhi: 107.494156
[Rank 137] xlo: 429.976625, xhi: 537.470781, ylo: 214.988312, yhi: 322.482469, zlo: 107.494156, zhi: 214.988312
[Rank 130] xlo: 429.976625, xhi: 537.470781, ylo: 0.000000, yhi: 107.494156, zlo: 214.988312, zhi: 322.482469
[Rank 131] xlo: 429.976625, xhi: 537.470781, ylo: 0.000000, yhi: 107.494156, zlo: 322.482469, zhi: 429.976625
[Rank 251] xlo: 752.459094, xhi: 859.953250, ylo: 644.964937, yhi: 752.459094, zlo: 322.482469, zhi: 429.976625
[Rank 157] xlo: 429.976625, xhi: 537.470781, ylo: 752.459094, yhi: 859.953250, zlo: 107.494156, zhi: 214.988312
[Rank 25] xlo: 0.000000, xhi: 107.494156, ylo: 644.964937, yhi: 752.459094, zlo: 107.494156, zhi: 214.988312
[Rank 108] xlo: 322.482469, xhi: 429.976625, ylo: 322.482469, yhi: 429.976625, zlo: 0.000000, zhi: 107.494156
[Rank 198] xlo: 644.964937, xhi: 752.459094, ylo: 107.494156, yhi: 214.988312, zlo: 214.988312, zhi: 322.482469
[Rank 211] xlo: 644.964937, xhi: 752.459094, ylo: 429.976625, yhi: 537.470781, zlo: 322.482469, zhi: 429.976625
[Rank 210] xlo: 644.964937, xhi: 752.459094, ylo: 429.976625, yhi: 537.470781, zlo: 214.988312, zhi: 322.482469
[Rank 94] xlo: 214.988312, xhi: 322.482469, ylo: 752.459094, yhi: 859.953250, zlo: 214.988312, zhi: 322.482469
[Rank 222] xlo: 644.964937, xhi: 752.459094, ylo: 752.459094, yhi: 859.953250, zlo: 214.988312, zhi: 322.482469
[Rank 223] xlo: 644.964937, xhi: 752.459094, ylo: 752.459094, yhi: 859.953250, zlo: 322.482469, zhi: 429.976625
[Rank 181] xlo: 537.470781, xhi: 644.964937, ylo: 537.470781, yhi: 644.964937, zlo: 107.494156, zhi: 214.988312
[Rank 227] xlo: 752.459094, xhi: 859.953250, ylo: 0.000000, yhi: 107.494156, zlo: 322.482469, zhi: 429.976625
[Rank 226] xlo: 752.459094, xhi: 859.953250, ylo: 0.000000, yhi: 107.494156, zlo: 214.988312, zhi: 322.482469
[Rank 180] xlo: 537.470781, xhi: 644.964937, ylo: 537.470781, yhi: 644.964937, zlo: 0.000000, zhi: 107.494156
[Rank 232] xlo: 752.459094, xhi: 859.953250, ylo: 214.988312, yhi: 322.482469, zlo: 0.000000, zhi: 107.494156
[Rank 213] xlo: 644.964937, xhi: 752.459094, ylo: 537.470781, yhi: 644.964937, zlo: 107.494156, zhi: 214.988312
[Rank 184] xlo: 537.470781, xhi: 644.964937, ylo: 644.964937, yhi: 752.459094, zlo: 0.000000, zhi: 107.494156
[Rank 225] xlo: 752.459094, xhi: 859.953250, ylo: 0.000000, yhi: 107.494156, zlo: 107.494156, zhi: 214.988312
[Rank 76] xlo: 214.988312, xhi: 322.482469, ylo: 322.482469, yhi: 429.976625, zlo: 0.000000, zhi: 107.494156
[Rank 68] xlo: 214.988312, xhi: 322.482469, ylo: 107.494156, yhi: 214.988312, zlo: 0.000000, zhi: 107.494156
[Rank 224] xlo: 752.459094, xhi: 859.953250, ylo: 0.000000, yhi: 107.494156, zlo: 0.000000, zhi: 107.494156
[Rank 77] xlo: 214.988312, xhi: 322.482469, ylo: 322.482469, yhi: 429.976625, zlo: 107.494156, zhi: 214.988312
[Rank 233] xlo: 752.459094, xhi: 859.953250, ylo: 214.988312, yhi: 322.482469, zlo: 107.494156, zhi: 214.988312
[Rank 230] xlo: 752.459094, xhi: 859.953250, ylo: 107.494156, yhi: 214.988312, zlo: 214.988312, zhi: 322.482469
[Rank 231] xlo: 752.459094, xhi: 859.953250, ylo: 107.494156, yhi: 214.988312, zlo: 322.482469, zhi: 429.976625
[Rank 13] xlo: 0.000000, xhi: 107.494156, ylo: 322.482469, yhi: 429.976625, zlo: 107.494156, zhi: 214.988312
[Rank 62] xlo: 107.494156, xhi: 214.988312, ylo: 752.459094, yhi: 859.953250, zlo: 214.988312, zhi: 322.482469
[Rank 249] xlo: 752.459094, xhi: 859.953250, ylo: 644.964937, yhi: 752.459094, zlo: 107.494156, zhi: 214.988312
[Rank 217] xlo: 644.964937, xhi: 752.459094, ylo: 644.964937, yhi: 752.459094, zlo: 107.494156, zhi: 214.988312
[Rank 4] xlo: 0.000000, xhi: 107.494156, ylo: 107.494156, yhi: 214.988312, zlo: 0.000000, zhi: 107.494156
[Rank 61] xlo: 107.494156, xhi: 214.988312, ylo: 752.459094, yhi: 859.953250, zlo: 107.494156, zhi: 214.988312
[Rank 248] xlo: 752.459094, xhi: 859.953250, ylo: 644.964937, yhi: 752.459094, zlo: 0.000000, zhi: 107.494156
[Rank 216] xlo: 644.964937, xhi: 752.459094, ylo: 644.964937, yhi: 752.459094, zlo: 0.000000, zhi: 107.494156
[Rank 239] xlo: 752.459094, xhi: 859.953250, ylo: 322.482469, yhi: 429.976625, zlo: 322.482469, zhi: 429.976625
[Rank 5] xlo: 0.000000, xhi: 107.494156, ylo: 107.494156, yhi: 214.988312, zlo: 107.494156, zhi: 214.988312
[Rank 12] xlo: 0.000000, xhi: 107.494156, ylo: 322.482469, yhi: 429.976625, zlo: 0.000000, zhi: 107.494156
[Rank 111] xlo: 322.482469, xhi: 429.976625, ylo: 322.482469, yhi: 429.976625, zlo: 322.482469, zhi: 429.976625
[Rank 2] xlo: 0.000000, xhi: 107.494156, ylo: 0.000000, yhi: 107.494156, zlo: 214.988312, zhi: 322.482469
[Rank 185] xlo: 537.470781, xhi: 644.964937, ylo: 644.964937, yhi: 752.459094, zlo: 107.494156, zhi: 214.988312
[Rank 75] xlo: 214.988312, xhi: 322.482469, ylo: 214.988312, yhi: 322.482469, zlo: 322.482469, zhi: 429.976625
[Rank 74] xlo: 214.988312, xhi: 322.482469, ylo: 214.988312, yhi: 322.482469, zlo: 214.988312, zhi: 322.482469
[Rank 38] xlo: 107.494156, xhi: 214.988312, ylo: 107.494156, yhi: 214.988312, zlo: 214.988312, zhi: 322.482469
[Rank 183] xlo: 537.470781, xhi: 644.964937, ylo: 537.470781, yhi: 644.964937, zlo: 322.482469, zhi: 429.976625
[Rank 34] xlo: 107.494156, xhi: 214.988312, ylo: 0.000000, yhi: 107.494156, zlo: 214.988312, zhi: 322.482469
[Rank 39] xlo: 107.494156, xhi: 214.988312, ylo: 107.494156, yhi: 214.988312, zlo: 322.482469, zhi: 429.976625
[Rank 186] xlo: 537.470781, xhi: 644.964937, ylo: 644.964937, yhi: 752.459094, zlo: 214.988312, zhi: 322.482469
[Rank 35] xlo: 107.494156, xhi: 214.988312, ylo: 0.000000, yhi: 107.494156, zlo: 322.482469, zhi: 429.976625
[Rank 182] xlo: 537.470781, xhi: 644.964937, ylo: 537.470781, yhi: 644.964937, zlo: 214.988312, zhi: 322.482469
[Rank 107] xlo: 322.482469, xhi: 429.976625, ylo: 214.988312, yhi: 322.482469, zlo: 322.482469, zhi: 429.976625
[Rank 3] xlo: 0.000000, xhi: 107.494156, ylo: 0.000000, yhi: 107.494156, zlo: 322.482469, zhi: 429.976625
[Rank 98] xlo: 322.482469, xhi: 429.976625, ylo: 0.000000, yhi: 107.494156, zlo: 214.988312, zhi: 322.482469
[Rank 189] xlo: 537.470781, xhi: 644.964937, ylo: 752.459094, yhi: 859.953250, zlo: 107.494156, zhi: 214.988312
[Rank 99] xlo: 322.482469, xhi: 429.976625, ylo: 0.000000, yhi: 107.494156, zlo: 322.482469, zhi: 429.976625
[Rank 141] xlo: 429.976625, xhi: 537.470781, ylo: 322.482469, yhi: 429.976625, zlo: 107.494156, zhi: 214.988312
[Rank 142] xlo: 429.976625, xhi: 537.470781, ylo: 322.482469, yhi: 429.976625, zlo: 214.988312, zhi: 322.482469
[Rank 168] xlo: 537.470781, xhi: 644.964937, ylo: 214.988312, yhi: 322.482469, zlo: 0.000000, zhi: 107.494156
[Rank 171] xlo: 537.470781, xhi: 644.964937, ylo: 214.988312, yhi: 322.482469, zlo: 322.482469, zhi: 429.976625
[Rank 229] xlo: 752.459094, xhi: 859.953250, ylo: 107.494156, yhi: 214.988312, zlo: 107.494156, zhi: 214.988312
[Rank 156] xlo: 429.976625, xhi: 537.470781, ylo: 752.459094, yhi: 859.953250, zlo: 0.000000, zhi: 107.494156
[Rank 228] xlo: 752.459094, xhi: 859.953250, ylo: 107.494156, yhi: 214.988312, zlo: 0.000000, zhi: 107.494156
[Rank 179] xlo: 537.470781, xhi: 644.964937, ylo: 429.976625, yhi: 537.470781, zlo: 322.482469, zhi: 429.976625
[Rank 82] xlo: 214.988312, xhi: 322.482469, ylo: 429.976625, yhi: 537.470781, zlo: 214.988312, zhi: 322.482469
[Rank 188] xlo: 537.470781, xhi: 644.964937, ylo: 752.459094, yhi: 859.953250, zlo: 0.000000, zhi: 107.494156
[Rank 165] xlo: 537.470781, xhi: 644.964937, ylo: 107.494156, yhi: 214.988312, zlo: 107.494156, zhi: 214.988312
[Rank 83] xlo: 214.988312, xhi: 322.482469, ylo: 429.976625, yhi: 537.470781, zlo: 322.482469, zhi: 429.976625
[Rank 178] xlo: 537.470781, xhi: 644.964937, ylo: 429.976625, yhi: 537.470781, zlo: 214.988312, zhi: 322.482469
[Rank 24] xlo: 0.000000, xhi: 107.494156, ylo: 644.964937, yhi: 752.459094, zlo: 0.000000, zhi: 107.494156
[Rank 8] xlo: 0.000000, xhi: 107.494156, ylo: 214.988312, yhi: 322.482469, zlo: 0.000000, zhi: 107.494156
[Rank 63] xlo: 107.494156, xhi: 214.988312, ylo: 752.459094, yhi: 859.953250, zlo: 322.482469, zhi: 429.976625
[Rank 169] xlo: 537.470781, xhi: 644.964937, ylo: 214.988312, yhi: 322.482469, zlo: 107.494156, zhi: 214.988312
[Rank 134] xlo: 429.976625, xhi: 537.470781, ylo: 107.494156, yhi: 214.988312, zlo: 214.988312, zhi: 322.482469
[Rank 71] xlo: 214.988312, xhi: 322.482469, ylo: 107.494156, yhi: 214.988312, zlo: 322.482469, zhi: 429.976625
[Rank 60] xlo: 107.494156, xhi: 214.988312, ylo: 752.459094, yhi: 859.953250, zlo: 0.000000, zhi: 107.494156
[Rank 88] xlo: 214.988312, xhi: 322.482469, ylo: 644.964937, yhi: 752.459094, zlo: 0.000000, zhi: 107.494156
[Rank 206] xlo: 644.964937, xhi: 752.459094, ylo: 322.482469, yhi: 429.976625, zlo: 214.988312, zhi: 322.482469
[Rank 135] xlo: 429.976625, xhi: 537.470781, ylo: 107.494156, yhi: 214.988312, zlo: 322.482469, zhi: 429.976625
[Rank 70] xlo: 214.988312, xhi: 322.482469, ylo: 107.494156, yhi: 214.988312, zlo: 214.988312, zhi: 322.482469
[Rank 164] xlo: 537.470781, xhi: 644.964937, ylo: 107.494156, yhi: 214.988312, zlo: 0.000000, zhi: 107.494156
[Rank 207] xlo: 644.964937, xhi: 752.459094, ylo: 322.482469, yhi: 429.976625, zlo: 322.482469, zhi: 429.976625
[Rank 89] xlo: 214.988312, xhi: 322.482469, ylo: 644.964937, yhi: 752.459094, zlo: 107.494156, zhi: 214.988312
[Rank 146] xlo: 429.976625, xhi: 537.470781, ylo: 429.976625, yhi: 537.470781, zlo: 214.988312, zhi: 322.482469
[Rank 219] xlo: 644.964937, xhi: 752.459094, ylo: 644.964937, yhi: 752.459094, zlo: 322.482469, zhi: 429.976625
[Rank 218] xlo: 644.964937, xhi: 752.459094, ylo: 644.964937, yhi: 752.459094, zlo: 214.988312, zhi: 322.482469
[Rank 37] xlo: 107.494156, xhi: 214.988312, ylo: 107.494156, yhi: 214.988312, zlo: 107.494156, zhi: 214.988312
[Rank 72] xlo: 214.988312, xhi: 322.482469, ylo: 214.988312, yhi: 322.482469, zlo: 0.000000, zhi: 107.494156
[Rank 11] xlo: 0.000000, xhi: 107.494156, ylo: 214.988312, yhi: 322.482469, zlo: 322.482469, zhi: 429.976625
[Rank 73] xlo: 214.988312, xhi: 322.482469, ylo: 214.988312, yhi: 322.482469, zlo: 107.494156, zhi: 214.988312
[Rank 21] xlo: 0.000000, xhi: 107.494156, ylo: 537.470781, yhi: 644.964937, zlo: 107.494156, zhi: 214.988312
[Rank 1] xlo: 0.000000, xhi: 107.494156, ylo: 0.000000, yhi: 107.494156, zlo: 107.494156, zhi: 214.988312
[Rank 147] xlo: 429.976625, xhi: 537.470781, ylo: 429.976625, yhi: 537.470781, zlo: 322.482469, zhi: 429.976625
[Rank 36] xlo: 107.494156, xhi: 214.988312, ylo: 107.494156, yhi: 214.988312, zlo: 0.000000, zhi: 107.494156
[Rank 14] xlo: 0.000000, xhi: 107.494156, ylo: 322.482469, yhi: 429.976625, zlo: 214.988312, zhi: 322.482469
[Rank 15] xlo: 0.000000, xhi: 107.494156, ylo: 322.482469, yhi: 429.976625, zlo: 322.482469, zhi: 429.976625
[Rank 170] xlo: 537.470781, xhi: 644.964937, ylo: 214.988312, yhi: 322.482469, zlo: 214.988312, zhi: 322.482469
[Rank 32] xlo: 107.494156, xhi: 214.988312, ylo: 0.000000, yhi: 107.494156, zlo: 0.000000, zhi: 107.494156
[Rank 143] xlo: 429.976625, xhi: 537.470781, ylo: 322.482469, yhi: 429.976625, zlo: 322.482469, zhi: 429.976625
# Create System:
[Rank 0] xlo: 0.000000, xhi: 107.494156, ylo: 0.000000, yhi: 107.494156, zlo: 0.000000, zhi: 107.494156
# Done .... 
# miniMD-Reference 1.2 (MPI+OpenMP) output ...
# Run Settings: 
	# MPI processes: 256
	# Host Threads: 1
	# Inputfile: in.lj.miniMD
	# Datafile: None
# Physics Settings: 
	# ForceStyle: LJ
	# Force Parameters: 1.00 1.00
	# Units: LJ
	# Atoms: 268435456
	# Atom types: 8
	# System size: 859.95 859.95 429.98 (unit cells: 512 512 256)
	# Density: 0.844200
	# Force cutoff: 2.500000
	# Timestep size: 0.005000
# Technical Settings: 
	# Neigh cutoff: 2.800000
	# Half neighborlists: 1
	# Team neighborlist construction: 0
	# Neighbor bins: 307 307 153
	# Neighbor frequency: 1000
	# Sorting frequency: 1000
	# Thermo frequency: 100
	# Ghost Newton: 1
	# Use intrinsics: 0
	# Do safe exchange: 0
	# Size of float: 8

[Rank 237] xlo: 752.459094, xhi: 859.953250, ylo: 322.482469, yhi: 429.976625, zlo: 107.494156, zhi: 214.988312
[Rank 33] xlo: 107.494156, xhi: 214.988312, ylo: 0.000000, yhi: 107.494156, zlo: 107.494156, zhi: 214.988312
[Rank 86] xlo: 214.988312, xhi: 322.482469, ylo: 537.470781, yhi: 644.964937, zlo: 214.988312, zhi: 322.482469
[Rank 236] xlo: 752.459094, xhi: 859.953250, ylo: 322.482469, yhi: 429.976625, zlo: 0.000000, zhi: 107.494156
[Rank 194] xlo: 644.964937, xhi: 752.459094, ylo: 0.000000, yhi: 107.494156, zlo: 214.988312, zhi: 322.482469
[Rank 140] xlo: 429.976625, xhi: 537.470781, ylo: 322.482469, yhi: 429.976625, zlo: 0.000000, zhi: 107.494156
[Rank 195] xlo: 644.964937, xhi: 752.459094, ylo: 0.000000, yhi: 107.494156, zlo: 322.482469, zhi: 429.976625
[Rank 20] xlo: 0.000000, xhi: 107.494156, ylo: 537.470781, yhi: 644.964937, zlo: 0.000000, zhi: 107.494156
[Rank 87] xlo: 214.988312, xhi: 322.482469, ylo: 537.470781, yhi: 644.964937, zlo: 322.482469, zhi: 429.976625
[Rank 191] xlo: 537.470781, xhi: 644.964937, ylo: 752.459094, yhi: 859.953250, zlo: 322.482469, zhi: 429.976625
[Rank 110] xlo: 322.482469, xhi: 429.976625, ylo: 322.482469, yhi: 429.976625, zlo: 214.988312, zhi: 322.482469
[Rank 190] xlo: 537.470781, xhi: 644.964937, ylo: 752.459094, yhi: 859.953250, zlo: 214.988312, zhi: 322.482469
[Rank 109] xlo: 322.482469, xhi: 429.976625, ylo: 322.482469, yhi: 429.976625, zlo: 107.494156, zhi: 214.988312
[Rank 105] xlo: 322.482469, xhi: 429.976625, ylo: 214.988312, yhi: 322.482469, zlo: 107.494156, zhi: 214.988312
[Rank 177] xlo: 537.470781, xhi: 644.964937, ylo: 429.976625, yhi: 537.470781, zlo: 107.494156, zhi: 214.988312
[Rank 106] xlo: 322.482469, xhi: 429.976625, ylo: 214.988312, yhi: 322.482469, zlo: 214.988312, zhi: 322.482469
[Rank 158] xlo: 429.976625, xhi: 537.470781, ylo: 752.459094, yhi: 859.953250, zlo: 214.988312, zhi: 322.482469
[Rank 96] xlo: 322.482469, xhi: 429.976625, ylo: 0.000000, yhi: 107.494156, zlo: 0.000000, zhi: 107.494156
[Rank 176] xlo: 537.470781, xhi: 644.964937, ylo: 429.976625, yhi: 537.470781, zlo: 0.000000, zhi: 107.494156
[Rank 159] xlo: 429.976625, xhi: 537.470781, ylo: 752.459094, yhi: 859.953250, zlo: 322.482469, zhi: 429.976625
[Rank 97] xlo: 322.482469, xhi: 429.976625, ylo: 0.000000, yhi: 107.494156, zlo: 107.494156, zhi: 214.988312
[Rank 80] xlo: 214.988312, xhi: 322.482469, ylo: 429.976625, yhi: 537.470781, zlo: 0.000000, zhi: 107.494156
[Rank 81] xlo: 214.988312, xhi: 322.482469, ylo: 429.976625, yhi: 537.470781, zlo: 107.494156, zhi: 214.988312
[Rank 197] xlo: 644.964937, xhi: 752.459094, ylo: 107.494156, yhi: 214.988312, zlo: 107.494156, zhi: 214.988312
[Rank 200] xlo: 644.964937, xhi: 752.459094, ylo: 214.988312, yhi: 322.482469, zlo: 0.000000, zhi: 107.494156
[Rank 209] xlo: 644.964937, xhi: 752.459094, ylo: 429.976625, yhi: 537.470781, zlo: 107.494156, zhi: 214.988312
[Rank 27] xlo: 0.000000, xhi: 107.494156, ylo: 644.964937, yhi: 752.459094, zlo: 322.482469, zhi: 429.976625
[Rank 196] xlo: 644.964937, xhi: 752.459094, ylo: 107.494156, yhi: 214.988312, zlo: 0.000000, zhi: 107.494156
[Rank 9] xlo: 0.000000, xhi: 107.494156, ylo: 214.988312, yhi: 322.482469, zlo: 107.494156, zhi: 214.988312
[Rank 26] xlo: 0.000000, xhi: 107.494156, ylo: 644.964937, yhi: 752.459094, zlo: 214.988312, zhi: 322.482469
[Rank 208] xlo: 644.964937, xhi: 752.459094, ylo: 429.976625, yhi: 537.470781, zlo: 0.000000, zhi: 107.494156
[Rank 10] xlo: 0.000000, xhi: 107.494156, ylo: 214.988312, yhi: 322.482469, zlo: 214.988312, zhi: 322.482469
[Rank 167] xlo: 537.470781, xhi: 644.964937, ylo: 107.494156, yhi: 214.988312, zlo: 322.482469, zhi: 429.976625
[Rank 166] xlo: 537.470781, xhi: 644.964937, ylo: 107.494156, yhi: 214.988312, zlo: 214.988312, zhi: 322.482469
[Rank 84] xlo: 214.988312, xhi: 322.482469, ylo: 537.470781, yhi: 644.964937, zlo: 0.000000, zhi: 107.494156
[Rank 203] xlo: 644.964937, xhi: 752.459094, ylo: 214.988312, yhi: 322.482469, zlo: 322.482469, zhi: 429.976625
[Rank 85] xlo: 214.988312, xhi: 322.482469, ylo: 537.470781, yhi: 644.964937, zlo: 107.494156, zhi: 214.988312
[Rank 247] xlo: 752.459094, xhi: 859.953250, ylo: 537.470781, yhi: 644.964937, zlo: 322.482469, zhi: 429.976625
[Rank 149] xlo: 429.976625, xhi: 537.470781, ylo: 537.470781, yhi: 644.964937, zlo: 107.494156, zhi: 214.988312
[Rank 148] xlo: 429.976625, xhi: 537.470781, ylo: 537.470781, yhi: 644.964937, zlo: 0.000000, zhi: 107.494156
[Rank 23] xlo: 0.000000, xhi: 107.494156, ylo: 537.470781, yhi: 644.964937, zlo: 322.482469, zhi: 429.976625
[Rank 22] xlo: 0.000000, xhi: 107.494156, ylo: 537.470781, yhi: 644.964937, zlo: 214.988312, zhi: 322.482469
[Rank 193] xlo: 644.964937, xhi: 752.459094, ylo: 0.000000, yhi: 107.494156, zlo: 107.494156, zhi: 214.988312
[Rank 95] xlo: 214.988312, xhi: 322.482469, ylo: 752.459094, yhi: 859.953250, zlo: 322.482469, zhi: 429.976625
[Rank 133] xlo: 429.976625, xhi: 537.470781, ylo: 107.494156, yhi: 214.988312, zlo: 107.494156, zhi: 214.988312
[Rank 45] xlo: 107.494156, xhi: 214.988312, ylo: 322.482469, yhi: 429.976625, zlo: 107.494156, zhi: 214.988312
[Rank 192] xlo: 644.964937, xhi: 752.459094, ylo: 0.000000, yhi: 107.494156, zlo: 0.000000, zhi: 107.494156
[Rank 46] xlo: 107.494156, xhi: 214.988312, ylo: 322.482469, yhi: 429.976625, zlo: 214.988312, zhi: 322.482469
[Rank 132] xlo: 429.976625, xhi: 537.470781, ylo: 107.494156, yhi: 214.988312, zlo: 0.000000, zhi: 107.494156
[Rank 246] xlo: 752.459094, xhi: 859.953250, ylo: 537.470781, yhi: 644.964937, zlo: 214.988312, zhi: 322.482469
[Rank 115] xlo: 322.482469, xhi: 429.976625, ylo: 429.976625, yhi: 537.470781, zlo: 322.482469, zhi: 429.976625
[Rank 212] xlo: 644.964937, xhi: 752.459094, ylo: 537.470781, yhi: 644.964937, zlo: 0.000000, zhi: 107.494156
[Rank 201] xlo: 644.964937, xhi: 752.459094, ylo: 214.988312, yhi: 322.482469, zlo: 107.494156, zhi: 214.988312
[Rank 202] xlo: 644.964937, xhi: 752.459094, ylo: 214.988312, yhi: 322.482469, zlo: 214.988312, zhi: 322.482469
[Rank 126] xlo: 322.482469, xhi: 429.976625, ylo: 752.459094, yhi: 859.953250, zlo: 214.988312, zhi: 322.482469
[Rank 127] xlo: 322.482469, xhi: 429.976625, ylo: 752.459094, yhi: 859.953250, zlo: 322.482469, zhi: 429.976625
[Rank 47] xlo: 107.494156, xhi: 214.988312, ylo: 322.482469, yhi: 429.976625, zlo: 322.482469, zhi: 429.976625
[Rank 44] xlo: 107.494156, xhi: 214.988312, ylo: 322.482469, yhi: 429.976625, zlo: 0.000000, zhi: 107.494156
[Rank 57] xlo: 107.494156, xhi: 214.988312, ylo: 644.964937, yhi: 752.459094, zlo: 107.494156, zhi: 214.988312
[Rank 153] xlo: 429.976625, xhi: 537.470781, ylo: 644.964937, yhi: 752.459094, zlo: 107.494156, zhi: 214.988312
[Rank 58] xlo: 107.494156, xhi: 214.988312, ylo: 644.964937, yhi: 752.459094, zlo: 214.988312, zhi: 322.482469
[Rank 93] xlo: 214.988312, xhi: 322.482469, ylo: 752.459094, yhi: 859.953250, zlo: 107.494156, zhi: 214.988312
[Rank 92] xlo: 214.988312, xhi: 322.482469, ylo: 752.459094, yhi: 859.953250, zlo: 0.000000, zhi: 107.494156
[Rank 150] xlo: 429.976625, xhi: 537.470781, ylo: 537.470781, yhi: 644.964937, zlo: 214.988312, zhi: 322.482469
[Rank 215] xlo: 644.964937, xhi: 752.459094, ylo: 537.470781, yhi: 644.964937, zlo: 322.482469, zhi: 429.976625
[Rank 151] xlo: 429.976625, xhi: 537.470781, ylo: 537.470781, yhi: 644.964937, zlo: 322.482469, zhi: 429.976625
[Rank 214] xlo: 644.964937, xhi: 752.459094, ylo: 537.470781, yhi: 644.964937, zlo: 214.988312, zhi: 322.482469
[Rank 152] xlo: 429.976625, xhi: 537.470781, ylo: 644.964937, yhi: 752.459094, zlo: 0.000000, zhi: 107.494156
[Rank 244] xlo: 752.459094, xhi: 859.953250, ylo: 537.470781, yhi: 644.964937, zlo: 0.000000, zhi: 107.494156
[Rank 155] xlo: 429.976625, xhi: 537.470781, ylo: 644.964937, yhi: 752.459094, zlo: 322.482469, zhi: 429.976625
[Rank 154] xlo: 429.976625, xhi: 537.470781, ylo: 644.964937, yhi: 752.459094, zlo: 214.988312, zhi: 322.482469
[Rank 245] xlo: 752.459094, xhi: 859.953250, ylo: 537.470781, yhi: 644.964937, zlo: 107.494156, zhi: 214.988312
[Rank 54] xlo: 107.494156, xhi: 214.988312, ylo: 537.470781, yhi: 644.964937, zlo: 214.988312, zhi: 322.482469
[Rank 56] xlo: 107.494156, xhi: 214.988312, ylo: 644.964937, yhi: 752.459094, zlo: 0.000000, zhi: 107.494156
[Rank 59] xlo: 107.494156, xhi: 214.988312, ylo: 644.964937, yhi: 752.459094, zlo: 322.482469, zhi: 429.976625
[Rank 55] xlo: 107.494156, xhi: 214.988312, ylo: 537.470781, yhi: 644.964937, zlo: 322.482469, zhi: 429.976625
[Rank 120] xlo: 322.482469, xhi: 429.976625, ylo: 644.964937, yhi: 752.459094, zlo: 0.000000, zhi: 107.494156
[Rank 123] xlo: 322.482469, xhi: 429.976625, ylo: 644.964937, yhi: 752.459094, zlo: 322.482469, zhi: 429.976625
[Rank 53] xlo: 107.494156, xhi: 214.988312, ylo: 537.470781, yhi: 644.964937, zlo: 107.494156, zhi: 214.988312
[Rank 52] xlo: 107.494156, xhi: 214.988312, ylo: 537.470781, yhi: 644.964937, zlo: 0.000000, zhi: 107.494156
[Rank 50] xlo: 107.494156, xhi: 214.988312, ylo: 429.976625, yhi: 537.470781, zlo: 214.988312, zhi: 322.482469
[Rank 51] xlo: 107.494156, xhi: 214.988312, ylo: 429.976625, yhi: 537.470781, zlo: 322.482469, zhi: 429.976625
[Rank 112] xlo: 322.482469, xhi: 429.976625, ylo: 429.976625, yhi: 537.470781, zlo: 0.000000, zhi: 107.494156
[Rank 113] xlo: 322.482469, xhi: 429.976625, ylo: 429.976625, yhi: 537.470781, zlo: 107.494156, zhi: 214.988312
[Rank 48] xlo: 107.494156, xhi: 214.988312, ylo: 429.976625, yhi: 537.470781, zlo: 0.000000, zhi: 107.494156
[Rank 49] xlo: 107.494156, xhi: 214.988312, ylo: 429.976625, yhi: 537.470781, zlo: 107.494156, zhi: 214.988312
[Rank 114] xlo: 322.482469, xhi: 429.976625, ylo: 429.976625, yhi: 537.470781, zlo: 214.988312, zhi: 322.482469
[Rank 121] xlo: 322.482469, xhi: 429.976625, ylo: 644.964937, yhi: 752.459094, zlo: 107.494156, zhi: 214.988312
[Rank 122] xlo: 322.482469, xhi: 429.976625, ylo: 644.964937, yhi: 752.459094, zlo: 214.988312, zhi: 322.482469
[Rank 125] xlo: 322.482469, xhi: 429.976625, ylo: 752.459094, yhi: 859.953250, zlo: 107.494156, zhi: 214.988312
[Rank 124] xlo: 322.482469, xhi: 429.976625, ylo: 752.459094, yhi: 859.953250, zlo: 0.000000, zhi: 107.494156
[Rank 242] xlo: 752.459094, xhi: 859.953250, ylo: 429.976625, yhi: 537.470781, zlo: 214.988312, zhi: 322.482469
[Rank 243] xlo: 752.459094, xhi: 859.953250, ylo: 429.976625, yhi: 537.470781, zlo: 322.482469, zhi: 429.976625
[Rank 240] xlo: 752.459094, xhi: 859.953250, ylo: 429.976625, yhi: 537.470781, zlo: 0.000000, zhi: 107.494156
[Rank 241] xlo: 752.459094, xhi: 859.953250, ylo: 429.976625, yhi: 537.470781, zlo: 107.494156, zhi: 214.988312
[Rank 117] xlo: 322.482469, xhi: 429.976625, ylo: 537.470781, yhi: 644.964937, zlo: 107.494156, zhi: 214.988312
[Rank 116] xlo: 322.482469, xhi: 429.976625, ylo: 537.470781, yhi: 644.964937, zlo: 0.000000, zhi: 107.494156
[Rank 119] xlo: 322.482469, xhi: 429.976625, ylo: 537.470781, yhi: 644.964937, zlo: 322.482469, zhi: 429.976625
[Rank 118] xlo: 322.482469, xhi: 429.976625, ylo: 537.470781, yhi: 644.964937, zlo: 214.988312, zhi: 322.482469
# Starting dynamics ...
# Timestep T U P Time
0 1.440000e+00 -6.773368e+00 -5.019669e+00  0.000
[K - Rank 189] K: 400/600
[K - Rank 92] K: 400/600
[K - Rank 191] K: 300/600
[K - Rank 21] K: 400/600
[K - Rank 94] K: 300/600
[K - Rank 46] K: 300/600
[K - Rank 212] K: 400/600
[K - Rank 188] K: 400/600
[K - Rank 2] K: 400/600
[K - Rank 143] K: 300/600
[K - Rank 95] K: 300/600
[K - Rank 237] K: 400/600
[K - Rank 68] K: 400/600
[K - Rank 190] K: 300/600
[K - Rank 26] K: 400/600
[K - Rank 91] K: 400/600
[K - Rank 186] K: 400/600
[K - Rank 203] K: 300/600
[K - Rank 48] K: 300/600
[K - Rank 23] K: 300/600
[K - Rank 8] K: 400/600
[K - Rank 93] K: 400/600
[K - Rank 192] K: 300/600
[K - Rank 47] K: 300/600
[K - Rank 187] K: 400/600
[K - Rank 106] K: 300/600
[K - Rank 140] K: 400/600
[K - Rank 213] K: 400/600
[K - Rank 90] K: 400/600
[K - Rank 238] K: 300/600
[K - Rank 56] K: 400/600
[K - Rank 98] K: 400/600
[K - Rank 71] K: 300/600
[K - Rank 118] K: 300/600
[K - Rank 3] K: 400/600
[K - Rank 43] K: 400/600
[K - Rank 18] K: 400/600
[K - Rank 141] K: 400/600
[K - Rank 236] K: 400/600
[K - Rank 200] K: 400/600
[K - Rank 214] K: 300/600
[K - Rank 9] K: 400/600
[K - Rank 51] K: 400/600
[K - Rank 107] K: 300/600
[K - Rank 195] K: 400/600
[K - Rank 35] K: 400/600
[K - Rank 44] K: 400/600
[K - Rank 119] K: 300/600
[K - Rank 13] K: 300/600
[K - Rank 138] K: 400/600
[K - Rank 239] K: 300/600
[K - Rank 27] K: 400/600
[K - Rank 20] K: 400/600
[K - Rank 96] K: 300/600
[K - Rank 70] K: 300/600
[K - Rank 130] K: 400/600
[K - Rank 215] K: 300/600
[K - Rank 59] K: 300/600
[K - Rank 1] K: 300/600
[K - Rank 45] K: 400/600
[K - Rank 198] K: 400/600
[K - Rank 139] K: 400/600
[K - Rank 11] K: 300/600
[K - Rank 234] K: 400/600
[K - Rank 105] K: 400/600
[K - Rank 116] K: 400/600
[K - Rank 50] K: 400/600
[K - Rank 22] K: 300/600
[K - Rank 193] K: 300/600
[K - Rank 69] K: 400/600
[K - Rank 42] K: 400/600
[K - Rank 142] K: 300/600
[K - Rank 210] K: 400/600
[K - Rank 235] K: 400/600
[K - Rank 224] K: 400/600
[K - Rank 100] K: 400/600
[K - Rank 117] K: 400/600
[K - Rank 201] K: 400/600
[K - Rank 10] K: 300/600
[K - Rank 0] K: 300/600
[K - Rank 19] K: 400/600
[K - Rank 104] K: 400/600
[K - Rank 66] K: 400/600
[K - Rank 58] K: 300/600
[K - Rank 211] K: 400/600
[K - Rank 165] K: 400/600
[K - Rank 194] K: 400/600
[K - Rank 115] K: 400/600
[K - Rank 123] K: 400/600
[K - Rank 154] K: 300/600
[K - Rank 97] K: 300/600
[K - Rank 202] K: 300/600
[K - Rank 7] K: 400/600
[K - Rank 49] K: 300/600
[K - Rank 67] K: 400/600
[K - Rank 103] K: 400/600
[K - Rank 114] K: 400/600
[K - Rank 5] K: 400/600
[K - Rank 109] K: 300/600
[K - Rank 166] K: 300/600
[K - Rank 28] K: 400/600
[K - Rank 164] K: 400/600
[K - Rank 196] K: 400/600
[K - Rank 199] K: 400/600
[K - Rank 163] K: 400/600
[K - Rank 6] K: 400/600
[K - Rank 102] K: 400/600
[K - Rank 99] K: 400/600
[K - Rank 33] K: 400/600
[K - Rank 246] K: 400/600
[K - Rank 131] K: 400/600
[K - Rank 4] K: 400/600
[K - Rank 167] K: 300/600
[K - Rank 57] K: 400/600
[K - Rank 205] K: 300/600
[K - Rank 83] K: 300/600
[K - Rank 153] K: 400/600
[K - Rank 225] K: 400/600
[K - Rank 162] K: 400/600
[K - Rank 146] K: 400/600
[K - Rank 197] K: 400/600
[K - Rank 14] K: 400/600
[K - Rank 122] K: 400/600
[K - Rank 101] K: 400/600
[K - Rank 52] K: 400/600
[K - Rank 249] K: 400/600
[K - Rank 72] K: 300/600
[K - Rank 54] K: 400/600
[K - Rank 32] K: 400/600
[K - Rank 216] K: 300/600
[K - Rank 155] K: 300/600
[K - Rank 128] K: 400/600
[K - Rank 25] K: 300/600
[K - Rank 81] K: 400/600
[K - Rank 144] K: 300/600
[K - Rank 226] K: 400/600
[K - Rank 240] K: 300/600
[K - Rank 251] K: 300/600
[K - Rank 53] K: 400/600
[K - Rank 55] K: 400/600
[K - Rank 108] K: 300/600
[K - Rank 152] K: 400/600
[K - Rank 60] K: 400/600
[K - Rank 34] K: 400/600
[K - Rank 129] K: 400/600
[K - Rank 120] K: 300/600
[K - Rank 248] K: 400/600
[K - Rank 178] K: 300/600
[K - Rank 145] K: 300/600
[K - Rank 150] K: 400/600
[K - Rank 207] K: 400/600
[K - Rank 227] K: 400/600
[K - Rank 242] K: 400/600
[K - Rank 15] K: 400/600
[K - Rank 219] K: 400/600
[K - Rank 250] K: 300/600
[K - Rank 24] K: 300/600
[K - Rank 82] K: 300/600
[K - Rank 151] K: 400/600
[K - Rank 157] K: 400/600
[K - Rank 147] K: 400/600
[K - Rank 30] K: 500/600
[K - Rank 38] K: 400/600
[K - Rank 247] K: 400/600
[K - Rank 74] K: 400/600
[K - Rank 127] K: 500/600
[K - Rank 243] K: 400/600
[K - Rank 223] K: 500/600
[K - Rank 111] K: 400/600
[K - Rank 31] K: 500/600
[K - Rank 126] K: 500/600
[K - Rank 125] K: 400/600
[K - Rank 177] K: 400/600
[K - Rank 149] K: 400/600
[K - Rank 222] K: 500/600
[K - Rank 254] K: 400/600
[K - Rank 79] K: 400/600
[K - Rank 241] K: 300/600
[K - Rank 217] K: 300/600
[K - Rank 175] K: 400/600
[K - Rank 78] K: 400/600
[K - Rank 206] K: 400/600
[K - Rank 29] K: 400/600
[K - Rank 179] K: 300/600
[K - Rank 17] K: 400/600
[K - Rank 80] K: 400/600
[K - Rank 176] K: 400/600
[K - Rank 148] K: 400/600
[K - Rank 174] K: 400/600
[K - Rank 73] K: 300/600
[K - Rank 244] K: 400/600
[K - Rank 121] K: 300/600
[K - Rank 245] K: 400/600
[K - Rank 218] K: 400/600
[K - Rank 110] K: 400/600
[K - Rank 134] K: 400/600
[K - Rank 124] K: 400/600
[K - Rank 16] K: 400/600
[K - Rank 76] K: 400/600
[K - Rank 204] K: 300/600
[K - Rank 221] K: 400/600
[K - Rank 230] K: 400/600
[K - Rank 77] K: 400/600
[K - Rank 170] K: 400/600
[K - Rank 220] K: 400/600
[K - Rank 113] K: 400/600
[K - Rank 62] K: 400/600
[K - Rank 36] K: 300/600
[K - Rank 75] K: 400/600
[K - Rank 208] K: 400/600
[K - Rank 168] K: 300/600
[K - Rank 12] K: 300/600
[K - Rank 159] K: 400/600
[K - Rank 252] K: 400/600
[K - Rank 84] K: 300/600
[K - Rank 63] K: 400/600
[K - Rank 135] K: 400/600
[K - Rank 160] K: 500/600
[K - Rank 37] K: 300/600
[K - Rank 112] K: 400/600
[K - Rank 209] K: 400/600
[K - Rank 228] K: 300/600
[K - Rank 253] K: 400/600
[K - Rank 61] K: 400/600
[K - Rank 171] K: 400/600
[K - Rank 255] K: 400/600
[K - Rank 133] K: 300/600
[K - Rank 158] K: 400/600
[K - Rank 232] K: 400/600
[K - Rank 41] K: 400/600
[K - Rank 86] K: 400/600
[K - Rank 180] K: 300/600
[K - Rank 156] K: 400/600
[K - Rank 136] K: 400/600
[K - Rank 39] K: 400/600
[K - Rank 85] K: 300/600
[K - Rank 183] K: 400/600
[K - Rank 64] K: 500/600
[K - Rank 233] K: 400/600
[K - Rank 169] K: 300/600
[K - Rank 161] K: 500/600
[K - Rank 132] K: 300/600
[K - Rank 65] K: 500/600
[K - Rank 40] K: 400/600
[K - Rank 137] K: 400/600
[K - Rank 87] K: 400/600
[K - Rank 181] K: 300/600
[K - Rank 173] K: 400/600
100 7.341298e-01 -5.721656e+00 4.609505e-01  1.102
[Atom] pack_comm: 600, unpack_comm: 600, pack_comm_self: 0, pack_reverse: 606, unpack_reverse: 606
[Rank 0] inte[0]: 205.802, comm[0]: 212.569, comm[1]: 1660.787, comm[2]: 214.750, force: 3187.367, rev_comm[0]: 208.259, rev_comm[1]: 1671.651, rev_comm[2]: 234.912, inte[1]: 143.601
[Rank 1] inte[0]: 206.035, comm[0]: 211.387, comm[1]: 1639.305, comm[2]: 212.899, force: 3177.223, rev_comm[0]: 206.851, rev_comm[1]: 1649.738, rev_comm[2]: 232.471, inte[1]: 143.987
[Rank 2] inte[0]: 204.301, comm[0]: 192.379, comm[1]: 1727.770, comm[2]: 195.318, force: 3172.280, rev_comm[0]: 188.144, rev_comm[1]: 1765.182, rev_comm[2]: 218.236, inte[1]: 143.051
[Rank 3] inte[0]: 205.717, comm[0]: 205.973, comm[1]: 1739.949, comm[2]: 204.441, force: 3188.686, rev_comm[0]: 202.072, rev_comm[1]: 1773.284, rev_comm[2]: 227.785, inte[1]: 143.758
[Rank 4] inte[0]: 205.731, comm[0]: 208.396, comm[1]: 2084.747, comm[2]: 207.303, force: 3190.137, rev_comm[0]: 201.009, rev_comm[1]: 2214.629, rev_comm[2]: 227.446, inte[1]: 144.214
[Rank 5] inte[0]: 204.272, comm[0]: 197.982, comm[1]: 2094.038, comm[2]: 200.248, force: 3178.951, rev_comm[0]: 192.584, rev_comm[1]: 2219.779, rev_comm[2]: 219.187, inte[1]: 142.545
[Rank 6] inte[0]: 205.055, comm[0]: 214.030, comm[1]: 2178.793, comm[2]: 213.524, force: 3184.226, rev_comm[0]: 207.765, rev_comm[1]: 2282.090, rev_comm[2]: 234.118, inte[1]: 143.635
[Rank 7] inte[0]: 204.952, comm[0]: 210.410, comm[1]: 2179.094, comm[2]: 213.162, force: 3197.449, rev_comm[0]: 206.499, rev_comm[1]: 2289.511, rev_comm[2]: 231.704, inte[1]: 143.882
[Rank 8] inte[0]: 204.317, comm[0]: 192.728, comm[1]: 1966.290, comm[2]: 194.730, force: 3191.335, rev_comm[0]: 188.034, rev_comm[1]: 2081.269, rev_comm[2]: 217.180, inte[1]: 142.747
[Rank 9] inte[0]: 207.569, comm[0]: 209.435, comm[1]: 1974.713, comm[2]: 209.876, force: 3204.401, rev_comm[0]: 205.982, rev_comm[1]: 2091.514, rev_comm[2]: 233.353, inte[1]: 144.710
[Rank 10] inte[0]: 206.911, comm[0]: 214.008, comm[1]: 1822.268, comm[2]: 212.243, force: 3192.291, rev_comm[0]: 209.522, rev_comm[1]: 1920.080, rev_comm[2]: 235.023, inte[1]: 143.948
[Rank 11] inte[0]: 205.390, comm[0]: 195.463, comm[1]: 1839.086, comm[2]: 196.639, force: 3197.200, rev_comm[0]: 188.954, rev_comm[1]: 1938.327, rev_comm[2]: 218.261, inte[1]: 142.755
[Rank 12] inte[0]: 206.120, comm[0]: 215.116, comm[1]: 1863.632, comm[2]: 217.098, force: 3187.348, rev_comm[0]: 210.002, rev_comm[1]: 1929.398, rev_comm[2]: 238.074, inte[1]: 143.813
[Rank 13] inte[0]: 204.978, comm[0]: 211.486, comm[1]: 1816.395, comm[2]: 211.136, force: 3180.032, rev_comm[0]: 206.060, rev_comm[1]: 1876.210, rev_comm[2]: 231.014, inte[1]: 143.573
[Rank 14] inte[0]: 203.550, comm[0]: 192.919, comm[1]: 1892.024, comm[2]: 195.499, force: 3169.843, rev_comm[0]: 188.225, rev_comm[1]: 1957.897, rev_comm[2]: 218.097, inte[1]: 142.385
[Rank 15] inte[0]: 206.881, comm[0]: 208.256, comm[1]: 1903.374, comm[2]: 206.563, force: 3189.335, rev_comm[0]: 204.844, rev_comm[1]: 1969.956, rev_comm[2]: 228.616, inte[1]: 144.464
[Rank 16] inte[0]: 204.878, comm[0]: 209.981, comm[1]: 2088.948, comm[2]: 208.871, force: 3179.213, rev_comm[0]: 201.878, rev_comm[1]: 2156.960, rev_comm[2]: 227.287, inte[1]: 143.687
[Rank 17] inte[0]: 203.829, comm[0]: 194.401, comm[1]: 2076.486, comm[2]: 197.380, force: 3169.365, rev_comm[0]: 190.135, rev_comm[1]: 2137.999, rev_comm[2]: 216.015, inte[1]: 143.257
[Rank 18] inte[0]: 204.169, comm[0]: 213.620, comm[1]: 2253.640, comm[2]: 213.756, force: 3174.841, rev_comm[0]: 207.969, rev_comm[1]: 2299.238, rev_comm[2]: 233.502, inte[1]: 143.552
[Rank 19] inte[0]: 205.671, comm[0]: 214.367, comm[1]: 2234.680, comm[2]: 213.888, force: 3186.573, rev_comm[0]: 208.024, rev_comm[1]: 2295.685, rev_comm[2]: 233.838, inte[1]: 143.794
[Rank 20] inte[0]: 203.344, comm[0]: 191.864, comm[1]: 2064.973, comm[2]: 194.597, force: 3181.512, rev_comm[0]: 188.025, rev_comm[1]: 2123.192, rev_comm[2]: 217.297, inte[1]: 142.179
[Rank 21] inte[0]: 203.421, comm[0]: 198.656, comm[1]: 2079.113, comm[2]: 200.014, force: 31[K - Rank 172] K: 400/600
76.515, rev_comm[0]: 190.845, rev_comm[1]: 2132.932, rev_comm[2]: 223.023, inte[1]: 142.093
[Rank 22] inte[0]: 206.082, comm[0]: 214.300, comm[1]: 2168.369, comm[2]: 214.524, force: 3181.432, rev_comm[0]: 208.038, rev_comm[1]: 2245.537, rev_comm[2]: 235.763, inte[1]: 144.470
[Rank 23] inte[0]: 205.782, comm[0]: 211.554, comm[1]: 2200.514, comm[2]: 212.840, force: 3192.804, rev_comm[0]: 204.897, rev_comm[1]: 2275.498, rev_comm[2]: 234.318, inte[1]: 143.887
[Rank 24] inte[0]: 206.517, comm[0]: 212.752, comm[1]: 2240.116, comm[2]: 215.981, force: 3176.645, rev_comm[0]: 209.115, rev_comm[1]: 2305.746, rev_comm[2]: 236.217, inte[1]: 144.192
[Rank 25] inte[0]: 205.207, comm[0]: 214.361, comm[1]: 2218.267, comm[2]: 214.778, force: 3166.666, rev_comm[0]: 208.673, rev_comm[1]: 2284.637, rev_comm[2]: 234.484, inte[1]: 143.728
[Rank 26] inte[0]: 205.148, comm[0]: 197.000, comm[1]: 2407.375, comm[2]: 197.852, force: 3161.172, rev_comm[0]: 192.531, rev_comm[1]: 2434.302, rev_comm[2]: 220.894, inte[1]: 143.481
[Rank 27] inte[0]: 205.235, comm[0]: 203.037, comm[1]: 2417.538, comm[2]: 202.278, force: 3177.446, rev_comm[0]: 201.325, rev_comm[1]: 2444.044, rev_comm[2]: 226.714, inte[1]: 144.230
[Rank 28] inte[0]: 205.964, comm[0]: 207.020, comm[1]: 2546.859, comm[2]: 206.347, force: 3189.516, rev_comm[0]: 198.534, rev_comm[1]: 2551.496, rev_comm[2]: 225.575, inte[1]: 143.252
[Rank 29] inte[0]: 204.424, comm[0]: 195.046, comm[1]: 2537.202, comm[2]: 197.405, force: 3174.437, rev_comm[0]: 189.277, rev_comm[1]: 2547.539, rev_comm[2]: 217.235, inte[1]: 142.453
[Rank 30] inte[0]: 206.652, comm[0]: 209.117, comm[1]: 2556.691, comm[2]: 210.346, force: 3180.177, rev_comm[0]: 206.609, rev_comm[1]: 2512.663, rev_comm[2]: 232.312, inte[1]: 144.124
[Rank 31] inte[0]: 206.233, comm[0]: 207.613, comm[1]: 2506.365, comm[2]: 205.656, force: 3190.748, rev_comm[0]: 201.972, rev_comm[1]: 2431.381, rev_comm[2]: 228.600, inte[1]: 143.530
[Rank 32] inte[0]: 203.863, comm[0]: 191.345, comm[1]: 2399.926, comm[2]: 193.874, force: 3184.169, rev_comm[0]: 187.362, rev_comm[1]: 2340.461, rev_comm[2]: 216.379, inte[1]: 142.921
[Rank 33] inte[0]: 205.742, comm[0]: 211.886, comm[1]: 2383.732, comm[2]: 211.646, force: 3185.343, rev_comm[0]: 204.936, rev_comm[1]: 2331.485, rev_comm[2]: 235.037, inte[1]: 144.422
[Rank 34] inte[0]: 206.329, comm[0]: 208.242, comm[1]: 2082.496, comm[2]: 208.883, force: 3184.630, rev_comm[0]: 205.999, rev_comm[1]: 2098.554, rev_comm[2]: 232.895, inte[1]: 144.709
[Rank 35] inte[0]: 204.718, comm[0]: 199.439, comm[1]: 2115.332, comm[2]: 199.287, force: 3189.833, rev_comm[0]: 194.089, rev_comm[1]: 2130.090, rev_comm[2]: 221.518, inte[1]: 143.358
[Rank 36] inte[0]: 206.481, comm[0]: 213.964, comm[1]: 1951.232, comm[2]: 215.273, force: 3198.877, rev_comm[0]: 209.424, rev_comm[1]: 1937.578, rev_comm[2]: 236.907, inte[1]: 144.248
[Rank 37] inte[0]: 206.469, comm[0]: 208.997, comm[1]: 1933.920, comm[2]: 211.736, force: 3190.940, rev_comm[0]: 204.941, rev_comm[1]: 1924.293, rev_comm[2]: 232.027, inte[1]: 143.528
[Rank 38] inte[0]: 205.126, comm[0]: 193.075, comm[1]: 2141.264, comm[2]: 195.663, force: 3183.668, rev_comm[0]: 188.380, rev_comm[1]: 2243.502, rev_comm[2]: 219.503, inte[1]: 143.559
[Rank 39] inte[0]: 206.022, comm[0]: 204.635, comm[1]: 2192.795, comm[2]: 203.690, force: 3199.568, rev_comm[0]: 199.175, rev_comm[1]: 2276.262, rev_comm[2]: 227.226, inte[1]: 145.144
[Rank 40] inte[0]: 205.794, comm[0]: 207.194, comm[1]: 2304.763, comm[2]: 207.694, force: 3202.161, rev_comm[0]: 196.741, rev_comm[1]: 2356.034, rev_comm[2]: 226.095, inte[1]: 143.889
[Rank 41] inte[0]: 205.089, comm[0]: 198.805, comm[1]: 2291.747, comm[2]: 200.891, force: 3189.280, rev_comm[0]: 194.116, rev_comm[1]: 2345.489, rev_comm[2]: 221.624, inte[1]: 142.621
[Rank 42] inte[0]: 206.115, comm[0]: 197.424, comm[1]: 2298.831, comm[2]: 200.379, force: 3190.030, rev_comm[0]: 191.834, rev_comm[1]: 2332.406, rev_comm[2]: 220.114, inte[1]: 142.559
[Rank 43] inte[0]: 205.838, comm[0]: 203.440, comm[1]: 2301.317, comm[2]: 206.545, force: 3205.493, rev_comm[0]: 200.228, rev_comm[1]: 2339.[K - Rank 182] K: 400/600
[K - Rank 88] K: 400/600
[K - Rank 229] K: 300/600
[K - Rank 184] K: 400/600
578, rev_comm[2]: 226.617, inte[1]: 143.750
[Rank 44] inte[0]: 204.641, comm[0]: 204.397, comm[1]: 1884.765, comm[2]: 203.469, force: 3189.803, rev_comm[0]: 200.520, rev_comm[1]: 1848.631, rev_comm[2]: 226.783, inte[1]: 143.237
[Rank 45] inte[0]: 205.289, comm[0]: 209.532, comm[1]: 1899.793, comm[2]: 209.879, force: 3183.075, rev_comm[0]: 203.384, rev_comm[1]: 1853.148, rev_comm[2]: 232.841, inte[1]: 144.181
[Rank 46] inte[0]: 206.886, comm[0]: 206.339, comm[1]: 1670.525, comm[2]: 207.649, force: 3182.276, rev_comm[0]: 202.447, rev_comm[1]: 1673.215, rev_comm[2]: 228.834, inte[1]: 143.993
[Rank 47] inte[0]: 203.667, comm[0]: 192.752, comm[1]: 1695.193, comm[2]: 196.770, force: 3190.416, rev_comm[0]: 188.167, rev_comm[1]: 1697.369, rev_comm[2]: 217.218, inte[1]: 142.805
[Rank 48] inte[0]: 205.014, comm[0]: 212.901, comm[1]: 1724.837, comm[2]: 215.110, force: 3188.129, rev_comm[0]: 208.434, rev_comm[1]: 1687.800, rev_comm[2]: 236.832, inte[1]: 143.864
[Rank 49] inte[0]: 205.709, comm[0]: 211.898, comm[1]: 1687.927, comm[2]: 212.069, force: 3180.289, rev_comm[0]: 206.789, rev_comm[1]: 1654.556, rev_comm[2]: 231.613, inte[1]: 143.517
[Rank 50] inte[0]: 204.098, comm[0]: 192.596, comm[1]: 1867.432, comm[2]: 195.628, force: 3172.093, rev_comm[0]: 189.198, rev_comm[1]: 1827.486, rev_comm[2]: 218.064, inte[1]: 142.701
[Rank 51] inte[0]: 206.437, comm[0]: 212.223, comm[1]: 1854.988, comm[2]: 208.877, force: 3189.524, rev_comm[0]: 206.881, rev_comm[1]: 1832.423, rev_comm[2]: 232.022, inte[1]: 144.791
[Rank 52] inte[0]: 205.951, comm[0]: 212.421, comm[1]: 2077.111, comm[2]: 211.222, force: 3195.167, rev_comm[0]: 202.606, rev_comm[1]: 2067.617, rev_comm[2]: 228.798, inte[1]: 143.649
[Rank 53] inte[0]: 204.657, comm[0]: 198.358, comm[1]: 2085.254, comm[2]: 200.566, force: 3182.813, rev_comm[0]: 193.232, rev_comm[1]: 2061.947, rev_comm[2]: 219.740, inte[1]: 142.399
[Rank 54] inte[0]: 205.376, comm[0]: 216.862, comm[1]: 2297.224, comm[2]: 216.013, force: 3188.924, rev_comm[0]: 212.562, rev_comm[1]: 2307.056, rev_comm[2]: 237.852, inte[1]: 143.991
[Rank 55] inte[0]: 206.182, comm[0]: 210.080, comm[1]: 2304.190, comm[2]: 211.736, force: 3200.026, rev_comm[0]: 205.466, rev_comm[1]: 2315.110, rev_comm[2]: 231.175, inte[1]: 144.239
[Rank 56] inte[0]: 204.494, comm[0]: 192.196, comm[1]: 2368.517, comm[2]: 194.737, force: 3173.296, rev_comm[0]: 188.191, rev_comm[1]: 2386.957, rev_comm[2]: 216.920, inte[1]: 142.951
[Rank 57] inte[0]: 206.608, comm[0]: 214.200, comm[1]: 2361.942, comm[2]: 211.976, force: 3172.335, rev_comm[0]: 207.182, rev_comm[1]: 2382.701, rev_comm[2]: 235.695, inte[1]: 144.506
[Rank 58] inte[0]: 205.458, comm[0]: 213.799, comm[1]: 2380.594, comm[2]: 213.456, force: 3186.472, rev_comm[0]: 208.533, rev_comm[1]: 2413.854, rev_comm[2]: 235.736, inte[1]: 143.670
[Rank 59] inte[0]: 205.846, comm[0]: 196.775, comm[1]: 2400.654, comm[2]: 197.797, force: 3176.335, rev_comm[0]: 192.154, rev_comm[1]: 2427.067, rev_comm[2]: 220.633, inte[1]: 143.855
[Rank 60] inte[0]: 207.742, comm[0]: 213.186, comm[1]: 2602.941, comm[2]: 213.550, force: 3197.534, rev_comm[0]: 207.562, rev_comm[1]: 2644.969, rev_comm[2]: 237.446, inte[1]: 145.036
[Rank 61] inte[0]: 206.427, comm[0]: 207.606, comm[1]: 2569.601, comm[2]: 208.173, force: 3185.461, rev_comm[0]: 204.900, rev_comm[1]: 2615.317, rev_comm[2]: 231.333, inte[1]: 144.332
[Rank 62] inte[0]: 204.599, comm[0]: 193.116, comm[1]: 2392.534, comm[2]: 196.813, force: 3179.508, rev_comm[0]: 188.116, rev_comm[1]: 2328.307, rev_comm[2]: 219.991, inte[1]: 143.066
[Rank 63] inte[0]: 207.270, comm[0]: 209.673, comm[1]: 2405.013, comm[2]: 207.361, force: 3195.355, rev_comm[0]: 204.046, rev_comm[1]: 2339.719, rev_comm[2]: 230.034, inte[1]: 145.001
[Rank 64] inte[0]: 204.675, comm[0]: 205.806, comm[1]: 2559.583, comm[2]: 203.267, force: 3192.862, rev_comm[0]: 196.101, rev_comm[1]: 2514.778, rev_comm[2]: 222.023, inte[1]: 142.786
[Rank 65] inte[0]: 204.125, comm[0]: 195.574, comm[1]: 2556.437, comm[2]: 196.161, force: 3195.730, rev_comm[0]: 189.631, rev_comm[1]: 2510.653, rev_comm[2]: 221.256, inte[1]: 142.030
[Ran[K - Rank 89] K: 400/600
k 66] inte[0]: 205.147, comm[0]: 217.041, comm[1]: 2128.108, comm[2]: 216.283, force: 3188.037, rev_comm[0]: 212.312, rev_comm[1]: 2189.584, rev_comm[2]: 237.954, inte[1]: 144.007
[Rank 67] inte[0]: 206.083, comm[0]: 211.482, comm[1]: 2131.272, comm[2]: 214.483, force: 3200.977, rev_comm[0]: 207.935, rev_comm[1]: 2195.156, rev_comm[2]: 232.872, inte[1]: 143.357
[Rank 68] inte[0]: 203.361, comm[0]: 195.802, comm[1]: 2058.558, comm[2]: 197.786, force: 3196.408, rev_comm[0]: 190.563, rev_comm[1]: 2191.276, rev_comm[2]: 219.339, inte[1]: 143.122
[Rank 69] inte[0]: 204.960, comm[0]: 206.089, comm[1]: 2065.003, comm[2]: 205.520, force: 3193.167, rev_comm[0]: 200.305, rev_comm[1]: 2200.977, rev_comm[2]: 229.712, inte[1]: 144.286
[Rank 70] inte[0]: 206.256, comm[0]: 212.516, comm[1]: 1776.609, comm[2]: 210.400, force: 3192.222, rev_comm[0]: 206.867, rev_comm[1]: 1849.617, rev_comm[2]: 235.011, inte[1]: 143.564
[Rank 71] inte[0]: 204.083, comm[0]: 196.914, comm[1]: 1825.041, comm[2]: 199.016, force: 3198.068, rev_comm[0]: 191.198, rev_comm[1]: 1890.222, rev_comm[2]: 220.167, inte[1]: 142.963
[Rank 72] inte[0]: 206.161, comm[0]: 210.027, comm[1]: 1844.256, comm[2]: 214.067, force: 3206.755, rev_comm[0]: 205.694, rev_comm[1]: 1793.613, rev_comm[2]: 233.475, inte[1]: 144.299
[Rank 73] inte[0]: 204.487, comm[0]: 210.564, comm[1]: 1811.550, comm[2]: 211.048, force: 3200.863, rev_comm[0]: 204.534, rev_comm[1]: 1765.365, rev_comm[2]: 233.067, inte[1]: 143.377
[Rank 74] inte[0]: 205.283, comm[0]: 193.592, comm[1]: 1896.075, comm[2]: 196.582, force: 3192.369, rev_comm[0]: 190.895, rev_comm[1]: 1844.361, rev_comm[2]: 220.060, inte[1]: 143.581
[Rank 75] inte[0]: 204.786, comm[0]: 205.084, comm[1]: 1904.701, comm[2]: 202.942, force: 3208.318, rev_comm[0]: 199.507, rev_comm[1]: 1854.274, rev_comm[2]: 227.009, inte[1]: 144.342
[Rank 76] inte[0]: 206.567, comm[0]: 208.022, comm[1]: 2064.439, comm[2]: 206.961, force: 3196.068, rev_comm[0]: 198.355, rev_comm[1]: 2031.984, rev_comm[2]: 225.595, inte[1]: 144.505
[Rank 77] inte[0]: 205.373, comm[0]: 194.087, comm[1]: 2112.207, comm[2]: 197.698, force: 3181.221, rev_comm[0]: 189.770, rev_comm[1]: 2064.621, rev_comm[2]: 218.950, inte[1]: 142.675
[Rank 78] inte[0]: 204.683, comm[0]: 213.187, comm[1]: 1984.320, comm[2]: 212.689, force: 3189.415, rev_comm[0]: 208.447, rev_comm[1]: 2014.822, rev_comm[2]: 233.957, inte[1]: 143.508
[Rank 79] inte[0]: 205.982, comm[0]: 208.500, comm[1]: 1991.964, comm[2]: 211.225, force: 3198.213, rev_comm[0]: 204.739, rev_comm[1]: 2027.937, rev_comm[2]: 230.903, inte[1]: 143.679
[Rank 80] inte[0]: 203.274, comm[0]: 192.119, comm[1]: 1960.454, comm[2]: 194.687, force: 3182.403, rev_comm[0]: 187.714, rev_comm[1]: 2027.215, rev_comm[2]: 217.315, inte[1]: 142.537
[Rank 81] inte[0]: 205.274, comm[0]: 212.966, comm[1]: 1959.510, comm[2]: 210.192, force: 3185.929, rev_comm[0]: 207.903, rev_comm[1]: 2028.451, rev_comm[2]: 236.072, inte[1]: 143.944
[Rank 82] inte[0]: 205.899, comm[0]: 214.634, comm[1]: 1996.883, comm[2]: 211.848, force: 3184.360, rev_comm[0]: 208.508, rev_comm[1]: 2058.721, rev_comm[2]: 234.675, inte[1]: 143.968
[Rank 83] inte[0]: 205.888, comm[0]: 197.391, comm[1]: 2027.653, comm[2]: 198.661, force: 3189.019, rev_comm[0]: 191.381, rev_comm[1]: 2088.663, rev_comm[2]: 220.901, inte[1]: 143.617
[Rank 84] inte[0]: 205.504, comm[0]: 212.646, comm[1]: 1876.750, comm[2]: 216.233, force: 3200.117, rev_comm[0]: 207.334, rev_comm[1]: 1869.960, rev_comm[2]: 236.790, inte[1]: 144.690
[Rank 85] inte[0]: 205.062, comm[0]: 210.562, comm[1]: 1868.447, comm[2]: 211.389, force: 3192.107, rev_comm[0]: 205.592, rev_comm[1]: 1866.094, rev_comm[2]: 230.467, inte[1]: 143.386
[Rank 86] inte[0]: 205.003, comm[0]: 192.796, comm[1]: 2150.775, comm[2]: 196.227, force: 3184.680, rev_comm[0]: 189.902, rev_comm[1]: 2216.987, rev_comm[2]: 218.364, inte[1]: 143.345
[Rank 87] inte[0]: 205.904, comm[0]: 203.865, comm[1]: 2161.840, comm[2]: 202.937, force: 3200.601, rev_comm[0]: 198.534, rev_comm[1]: 2224.488, rev_comm[2]: 224.849, inte[1]: 144.108
[Rank 88] inte[0]: 205.677, comm[0]: 209.863, comm[1[K - Rank 231] K: 400/600
[K - Rank 185] K: 400/600
]: 2169.867, comm[2]: 208.715, force: 3184.140, rev_comm[0]: 200.640, rev_comm[1]: 2232.821, rev_comm[2]: 227.479, inte[1]: 143.961
[Rank 89] inte[0]: 204.187, comm[0]: 195.320, comm[1]: 2151.639, comm[2]: 197.664, force: 3171.870, rev_comm[0]: 189.927, rev_comm[1]: 2206.641, rev_comm[2]: 217.588, inte[1]: 142.691
[Rank 90] inte[0]: 206.292, comm[0]: 213.687, comm[1]: 2072.238, comm[2]: 214.519, force: 3174.695, rev_comm[0]: 208.480, rev_comm[1]: 2144.628, rev_comm[2]: 233.272, inte[1]: 144.391
[Rank 91] inte[0]: 206.600, comm[0]: 214.326, comm[1]: 2079.904, comm[2]: 214.227, force: 3188.728, rev_comm[0]: 209.158, rev_comm[1]: 2154.502, rev_comm[2]: 233.982, inte[1]: 144.337
[Rank 92] inte[0]: 205.337, comm[0]: 195.834, comm[1]: 1826.938, comm[2]: 197.292, force: 3192.853, rev_comm[0]: 191.477, rev_comm[1]: 1805.249, rev_comm[2]: 220.237, inte[1]: 143.666
[Rank 93] inte[0]: 206.030, comm[0]: 207.551, comm[1]: 1815.015, comm[2]: 207.762, force: 3188.182, rev_comm[0]: 199.975, rev_comm[1]: 1794.746, rev_comm[2]: 229.929, inte[1]: 143.577
[Rank 94] inte[0]: 205.653, comm[0]: 210.655, comm[1]: 1615.919, comm[2]: 209.700, force: 3193.053, rev_comm[0]: 205.312, rev_comm[1]: 1630.477, rev_comm[2]: 231.146, inte[1]: 143.640
[Rank 95] inte[0]: 205.707, comm[0]: 198.013, comm[1]: 1635.927, comm[2]: 198.793, force: 3198.881, rev_comm[0]: 191.391, rev_comm[1]: 1650.079, rev_comm[2]: 220.801, inte[1]: 142.499
[Rank 96] inte[0]: 205.578, comm[0]: 210.831, comm[1]: 1675.769, comm[2]: 214.447, force: 3189.130, rev_comm[0]: 206.400, rev_comm[1]: 1702.400, rev_comm[2]: 234.438, inte[1]: 143.079
[Rank 97] inte[0]: 206.552, comm[0]: 209.433, comm[1]: 1658.761, comm[2]: 212.053, force: 3180.774, rev_comm[0]: 204.842, rev_comm[1]: 1677.761, rev_comm[2]: 232.150, inte[1]: 143.601
[Rank 98] inte[0]: 205.264, comm[0]: 192.287, comm[1]: 1916.049, comm[2]: 194.757, force: 3173.135, rev_comm[0]: 187.919, rev_comm[1]: 2034.786, rev_comm[2]: 216.578, inte[1]: 143.349
[Rank 99] inte[0]: 205.215, comm[0]: 207.102, comm[1]: 1926.787, comm[2]: 206.430, force: 3191.180, rev_comm[0]: 200.911, rev_comm[1]: 2043.293, rev_comm[2]: 228.571, inte[1]: 143.514
[Rank 100] inte[0]: 207.417, comm[0]: 209.782, comm[1]: 1972.826, comm[2]: 210.218, force: 3192.764, rev_comm[0]: 200.515, rev_comm[1]: 2065.790, rev_comm[2]: 227.962, inte[1]: 144.455
[Rank 101] inte[0]: 204.049, comm[0]: 197.314, comm[1]: 1982.163, comm[2]: 199.404, force: 3180.498, rev_comm[0]: 190.397, rev_comm[1]: 2070.815, rev_comm[2]: 219.306, inte[1]: 142.250
[Rank 102] inte[0]: 205.402, comm[0]: 215.260, comm[1]: 1942.830, comm[2]: 214.684, force: 3186.411, rev_comm[0]: 210.359, rev_comm[1]: 2022.047, rev_comm[2]: 234.453, inte[1]: 143.944
[Rank 103] inte[0]: 206.341, comm[0]: 210.669, comm[1]: 1945.213, comm[2]: 212.430, force: 3197.731, rev_comm[0]: 206.483, rev_comm[1]: 2046.722, rev_comm[2]: 230.955, inte[1]: 143.948
[Rank 104] inte[0]: 203.627, comm[0]: 190.938, comm[1]: 1602.818, comm[2]: 194.687, force: 3191.000, rev_comm[0]: 186.777, rev_comm[1]: 1620.144, rev_comm[2]: 216.848, inte[1]: 143.234
[Rank 105] inte[0]: 206.738, comm[0]: 213.716, comm[1]: 1596.538, comm[2]: 213.055, force: 3190.468, rev_comm[0]: 206.899, rev_comm[1]: 1612.826, rev_comm[2]: 237.622, inte[1]: 144.546
[Rank 106] inte[0]: 207.231, comm[0]: 213.810, comm[1]: 1540.595, comm[2]: 214.090, force: 3191.089, rev_comm[0]: 208.456, rev_comm[1]: 1562.461, rev_comm[2]: 236.818, inte[1]: 144.358
[Rank 107] inte[0]: 205.446, comm[0]: 194.340, comm[1]: 1557.243, comm[2]: 197.748, force: 3197.828, rev_comm[0]: 188.788, rev_comm[1]: 1581.173, rev_comm[2]: 218.278, inte[1]: 142.499
[Rank 108] inte[0]: 205.337, comm[0]: 212.717, comm[1]: 1638.845, comm[2]: 214.059, force: 3188.780, rev_comm[0]: 207.481, rev_comm[1]: 1653.079, rev_comm[2]: 236.231, inte[1]: 144.145
[Rank 109] inte[0]: 204.975, comm[0]: 213.394, comm[1]: 1631.509, comm[2]: 212.549, force: 3182.788, rev_comm[0]: 209.462, rev_comm[1]: 1641.937, rev_comm[2]: 232.311, inte[1]: 143.233
[Rank 110] inte[0]: 204.301, comm[0]: 199.556, comm[1]: 1729.220, comm[2]: 201.406, force: 3175.180, rev_comm[0]: 196.354, rev_comm[1]: 1777.899, rev_comm[2]: 223.543, inte[1]: 143.243
[Rank 111] inte[0]: 205.284, comm[0]: 210.778, comm[1]: 1736.125, comm[2]: 208.958, force: 3191.104, rev_comm[0]: 204.547, rev_comm[1]: 1791.559, rev_comm[2]: 232.226, inte[1]: 144.166
[Rank 112] inte[0]: 207.367, comm[0]: 212.118, comm[1]: 1888.274, comm[2]: 211.935, force: 3183.072, rev_comm[0]: 201.787, rev_comm[1]: 1954.519, rev_comm[2]: 229.506, inte[1]: 144.918
[Rank 113] inte[0]: 205.191, comm[0]: 198.658, comm[1]: 1907.802, comm[2]: 199.683, force: 3169.239, rev_comm[0]: 194.440, rev_comm[1]: 1964.181, rev_comm[2]: 218.586, inte[1]: 143.281
[Rank 114] inte[0]: 206.578, comm[0]: 216.993, comm[1]: 1949.716, comm[2]: 215.801, force: 3177.012, rev_comm[0]: 210.989, rev_comm[1]: 1956.927, rev_comm[2]: 236.280, inte[1]: 144.058
[Rank 115] inte[0]: 206.422, comm[0]: 212.429, comm[1]: 1950.487, comm[2]: 214.544, force: 3186.267, rev_comm[0]: 207.327, rev_comm[1]: 1969.106, rev_comm[2]: 236.288, inte[1]: 143.828
[Rank 116] inte[0]: 204.021, comm[0]: 197.098, comm[1]: 1680.288, comm[2]: 198.756, force: 3184.303, rev_comm[0]: 193.378, rev_comm[1]: 1639.345, rev_comm[2]: 220.348, inte[1]: 142.958
[Rank 117] inte[0]: 206.172, comm[0]: 212.975, comm[1]: 1676.322, comm[2]: 213.423, force: 3182.403, rev_comm[0]: 207.083, rev_comm[1]: 1635.974, rev_comm[2]: 236.813, inte[1]: 145.212
[Rank 118] inte[0]: 206.301, comm[0]: 213.386, comm[1]: 1632.926, comm[2]: 213.528, force: 3183.768, rev_comm[0]: 209.012, rev_comm[1]: 1596.874, rev_comm[2]: 236.097, inte[1]: 143.797
[Rank 119] inte[0]: 204.398, comm[0]: 197.000, comm[1]: 1644.038, comm[2]: 198.695, force: 3188.185, rev_comm[0]: 191.169, rev_comm[1]: 1606.280, rev_comm[2]: 220.369, inte[1]: 143.115
[Rank 120] inte[0]: 205.439, comm[0]: 213.942, comm[1]: 1611.106, comm[2]: 215.548, force: 3177.021, rev_comm[0]: 209.467, rev_comm[1]: 1597.506, rev_comm[2]: 239.452, inte[1]: 143.819
[Rank 121] inte[0]: 206.407, comm[0]: 209.248, comm[1]: 1601.138, comm[2]: 212.114, force: 3165.643, rev_comm[0]: 205.162, rev_comm[1]: 1581.016, rev_comm[2]: 231.840, inte[1]: 144.091
[Rank 122] inte[0]: 203.880, comm[0]: 197.166, comm[1]: 1788.436, comm[2]: 199.350, force: 3162.471, rev_comm[0]: 193.737, rev_comm[1]: 1734.108, rev_comm[2]: 222.281, inte[1]: 142.488
[Rank 123] inte[0]: 206.524, comm[0]: 205.784, comm[1]: 1787.874, comm[2]: 204.862, force: 3178.792, rev_comm[0]: 200.047, rev_comm[1]: 1738.837, rev_comm[2]: 227.508, inte[1]: 144.464
[Rank 124] inte[0]: 205.942, comm[0]: 206.440, comm[1]: 1819.403, comm[2]: 208.640, force: 3190.942, rev_comm[0]: 197.849, rev_comm[1]: 1823.150, rev_comm[2]: 225.706, inte[1]: 144.185
[Rank 125] inte[0]: 204.473, comm[0]: 194.439, comm[1]: 1821.865, comm[2]: 198.911, force: 3177.556, rev_comm[0]: 189.230, rev_comm[1]: 1821.396, rev_comm[2]: 218.359, inte[1]: 141.972
[Rank 126] inte[0]: 206.930, comm[0]: 210.631, comm[1]: 2071.906, comm[2]: 211.313, force: 3182.063, rev_comm[0]: 205.671, rev_comm[1]: 2080.299, rev_comm[2]: 232.066, inte[1]: 144.582
[Rank 127] inte[0]: 205.592, comm[0]: 206.064, comm[1]: 2073.137, comm[2]: 206.509, force: 3192.202, rev_comm[0]: 200.725, rev_comm[1]: 2076.363, rev_comm[2]: 228.505, inte[1]: 143.817
[Rank 128] inte[0]: 203.271, comm[0]: 192.331, comm[1]: 1920.802, comm[2]: 196.286, force: 3177.970, rev_comm[0]: 188.368, rev_comm[1]: 1940.204, rev_comm[2]: 218.401, inte[1]: 142.967
[Rank 129] inte[0]: 205.839, comm[0]: 211.905, comm[1]: 1915.023, comm[2]: 212.361, force: 3175.866, rev_comm[0]: 205.839, rev_comm[1]: 1940.404, rev_comm[2]: 235.493, inte[1]: 144.505
[Rank 130] inte[0]: 205.325, comm[0]: 209.035, comm[1]: 1891.113, comm[2]: 210.195, force: 3176.960, rev_comm[0]: 206.257, rev_comm[1]: 1918.171, rev_comm[2]: 233.141, inte[1]: 144.282
[Rank 131] inte[0]: 204.202, comm[0]: 198.028, comm[1]: 1911.290, comm[2]: 200.240, force: 3184.122, rev_comm[0]: 193.977, rev_comm[1]: 1931.241, rev_comm[2]: 221.621, inte[1]: 143.252
[Rank 132] inte[0]: 207.162, comm[0]: 214.953, comm[1]: 1811.920, comm[2]: 216.494, force: 3192.404, rev_comm[0]: 210.896, rev_comm[1]: 1839.239, rev_comm[2]: 238.283, inte[1]: 144.304
[Rank 133] inte[0]: 206.423, comm[0]: 214.992, comm[1]: 1801.794, comm[2]: 214.136, force: 3183.291, rev_comm[0]: 209.374, rev_comm[1]: 1823.565, rev_comm[2]: 233.739, inte[1]: 143.790
[Rank 134] inte[0]: 205.217, comm[0]: 194.129, comm[1]: 1777.819, comm[2]: 196.180, force: 3178.720, rev_comm[0]: 189.139, rev_comm[1]: 1797.694, rev_comm[2]: 218.008, inte[1]: 143.094
[Rank 135] inte[0]: 206.341, comm[0]: 206.543, comm[1]: 1805.292, comm[2]: 204.945, force: 3193.580, rev_comm[0]: 200.731, rev_comm[1]: 1824.366, rev_comm[2]: 227.689, inte[1]: 145.043
[Rank 136] inte[0]: 205.809, comm[0]: 206.693, comm[1]: 1749.807, comm[2]: 208.468, force: 3199.312, rev_comm[0]: 197.416, rev_comm[1]: 1774.067, rev_comm[2]: 226.583, inte[1]: 144.014
[Rank 137] inte[0]: 204.423, comm[0]: 197.085, comm[1]: 1761.637, comm[2]: 200.880, force: 3184.316, rev_comm[0]: 192.361, rev_comm[1]: 1780.882, rev_comm[2]: 219.542, inte[1]: 142.570
[Rank 138] inte[0]: 206.107, comm[0]: 218.220, comm[1]: 1755.205, comm[2]: 216.590, force: 3189.843, rev_comm[0]: 212.577, rev_comm[1]: 1768.867, rev_comm[2]: 238.924, inte[1]: 143.572
[Rank 139] inte[0]: 205.556, comm[0]: 210.820, comm[1]: 1756.174, comm[2]: 214.391, force: 3201.351, rev_comm[0]: 206.871, rev_comm[1]: 1776.505, rev_comm[2]: 233.511, inte[1]: 143.719
[Rank 140] inte[0]: 204.404, comm[0]: 191.841, comm[1]: 1584.584, comm[2]: 195.350, force: 3179.453, rev_comm[0]: 188.578, rev_comm[1]: 1602.549, rev_comm[2]: 216.613, inte[1]: 142.501
[Rank 141] inte[0]: 206.759, comm[0]: 212.627, comm[1]: 1576.047, comm[2]: 213.098, force: 3178.098, rev_comm[0]: 206.256, rev_comm[1]: 1599.628, rev_comm[2]: 236.755, inte[1]: 143.995
[Rank 142] inte[0]: 205.446, comm[0]: 214.499, comm[1]: 1516.170, comm[2]: 213.941, force: 3180.502, rev_comm[0]: 208.666, rev_comm[1]: 1548.501, rev_comm[2]: 236.628, inte[1]: 144.021
[Rank 143] inte[0]: 204.143, comm[0]: 197.610, comm[1]: 1544.933, comm[2]: 199.308, force: 3181.873, rev_comm[0]: 191.391, rev_comm[1]: 1569.007, rev_comm[2]: 221.090, inte[1]: 142.570
[Rank 144] inte[0]: 205.526, comm[0]: 212.568, comm[1]: 1548.853, comm[2]: 214.325, force: 3181.571, rev_comm[0]: 208.399, rev_comm[1]: 1561.058, rev_comm[2]: 234.899, inte[1]: 143.839
[Rank 145] inte[0]: 205.281, comm[0]: 210.502, comm[1]: 1538.412, comm[2]: 212.468, force: 3175.042, rev_comm[0]: 206.020, rev_comm[1]: 1550.901, rev_comm[2]: 232.562, inte[1]: 142.839
[Rank 146] inte[0]: 204.975, comm[0]: 193.891, comm[1]: 1573.321, comm[2]: 196.175, force: 3166.757, rev_comm[0]: 189.005, rev_comm[1]: 1585.270, rev_comm[2]: 218.878, inte[1]: 143.423
[Rank 147] inte[0]: 207.364, comm[0]: 212.081, comm[1]: 1583.438, comm[2]: 209.940, force: 3184.137, rev_comm[0]: 207.059, rev_comm[1]: 1599.544, rev_comm[2]: 233.105, inte[1]: 145.014
[Rank 148] inte[0]: 205.963, comm[0]: 212.918, comm[1]: 1749.999, comm[2]: 212.166, force: 3189.314, rev_comm[0]: 202.647, rev_comm[1]: 1775.539, rev_comm[2]: 230.953, inte[1]: 144.014
[Rank 149] inte[0]: 205.752, comm[0]: 194.668, comm[1]: 1752.746, comm[2]: 198.198, force: 3173.452, rev_comm[0]: 190.356, rev_comm[1]: 1772.423, rev_comm[2]: 218.721, inte[1]: 143.082
[Rank 150] inte[0]: 205.696, comm[0]: 214.197, comm[1]: 1749.684, comm[2]: 213.542, force: 3181.712, rev_comm[0]: 209.011, rev_comm[1]: 1769.417, rev_comm[2]: 235.904, inte[1]: 143.730
[Rank 151] inte[0]: 205.073, comm[0]: 210.156, comm[1]: 1753.388, comm[2]: 212.576, force: 3192.496, rev_comm[0]: 205.555, rev_comm[1]: 1776.289, rev_comm[2]: 232.202, inte[1]: 143.312
[Rank 152] inte[0]: 204.956, comm[0]: 191.779, comm[1]: 1797.128, comm[2]: 194.691, force: 3167.554, rev_comm[0]: 186.783, rev_comm[1]: 1802.654, rev_comm[2]: 216.912, inte[1]: 143.452
[Rank 153] inte[0]: 207.362, comm[0]: 214.743, comm[1]: 1788.031, comm[2]: 212.453, force: 3165.095, rev_comm[0]: 207.357, rev_comm[1]: 1796.834, rev_comm[2]: 236.234, inte[1]: 144.866
[Rank 154] inte[0]: 206.740, comm[0]: 213.369, comm[1]: 1802.130, comm[2]: 212.676, force: 3165.443, rev_comm[0]: 208.810, rev_comm[1]: 1815.804, rev_comm[2]: 235.310, inte[1]: 143.828
[Rank 155] inte[0]: 205.525, comm[0]: 197.213, comm[1]: 1803.497, comm[2]: 198.703, force: 3171.858, rev_comm[0]: 191.512, rev_comm[1]: 1815.761, rev_comm[2]: 219.620, inte[1]: 142.980
[Rank 156] inte[0]: 207.351, comm[0]: 212.535, comm[1]: 1900.733, comm[2]: 213.319, force: 3188.754, rev_comm[0]: 206.316, rev_comm[1]: 1920.001, rev_comm[2]: 237.548, inte[1]: 144.412
[Rank 157] inte[0]: 205.373, comm[0]: 206.560, comm[1]: 1879.886, comm[2]: 207.662, force: 3179.827, rev_comm[0]: 203.262, rev_comm[1]: 1898.235, rev_comm[2]: 231.640, inte[1]: 143.954
[Rank 158] inte[0]: 204.761, comm[0]: 193.121, comm[1]: 1885.263, comm[2]: 195.665, force: 3173.869, rev_comm[0]: 188.839, rev_comm[1]: 1907.017, rev_comm[2]: 217.030, inte[1]: 143.000
[Rank 159] inte[0]: 206.216, comm[0]: 209.095, comm[1]: 1892.272, comm[2]: 207.861, force: 3189.219, rev_comm[0]: 203.774, rev_comm[1]: 1910.496, rev_comm[2]: 230.329, inte[1]: 144.823
[Rank 160] inte[0]: 204.864, comm[0]: 214.359, comm[1]: 2040.408, comm[2]: 213.565, force: 3185.573, rev_comm[0]: 201.685, rev_comm[1]: 2076.638, rev_comm[2]: 227.649, inte[1]: 143.096
[Rank 161] inte[0]: 203.862, comm[0]: 195.040, comm[1]: 2065.344, comm[2]: 195.172, force: 3171.292, rev_comm[0]: 188.756, rev_comm[1]: 2100.519, rev_comm[2]: 218.119, inte[1]: 142.794
[Rank 162] inte[0]: 204.761, comm[0]: 199.010, comm[1]: 1804.319, comm[2]: 200.430, force: 3173.507, rev_comm[0]: 193.503, rev_comm[1]: 1829.697, rev_comm[2]: 220.248, inte[1]: 142.201
[Rank 163] inte[0]: 204.658, comm[0]: 205.311, comm[1]: 1811.179, comm[2]: 206.682, force: 3189.866, rev_comm[0]: 197.125, rev_comm[1]: 1840.902, rev_comm[2]: 225.337, inte[1]: 142.600
[Rank 164] inte[0]: 206.107, comm[0]: 203.494, comm[1]: 1708.353, comm[2]: 202.272, force: 3191.701, rev_comm[0]: 198.593, rev_comm[1]: 1782.125, rev_comm[2]: 224.522, inte[1]: 144.298
[Rank 165] inte[0]: 205.271, comm[0]: 211.777, comm[1]: 1717.823, comm[2]: 210.843, force: 3187.253, rev_comm[0]: 205.671, rev_comm[1]: 1792.059, rev_comm[2]: 235.654, inte[1]: 143.847
[Rank 166] inte[0]: 206.187, comm[0]: 213.067, comm[1]: 1514.520, comm[2]: 211.011, force: 3187.489, rev_comm[0]: 207.748, rev_comm[1]: 1546.355, rev_comm[2]: 234.855, inte[1]: 143.624
[Rank 167] inte[0]: 205.686, comm[0]: 198.989, comm[1]: 1536.240, comm[2]: 200.674, force: 3190.293, rev_comm[0]: 193.689, rev_comm[1]: 1564.244, rev_comm[2]: 222.468, inte[1]: 142.908
[Rank 168] inte[0]: 205.757, comm[0]: 221.184, comm[1]: 1552.353, comm[2]: 221.201, force: 3203.112, rev_comm[0]: 217.084, rev_comm[1]: 1569.544, rev_comm[2]: 243.959, inte[1]: 144.836
[Rank 169] inte[0]: 206.310, comm[0]: 217.804, comm[1]: 1533.587, comm[2]: 215.226, force: 3192.866, rev_comm[0]: 211.925, rev_comm[1]: 1544.769, rev_comm[2]: 235.699, inte[1]: 144.538
[Rank 170] inte[0]: 203.834, comm[0]: 195.450, comm[1]: 1574.004, comm[2]: 198.591, force: 3184.922, rev_comm[0]: 190.832, rev_comm[1]: 1590.518, rev_comm[2]: 220.597, inte[1]: 142.656
[Rank 171] inte[0]: 206.130, comm[0]: 207.254, comm[1]: 1576.203, comm[2]: 204.689, force: 3201.652, rev_comm[0]: 201.873, rev_comm[1]: 1588.594, rev_comm[2]: 227.963, inte[1]: 144.265
[Rank 172] inte[0]: 206.901, comm[0]: 207.987, comm[1]: 1780.857, comm[2]: 208.827, force: 3187.990, rev_comm[0]: 199.019, rev_comm[1]: 1801.076, rev_comm[2]: 225.546, inte[1]: 143.956
[Rank 173] inte[0]: 204.196, comm[0]: 193.345, comm[1]: 1782.947, comm[2]: 196.567, force: 3172.695, rev_comm[0]: 188.484, rev_comm[1]: 1804.490, rev_comm[2]: 215.930, inte[1]: 142.662
[Rank 174] inte[0]: 204.925, comm[0]: 218.953, comm[1]: 1841.712, comm[2]: 217.658, force: 3179.866, rev_comm[0]: 212.827, rev_comm[1]: 1834.501, rev_comm[2]: 237.512, inte[1]: 143.620
[Rank 175] inte[0]: 205.939, comm[0]: 211.632, comm[1]: 1844.489, comm[2]: 212.360, force: 3190.253, rev_comm[0]: 206.454, rev_comm[1]: 1835.641, rev_comm[2]: 233.901, inte[1]: 143.741
[Rank 176] inte[0]: 203.961, comm[0]: 190.762, comm[1]: 1664.494, comm[2]: 193.583, force: 3177.818, rev_comm[0]: 185.739, rev_comm[1]: 1665.940, rev_comm[2]: 216.374, inte[1]: 142.365
[Rank 177] inte[0]: 206.277, comm[0]: 211.584, comm[1]: 1659.141, comm[2]: 211.182, force: 3177.116, rev_comm[0]: 205.660, rev_comm[1]: 1662.166, rev_comm[2]: 236.212, inte[1]: 144.432
[Rank 178] inte[0]: 206.633, comm[0]: 214.418, comm[1]: 1572.471, comm[2]: 213.160, force: 3175.320, rev_comm[0]: 208.975, rev_comm[1]: 1582.718, rev_comm[2]: 235.752, inte[1]: 144.388
[Rank 179] inte[0]: 203.648, comm[0]: 197.817, comm[1]: 1596.604, comm[2]: 200.211, force: 3181.115, rev_comm[0]: 192.356, rev_comm[1]: 1607.398, rev_comm[2]: 221.339, inte[1]: 142.510
[Rank 180] inte[0]: 206.723, comm[0]: 211.948, comm[1]: 1554.398, comm[2]: 213.424, force: 3190.137, rev_comm[0]: 207.377, rev_comm[1]: 1563.591, rev_comm[2]: 234.685, inte[1]: 144.207
[Rank 181] inte[0]: 204.566, comm[0]: 210.074, comm[1]: 1538.760, comm[2]: 211.332, force: 3183.909, rev_comm[0]: 205.477, rev_comm[1]: 1545.461, rev_comm[2]: 230.091, inte[1]: 142.935
[Rank 182] inte[0]: 204.016, comm[0]: 194.021, comm[1]: 1581.955, comm[2]: 195.567, force: 3175.223, rev_comm[0]: 189.392, rev_comm[1]: 1592.549, rev_comm[2]: 217.566, inte[1]: 142.475
[Rank 183] inte[0]: 205.496, comm[0]: 209.739, comm[1]: 1586.759, comm[2]: 207.561, force: 3191.327, rev_comm[0]: 203.779, rev_comm[1]: 1595.893, rev_comm[2]: 230.862, inte[1]: 144.860
[Rank 184] inte[0]: 206.764, comm[0]: 212.201, comm[1]: 1742.954, comm[2]: 210.800, force: 3173.600, rev_comm[0]: 202.085, rev_comm[1]: 1769.983, rev_comm[2]: 230.581, inte[1]: 143.993
[Rank 185] inte[0]: 205.060, comm[0]: 194.294, comm[1]: 1748.730, comm[2]: 197.838, force: 3159.890, rev_comm[0]: 189.796, rev_comm[1]: 1775.640, rev_comm[2]: 217.276, inte[1]: 142.438
[Rank 186] inte[0]: 206.106, comm[0]: 215.635, comm[1]: 1757.862, comm[2]: 215.006, force: 3167.866, rev_comm[0]: 210.099, rev_comm[1]: 1771.086, rev_comm[2]: 235.767, inte[1]: 144.106
[Rank 187] inte[0]: 206.962, comm[0]: 213.930, comm[1]: 1764.997, comm[2]: 214.926, force: 3177.524, rev_comm[0]: 209.635, rev_comm[1]: 1775.577, rev_comm[2]: 235.895, inte[1]: 144.280
[Rank 188] inte[0]: 205.123, comm[0]: 192.560, comm[1]: 1721.167, comm[2]: 195.325, force: 3185.134, rev_comm[0]: 188.619, rev_comm[1]: 1703.333, rev_comm[2]: 216.656, inte[1]: 143.473
[Rank 189] inte[0]: 206.926, comm[0]: 213.169, comm[1]: 1724.027, comm[2]: 211.708, force: 3185.454, rev_comm[0]: 206.328, rev_comm[1]: 1709.889, rev_comm[2]: 235.180, inte[1]: 144.663
[Rank 190] inte[0]: 206.400, comm[0]: 207.296, comm[1]: 1840.161, comm[2]: 208.964, force: 3180.063, rev_comm[0]: 202.957, rev_comm[1]: 1785.107, rev_comm[2]: 230.774, inte[1]: 144.744
[Rank 191] inte[0]: 205.315, comm[0]: 197.452, comm[1]: 1859.386, comm[2]: 198.554, force: 3188.750, rev_comm[0]: 191.753, rev_comm[1]: 1800.059, rev_comm[2]: 220.738, inte[1]: 143.356
[Rank 192] inte[0]: 205.775, comm[0]: 213.861, comm[1]: 1878.563, comm[2]: 214.229, force: 3178.387, rev_comm[0]: 208.849, rev_comm[1]: 1822.270, rev_comm[2]: 234.255, inte[1]: 143.554
[Rank 193] inte[0]: 205.452, comm[0]: 213.121, comm[1]: 1848.978, comm[2]: 213.543, force: 3168.991, rev_comm[0]: 208.416, rev_comm[1]: 1804.477, rev_comm[2]: 232.841, inte[1]: 143.832
[Rank 194] inte[0]: 204.820, comm[0]: 191.454, comm[1]: 1950.765, comm[2]: 195.521, force: 3162.384, rev_comm[0]: 187.174, rev_comm[1]: 1942.432, rev_comm[2]: 218.358, inte[1]: 142.495
[Rank 195] inte[0]: 206.592, comm[0]: 207.191, comm[1]: 1976.688, comm[2]: 204.926, force: 3178.809, rev_comm[0]: 201.327, rev_comm[1]: 1962.683, rev_comm[2]: 227.222, inte[1]: 144.410
[Rank 196] inte[0]: 206.549, comm[0]: 208.890, comm[1]: 1852.199, comm[2]: 208.393, force: 3184.874, rev_comm[0]: 199.150, rev_comm[1]: 1878.260, rev_comm[2]: 227.160, inte[1]: 144.220
[Rank 197] inte[0]: 205.110, comm[0]: 194.215, comm[1]: 1854.945, comm[2]: 197.376, force: 3166.917, rev_comm[0]: 189.629, rev_comm[1]: 1878.349, rev_comm[2]: 217.068, inte[1]: 142.755
[Rank 198] inte[0]: 205.312, comm[0]: 214.165, comm[1]: 1802.709, comm[2]: 214.137, force: 3176.548, rev_comm[0]: 209.219, rev_comm[1]: 1813.703, rev_comm[2]: 234.788, inte[1]: 143.560
[Rank 199] inte[0]: 206.002, comm[0]: 209.164, comm[1]: 1816.941, comm[2]: 211.177, force: 3185.377, rev_comm[0]: 204.570, rev_comm[1]: 1825.027, rev_comm[2]: 230.276, inte[1]: 143.965
[Rank 200] inte[0]: 203.615, comm[0]: 193.860, comm[1]: 1621.530, comm[2]: 195.753, force: 3182.610, rev_comm[0]: 189.224, rev_comm[1]: 1630.975, rev_comm[2]: 219.190, inte[1]: 142.303
[Rank 201] inte[0]: 207.133, comm[0]: 212.769, comm[1]: 1620.922, comm[2]: 212.595, force: 3180.933, rev_comm[0]: 206.835, rev_comm[1]: 1632.809, rev_comm[2]: 237.560, inte[1]: 144.554
[Rank 202] inte[0]: 206.521, comm[0]: 209.751, comm[1]: 1761.105, comm[2]: 209.472, force: 3180.169, rev_comm[0]: 204.900, rev_comm[1]: 1723.062, rev_comm[2]: 233.253, inte[1]: 143.268
[Rank 203] inte[0]: 205.494, comm[0]: 194.953, comm[1]: 1783.306, comm[2]: 197.606, force: 3189.136, rev_comm[0]: 190.007, rev_comm[1]: 1743.291, rev_comm[2]: 219.283, inte[1]: 142.836
[Rank 204] inte[0]: 206.686, comm[0]: 211.977, comm[1]: 1826.977, comm[2]: 213.989, force: 3175.291, rev_comm[0]: 206.800, rev_comm[1]: 1777.571, rev_comm[2]: 233.465, inte[1]: 144.516
[Rank 205] inte[0]: 206.118, comm[0]: 211.194, comm[1]: 1786.497, comm[2]: 211.618, force: 3171.365, rev_comm[0]: 205.946, rev_comm[1]: 1735.740, rev_comm[2]: 230.805, inte[1]: 144.102
[Rank 206] inte[0]: 203.587, comm[0]: 192.708, comm[1]: 1859.624, comm[2]: 195.746, force: 3164.504, rev_comm[0]: 188.794, rev_comm[1]: 1805.417, rev_comm[2]: 217.484, inte[1]: 142.709
[Rank 207] inte[0]: 207.621, comm[0]: 209.553, comm[1]: 1867.685, comm[2]: 206.382, force: 3181.133, rev_comm[0]: 203.495, rev_comm[1]: 1817.519, rev_comm[2]: 230.107, inte[1]: 144.794
[Rank 208] inte[0]: 206.650, comm[0]: 211.090, comm[1]: 1852.338, comm[2]: 210.836, force: 3173.021, rev_comm[0]: 200.969, rev_comm[1]: 1860.179, rev_comm[2]: 229.477, inte[1]: 144.682
[Rank 209] inte[0]: 205.685, comm[0]: 197.028, comm[1]: 1857.081, comm[2]: 199.554, force: 3159.730, rev_comm[0]: 192.480, rev_comm[1]: 1860.687, rev_comm[2]: 219.638, inte[1]: 142.678
[Rank 210] inte[0]: 207.725, comm[0]: 217.726, comm[1]: 1822.218, comm[2]: 216.773, force: 3164.761, rev_comm[0]: 212.496, rev_comm[1]: 1827.708, rev_comm[2]: 236.383, inte[1]: 144.545
[Rank 211] inte[0]: 205.609, comm[0]: 212.966, comm[1]: 1824.590, comm[2]: 213.760, force: 3177.105, rev_comm[0]: 208.404, rev_comm[1]: 1835.539, rev_comm[2]: 234.552, inte[1]: 143.045
[Rank 212] inte[0]: 203.648, comm[0]: 191.700, comm[1]: 1619.083, comm[2]: 194.453, force: 3172.650, rev_comm[0]: 188.243, rev_comm[1]: 1633.010, rev_comm[2]: 216.738, inte[1]: 142.348
[Rank 213] inte[0]: 205.802, comm[0]: 214.548, comm[1]: 1614.922, comm[2]: 214.482, force: 3172.904, rev_comm[0]: 208.238, rev_comm[1]: 1627.380, rev_comm[2]: 237.654, inte[1]: 144.729
[Rank 214] inte[0]: 207.185, comm[0]: 208.113, comm[1]: 1590.929, comm[2]: 208.467, force: 3170.155, rev_comm[0]: 203.744, rev_comm[1]: 1606.970, rev_comm[2]: 231.309, inte[1]: 144.243
[Rank 215] inte[0]: 203.831, comm[0]: 194.541, comm[1]: 1609.541, comm[2]: 196.502, force: 3177.818, rev_comm[0]: 189.541, rev_comm[1]: 1624.368, rev_comm[2]: 217.927, inte[1]: 142.493
[Rank 216] inte[0]: 207.295, comm[0]: 212.215, comm[1]: 1602.447, comm[2]: 215.892, force: 3166.402, rev_comm[0]: 207.611, rev_comm[1]: 1600.642, rev_comm[2]: 235.669, inte[1]: 144.545
[Rank 217] inte[0]: 205.035, comm[0]: 211.693, comm[1]: 1589.760, comm[2]: 212.165, force: 3158.007, rev_comm[0]: 205.845, rev_comm[1]: 1586.201, rev_comm[2]: 232.656, inte[1]: 142.977
[Rank 218] inte[0]: 204.406, comm[0]: 193.584, comm[1]: 1774.913, comm[2]: 195.052, force: 3152.547, rev_comm[0]: 189.583, rev_comm[1]: 1745.621, rev_comm[2]: 217.806, inte[1]: 143.124
[Rank 219] inte[0]: 206.130, comm[0]: 205.222, comm[1]: 1779.503, comm[2]: 204.843, force: 3166.769, rev_comm[0]: 201.683, rev_comm[1]: 1750.097, rev_comm[2]: 227.729, inte[1]: 144.627
[Rank 220] inte[0]: 206.572, comm[0]: 210.046, comm[1]: 1825.707, comm[2]: 209.470, force: 3179.603, rev_comm[0]: 199.562, rev_comm[1]: 1838.741, rev_comm[2]: 227.218, inte[1]: 144.467
[Rank 221] inte[0]: 203.778, comm[0]: 197.539, comm[1]: 1820.404, comm[2]: 198.732, force: 3164.088, rev_comm[0]: 191.352, rev_comm[1]: 1839.901, rev_comm[2]: 218.227, inte[1]: 142.279
[Rank 222] inte[0]: 205.028, comm[0]: 199.590, comm[1]: 2272.156, comm[2]: 200.784, force: 3165.339, rev_comm[0]: 194.931, rev_comm[1]: 2225.997, rev_comm[2]: 220.395, inte[1]: 143.202
[Rank 223] inte[0]: 204.906, comm[0]: 207.228, comm[1]: 2272.316, comm[2]: 205.357, force: 3182.794, rev_comm[0]: 198.899, rev_comm[1]: 2226.000, rev_comm[2]: 226.373, inte[1]: 142.997
[Rank 224] inte[0]: 205.619, comm[0]: 205.885, comm[1]: 2090.268, comm[2]: 205.712, force: 3185.090, rev_comm[0]: 200.605, rev_comm[1]: 2037.674, rev_comm[2]: 228.089, inte[1]: 143.664
[Rank 225] inte[0]: 205.880, comm[0]: 211.059, comm[1]: 2060.973, comm[2]: 210.331, force: 3177.839, rev_comm[0]: 205.299, rev_comm[1]: 2021.400, rev_comm[2]: 233.472, inte[1]: 144.079
[Rank 226] inte[0]: 205.513, comm[0]: 208.026, comm[1]: 2031.687, comm[2]: 209.174, force: 3180.010, rev_comm[0]: 206.149, rev_comm[1]: 1989.038, rev_comm[2]: 230.824, inte[1]: 143.817
[Rank 227] inte[0]: 204.021, comm[0]: 194.124, comm[1]: 2087.493, comm[2]: 197.035, force: 3187.521, rev_comm[0]: 190.621, rev_comm[1]: 2036.601, rev_comm[2]: 218.586, inte[1]: 142.367
[Rank 228] inte[0]: 206.532, comm[0]: 215.810, comm[1]: 2119.413, comm[2]: 216.093, force: 3195.094, rev_comm[0]: 210.832, rev_comm[1]: 2251.071, rev_comm[2]: 237.280, inte[1]: 144.650
[Rank 229] inte[0]: 205.470, comm[0]: 212.249, comm[1]: 2093.537, comm[2]: 213.027, force: 3186.907, rev_comm[0]: 205.838, rev_comm[1]: 2224.455, rev_comm[2]: 231.576, inte[1]: 143.884
[Rank 230] inte[0]: 205.227, comm[0]: 197.140, comm[1]: 2093.501, comm[2]: 199.371, force: 3178.340, rev_comm[0]: 193.002, rev_comm[1]: 2216.748, rev_comm[2]: 222.299, inte[1]: 143.189
[Rank 231] inte[0]: 205.781, comm[0]: 197.374, comm[1]: 2135.969, comm[2]: 199.788, force: 3191.855, rev_comm[0]: 192.042, rev_comm[1]: 2261.483, rev_comm[2]: 221.185, inte[1]: 143.535
[Rank 232] inte[0]: 205.879, comm[0]: 213.500, comm[1]: 2090.810, comm[2]: 215.439, force: 3197.566, rev_comm[0]: 205.349, rev_comm[1]: 2215.050, rev_comm[2]: 236.126, inte[1]: 143.961
[Rank 233] inte[0]: 205.311, comm[0]: 213.488, comm[1]: 2104.040, comm[2]: 216.085, force: 3191.595, rev_comm[0]: 207.988, rev_comm[1]: 2224.208, rev_comm[2]: 235.777, inte[1]: 144.143
[Rank 234] inte[0]: 205.616, comm[0]: 217.911, comm[1]: 2198.440, comm[2]: 215.449, force: 3194.536, rev_comm[0]: 212.052, rev_comm[1]: 2211.507, rev_comm[2]: 236.451, inte[1]: 144.237
[Rank 235] inte[0]: 205.502, comm[0]: 213.288, comm[1]: 2190.172, comm[2]: 213.761, force: 3203.753, rev_comm[0]: 208.991, rev_comm[1]: 2209.097, rev_comm[2]: 233.983, inte[1]: 143.626
[Rank 236] inte[0]: 204.167, comm[0]: 191.842, comm[1]: 2085.276, comm[2]: 195.542, force: 3182.726, rev_comm[0]: 188.006, rev_comm[1]: 2108.580, rev_comm[2]: 217.346, inte[1]: 142.499
[Rank 237] inte[0]: 204.421, comm[0]: 194.277, comm[1]: 2024.085, comm[2]: 196.977, force: 3176.624, rev_comm[0]: 189.583, rev_comm[1]: 2048.631, rev_comm[2]: 219.504, inte[1]: 142.757
[Rank 238] inte[0]: 206.225, comm[0]: 210.655, comm[1]: 2027.586, comm[2]: 212.997, force: 3179.274, rev_comm[0]: 206.707, rev_comm[1]: 2055.726, rev_comm[2]: 233.158, inte[1]: 143.894
[Rank 239] inte[0]: 205.834, comm[0]: 210.910, comm[1]: 2057.490, comm[2]: 211.940, force: 3192.848, rev_comm[0]: 205.675, rev_comm[1]: 2088.042, rev_comm[2]: 233.597, inte[1]: 143.683
[Rank 240] inte[0]: 206.557, comm[0]: 210.979, comm[1]: 1824.576, comm[2]: 214.709, force: 3184.619, rev_comm[0]: 206.710, rev_comm[1]: 1908.209, rev_comm[2]: 234.883, inte[1]: 143.865
[Rank 241] inte[0]: 205.554, comm[0]: 210.819, comm[1]: 1790.768, comm[2]: 211.794, force: 3173.711, rev_comm[0]: 205.546, rev_comm[1]: 1858.274, rev_comm[2]: 231.342, inte[1]: 143.463
[Rank 242] inte[0]: 204.637, comm[0]: 194.744, comm[1]: 1915.373, comm[2]: 196.848, force: 3168.319, rev_comm[0]: 191.009, rev_comm[1]: 2015.089, rev_comm[2]: 218.671, inte[1]: 143.036
[Rank 243] inte[0]: 205.634, comm[0]: 209.918, comm[1]: 1902.084, comm[2]: 207.926, force: 3186.614, rev_comm[0]: 205.009, rev_comm[1]: 2002.519, rev_comm[2]: 232.711, inte[1]: 144.107
[Rank 244] inte[0]: 206.718, comm[0]: 213.349, comm[1]: 2063.576, comm[2]: 211.965, force: 3192.041, rev_comm[0]: 202.717, rev_comm[1]: 2158.924, rev_comm[2]: 231.782, inte[1]: 144.972
[Rank 245] inte[0]: 204.912, comm[0]: 197.342, comm[1]: 2084.647, comm[2]: 200.080, force: 3177.848, rev_comm[0]: 192.494, rev_comm[1]: 2180.323, rev_comm[2]: 219.480, inte[1]: 142.418
[Rank 246] inte[0]: 206.327, comm[0]: 216.891, comm[1]: 2165.401, comm[2]: 215.825, force: 3183.627, rev_comm[0]: 211.845, rev_comm[1]: 2293.164, rev_comm[2]: 237.154, inte[1]: 144.526
[Rank 247] inte[0]: 205.672, comm[0]: 215.621, comm[1]: 2180.171, comm[2]: 214.868, force: 3197.453, rev_comm[0]: 210.556, rev_comm[1]: 2306.612, rev_comm[2]: 234.549, inte[1]: 143.671
[Rank 248] inte[0]: 204.428, comm[0]: 192.167, comm[1]: 1984.093, comm[2]: 195.230, force: 3168.196, rev_comm[0]: 187.480, rev_comm[1]: 2126.094, rev_comm[2]: 217.865, inte[1]: 142.995
[Rank 249] inte[0]: 206.497, comm[0]: 215.582, comm[1]: 1978.636, comm[2]: 214.109, force: 3167.356, rev_comm[0]: 209.116, rev_comm[1]: 2122.706, rev_comm[2]: 236.583, inte[1]: 144.541
[Rank 250] inte[0]: 205.782, comm[0]: 215.012, comm[1]: 1956.864, comm[2]: 214.296, force: 3167.065, rev_comm[0]: 209.961, rev_comm[1]: 2099.158, rev_comm[2]: 237.107, inte[1]: 144.071
[Rank 251] inte[0]: 205.220, comm[0]: 195.927, comm[1]: 1937.121, comm[2]: 199.270, force: 3174.535, rev_comm[0]: 190.504, rev_comm[1]: 2088.140, rev_comm[2]: 219.261, inte[1]: 143.297
[Rank 252] inte[0]: 207.150, comm[0]: 209.456, comm[1]: 2039.543, comm[2]: 210.910, force: 3192.596, rev_comm[0]: 202.731, rev_comm[1]: 2102.751, rev_comm[2]: 234.127, inte[1]: 144.664
[Rank 253] inte[0]: 205.728, comm[0]: 205.455, comm[1]: 2010.733, comm[2]: 207.584, force: 3180.439, rev_comm[0]: 202.376, rev_comm[1]: 2071.592, rev_comm[2]: 230.140, inte[1]: 143.281
[Rank 254] inte[0]: 204.759, comm[0]: 193.878, comm[1]: 1915.939, comm[2]: 197.091, force: 3178.091, rev_comm[0]: 189.655, rev_comm[1]: 1978.200, rev_comm[2]: 220.551, inte[1]: 142.993
[Rank 255] inte[0]: 204.566, comm[0]: 197.940, comm[1]: 1850.113, comm[2]: 199.519, force: 3188.468, rev_comm[0]: 193.920, rev_comm[1]: 1871.684, rev_comm[2]: 220.774, inte[1]: 143.018
[Max rank 60] inte[0]: 207.742, comm[0]: 213.186, comm[1]: 2602.941, comm[2]: 213.550, force: 3197.534, rev_comm[0]: 207.562, rev_comm[1]: 2644.969, rev_comm[2]: 237.446, inte[1]: 145.036


# Performance Summary:
# MPI_proc OMP_threads nsteps natoms t_total t_force t_neigh t_comm t_other performance perf/thread grep_string t_extra
256 1 100 268435456 1.103563 0.318802 0.000000 0.746292 0.038469 24324437415.030609 95017333.652463 PERF_SUMMARY 0.000000


