[Rank 31] xlo: 322.482469, xhi: 429.976625, ylo: 322.482469, yhi: 429.976625, zlo: 107.494156, zhi: 214.988312
[Rank 30] xlo: 322.482469, xhi: 429.976625, ylo: 322.482469, yhi: 429.976625, zlo: 0.000000, zhi: 107.494156
[Rank 19] xlo: 214.988312, xhi: 322.482469, ylo: 107.494156, yhi: 214.988312, zlo: 107.494156, zhi: 214.988312
[Rank 18] xlo: 214.988312, xhi: 322.482469, ylo: 107.494156, yhi: 214.988312, zlo: 0.000000, zhi: 107.494156
[Rank 17] xlo: 214.988312, xhi: 322.482469, ylo: 0.000000, yhi: 107.494156, zlo: 107.494156, zhi: 214.988312
[Rank 16] xlo: 214.988312, xhi: 322.482469, ylo: 0.000000, yhi: 107.494156, zlo: 0.000000, zhi: 107.494156
[Rank 15] xlo: 107.494156, xhi: 214.988312, ylo: 322.482469, yhi: 429.976625, zlo: 107.494156, zhi: 214.988312
[Rank 14] xlo: 107.494156, xhi: 214.988312, ylo: 322.482469, yhi: 429.976625, zlo: 0.000000, zhi: 107.494156
[Rank 12] xlo: 107.494156, xhi: 214.988312, ylo: 214.988312, yhi: 322.482469, zlo: 0.000000, zhi: 107.494156
[Rank 13] xlo: 107.494156, xhi: 214.988312, ylo: 214.988312, yhi: 322.482469, zlo: 107.494156, zhi: 214.988312
[Rank 8] xlo: 107.494156, xhi: 214.988312, ylo: 0.000000, yhi: 107.494156, zlo: 0.000000, zhi: 107.494156
[Rank 11] xlo: 107.494156, xhi: 214.988312, ylo: 107.494156, yhi: 214.988312, zlo: 107.494156, zhi: 214.988312
[Rank 9] xlo: 107.494156, xhi: 214.988312, ylo: 0.000000, yhi: 107.494156, zlo: 107.494156, zhi: 214.988312
[Rank 6] xlo: 0.000000, xhi: 107.494156, ylo: 322.482469, yhi: 429.976625, zlo: 0.000000, zhi: 107.494156
[Rank 10] xlo: 107.494156, xhi: 214.988312, ylo: 107.494156, yhi: 214.988312, zlo: 0.000000, zhi: 107.494156
[Rank 7] xlo: 0.000000, xhi: 107.494156, ylo: 322.482469, yhi: 429.976625, zlo: 107.494156, zhi: 214.988312
[Rank 1] xlo: 0.000000, xhi: 107.494156, ylo: 0.000000, yhi: 107.494156, zlo: 107.494156, zhi: 214.988312
# Create System:
[Rank 0] xlo: 0.000000, xhi: 107.494156, ylo: 0.000000, yhi: 107.494156, zlo: 0.000000, zhi: 107.494156
# Done .... 
# miniMD-Reference 1.2 (MPI+OpenMP) output ...
# Run Settings: 
	# MPI processes: 32
	# Host Threads: 1
	# Inputfile: in.lj.miniMD
	# Datafile: None
# Physics Settings: 
	# ForceStyle: LJ
	# Force Parameters: 1.00 1.00
	# Units: LJ
	# Atoms: 33554432
	# Atom types: 8
	# System size: 429.98 429.98 214.99 (unit cells: 256 256 128)
	# Density: 0.844200
	# Force cutoff: 2.500000
	# Timestep size: 0.005000
# Technical Settings: 
	# Neigh cutoff: 2.800000
	# Half neighborlists: 1
	# Team neighborlist construction: 0
	# Neighbor bins: 153 153 76
	# Neighbor frequency: 1000
	# Sorting frequency: 1000
	# Thermo frequency: 100
	# Ghost Newton: 1
	# Use intrinsics: 0
	# Do safe exchange: 0
	# Size of float: 8

[Rank 23] xlo: 214.988312, xhi: 322.482469, ylo: 322.482469, yhi: 429.976625, zlo: 107.494156, zhi: 214.988312
[Rank 22] xlo: 214.988312, xhi: 322.482469, ylo: 322.482469, yhi: 429.976625, zlo: 0.000000, zhi: 107.494156
[Rank 21] xlo: 214.988312, xhi: 322.482469, ylo: 214.988312, yhi: 322.482469, zlo: 107.494156, zhi: 214.988312
[Rank 2] xlo: 0.000000, xhi: 107.494156, ylo: 107.494156, yhi: 214.988312, zlo: 0.000000, zhi: 107.494156
[Rank 20] xlo: 214.988312, xhi: 322.482469, ylo: 214.988312, yhi: 322.482469, zlo: 0.000000, zhi: 107.494156
[Rank 3] xlo: 0.000000, xhi: 107.494156, ylo: 107.494156, yhi: 214.988312, zlo: 107.494156, zhi: 214.988312
[Rank 4] xlo: 0.000000, xhi: 107.494156, ylo: 214.988312, yhi: 322.482469, zlo: 0.000000, zhi: 107.494156
[Rank 5] xlo: 0.000000, xhi: 107.494156, ylo: 214.988312, yhi: 322.482469, zlo: 107.494156, zhi: 214.988312
[Rank 24] xlo: 322.482469, xhi: 429.976625, ylo: 0.000000, yhi: 107.494156, zlo: 0.000000, zhi: 107.494156
[Rank 25] xlo: 322.482469, xhi: 429.976625, ylo: 0.000000, yhi: 107.494156, zlo: 107.494156, zhi: 214.988312
[Rank 29] xlo: 322.482469, xhi: 429.976625, ylo: 214.988312, yhi: 322.482469, zlo: 107.494156, zhi: 214.988312
[Rank 28] xlo: 322.482469, xhi: 429.976625, ylo: 214.988312, yhi: 322.482469, zlo: 0.000000, zhi: 107.494156
[Rank 26] xlo: 322.482469, xhi: 429.976625, ylo: 107.494156, yhi: 214.988312, zlo: 0.000000, zhi: 107.494156
[Rank 27] xlo: 322.482469, xhi: 429.976625, ylo: 107.494156, yhi: 214.988312, zlo: 107.494156, zhi: 214.988312
# Starting dynamics ...
# Timestep T U P Time
0 1.440000e+00 -6.773368e+00 -5.019669e+00  0.000
[K - Rank 18] K: 300/600
[K - Rank 6] K: 400/600
[K - Rank 2] K: 200/600
[K - Rank 23] K: 300/600
[K - Rank 7] K: 400/600
[K - Rank 30] K: 400/600
[K - Rank 22] K: 300/600
[K - Rank 1] K: 300/600
[K - Rank 21] K: 200/600
[K - Rank 24] K: 300/600
[K - Rank 11] K: 300/600
[K - Rank 12] K: 300/600
[K - Rank 31] K: 400/600
[K - Rank 19] K: 300/600
[K - Rank 8] K: 300/600
[K - Rank 20] K: 200/600
[K - Rank 0] K: 300/600
[K - Rank 10] K: 300/600
[K - Rank 26] K: 200/600
[K - Rank 13] K: 300/600
[K - Rank 9] K: 300/600
[K - Rank 5] K: 300/600
[K - Rank 29] K: 300/600
[K - Rank 16] K: 400/600
[K - Rank 3] K: 200/600
[K - Rank 28] K: 300/600
[K - Rank 14] K: 300/600
[K - Rank 4] K: 300/600
[K - Rank 25] K: 300/600
[K - Rank 15] K: 300/600
[K - Rank 27] K: 200/600
[K - Rank 17] K: 400/600
100 8.102448e-01 -5.834690e+00 5.059590e-02  0.773
[Atom] pack_comm: 600, unpack_comm: 600, pack_comm_self: 0, pack_reverse: 606, unpack_reverse: 606
[Rank 0] inte[0]: 204.899, comm[0]: 205.920, comm[1]: 1557.786, comm[2]: 206.029, force: 2808.163, rev_comm[0]: 200.442, rev_comm[1]: 1597.474, rev_comm[2]: 227.837, inte[1]: 139.247
[Rank 1] inte[0]: 204.380, comm[0]: 207.222, comm[1]: 1594.897, comm[2]: 207.038, force: 2900.411, rev_comm[0]: 201.988, rev_comm[1]: 1615.816, rev_comm[2]: 228.109, inte[1]: 140.251
[Rank 2] inte[0]: 202.647, comm[0]: 192.168, comm[1]: 1147.044, comm[2]: 192.849, force: 2859.899, rev_comm[0]: 185.822, rev_comm[1]: 1169.687, rev_comm[2]: 211.314, inte[1]: 138.330
[Rank 3] inte[0]: 204.380, comm[0]: 204.970, comm[1]: 1149.839, comm[2]: 204.638, force: 2820.109, rev_comm[0]: 198.342, rev_comm[1]: 1169.656, rev_comm[2]: 223.534, inte[1]: 139.193
[Rank 4] inte[0]: 205.613, comm[0]: 206.755, comm[1]: 1588.710, comm[2]: 204.066, force: 2876.879, rev_comm[0]: 200.919, rev_comm[1]: 1608.659, rev_comm[2]: 226.621, inte[1]: 140.155
[Rank 5] inte[0]: 203.845, comm[0]: 191.687, comm[1]: 1541.364, comm[2]: 192.262, force: 2823.422, rev_comm[0]: 185.126, rev_comm[1]: 1568.029, rev_comm[2]: 213.768, inte[1]: 138.154
[Rank 6] inte[0]: 204.497, comm[0]: 205.219, comm[1]: 1536.577, comm[2]: 205.884, force: 2870.607, rev_comm[0]: 200.439, rev_comm[1]: 1551.575, rev_comm[2]: 228.914, inte[1]: 139.849
[Rank 7] inte[0]: 204.712, comm[0]: 203.539, comm[1]: 1538.102, comm[2]: 202.338, force: 2884.014, rev_comm[0]: 198.883, rev_comm[1]: 1540.102, rev_comm[2]: 224.597, inte[1]: 139.661
[Rank 8] inte[0]: 202.473, comm[0]: 187.834, comm[1]: 1651.328, comm[2]: 190.413, force: 2813.766, rev_comm[0]: 183.378, rev_comm[1]: 1660.460, rev_comm[2]: 210.220, inte[1]: 137.330
[Rank 9] inte[0]: 205.203, comm[0]: 208.595, comm[1]: 1651.612, comm[2]: 207.745, force: 2866.670, rev_comm[0]: 202.744, rev_comm[1]: 1672.104, rev_comm[2]: 228.682, inte[1]: 139.935
[Rank 10] inte[0]: 204.786, comm[0]: 204.834, comm[1]: 1622.936, comm[2]: 204.283, force: 2837.015, rev_comm[0]: 199.685, rev_comm[1]: 1654.210, rev_comm[2]: 226.426, inte[1]: 138.572
[Rank 11] inte[0]: 202.983, comm[0]: 191.029, comm[1]: 1629.273, comm[2]: 191.180, force: 2842.878, rev_comm[0]: 185.908, rev_comm[1]: 1650.529, rev_comm[2]: 214.039, inte[1]: 137.687
[Rank 12] inte[0]: 205.149, comm[0]: 208.007, comm[1]: 1590.099, comm[2]: 208.428, force: 2850.335, rev_comm[0]: 203.359, rev_comm[1]: 1627.789, rev_comm[2]: 230.268, inte[1]: 139.541
[Rank 13] inte[0]: 205.818, comm[0]: 205.330, comm[1]: 1585.038, comm[2]: 206.867, force: 2848.806, rev_comm[0]: 200.269, rev_comm[1]: 1628.100, rev_comm[2]: 227.346, inte[1]: 139.568
[Rank 14] inte[0]: 204.416, comm[0]: 190.756, comm[1]: 1597.708, comm[2]: 191.205, force: 2932.242, rev_comm[0]: 184.346, rev_comm[1]: 1607.688, rev_comm[2]: 212.387, inte[1]: 139.212
[Rank 15] inte[0]: 205.485, comm[0]: 209.684, comm[1]: 1592.640, comm[2]: 205.416, force: 2907.531, rev_comm[0]: 201.954, rev_comm[1]: 1606.035, rev_comm[2]: 227.986, inte[1]: 140.587
[Rank 16] inte[0]: 205.007, comm[0]: 206.096, comm[1]: 1576.208, comm[2]: 204.620, force: 2859.691, rev_comm[0]: 202.338, rev_comm[1]: 1583.054, rev_comm[2]: 227.392, inte[1]: 139.983
[Rank 17] inte[0]: 203.783, comm[0]: 191.171, comm[1]: 1512.406, comm[2]: 192.765, force: 2820.050, rev_comm[0]: 186.675, rev_comm[1]: 1517.926, rev_comm[2]: 214.783, inte[1]: 137.905
[Rank 18] inte[0]: 205.038, comm[0]: 208.371, comm[1]: 1530.208, comm[2]: 207.735, force: 2829.437, rev_comm[0]: 203.117, rev_comm[1]: 1531.419, rev_comm[2]: 228.725, inte[1]: 139.384
[Rank 19] inte[0]: 206.109, comm[0]: 206.664, comm[1]: 1548.307, comm[2]: 208.053, force: 2872.488, rev_comm[0]: 202.721, rev_comm[1]: 1548.921, rev_comm[2]: 229.269, inte[1]: 140.204
[Rank 20] inte[0]: 203.795, comm[0]: 191.422, comm[1]: 1092.211, comm[2]: 192.100, force: 2883.703, rev_comm[0]: 186.422, rev_comm[1]: 1101.739, rev_comm[2]: 211.033, inte[1]: 138.234
[Rank 21] inte[0]: 202.550, comm[0]: 193.441, comm[1]: 1098.449, comm[2]: 192.986, force: 2857.739, rev_comm[0]: 187.649, rev_comm[1]: 1092.463, rev_comm[2]: 212.726, inte[1]: 138.547
[Rank 22] inte[0]: 206.023, comm[0]: 208.558, comm[1]: 1510.003, comm[2]: 207.761, force: 2906.340, rev_comm[0]: 199.900, rev_comm[1]: 1531.334, rev_comm[2]: 228.758, inte[1]: 140.099
[Rank 23] inte[0]: 206.357, comm[0]: 206.480, comm[1]: 1471.308, comm[2]: 204.184, force: 2807.542, rev_comm[0]: 200.165, rev_comm[1]: 1463.900, rev_comm[2]: 226.271, inte[1]: 138.610
[Rank 24] inte[0]: 204.323, comm[0]: 204.405, comm[1]: 1350.649, comm[2]: 207.547, force: 2870.159, rev_comm[0]: 201.162, rev_comm[1]: 1362.682, rev_comm[2]: 227.305, inte[1]: 139.320
[Rank 25] inte[0]: 205.061, comm[0]: 209.557, comm[1]: 1323.669, comm[2]: 208.796, force: 2902.769, rev_comm[0]: 205.978, rev_comm[1]: 1348.861, rev_comm[2]: 230.897, inte[1]: 140.516
[Rank 26] inte[0]: 203.245, comm[0]: 193.141, comm[1]: 1137.252, comm[2]: 193.029, force: 2894.730, rev_comm[0]: 186.919, rev_comm[1]: 1146.386, rev_comm[2]: 213.595, inte[1]: 138.215
[Rank 27] inte[0]: 205.627, comm[0]: 202.684, comm[1]: 1135.136, comm[2]: 202.891, force: 2881.868, rev_comm[0]: 196.409, rev_comm[1]: 1144.748, rev_comm[2]: 225.217, inte[1]: 139.782
[Rank 28] inte[0]: 206.144, comm[0]: 201.995, comm[1]: 1362.908, comm[2]: 200.413, force: 2818.790, rev_comm[0]: 196.270, rev_comm[1]: 1382.967, rev_comm[2]: 223.229, inte[1]: 139.352
[Rank 29] inte[0]: 202.813, comm[0]: 188.577, comm[1]: 1358.991, comm[2]: 188.098, force: 2827.159, rev_comm[0]: 182.489, rev_comm[1]: 1368.629, rev_comm[2]: 210.699, inte[1]: 137.272
[Rank 30] inte[0]: 204.822, comm[0]: 211.280, comm[1]: 1319.056, comm[2]: 211.337, force: 2869.267, rev_comm[0]: 206.082, rev_comm[1]: 1312.132, rev_comm[2]: 234.687, inte[1]: 140.332
[Rank 31] inte[0]: 204.938, comm[0]: 210.279, comm[1]: 1324.119, comm[2]: 210.399, force: 2905.004, rev_comm[0]: 205.278, rev_comm[1]: 1327.351, rev_comm[2]: 232.881, inte[1]: 141.335
[Max rank 9] inte[0]: 205.203, comm[0]: 208.595, comm[1]: 1651.612, comm[2]: 207.745, force: 2866.670, rev_comm[0]: 202.744, rev_comm[1]: 1672.104, rev_comm[2]: 228.682, inte[1]: 139.935


# Performance Summary:
# MPI_proc OMP_threads nsteps natoms t_total t_force t_neigh t_comm t_other performance perf/thread grep_string t_extra
32 1 100 33554432 0.772942 0.280890 0.000000 0.455902 0.036150 4341132850.336318 135660401.573010 PERF_SUMMARY 0.000000


