[Rank 60] xlo: 322.482469, xhi: 429.976625, ylo: 322.482469, yhi: 429.976625, zlo: 0.000000, zhi: 107.494156
[Rank 63] xlo: 322.482469, xhi: 429.976625, ylo: 322.482469, yhi: 429.976625, zlo: 322.482469, zhi: 429.976625
[Rank 62] xlo: 322.482469, xhi: 429.976625, ylo: 322.482469, yhi: 429.976625, zlo: 214.988312, zhi: 322.482469
[Rank 61] xlo: 322.482469, xhi: 429.976625, ylo: 322.482469, yhi: 429.976625, zlo: 107.494156, zhi: 214.988312
[Rank 42] xlo: 214.988312, xhi: 322.482469, ylo: 214.988312, yhi: 322.482469, zlo: 214.988312, zhi: 322.482469
[Rank 43] xlo: 214.988312, xhi: 322.482469, ylo: 214.988312, yhi: 322.482469, zlo: 322.482469, zhi: 429.976625
[Rank 55] xlo: 322.482469, xhi: 429.976625, ylo: 107.494156, yhi: 214.988312, zlo: 322.482469, zhi: 429.976625
[Rank 31] xlo: 107.494156, xhi: 214.988312, ylo: 322.482469, yhi: 429.976625, zlo: 322.482469, zhi: 429.976625
[Rank 54] xlo: 322.482469, xhi: 429.976625, ylo: 107.494156, yhi: 214.988312, zlo: 214.988312, zhi: 322.482469
[Rank 7] xlo: 0.000000, xhi: 107.494156, ylo: 107.494156, yhi: 214.988312, zlo: 322.482469, zhi: 429.976625
[Rank 41] xlo: 214.988312, xhi: 322.482469, ylo: 214.988312, yhi: 322.482469, zlo: 107.494156, zhi: 214.988312
[Rank 19] xlo: 107.494156, xhi: 214.988312, ylo: 0.000000, yhi: 107.494156, zlo: 322.482469, zhi: 429.976625
[Rank 40] xlo: 214.988312, xhi: 322.482469, ylo: 214.988312, yhi: 322.482469, zlo: 0.000000, zhi: 107.494156
[Rank 18] xlo: 107.494156, xhi: 214.988312, ylo: 0.000000, yhi: 107.494156, zlo: 214.988312, zhi: 322.482469
[Rank 21] xlo: 107.494156, xhi: 214.988312, ylo: 107.494156, yhi: 214.988312, zlo: 107.494156, zhi: 214.988312
[Rank 16] xlo: 107.494156, xhi: 214.988312, ylo: 0.000000, yhi: 107.494156, zlo: 0.000000, zhi: 107.494156
[Rank 17] xlo: 107.494156, xhi: 214.988312, ylo: 0.000000, yhi: 107.494156, zlo: 107.494156, zhi: 214.988312
[Rank 52] xlo: 322.482469, xhi: 429.976625, ylo: 107.494156, yhi: 214.988312, zlo: 0.000000, zhi: 107.494156
[Rank 53] xlo: 322.482469, xhi: 429.976625, ylo: 107.494156, yhi: 214.988312, zlo: 107.494156, zhi: 214.988312
[Rank 30] xlo: 107.494156, xhi: 214.988312, ylo: 322.482469, yhi: 429.976625, zlo: 214.988312, zhi: 322.482469
[Rank 12] xlo: 0.000000, xhi: 107.494156, ylo: 322.482469, yhi: 429.976625, zlo: 0.000000, zhi: 107.494156
[Rank 6] xlo: 0.000000, xhi: 107.494156, ylo: 107.494156, yhi: 214.988312, zlo: 214.988312, zhi: 322.482469
[Rank 20] xlo: 107.494156, xhi: 214.988312, ylo: 107.494156, yhi: 214.988312, zlo: 0.000000, zhi: 107.494156
[Rank 38] xlo: 214.988312, xhi: 322.482469, ylo: 107.494156, yhi: 214.988312, zlo: 214.988312, zhi: 322.482469
[Rank 39] xlo: 214.988312, xhi: 322.482469, ylo: 107.494156, yhi: 214.988312, zlo: 322.482469, zhi: 429.976625
[Rank 25] xlo: 107.494156, xhi: 214.988312, ylo: 214.988312, yhi: 322.482469, zlo: 107.494156, zhi: 214.988312
[Rank 50] xlo: 322.482469, xhi: 429.976625, ylo: 0.000000, yhi: 107.494156, zlo: 214.988312, zhi: 322.482469
[Rank 4] xlo: 0.000000, xhi: 107.494156, ylo: 107.494156, yhi: 214.988312, zlo: 0.000000, zhi: 107.494156
[Rank 51] xlo: 322.482469, xhi: 429.976625, ylo: 0.000000, yhi: 107.494156, zlo: 322.482469, zhi: 429.976625
[Rank 15] xlo: 0.000000, xhi: 107.494156, ylo: 322.482469, yhi: 429.976625, zlo: 322.482469, zhi: 429.976625
[Rank 22] xlo: 107.494156, xhi: 214.988312, ylo: 107.494156, yhi: 214.988312, zlo: 214.988312, zhi: 322.482469
[Rank 23] xlo: 107.494156, xhi: 214.988312, ylo: 107.494156, yhi: 214.988312, zlo: 322.482469, zhi: 429.976625
[Rank 26] xlo: 107.494156, xhi: 214.988312, ylo: 214.988312, yhi: 322.482469, zlo: 214.988312, zhi: 322.482469
[Rank 36] xlo: 214.988312, xhi: 322.482469, ylo: 107.494156, yhi: 214.988312, zlo: 0.000000, zhi: 107.494156
[Rank 37] xlo: 214.988312, xhi: 322.482469, ylo: 107.494156, yhi: 214.988312, zlo: 107.494156, zhi: 214.988312
[Rank 28] xlo: 107.494156, xhi: 214.988312, ylo: 322.482469, yhi: 429.976625, zlo: 0.000000, zhi: 107.494156
[Rank 29] xlo: 107.494156, xhi: 214.988312, ylo: 322.482469, yhi: 429.976625, zlo: 107.494156, zhi: 214.988312
[Rank 5] xlo: 0.000000, xhi: 107.494156, ylo: 107.494156, yhi: 214.988312, zlo: 107.494156, zhi: 214.988312
[Rank 47] xlo: 214.988312, xhi: 322.482469, ylo: 322.482469, yhi: 429.976625, zlo: 322.482469, zhi: 429.976625
[Rank 46] xlo: 214.988312, xhi: 322.482469, ylo: 322.482469, yhi: 429.976625, zlo: 214.988312, zhi: 322.482469
[Rank 3] xlo: 0.000000, xhi: 107.494156, ylo: 0.000000, yhi: 107.494156, zlo: 322.482469, zhi: 429.976625
# Create System:
[Rank 0] xlo: 0.000000, xhi: 107.494156, ylo: 0.000000, yhi: 107.494156, zlo: 0.000000, zhi: 107.494156
# Done .... 
# miniMD-Reference 1.2 (MPI+OpenMP) output ...
# Run Settings: 
	# MPI processes: 64
	# Host Threads: 1
	# Inputfile: in.lj.miniMD
	# Datafile: None
# Physics Settings: 
	# ForceStyle: LJ
	# Force Parameters: 1.00 1.00
	# Units: LJ
	# Atoms: 67108864
	# Atom types: 8
	# System size: 429.98 429.98 429.98 (unit cells: 256 256 256)
	# Density: 0.844200
	# Force cutoff: 2.500000
	# Timestep size: 0.005000
# Technical Settings: 
	# Neigh cutoff: 2.800000
	# Half neighborlists: 1
	# Team neighborlist construction: 0
	# Neighbor bins: 153 153 153
	# Neighbor frequency: 1000
	# Sorting frequency: 1000
	# Thermo frequency: 100
	# Ghost Newton: 1
	# Use intrinsics: 0
	# Do safe exchange: 0
	# Size of float: 8

[Rank 8] xlo: 0.000000, xhi: 107.494156, ylo: 214.988312, yhi: 322.482469, zlo: 0.000000, zhi: 107.494156
[Rank 33] xlo: 214.988312, xhi: 322.482469, ylo: 0.000000, yhi: 107.494156, zlo: 107.494156, zhi: 214.988312
[Rank 32] xlo: 214.988312, xhi: 322.482469, ylo: 0.000000, yhi: 107.494156, zlo: 0.000000, zhi: 107.494156
[Rank 27] xlo: 107.494156, xhi: 214.988312, ylo: 214.988312, yhi: 322.482469, zlo: 322.482469, zhi: 429.976625
[Rank 59] xlo: 322.482469, xhi: 429.976625, ylo: 214.988312, yhi: 322.482469, zlo: 322.482469, zhi: 429.976625
[Rank 24] xlo: 107.494156, xhi: 214.988312, ylo: 214.988312, yhi: 322.482469, zlo: 0.000000, zhi: 107.494156
[Rank 58] xlo: 322.482469, xhi: 429.976625, ylo: 214.988312, yhi: 322.482469, zlo: 214.988312, zhi: 322.482469
[Rank 44] xlo: 214.988312, xhi: 322.482469, ylo: 322.482469, yhi: 429.976625, zlo: 0.000000, zhi: 107.494156
[Rank 11] xlo: 0.000000, xhi: 107.494156, ylo: 214.988312, yhi: 322.482469, zlo: 322.482469, zhi: 429.976625
[Rank 45] xlo: 214.988312, xhi: 322.482469, ylo: 322.482469, yhi: 429.976625, zlo: 107.494156, zhi: 214.988312
[Rank 49] xlo: 322.482469, xhi: 429.976625, ylo: 0.000000, yhi: 107.494156, zlo: 107.494156, zhi: 214.988312
[Rank 48] xlo: 322.482469, xhi: 429.976625, ylo: 0.000000, yhi: 107.494156, zlo: 0.000000, zhi: 107.494156
[Rank 13] xlo: 0.000000, xhi: 107.494156, ylo: 322.482469, yhi: 429.976625, zlo: 107.494156, zhi: 214.988312
[Rank 14] xlo: 0.000000, xhi: 107.494156, ylo: 322.482469, yhi: 429.976625, zlo: 214.988312, zhi: 322.482469
[Rank 2] xlo: 0.000000, xhi: 107.494156, ylo: 0.000000, yhi: 107.494156, zlo: 214.988312, zhi: 322.482469
[Rank 1] xlo: 0.000000, xhi: 107.494156, ylo: 0.000000, yhi: 107.494156, zlo: 107.494156, zhi: 214.988312
[Rank 56] xlo: 322.482469, xhi: 429.976625, ylo: 214.988312, yhi: 322.482469, zlo: 0.000000, zhi: 107.494156
[Rank 57] xlo: 322.482469, xhi: 429.976625, ylo: 214.988312, yhi: 322.482469, zlo: 107.494156, zhi: 214.988312
[Rank 35] xlo: 214.988312, xhi: 322.482469, ylo: 0.000000, yhi: 107.494156, zlo: 322.482469, zhi: 429.976625
[Rank 34] xlo: 214.988312, xhi: 322.482469, ylo: 0.000000, yhi: 107.494156, zlo: 214.988312, zhi: 322.482469
[Rank 9] xlo: 0.000000, xhi: 107.494156, ylo: 214.988312, yhi: 322.482469, zlo: 107.494156, zhi: 214.988312
[Rank 10] xlo: 0.000000, xhi: 107.494156, ylo: 214.988312, yhi: 322.482469, zlo: 214.988312, zhi: 322.482469
# Starting dynamics ...
# Timestep T U P Time
0 1.440000e+00 -6.773368e+00 -5.019669e+00  0.000
[K - Rank 0] K: 300/600
[K - Rank 44] K: 400/600
[K - Rank 22] K: 300/600
[K - Rank 1] K: 300/600
[K - Rank 8] K: 400/600
[K - Rank 45] K: 400/600
[K - Rank 20] K: 400/600
[K - Rank 46] K: 300/600
[K - Rank 23] K: 300/600
[K - Rank 10] K: 300/600
[K - Rank 2] K: 400/600
[K - Rank 43] K: 400/600
[K - Rank 57] K: 400/600
[K - Rank 21] K: 400/600
[K - Rank 49] K: 300/600
[K - Rank 42] K: 400/600
[K - Rank 19] K: 400/600
[K - Rank 3] K: 400/600
[K - Rank 33] K: 400/600
[K - Rank 47] K: 300/600
[K - Rank 9] K: 400/600
[K - Rank 18] K: 400/600
[K - Rank 58] K: 300/600
[K - Rank 25] K: 300/600
[K - Rank 5] K: 400/600
[K - Rank 13] K: 400/600
[K - Rank 50] K: 400/600
[K - Rank 7] K: 400/600
[K - Rank 34] K: 400/600
[K - Rank 4] K: 400/600
[K - Rank 24] K: 300/600
[K - Rank 11] K: 300/600
[K - Rank 59] K: 300/600
[K - Rank 48] K: 300/600
[K - Rank 61] K: 400/600
[K - Rank 6] K: 400/600
[K - Rank 56] K: 400/600
[K - Rank 32] K: 400/600
[K - Rank 51] K: 400/600
[K - Rank 12] K: 400/600
[K - Rank 26] K: 400/600
[K - Rank 36] K: 300/600
[K - Rank 27] K: 400/600
[K - Rank 53] K: 400/600
[K - Rank 54] K: 400/600
[K - Rank 35] K: 400/600
[K - Rank 17] K: 500/600
[K - Rank 29] K: 400/600
[K - Rank 63] K: 400/600
[K - Rank 30] K: 500/600
[K - Rank 52] K: 400/600
[K - Rank 60] K: 400/600
[K - Rank 28] K: 400/600
[K - Rank 55] K: 400/600
[K - Rank 31] K: 500/600
[K - Rank 16] K: 500/600
[K - Rank 14] K: 400/600
[K - Rank 62] K: 400/600
[K - Rank 15] K: 400/600
100 8.112874e-01 -5.836199e+00 3.658783e-02  0.863
[Atom] pack_comm: 600, unpack_comm: 600, pack_comm_self: 0, pack_reverse: 606, unpack_reverse: 606
[Rank 0] inte[0]: 203.259, comm[0]: 192.948, comm[1]: 1786.515, comm[2]: 195.695, force: 2846.778, rev_comm[0]: 188.723, rev_comm[1]: 1823.086, rev_comm[2]: 216.210, inte[1]: 138.018
[Rank 1] inte[0]: 204.719, comm[0]: 206.466, comm[1]: 1773.439, comm[2]: 204.371, force: 2795.661, rev_comm[0]: 199.975, rev_comm[1]: 1798.781, rev_comm[2]: 223.271, inte[1]: 138.555
[Rank 2] inte[0]: 204.971, comm[0]: 203.839, comm[1]: 1793.718, comm[2]: 201.626, force: 2847.097, rev_comm[0]: 199.029, rev_comm[1]: 1821.906, rev_comm[2]: 225.917, inte[1]: 139.490
[Rank 3] inte[0]: 206.277, comm[0]: 205.555, comm[1]: 1791.747, comm[2]: 201.377, force: 2858.838, rev_comm[0]: 198.471, rev_comm[1]: 1793.020, rev_comm[2]: 223.503, inte[1]: 140.406
[Rank 4] inte[0]: 205.329, comm[0]: 205.977, comm[1]: 1762.583, comm[2]: 205.115, force: 2829.150, rev_comm[0]: 195.982, rev_comm[1]: 1781.910, rev_comm[2]: 223.426, inte[1]: 140.240
[Rank 5] inte[0]: 203.931, comm[0]: 194.258, comm[1]: 1762.827, comm[2]: 194.230, force: 2800.823, rev_comm[0]: 188.004, rev_comm[1]: 1781.680, rev_comm[2]: 213.911, inte[1]: 137.566
[Rank 6] inte[0]: 205.060, comm[0]: 213.345, comm[1]: 1740.471, comm[2]: 211.243, force: 2832.071, rev_comm[0]: 206.338, rev_comm[1]: 1750.162, rev_comm[2]: 231.939, inte[1]: 140.146
[Rank 7] inte[0]: 206.033, comm[0]: 209.254, comm[1]: 1749.034, comm[2]: 209.606, force: 2836.621, rev_comm[0]: 202.990, rev_comm[1]: 1760.731, rev_comm[2]: 229.954, inte[1]: 139.390
[Rank 8] inte[0]: 202.994, comm[0]: 188.368, comm[1]: 1782.167, comm[2]: 188.932, force: 2800.597, rev_comm[0]: 184.052, rev_comm[1]: 1787.923, rev_comm[2]: 209.850, inte[1]: 137.827
[Rank 9] inte[0]: 205.563, comm[0]: 209.636, comm[1]: 1775.154, comm[2]: 206.932, force: 2816.981, rev_comm[0]: 203.144, rev_comm[1]: 1784.836, rev_comm[2]: 230.750, inte[1]: 138.537
[Rank 10] inte[0]: 206.114, comm[0]: 217.839, comm[1]: 1794.810, comm[2]: 213.501, force: 2809.131, rev_comm[0]: 208.375, rev_comm[1]: 1807.164, rev_comm[2]: 233.808, inte[1]: 139.076
[Rank 11] inte[0]: 204.210, comm[0]: 196.964, comm[1]: 1799.851, comm[2]: 195.273, force: 2815.629, rev_comm[0]: 190.648, rev_comm[1]: 1815.210, rev_comm[2]: 217.936, inte[1]: 138.690
[Rank 12] inte[0]: 205.604, comm[0]: 206.127, comm[1]: 1826.330, comm[2]: 207.215, force: 2868.150, rev_comm[0]: 198.553, rev_comm[1]: 1868.620, rev_comm[2]: 230.355, inte[1]: 139.581
[Rank 13] inte[0]: 205.805, comm[0]: 207.343, comm[1]: 1797.484, comm[2]: 205.364, force: 2842.200, rev_comm[0]: 202.190, rev_comm[1]: 1845.370, rev_comm[2]: 227.694, inte[1]: 139.777
[Rank 14] inte[0]: 202.728, comm[0]: 190.531, comm[1]: 1858.654, comm[2]: 190.776, force: 2827.154, rev_comm[0]: 185.735, rev_comm[1]: 1895.678, rev_comm[2]: 213.647, inte[1]: 137.588
[Rank 15] inte[0]: 206.188, comm[0]: 204.683, comm[1]: 1827.244, comm[2]: 201.622, force: 2866.858, rev_comm[0]: 197.903, rev_comm[1]: 1868.771, rev_comm[2]: 224.523, inte[1]: 140.301
[Rank 16] inte[0]: 205.594, comm[0]: 207.193, comm[1]: 2042.668, comm[2]: 203.978, force: 2890.654, rev_comm[0]: 197.963, rev_comm[1]: 2076.398, rev_comm[2]: 223.100, inte[1]: 140.090
[Rank 17] inte[0]: 202.252, comm[0]: 186.434, comm[1]: 2053.613, comm[2]: 187.521, force: 2843.383, rev_comm[0]: 181.884, rev_comm[1]: 2092.841, rev_comm[2]: 209.918, inte[1]: 138.059
[Rank 18] inte[0]: 204.682, comm[0]: 194.411, comm[1]: 1969.349, comm[2]: 196.234, force: 2848.509, rev_comm[0]: 188.159, rev_comm[1]: 2008.388, rev_comm[2]: 217.837, inte[1]: 138.340
[Rank 19] inte[0]: 205.644, comm[0]: 202.034, comm[1]: 1987.361, comm[2]: 201.944, force: 2909.039, rev_comm[0]: 192.956, rev_comm[1]: 2022.835, rev_comm[2]: 219.326, inte[1]: 140.433
[Rank 20] inte[0]: 204.457, comm[0]: 199.627, comm[1]: 1693.727, comm[2]: 198.539, force: 2857.749, rev_comm[0]: 194.048, rev_comm[1]: 1746.084, rev_comm[2]: 221.441, inte[1]: 139.079
[Rank 21] inte[0]: 206.223, comm[0]: 205.389, comm[1]: 1706.554, comm[2]: 206.599, force: 2838.913, rev_comm[0]: 199.412, rev_comm[1]: 1757.950, rev_comm[2]: 228.054, inte[1]: 140.026
[Rank 22] inte[0]: 206.417, comm[0]: 207.538, comm[1]: 1542.216, comm[2]: 206.497, force: 2874.284, rev_comm[0]: 202.217, rev_comm[1]: 1559.586, rev_comm[2]: 229.311, inte[1]: 140.422
[Rank 23] inte[0]: 203.867, comm[0]: 194.949, comm[1]: 1558.200, comm[2]: 195.252, force: 2872.017, rev_comm[0]: 188.353, rev_comm[1]: 1582.315, rev_comm[2]: 216.695, inte[1]: 138.347
[Rank 24] inte[0]: 204.636, comm[0]: 206.763, comm[1]: 1559.060, comm[2]: 210.093, force: 2843.024, rev_comm[0]: 202.379, rev_comm[1]: 1570.890, rev_comm[2]: 231.018, inte[1]: 139.353
[Rank 25] inte[0]: 204.582, comm[0]: 204.154, comm[1]: 1536.505, comm[2]: 206.156, force: 2834.467, rev_comm[0]: 199.141, rev_comm[1]: 1541.052, rev_comm[2]: 224.777, inte[1]: 138.947
[Rank 26] inte[0]: 203.745, comm[0]: 188.879, comm[1]: 1703.086, comm[2]: 190.242, force: 2847.213, rev_comm[0]: 186.130, rev_comm[1]: 1688.536, rev_comm[2]: 212.241, inte[1]: 137.973
[Rank 27] inte[0]: 204.506, comm[0]: 203.373, comm[1]: 1720.299, comm[2]: 200.678, force: 2824.222, rev_comm[0]: 196.000, rev_comm[1]: 1704.970, rev_comm[2]: 222.696, inte[1]: 139.561
[Rank 28] inte[0]: 205.565, comm[0]: 206.456, comm[1]: 1999.749, comm[2]: 206.064, force: 2824.978, rev_comm[0]: 197.386, rev_comm[1]: 2020.466, rev_comm[2]: 225.325, inte[1]: 139.155
[Rank 29] inte[0]: 204.347, comm[0]: 190.487, comm[1]: 1990.823, comm[2]: 192.766, force: 2852.956, rev_comm[0]: 184.734, rev_comm[1]: 2014.038, rev_comm[2]: 211.441, inte[1]: 137.903
[Rank 30] inte[0]: 204.710, comm[0]: 209.973, comm[1]: 2060.556, comm[2]: 210.902, force: 2862.785, rev_comm[0]: 203.763, rev_comm[1]: 2091.565, rev_comm[2]: 229.175, inte[1]: 139.580
[Rank 31] inte[0]: 204.409, comm[0]: 205.785, comm[1]: 2061.209, comm[2]: 202.791, force: 2875.155, rev_comm[0]: 197.569, rev_comm[1]: 2095.601, rev_comm[2]: 225.314, inte[1]: 140.228
[Rank 32] inte[0]: 203.577, comm[0]: 187.576, comm[1]: 1852.094, comm[2]: 187.662, force: 2827.496, rev_comm[0]: 183.469, rev_comm[1]: 1887.610, rev_comm[2]: 211.173, inte[1]: 137.858
[Rank 33] inte[0]: 205.510, comm[0]: 208.733, comm[1]: 1843.944, comm[2]: 208.497, force: 2849.462, rev_comm[0]: 203.565, rev_comm[1]: 1883.952, rev_comm[2]: 230.758, inte[1]: 139.265
[Rank 34] inte[0]: 206.897, comm[0]: 207.759, comm[1]: 1785.213, comm[2]: 205.737, force: 2876.795, rev_comm[0]: 203.045, rev_comm[1]: 1792.872, rev_comm[2]: 226.654, inte[1]: 139.806
[Rank 35] inte[0]: 204.725, comm[0]: 192.503, comm[1]: 1825.530, comm[2]: 193.693, force: 2806.104, rev_comm[0]: 188.324, rev_comm[1]: 1834.267, rev_comm[2]: 214.184, inte[1]: 137.428
[Rank 36] inte[0]: 206.180, comm[0]: 207.197, comm[1]: 1818.372, comm[2]: 209.314, force: 2815.337, rev_comm[0]: 202.103, rev_comm[1]: 1848.141, rev_comm[2]: 232.706, inte[1]: 139.322
[Rank 37] inte[0]: 205.670, comm[0]: 206.804, comm[1]: 1805.513, comm[2]: 206.691, force: 2843.585, rev_comm[0]: 200.432, rev_comm[1]: 1825.357, rev_comm[2]: 226.728, inte[1]: 139.329
[Rank 38] inte[0]: 203.153, comm[0]: 191.409, comm[1]: 1786.854, comm[2]: 191.007, force: 2854.402, rev_comm[0]: 187.936, rev_comm[1]: 1799.251, rev_comm[2]: 214.600, inte[1]: 138.359
[Rank 39] inte[0]: 204.221, comm[0]: 204.286, comm[1]: 1806.966, comm[2]: 200.728, force: 2877.655, rev_comm[0]: 197.405, rev_comm[1]: 1826.609, rev_comm[2]: 223.297, inte[1]: 140.160
[Rank 40] inte[0]: 204.665, comm[0]: 205.285, comm[1]: 1757.515, comm[2]: 204.139, force: 2870.865, rev_comm[0]: 195.113, rev_comm[1]: 1776.030, rev_comm[2]: 222.095, inte[1]: 139.514
[Rank 41] inte[0]: 204.820, comm[0]: 194.512, comm[1]: 1750.757, comm[2]: 195.083, force: 2834.177, rev_comm[0]: 189.712, rev_comm[1]: 1775.836, rev_comm[2]: 215.150, inte[1]: 138.059
[Rank 42] inte[0]: 204.509, comm[0]: 212.347, comm[1]: 1743.342, comm[2]: 210.884, force: 2883.877, rev_comm[0]: 206.537, rev_comm[1]: 1761.324, rev_comm[2]: 231.964, inte[1]: 139.434
[Rank 43] inte[0]: 205.870, comm[0]: 207.986, comm[1]: 1744.281, comm[2]: 209.695, force: 2868.918, rev_comm[0]: 203.106, rev_comm[1]: 1765.827, rev_comm[2]: 229.839, inte[1]: 139.575
[Rank 44] inte[0]: 204.498, comm[0]: 191.965, comm[1]: 1791.314, comm[2]: 191.325, force: 2805.956, rev_comm[0]: 187.008, rev_comm[1]: 1803.472, rev_comm[2]: 213.761, inte[1]: 137.664
[Rank 45] inte[0]: 205.641, comm[0]: 206.536, comm[1]: 1775.851, comm[2]: 204.020, force: 2853.724, rev_comm[0]: 199.055, rev_comm[1]: 1787.931, rev_comm[2]: 227.436, inte[1]: 139.552
[Rank 46] inte[0]: 204.503, comm[0]: 210.120, comm[1]: 1772.004, comm[2]: 207.517, force: 2842.537, rev_comm[0]: 203.820, rev_comm[1]: 1779.531, rev_comm[2]: 229.538, inte[1]: 139.466
[Rank 47] inte[0]: 204.121, comm[0]: 190.799, comm[1]: 1803.358, comm[2]: 191.774, force: 2853.309, rev_comm[0]: 184.149, rev_comm[1]: 1813.226, rev_comm[2]: 212.652, inte[1]: 138.013
[Rank 48] inte[0]: 204.724, comm[0]: 210.893, comm[1]: 1662.411, comm[2]: 211.783, force: 2874.537, rev_comm[0]: 203.415, rev_comm[1]: 1678.914, rev_comm[2]: 232.224, inte[1]: 139.622
[Rank 49] inte[0]: 204.363, comm[0]: 206.821, comm[1]: 1633.805, comm[2]: 207.535, force: 2823.082, rev_comm[0]: 200.869, rev_comm[1]: 1656.502, rev_comm[2]: 225.758, inte[1]: 138.760
[Rank 50] inte[0]: 203.419, comm[0]: 187.885, comm[1]: 1644.141, comm[2]: 189.292, force: 2852.891, rev_comm[0]: 183.499, rev_comm[1]: 1665.868, rev_comm[2]: 211.610, inte[1]: 138.528
[Rank 51] inte[0]: 204.553, comm[0]: 202.414, comm[1]: 1618.869, comm[2]: 200.292, force: 2854.671, rev_comm[0]: 195.383, rev_comm[1]: 1630.202, rev_comm[2]: 223.417, inte[1]: 139.874
[Rank 52] inte[0]: 204.875, comm[0]: 201.181, comm[1]: 1752.794, comm[2]: 200.820, force: 2821.312, rev_comm[0]: 191.763, rev_comm[1]: 1772.362, rev_comm[2]: 217.727, inte[1]: 138.381
[Rank 53] inte[0]: 202.859, comm[0]: 191.308, comm[1]: 1757.913, comm[2]: 193.333, force: 2886.628, rev_comm[0]: 184.884, rev_comm[1]: 1780.562, rev_comm[2]: 211.624, inte[1]: 138.119
[Rank 54] inte[0]: 204.313, comm[0]: 209.980, comm[1]: 1729.150, comm[2]: 209.569, force: 2862.682, rev_comm[0]: 202.023, rev_comm[1]: 1738.810, rev_comm[2]: 229.986, inte[1]: 139.494
[Rank 55] inte[0]: 204.677, comm[0]: 205.864, comm[1]: 1745.603, comm[2]: 207.089, force: 2874.512, rev_comm[0]: 199.392, rev_comm[1]: 1762.683, rev_comm[2]: 227.380, inte[1]: 139.289
[Rank 56] inte[0]: 202.548, comm[0]: 187.078, comm[1]: 1788.465, comm[2]: 187.310, force: 2836.480, rev_comm[0]: 182.562, rev_comm[1]: 1794.888, rev_comm[2]: 209.154, inte[1]: 137.680
[Rank 57] inte[0]: 205.948, comm[0]: 211.243, comm[1]: 1785.220, comm[2]: 209.973, force: 2853.168, rev_comm[0]: 204.465, rev_comm[1]: 1800.138, rev_comm[2]: 232.137, inte[1]: 139.554
[Rank 58] inte[0]: 205.735, comm[0]: 209.143, comm[1]: 1816.407, comm[2]: 208.202, force: 2844.381, rev_comm[0]: 203.233, rev_comm[1]: 1832.782, rev_comm[2]: 230.674, inte[1]: 139.175
[Rank 59] inte[0]: 203.816, comm[0]: 193.649, comm[1]: 1802.999, comm[2]: 194.251, force: 2854.584, rev_comm[0]: 187.168, rev_comm[1]: 1826.044, rev_comm[2]: 216.468, inte[1]: 138.130
[Rank 60] inte[0]: 205.475, comm[0]: 208.219, comm[1]: 1797.114, comm[2]: 209.640, force: 2886.808, rev_comm[0]: 201.298, rev_comm[1]: 1807.711, rev_comm[2]: 233.292, inte[1]: 139.726
[Rank 61] inte[0]: 204.903, comm[0]: 203.337, comm[1]: 1768.226, comm[2]: 203.348, force: 2877.255, rev_comm[0]: 198.647, rev_comm[1]: 1787.623, rev_comm[2]: 225.112, inte[1]: 139.850
[Rank 62] inte[0]: 204.481, comm[0]: 190.138, comm[1]: 1836.969, comm[2]: 191.548, force: 2867.978, rev_comm[0]: 185.616, rev_comm[1]: 1856.190, rev_comm[2]: 214.269, inte[1]: 138.723
[Rank 63] inte[0]: 204.658, comm[0]: 195.589, comm[1]: 1789.544, comm[2]: 194.497, force: 2850.316, rev_comm[0]: 190.814, rev_comm[1]: 1822.216, rev_comm[2]: 217.816, inte[1]: 138.880
[Max rank 31] inte[0]: 204.409, comm[0]: 205.785, comm[1]: 2061.209, comm[2]: 202.791, force: 2875.155, rev_comm[0]: 197.569, rev_comm[1]: 2095.601, rev_comm[2]: 225.314, inte[1]: 140.228
[K - Rank 39] K: 400/600
[K - Rank 38] K: 400/600
[K - Rank 40] K: 400/600
[K - Rank 41] K: 400/600
[K - Rank 37] K: 300/600


# Performance Summary:
# MPI_proc OMP_threads nsteps natoms t_total t_force t_neigh t_comm t_other performance perf/thread grep_string t_extra
64 1 100 67108864 0.863874 0.284748 0.000000 0.543015 0.036111 7768363073.363141 121380673.021299 PERF_SUMMARY 0.000000


