[Rank 127] xlo: 752.459094, xhi: 859.953250, ylo: 322.482469, yhi: 429.976625, zlo: 322.482469, zhi: 429.976625
[Rank 126] xlo: 752.459094, xhi: 859.953250, ylo: 322.482469, yhi: 429.976625, zlo: 214.988312, zhi: 322.482469
[Rank 55] xlo: 322.482469, xhi: 429.976625, ylo: 107.494156, yhi: 214.988312, zlo: 322.482469, zhi: 429.976625
[Rank 91] xlo: 537.470781, xhi: 644.964937, ylo: 214.988312, yhi: 322.482469, zlo: 322.482469, zhi: 429.976625
[Rank 19] xlo: 107.494156, xhi: 214.988312, ylo: 0.000000, yhi: 107.494156, zlo: 322.482469, zhi: 429.976625
[Rank 88] xlo: 537.470781, xhi: 644.964937, ylo: 214.988312, yhi: 322.482469, zlo: 0.000000, zhi: 107.494156
[Rank 12] xlo: 0.000000, xhi: 107.494156, ylo: 322.482469, yhi: 429.976625, zlo: 0.000000, zhi: 107.494156
[Rank 15] xlo: 0.000000, xhi: 107.494156, ylo: 322.482469, yhi: 429.976625, zlo: 322.482469, zhi: 429.976625
[Rank 43] xlo: 214.988312, xhi: 322.482469, ylo: 214.988312, yhi: 322.482469, zlo: 322.482469, zhi: 429.976625
[Rank 32] xlo: 214.988312, xhi: 322.482469, ylo: 0.000000, yhi: 107.494156, zlo: 0.000000, zhi: 107.494156
[Rank 77] xlo: 429.976625, xhi: 537.470781, ylo: 322.482469, yhi: 429.976625, zlo: 107.494156, zhi: 214.988312
[Rank 66] xlo: 429.976625, xhi: 537.470781, ylo: 0.000000, yhi: 107.494156, zlo: 214.988312, zhi: 322.482469
[Rank 67] xlo: 429.976625, xhi: 537.470781, ylo: 0.000000, yhi: 107.494156, zlo: 322.482469, zhi: 429.976625
[Rank 125] xlo: 752.459094, xhi: 859.953250, ylo: 322.482469, yhi: 429.976625, zlo: 107.494156, zhi: 214.988312
[Rank 54] xlo: 322.482469, xhi: 429.976625, ylo: 107.494156, yhi: 214.988312, zlo: 214.988312, zhi: 322.482469
[Rank 42] xlo: 214.988312, xhi: 322.482469, ylo: 214.988312, yhi: 322.482469, zlo: 214.988312, zhi: 322.482469
[Rank 124] xlo: 752.459094, xhi: 859.953250, ylo: 322.482469, yhi: 429.976625, zlo: 0.000000, zhi: 107.494156
[Rank 76] xlo: 429.976625, xhi: 537.470781, ylo: 322.482469, yhi: 429.976625, zlo: 0.000000, zhi: 107.494156
[Rank 28] xlo: 107.494156, xhi: 214.988312, ylo: 322.482469, yhi: 429.976625, zlo: 0.000000, zhi: 107.494156
[Rank 29] xlo: 107.494156, xhi: 214.988312, ylo: 322.482469, yhi: 429.976625, zlo: 107.494156, zhi: 214.988312
[Rank 90] xlo: 537.470781, xhi: 644.964937, ylo: 214.988312, yhi: 322.482469, zlo: 214.988312, zhi: 322.482469
[Rank 103] xlo: 644.964937, xhi: 752.459094, ylo: 107.494156, yhi: 214.988312, zlo: 322.482469, zhi: 429.976625
[Rank 69] xlo: 429.976625, xhi: 537.470781, ylo: 107.494156, yhi: 214.988312, zlo: 107.494156, zhi: 214.988312
[Rank 89] xlo: 537.470781, xhi: 644.964937, ylo: 214.988312, yhi: 322.482469, zlo: 107.494156, zhi: 214.988312
[Rank 7] xlo: 0.000000, xhi: 107.494156, ylo: 107.494156, yhi: 214.988312, zlo: 322.482469, zhi: 429.976625
[Rank 18] xlo: 107.494156, xhi: 214.988312, ylo: 0.000000, yhi: 107.494156, zlo: 214.988312, zhi: 322.482469
[Rank 8] xlo: 0.000000, xhi: 107.494156, ylo: 214.988312, yhi: 322.482469, zlo: 0.000000, zhi: 107.494156
[Rank 13] xlo: 0.000000, xhi: 107.494156, ylo: 322.482469, yhi: 429.976625, zlo: 107.494156, zhi: 214.988312
[Rank 82] xlo: 537.470781, xhi: 644.964937, ylo: 0.000000, yhi: 107.494156, zlo: 214.988312, zhi: 322.482469
[Rank 30] xlo: 107.494156, xhi: 214.988312, ylo: 322.482469, yhi: 429.976625, zlo: 214.988312, zhi: 322.482469
[Rank 14] xlo: 0.000000, xhi: 107.494156, ylo: 322.482469, yhi: 429.976625, zlo: 214.988312, zhi: 322.482469
[Rank 49] xlo: 322.482469, xhi: 429.976625, ylo: 0.000000, yhi: 107.494156, zlo: 107.494156, zhi: 214.988312
[Rank 31] xlo: 107.494156, xhi: 214.988312, ylo: 322.482469, yhi: 429.976625, zlo: 322.482469, zhi: 429.976625
[Rank 60] xlo: 322.482469, xhi: 429.976625, ylo: 322.482469, yhi: 429.976625, zlo: 0.000000, zhi: 107.494156
[Rank 35] xlo: 214.988312, xhi: 322.482469, ylo: 0.000000, yhi: 107.494156, zlo: 322.482469, zhi: 429.976625
[Rank 83] xlo: 537.470781, xhi: 644.964937, ylo: 0.000000, yhi: 107.494156, zlo: 322.482469, zhi: 429.976625
[Rank 63] xlo: 322.482469, xhi: 429.976625, ylo: 322.482469, yhi: 429.976625, zlo: 322.482469, zhi: 429.976625
[Rank 50] xlo: 322.482469, xhi: 429.976625, ylo: 0.000000, yhi: 107.494156, zlo: 214.988312, zhi: 322.482469
[Rank 78] xlo: 429.976625, xhi: 537.470781, ylo: 322.482469, yhi: 429.976625, zlo: 214.988312, zhi: 322.482469
[Rank 79] xlo: 429.976625, xhi: 537.470781, ylo: 322.482469, yhi: 429.976625, zlo: 322.482469, zhi: 429.976625
[Rank 52] xlo: 322.482469, xhi: 429.976625, ylo: 107.494156, yhi: 214.988312, zlo: 0.000000, zhi: 107.494156
[Rank 53] xlo: 322.482469, xhi: 429.976625, ylo: 107.494156, yhi: 214.988312, zlo: 107.494156, zhi: 214.988312
[Rank 62] xlo: 322.482469, xhi: 429.976625, ylo: 322.482469, yhi: 429.976625, zlo: 214.988312, zhi: 322.482469
[Rank 61] xlo: 322.482469, xhi: 429.976625, ylo: 322.482469, yhi: 429.976625, zlo: 107.494156, zhi: 214.988312
[Rank 94] xlo: 537.470781, xhi: 644.964937, ylo: 322.482469, yhi: 429.976625, zlo: 214.988312, zhi: 322.482469
[Rank 33] xlo: 214.988312, xhi: 322.482469, ylo: 0.000000, yhi: 107.494156, zlo: 107.494156, zhi: 214.988312
[Rank 57] xlo: 322.482469, xhi: 429.976625, ylo: 214.988312, yhi: 322.482469, zlo: 107.494156, zhi: 214.988312
[Rank 34] xlo: 214.988312, xhi: 322.482469, ylo: 0.000000, yhi: 107.494156, zlo: 214.988312, zhi: 322.482469
[Rank 58] xlo: 322.482469, xhi: 429.976625, ylo: 214.988312, yhi: 322.482469, zlo: 214.988312, zhi: 322.482469
[Rank 16] xlo: 107.494156, xhi: 214.988312, ylo: 0.000000, yhi: 107.494156, zlo: 0.000000, zhi: 107.494156
[Rank 17] xlo: 107.494156, xhi: 214.988312, ylo: 0.000000, yhi: 107.494156, zlo: 107.494156, zhi: 214.988312
[Rank 1] xlo: 0.000000, xhi: 107.494156, ylo: 0.000000, yhi: 107.494156, zlo: 107.494156, zhi: 214.988312
[Rank 51] xlo: 322.482469, xhi: 429.976625, ylo: 0.000000, yhi: 107.494156, zlo: 322.482469, zhi: 429.976625
[Rank 44] xlo: 214.988312, xhi: 322.482469, ylo: 322.482469, yhi: 429.976625, zlo: 0.000000, zhi: 107.494156
[Rank 38] xlo: 214.988312, xhi: 322.482469, ylo: 107.494156, yhi: 214.988312, zlo: 214.988312, zhi: 322.482469
[Rank 47] xlo: 214.988312, xhi: 322.482469, ylo: 322.482469, yhi: 429.976625, zlo: 322.482469, zhi: 429.976625
[Rank 40] xlo: 214.988312, xhi: 322.482469, ylo: 214.988312, yhi: 322.482469, zlo: 0.000000, zhi: 107.494156
# Create System:
[Rank 0] xlo: 0.000000, xhi: 107.494156, ylo: 0.000000, yhi: 107.494156, zlo: 0.000000, zhi: 107.494156
# Done .... 
# miniMD-Reference 1.2 (MPI+OpenMP) output ...
# Run Settings: 
	# MPI processes: 128
	# Host Threads: 1
	# Inputfile: in.lj.miniMD
	# Datafile: None
# Physics Settings: 
	# ForceStyle: LJ
	# Force Parameters: 1.00 1.00
	# Units: LJ
	# Atoms: 134217728
	# Atom types: 8
	# System size: 859.95 429.98 429.98 (unit cells: 512 256 256)
	# Density: 0.844200
	# Force cutoff: 2.500000
	# Timestep size: 0.005000
# Technical Settings: 
	# Neigh cutoff: 2.800000
	# Half neighborlists: 1
	# Team neighborlist construction: 0
	# Neighbor bins: 307 153 153
	# Neighbor frequency: 1000
	# Sorting frequency: 1000
	# Thermo frequency: 100
	# Ghost Newton: 1
	# Use intrinsics: 0
	# Do safe exchange: 0
	# Size of float: 8

[Rank 48] xlo: 322.482469, xhi: 429.976625, ylo: 0.000000, yhi: 107.494156, zlo: 0.000000, zhi: 107.494156
[Rank 80] xlo: 537.470781, xhi: 644.964937, ylo: 0.000000, yhi: 107.494156, zlo: 0.000000, zhi: 107.494156
[Rank 121] xlo: 752.459094, xhi: 859.953250, ylo: 214.988312, yhi: 322.482469, zlo: 107.494156, zhi: 214.988312
[Rank 81] xlo: 537.470781, xhi: 644.964937, ylo: 0.000000, yhi: 107.494156, zlo: 107.494156, zhi: 214.988312
[Rank 120] xlo: 752.459094, xhi: 859.953250, ylo: 214.988312, yhi: 322.482469, zlo: 0.000000, zhi: 107.494156
[Rank 64] xlo: 429.976625, xhi: 537.470781, ylo: 0.000000, yhi: 107.494156, zlo: 0.000000, zhi: 107.494156
[Rank 65] xlo: 429.976625, xhi: 537.470781, ylo: 0.000000, yhi: 107.494156, zlo: 107.494156, zhi: 214.988312
[Rank 41] xlo: 214.988312, xhi: 322.482469, ylo: 214.988312, yhi: 322.482469, zlo: 107.494156, zhi: 214.988312
[Rank 73] xlo: 429.976625, xhi: 537.470781, ylo: 214.988312, yhi: 322.482469, zlo: 107.494156, zhi: 214.988312
[Rank 2] xlo: 0.000000, xhi: 107.494156, ylo: 0.000000, yhi: 107.494156, zlo: 214.988312, zhi: 322.482469
[Rank 68] xlo: 429.976625, xhi: 537.470781, ylo: 107.494156, yhi: 214.988312, zlo: 0.000000, zhi: 107.494156
[Rank 39] xlo: 214.988312, xhi: 322.482469, ylo: 107.494156, yhi: 214.988312, zlo: 322.482469, zhi: 429.976625
[Rank 3] xlo: 0.000000, xhi: 107.494156, ylo: 0.000000, yhi: 107.494156, zlo: 322.482469, zhi: 429.976625
[Rank 72] xlo: 429.976625, xhi: 537.470781, ylo: 214.988312, yhi: 322.482469, zlo: 0.000000, zhi: 107.494156
[Rank 24] xlo: 107.494156, xhi: 214.988312, ylo: 214.988312, yhi: 322.482469, zlo: 0.000000, zhi: 107.494156
[Rank 27] xlo: 107.494156, xhi: 214.988312, ylo: 214.988312, yhi: 322.482469, zlo: 322.482469, zhi: 429.976625
[Rank 71] xlo: 429.976625, xhi: 537.470781, ylo: 107.494156, yhi: 214.988312, zlo: 322.482469, zhi: 429.976625
[Rank 59] xlo: 322.482469, xhi: 429.976625, ylo: 214.988312, yhi: 322.482469, zlo: 322.482469, zhi: 429.976625
[Rank 122] xlo: 752.459094, xhi: 859.953250, ylo: 214.988312, yhi: 322.482469, zlo: 214.988312, zhi: 322.482469
[Rank 56] xlo: 322.482469, xhi: 429.976625, ylo: 214.988312, yhi: 322.482469, zlo: 0.000000, zhi: 107.494156
[Rank 37] xlo: 214.988312, xhi: 322.482469, ylo: 107.494156, yhi: 214.988312, zlo: 107.494156, zhi: 214.988312
[Rank 4] xlo: 0.000000, xhi: 107.494156, ylo: 107.494156, yhi: 214.988312, zlo: 0.000000, zhi: 107.494156
[Rank 45] xlo: 214.988312, xhi: 322.482469, ylo: 322.482469, yhi: 429.976625, zlo: 107.494156, zhi: 214.988312
[Rank 46] xlo: 214.988312, xhi: 322.482469, ylo: 322.482469, yhi: 429.976625, zlo: 214.988312, zhi: 322.482469
[Rank 5] xlo: 0.000000, xhi: 107.494156, ylo: 107.494156, yhi: 214.988312, zlo: 107.494156, zhi: 214.988312
[Rank 123] xlo: 752.459094, xhi: 859.953250, ylo: 214.988312, yhi: 322.482469, zlo: 322.482469, zhi: 429.976625
[Rank 36] xlo: 214.988312, xhi: 322.482469, ylo: 107.494156, yhi: 214.988312, zlo: 0.000000, zhi: 107.494156
[Rank 95] xlo: 537.470781, xhi: 644.964937, ylo: 322.482469, yhi: 429.976625, zlo: 322.482469, zhi: 429.976625
[Rank 96] xlo: 644.964937, xhi: 752.459094, ylo: 0.000000, yhi: 107.494156, zlo: 0.000000, zhi: 107.494156
[Rank 70] xlo: 429.976625, xhi: 537.470781, ylo: 107.494156, yhi: 214.988312, zlo: 214.988312, zhi: 322.482469
[Rank 26] xlo: 107.494156, xhi: 214.988312, ylo: 214.988312, yhi: 322.482469, zlo: 214.988312, zhi: 322.482469
[Rank 99] xlo: 644.964937, xhi: 752.459094, ylo: 0.000000, yhi: 107.494156, zlo: 322.482469, zhi: 429.976625
[Rank 25] xlo: 107.494156, xhi: 214.988312, ylo: 214.988312, yhi: 322.482469, zlo: 107.494156, zhi: 214.988312
[Rank 86] xlo: 537.470781, xhi: 644.964937, ylo: 107.494156, yhi: 214.988312, zlo: 214.988312, zhi: 322.482469
[Rank 20] xlo: 107.494156, xhi: 214.988312, ylo: 107.494156, yhi: 214.988312, zlo: 0.000000, zhi: 107.494156
[Rank 87] xlo: 537.470781, xhi: 644.964937, ylo: 107.494156, yhi: 214.988312, zlo: 322.482469, zhi: 429.976625
[Rank 74] xlo: 429.976625, xhi: 537.470781, ylo: 214.988312, yhi: 322.482469, zlo: 214.988312, zhi: 322.482469
[Rank 75] xlo: 429.976625, xhi: 537.470781, ylo: 214.988312, yhi: 322.482469, zlo: 322.482469, zhi: 429.976625
[Rank 92] xlo: 537.470781, xhi: 644.964937, ylo: 322.482469, yhi: 429.976625, zlo: 0.000000, zhi: 107.494156
[Rank 98] xlo: 644.964937, xhi: 752.459094, ylo: 0.000000, yhi: 107.494156, zlo: 214.988312, zhi: 322.482469
[Rank 97] xlo: 644.964937, xhi: 752.459094, ylo: 0.000000, yhi: 107.494156, zlo: 107.494156, zhi: 214.988312
[Rank 23] xlo: 107.494156, xhi: 214.988312, ylo: 107.494156, yhi: 214.988312, zlo: 322.482469, zhi: 429.976625
[Rank 11] xlo: 0.000000, xhi: 107.494156, ylo: 214.988312, yhi: 322.482469, zlo: 322.482469, zhi: 429.976625
[Rank 6] xlo: 0.000000, xhi: 107.494156, ylo: 107.494156, yhi: 214.988312, zlo: 214.988312, zhi: 322.482469
[Rank 93] xlo: 537.470781, xhi: 644.964937, ylo: 322.482469, yhi: 429.976625, zlo: 107.494156, zhi: 214.988312
[Rank 85] xlo: 537.470781, xhi: 644.964937, ylo: 107.494156, yhi: 214.988312, zlo: 107.494156, zhi: 214.988312
[Rank 84] xlo: 537.470781, xhi: 644.964937, ylo: 107.494156, yhi: 214.988312, zlo: 0.000000, zhi: 107.494156
[Rank 100] xlo: 644.964937, xhi: 752.459094, ylo: 107.494156, yhi: 214.988312, zlo: 0.000000, zhi: 107.494156
[Rank 101] xlo: 644.964937, xhi: 752.459094, ylo: 107.494156, yhi: 214.988312, zlo: 107.494156, zhi: 214.988312
[Rank 21] xlo: 107.494156, xhi: 214.988312, ylo: 107.494156, yhi: 214.988312, zlo: 107.494156, zhi: 214.988312
[Rank 22] xlo: 107.494156, xhi: 214.988312, ylo: 107.494156, yhi: 214.988312, zlo: 214.988312, zhi: 322.482469
[Rank 102] xlo: 644.964937, xhi: 752.459094, ylo: 107.494156, yhi: 214.988312, zlo: 214.988312, zhi: 322.482469
[Rank 104] xlo: 644.964937, xhi: 752.459094, ylo: 214.988312, yhi: 322.482469, zlo: 0.000000, zhi: 107.494156
[Rank 9] xlo: 0.000000, xhi: 107.494156, ylo: 214.988312, yhi: 322.482469, zlo: 107.494156, zhi: 214.988312
[Rank 10] xlo: 0.000000, xhi: 107.494156, ylo: 214.988312, yhi: 322.482469, zlo: 214.988312, zhi: 322.482469
[Rank 107] xlo: 644.964937, xhi: 752.459094, ylo: 214.988312, yhi: 322.482469, zlo: 322.482469, zhi: 429.976625
[Rank 106] xlo: 644.964937, xhi: 752.459094, ylo: 214.988312, yhi: 322.482469, zlo: 214.988312, zhi: 322.482469
[Rank 105] xlo: 644.964937, xhi: 752.459094, ylo: 214.988312, yhi: 322.482469, zlo: 107.494156, zhi: 214.988312
[Rank 116] xlo: 752.459094, xhi: 859.953250, ylo: 107.494156, yhi: 214.988312, zlo: 0.000000, zhi: 107.494156
[Rank 119] xlo: 752.459094, xhi: 859.953250, ylo: 107.494156, yhi: 214.988312, zlo: 322.482469, zhi: 429.976625
[Rank 114] xlo: 752.459094, xhi: 859.953250, ylo: 0.000000, yhi: 107.494156, zlo: 214.988312, zhi: 322.482469
[Rank 115] xlo: 752.459094, xhi: 859.953250, ylo: 0.000000, yhi: 107.494156, zlo: 322.482469, zhi: 429.976625
[Rank 117] xlo: 752.459094, xhi: 859.953250, ylo: 107.494156, yhi: 214.988312, zlo: 107.494156, zhi: 214.988312
[Rank 118] xlo: 752.459094, xhi: 859.953250, ylo: 107.494156, yhi: 214.988312, zlo: 214.988312, zhi: 322.482469
[Rank 109] xlo: 644.964937, xhi: 752.459094, ylo: 322.482469, yhi: 429.976625, zlo: 107.494156, zhi: 214.988312
[Rank 112] xlo: 752.459094, xhi: 859.953250, ylo: 0.000000, yhi: 107.494156, zlo: 0.000000, zhi: 107.494156
[Rank 108] xlo: 644.964937, xhi: 752.459094, ylo: 322.482469, yhi: 429.976625, zlo: 0.000000, zhi: 107.494156
[Rank 113] xlo: 752.459094, xhi: 859.953250, ylo: 0.000000, yhi: 107.494156, zlo: 107.494156, zhi: 214.988312
[Rank 110] xlo: 644.964937, xhi: 752.459094, ylo: 322.482469, yhi: 429.976625, zlo: 214.988312, zhi: 322.482469
[Rank 111] xlo: 644.964937, xhi: 752.459094, ylo: 322.482469, yhi: 429.976625, zlo: 322.482469, zhi: 429.976625
# Starting dynamics ...
# Timestep T U P Time
0 1.440000e+00 -6.773368e+00 -5.019669e+00  0.000
100 7.290504e-01 -5.708639e+00 5.226627e-01  0.854
[Atom] pack_comm: 600, unpack_comm: 600, pack_comm_self: 0, pack_reverse: 606, unpack_reverse: 606
[Rank 0] inte[0]: 205.811, comm[0]: 209.492, comm[1]: 1795.288, comm[2]: 211.419, force: 2905.879, rev_comm[0]: 203.814, rev_comm[1]: 1817.822, rev_comm[2]: 233.288, inte[1]: 140.117
[Rank 1] inte[0]: 205.523, comm[0]: 211.864, comm[1]: 1777.113, comm[2]: 211.154, force: 2857.887, rev_comm[0]: 205.710, rev_comm[1]: 1794.400, rev_comm[2]: 231.305, inte[1]: 140.294
[Rank 2] inte[0]: 203.323, comm[0]: 189.586, comm[1]: 1782.343, comm[2]: 190.055, force: 2823.087, rev_comm[0]: 185.589, rev_comm[1]: 1802.507, rev_comm[2]: 211.514, inte[1]: 137.837
[Rank 3] inte[0]: 204.550, comm[0]: 200.786, comm[1]: 1797.480, comm[2]: 199.505, force: 2851.302, rev_comm[0]: 194.464, rev_comm[1]: 1816.499, rev_comm[2]: 222.968, inte[1]: 139.468
[Rank 4] inte[0]: 206.668, comm[0]: 203.376, comm[1]: 1752.044, comm[2]: 204.413, force: 2836.378, rev_comm[0]: 194.119, rev_comm[1]: 1773.505, rev_comm[2]: 222.560, inte[1]: 139.200
[Rank 5] inte[0]: 204.262, comm[0]: 189.584, comm[1]: 1753.158, comm[2]: 191.681, force: 2851.763, rev_comm[0]: 185.517, rev_comm[1]: 1768.568, rev_comm[2]: 212.067, inte[1]: 137.993
[Rank 6] inte[0]: 204.476, comm[0]: 213.629, comm[1]: 1748.550, comm[2]: 211.464, force: 2853.680, rev_comm[0]: 206.669, rev_comm[1]: 1763.299, rev_comm[2]: 233.254, inte[1]: 139.825
[Rank 7] inte[0]: 205.462, comm[0]: 205.742, comm[1]: 1750.779, comm[2]: 206.307, force: 2839.847, rev_comm[0]: 200.571, rev_comm[1]: 1773.783, rev_comm[2]: 227.074, inte[1]: 138.838
[Rank 8] inte[0]: 203.171, comm[0]: 188.400, comm[1]: 1755.743, comm[2]: 188.004, force: 2849.363, rev_comm[0]: 183.812, rev_comm[1]: 1758.405, rev_comm[2]: 211.578, inte[1]: 138.887
[Rank 9] inte[0]: 205.422, comm[0]: 207.633, comm[1]: 1760.501, comm[2]: 205.589, force: 2849.721, rev_comm[0]: 200.123, rev_comm[1]: 1762.545, rev_comm[2]: 229.795, inte[1]: 139.653
[Rank 10] inte[0]: 206.658, comm[0]: 206.162, comm[1]: 1788.972, comm[2]: 205.905, force: 2826.111, rev_comm[0]: 200.425, rev_comm[1]: 1799.540, rev_comm[2]: 228.472, inte[1]: 139.435
[Rank 11] inte[0]: 204.853, comm[0]: 194.893, comm[1]: 1795.352, comm[2]: 193.762, force: 2886.515, rev_comm[0]: 188.593, rev_comm[1]: 1803.536, rev_comm[2]: 217.020, inte[1]: 139.587
[Rank 12] inte[0]: 205.388, comm[0]: 206.177, comm[1]: 1808.016, comm[2]: 205.178, force: 2831.884, rev_comm[0]: 198.908, rev_comm[1]: 1827.890, rev_comm[2]: 229.474, inte[1]: 139.069
[Rank 13] inte[0]: 206.438, comm[0]: 206.322, comm[1]: 1789.125, comm[2]: 203.555, force: 2887.447, rev_comm[0]: 202.050, rev_comm[1]: 1812.398, rev_comm[2]: 227.438, inte[1]: 140.332
[Rank 14] inte[0]: 202.709, comm[0]: 189.715, comm[1]: 1807.144, comm[2]: 189.142, force: 2864.549, rev_comm[0]: 186.420, rev_comm[1]: 1826.190, rev_comm[2]: 212.119, inte[1]: 138.450
[Rank 15] inte[0]: 204.721, comm[0]: 203.767, comm[1]: 1813.409, comm[2]: 202.582, force: 2850.924, rev_comm[0]: 197.659, rev_comm[1]: 1827.990, rev_comm[2]: 225.917, inte[1]: 139.355
[Rank 16] inte[0]: 206.228, comm[0]: 204.155, comm[1]: 2001.552, comm[2]: 203.000, force: 2909.926, rev_comm[0]: 195.129, rev_comm[1]: 2017.952, rev_comm[2]: 223.701, inte[1]: 140.610
[Rank 17] inte[0]: 203.142, comm[0]: 193.166, comm[1]: 2005.422, comm[2]: 191.913, force: 2886.419, rev_comm[0]: 186.794, rev_comm[1]: 2025.557, rev_comm[2]: 215.237, inte[1]: 138.623
[Rank 18] inte[0]: 205.616, comm[0]: 208.150, comm[1]: 2001.457, comm[2]: 207.805, force: 2853.259, rev_comm[0]: 202.171, rev_comm[1]: 2022.508, rev_comm[2]: 228.821, inte[1]: 139.482
[Rank 19] inte[0]: 204.537, comm[0]: 204.180, comm[1]: 2000.589, comm[2]: 206.488, force: 2863.817, rev_comm[0]: 200.000, rev_comm[1]: 2021.895, rev_comm[2]: 226.344, inte[1]: 139.314
[Rank 20] inte[0]: 202.702, comm[0]: 188.646, comm[1]: 1753.010, comm[2]: 188.736, force: 2858.038, rev_comm[0]: 185.062, rev_comm[1]: 1772.394, rev_comm[2]: 210.785, inte[1]: 138.266
[Rank 21] inte[0]: 206.023, comm[0]: 204.762, comm[1]: 1768.815, comm[2]: 203.559, force: 2853.040, rev_comm[0]: 197.269, rev_comm[1]: 1794.072, rev_comm[2]: 225.418, inte[1]: 139.457
[Rank 22] inte[0]: 205.898, comm[0]: 203.209, comm[1]: 1509.240, comm[2]: 204.156, force: 2873.947, rev_comm[0]: 196.840, rev_comm[1]: 1531.221, rev_comm[2]: 226.126, inte[1]: 139.489
[Rank 23] inte[0]: 204.643, comm[0]: 193.321, comm[1]: 1527.516, comm[2]: 193.267, force: 2865.046, rev_comm[0]: 188.071, rev_comm[1]: 1547.519, rev_comm[2]: 216.119, inte[1]: 138.596
[Rank 24] inte[0]: 206.159, comm[0]: 210.079, comm[1]: 1528.579, comm[2]: 211.354, force: 2901.887, rev_comm[0]: 204.925, rev_comm[1]: 1550.942, rev_comm[2]: 233.883, inte[1]: 140.637
[Rank 25] inte[0]: 205.627, comm[0]: 208.574, comm[1]: 1526.082, comm[2]: 208.096, force: 2856.320, rev_comm[0]: 203.609, rev_comm[1]: 1529.796, rev_comm[2]: 228.414, inte[1]: 139.792
[Rank 26] inte[0]: 204.591, comm[0]: 189.892, comm[1]: 1764.081, comm[2]: 190.153, force: 2842.696, rev_comm[0]: 186.408, rev_comm[1]: 1776.924, rev_comm[2]: 212.798, inte[1]: 138.451
[Rank 27] inte[0]: 205.690, comm[0]: 204.594, comm[1]: 1781.010, comm[2]: 202.133, force: 2870.063, rev_comm[0]: 198.399, rev_comm[1]: 1790.024, rev_comm[2]: 224.490, inte[1]: 139.850
[Rank 28] inte[0]: 206.548, comm[0]: 206.582, comm[1]: 2003.258, comm[2]: 204.582, force: 2851.185, rev_comm[0]: 197.269, rev_comm[1]: 2021.271, rev_comm[2]: 223.872, inte[1]: 139.490
[Rank 29] inte[0]: 204.076, comm[0]: 193.454, comm[1]: 2004.913, comm[2]: 195.140, force: 2879.702, rev_comm[0]: 189.436, rev_comm[1]: 2023.176, rev_comm[2]: 215.346, inte[1]: 139.100
[Rank 30] inte[0]: 204.372, comm[0]: 203.632, comm[1]: 2008.606, comm[2]: 205.545, force: 2841.240, rev_comm[0]: 200.056, rev_comm[1]: 2027.160, rev_comm[2]: 226.794, inte[1]: 139.171
[Rank 31] inte[0]: 204.848, comm[0]: 202.713, comm[1]: 2011.483, comm[2]: 200.833, force: 2864.222, rev_comm[0]: 196.651, rev_comm[1]: 2029.264, rev_comm[2]: 226.181, inte[1]: 138.957
[Rank 32] inte[0]: 204.245, comm[0]: 190.227, comm[1]: 1809.056, comm[2]: 190.169, force: 2876.651, rev_comm[0]: 186.574, rev_comm[1]: 1828.133, rev_comm[2]: 213.233, inte[1]: 138.488
[Rank 33] inte[0]: 205.579, comm[0]: 208.371, comm[1]: 1801.336, comm[2]: 207.850, force: 2870.408, rev_comm[0]: 201.528, rev_comm[1]: 1810.825, rev_comm[2]: 232.104, inte[1]: 139.994
[Rank 34] inte[0]: 205.730, comm[0]: 206.454, comm[1]: 1780.002, comm[2]: 204.705, force: 2842.270, rev_comm[0]: 201.568, rev_comm[1]: 1786.663, rev_comm[2]: 228.800, inte[1]: 139.421
[Rank 35] inte[0]: 203.758, comm[0]: 193.350, comm[1]: 1813.742, comm[2]: 192.772, force: 2870.784, rev_comm[0]: 189.203, rev_comm[1]: 1829.801, rev_comm[2]: 215.533, inte[1]: 138.868
[Rank 36] inte[0]: 205.127, comm[0]: 208.277, comm[1]: 1789.092, comm[2]: 210.637, force: 2885.230, rev_comm[0]: 201.257, rev_comm[1]: 1822.331, rev_comm[2]: 230.252, inte[1]: 140.079
[Rank 37] inte[0]: 203.918, comm[0]: 205.723, comm[1]: 1761.466, comm[2]: 206.069, force: 2832.206, rev_comm[0]: 199.452, rev_comm[1]: 1785.708, rev_comm[2]: 225.471, inte[1]: 138.459
[Rank 38] inte[0]: 204.089, comm[0]: 188.321, comm[1]: 1713.379, comm[2]: 188.145, force: 2868.040, rev_comm[0]: 184.840, rev_comm[1]: 1745.460, rev_comm[2]: 212.481, inte[1]: 139.003
[Rank 39] inte[0]: 204.568, comm[0]: 200.033, comm[1]: 1747.922, comm[2]: 198.749, force: 2882.506, rev_comm[0]: 194.186, rev_comm[1]: 1787.034, rev_comm[2]: 221.908, inte[1]: 139.693
[Rank 40] inte[0]: 206.438, comm[0]: 204.149, comm[1]: 1750.782, comm[2]: 203.394, force: 2888.143, rev_comm[0]: 194.122, rev_comm[1]: 1769.204, rev_comm[2]: 223.015, inte[1]: 139.682
[Rank 41] inte[0]: 203.388, comm[0]: 190.301, comm[1]: 1748.004, comm[2]: 192.073, force: 2862.624, rev_comm[0]: 185.179, rev_comm[1]: 1773.937, rev_comm[2]: 212.261, inte[1]: 137.996
[Rank 42] inte[0]: 205.312, comm[0]: 214.713, comm[1]: 1763.601, comm[2]: 212.100, force: 2888.416, rev_comm[0]: 208.991, rev_comm[1]: 1765.256, rev_comm[2]: 234.465, inte[1]: 140.422
[Rank 43] inte[0]: 204.507, comm[0]: 205.636, comm[1]: 1759.915, comm[2]: 208.103, force: 2889.870, rev_comm[0]: 200.609, rev_comm[1]: 1766.168, rev_comm[2]: 228.092, inte[1]: 139.383
[Rank 44] inte[0]: 203.571, comm[0]: 188.650, comm[1]: 1777.670, comm[2]: 188.287, force: 2872.584, rev_comm[0]: 185.182, rev_comm[1]: 1790.591, rev_comm[2]: 212.346, inte[1]: 138.795
[Rank 45] inte[0]: 204.125, comm[0]: 208.061, comm[1]: 1774.944, comm[2]: 205.530, force: 2847.633, rev_comm[0]: 201.037, rev_comm[1]: 1786.717, rev_comm[2]: 229.196, inte[1]: 138.424
[Rank 46] inte[0]: 205.289, comm[0]: 212.234, comm[1]: 1793.284, comm[2]: 210.941, force: 2864.816, rev_comm[0]: 207.582, rev_comm[1]: 1794.422, rev_comm[2]: 234.934, inte[1]: 140.099
[Rank 47] inte[0]: 203.931, comm[0]: 195.383, comm[1]: 1808.245, comm[2]: 193.329, force: 2873.821, rev_comm[0]: 189.112, rev_comm[1]: 1820.968, rev_comm[2]: 215.545, inte[1]: 138.854
[Rank 48] inte[0]: 205.776, comm[0]: 208.860, comm[1]: 1801.296, comm[2]: 210.029, force: 2881.565, rev_comm[0]: 202.035, rev_comm[1]: 1825.472, rev_comm[2]: 232.120, inte[1]: 139.382
[Rank 49] inte[0]: 206.256, comm[0]: 208.523, comm[1]: 1781.037, comm[2]: 207.956, force: 2829.823, rev_comm[0]: 203.042, rev_comm[1]: 1800.290, rev_comm[2]: 226.912, inte[1]: 138.956
[Rank 50] inte[0]: 203.468, comm[0]: 189.591, comm[1]: 1756.911, comm[2]: 189.805, force: 2844.883, rev_comm[0]: 184.966, rev_comm[1]: 1784.529, rev_comm[2]: 212.809, inte[1]: 138.581
[Rank 51] inte[0]: 203.993, comm[0]: 195.647, comm[1]: 1779.689, comm[2]: 194.728, force: 2864.590, rev_comm[0]: 190.457, rev_comm[1]: 1805.649, rev_comm[2]: 217.876, inte[1]: 139.420
[Rank 52] inte[0]: 206.080, comm[0]: 202.758, comm[1]: 1744.310, comm[2]: 202.140, force: 2863.108, rev_comm[0]: 193.246, rev_comm[1]: 1771.632, rev_comm[2]: 220.874, inte[1]: 139.411
[Rank 53] inte[0]: 203.352, comm[0]: 192.267, comm[1]: 1741.746, comm[2]: 193.894, force: 2834.983, rev_comm[0]: 186.615, rev_comm[1]: 1770.638, rev_comm[2]: 214.861, inte[1]: 137.745
[Rank 54] inte[0]: 204.997, comm[0]: 210.979, comm[1]: 1744.135, comm[2]: 208.865, force: 2855.950, rev_comm[0]: 202.497, rev_comm[1]: 1760.160, rev_comm[2]: 229.377, inte[1]: 139.621
[Rank 55] inte[0]: 204.402, comm[0]: 205.347, comm[1]: 1752.898, comm[2]: 206.313, force: 2852.895, rev_comm[0]: 200.309, rev_comm[1]: 1767.895, rev_comm[2]: 226.297, inte[1]: 139.630
[Rank 56] inte[0]: 204.419, comm[0]: 188.516, comm[1]: 1747.576, comm[2]: 189.221, force: 2856.032, rev_comm[0]: 184.907, rev_comm[1]: 1744.706, rev_comm[2]: 212.233, inte[1]: 138.034
[Rank 57] inte[0]: 205.473, comm[0]: 208.376, comm[1]: 1753.511, comm[2]: 206.482, force: 2834.382, rev_comm[0]: 200.608, rev_comm[1]: 1757.303, rev_comm[2]: 227.808, inte[1]: 139.419
[Rank 58] inte[0]: 204.923, comm[0]: 207.840, comm[1]: 1787.633, comm[2]: 206.610, force: 2865.313, rev_comm[0]: 201.736, rev_comm[1]: 1788.808, rev_comm[2]: 228.200, inte[1]: 139.625
[Rank 59] inte[0]: 205.161, comm[0]: 194.165, comm[1]: 1794.330, comm[2]: 192.873, force: 2856.247, rev_comm[0]: 188.131, rev_comm[1]: 1792.682, rev_comm[2]: 214.974, inte[1]: 138.476
[Rank 60] inte[0]: 205.444, comm[0]: 207.281, comm[1]: 1801.100, comm[2]: 207.377, force: 2869.610, rev_comm[0]: 199.781, rev_comm[1]: 1824.676, rev_comm[2]: 231.075, inte[1]: 139.082
[Rank 61] inte[0]: 205.402, comm[0]: 202.051, comm[1]: 1778.893, comm[2]: 201.251, force: 2867.271, rev_comm[0]: 198.416, rev_comm[1]: 1799.758, rev_comm[2]: 224.721, inte[1]: 139.318
[Rank 62] inte[0]: 204.435, comm[0]: 191.266, comm[1]: 1818.567, comm[2]: 190.861, force: 2884.349, rev_comm[0]: 188.134, rev_comm[1]: 1832.948, rev_comm[2]: 213.795, inte[1]: 139.395
[Rank 63] inte[0]: 204.581, comm[0]: 202.835, comm[1]: 1811.121, comm[2]: 202.859, force: 2846.765, rev_comm[0]: 196.640, rev_comm[1]: 1826.326, rev_comm[2]: 225.518, inte[1]: 139.437
[Rank 64] inte[0]: 204.908, comm[0]: 204.267, comm[1]: 2001.224, comm[2]: 202.307, force: 2844.448, rev_comm[0]: 194.403, rev_comm[1]: 2018.288, rev_comm[2]: 221.339, inte[1]: 139.655
[Rank 65] inte[0]: 203.600, comm[0]: 186.045, comm[1]: 2005.567, comm[2]: 185.513, force: 2814.904, rev_comm[0]: 180.719, rev_comm[1]: 2024.693, rev_comm[2]: 208.339, inte[1]: 137.194
[Rank 66] inte[0]: 204.645, comm[0]: 198.995, comm[1]: 1991.896, comm[2]: 196.460, force: 2877.142, rev_comm[0]: 191.775, rev_comm[1]: 2008.196, rev_comm[2]: 216.751, inte[1]: 139.383
[Rank 67] inte[0]: 204.286, comm[0]: 201.764, comm[1]: 1998.264, comm[2]: 202.416, force: 2875.047, rev_comm[0]: 193.917, rev_comm[1]: 2011.000, rev_comm[2]: 220.776, inte[1]: 139.148
[Rank 68] inte[0]: 204.579, comm[0]: 204.878, comm[1]: 1772.565, comm[2]: 200.768, force: 2888.157, rev_comm[0]: 198.671, rev_comm[1]: 1789.281, rev_comm[2]: 224.741, inte[1]: 139.948
[Rank 69] inte[0]: 204.550, comm[0]: 205.086, comm[1]: 1771.254, comm[2]: 202.960, force: 2881.570, rev_comm[0]: 197.011, rev_comm[1]: 1789.476, rev_comm[2]: 226.376, inte[1]: 140.123
[Rank 70] inte[0]: 204.910, comm[0]: 205.361, comm[1]: 1517.907, comm[2]: 204.548, force: 2828.581, rev_comm[0]: 199.787, rev_comm[1]: 1534.041, rev_comm[2]: 227.378, inte[1]: 139.469
[Rank 71] inte[0]: 203.946, comm[0]: 190.129, comm[1]: 1535.672, comm[2]: 191.170, force: 2853.618, rev_comm[0]: 186.172, rev_comm[1]: 1557.782, rev_comm[2]: 212.679, inte[1]: 138.155
[Rank 72] inte[0]: 204.541, comm[0]: 210.814, comm[1]: 1552.491, comm[2]: 212.295, force: 2837.398, rev_comm[0]: 204.856, rev_comm[1]: 1563.848, rev_comm[2]: 232.746, inte[1]: 139.955
[Rank 73] inte[0]: 204.597, comm[0]: 209.357, comm[1]: 1531.672, comm[2]: 207.992, force: 2869.723, rev_comm[0]: 203.040, rev_comm[1]: 1538.575, rev_comm[2]: 228.181, inte[1]: 139.836
[Rank 74] inte[0]: 204.448, comm[0]: 193.158, comm[1]: 1766.372, comm[2]: 193.083, force: 2861.691, rev_comm[0]: 190.305, rev_comm[1]: 1775.106, rev_comm[2]: 216.445, inte[1]: 138.803
[Rank 75] inte[0]: 204.308, comm[0]: 199.782, comm[1]: 1764.999, comm[2]: 196.981, force: 2839.033, rev_comm[0]: 193.701, rev_comm[1]: 1785.265, rev_comm[2]: 220.217, inte[1]: 138.844
[Rank 76] inte[0]: 204.620, comm[0]: 203.072, comm[1]: 1991.364, comm[2]: 202.143, force: 2901.261, rev_comm[0]: 192.765, rev_comm[1]: 2011.542, rev_comm[2]: 220.200, inte[1]: 139.965
[Rank 77] inte[0]: 203.130, comm[0]: 190.160, comm[1]: 1999.037, comm[2]: 190.482, force: 2885.382, rev_comm[0]: 185.503, rev_comm[1]: 2016.763, rev_comm[2]: 211.337, inte[1]: 138.178
[Rank 78] inte[0]: 204.746, comm[0]: 208.736, comm[1]: 2003.773, comm[2]: 210.292, force: 2884.500, rev_comm[0]: 204.416, rev_comm[1]: 2018.814, rev_comm[2]: 231.375, inte[1]: 139.998
[Rank 79] inte[0]: 205.261, comm[0]: 206.480, comm[1]: 2008.183, comm[2]: 204.909, force: 2847.828, rev_comm[0]: 200.944, rev_comm[1]: 2023.195, rev_comm[2]: 228.442, inte[1]: 139.478
[Rank 80] inte[0]: 203.793, comm[0]: 192.033, comm[1]: 1810.952, comm[2]: 192.008, force: 2856.987, rev_comm[0]: 188.758, rev_comm[1]: 1823.575, rev_comm[2]: 214.267, inte[1]: 138.945
[Rank 81] inte[0]: 204.409, comm[0]: 204.182, comm[1]: 1803.833, comm[2]: 204.577, force: 2885.924, rev_comm[0]: 197.795, rev_comm[1]: 1821.359, rev_comm[2]: 227.667, inte[1]: 139.623
[Rank 82] inte[0]: 204.822, comm[0]: 206.006, comm[1]: 1787.699, comm[2]: 204.877, force: 2879.288, rev_comm[0]: 202.159, rev_comm[1]: 1797.806, rev_comm[2]: 227.943, inte[1]: 140.364
[Rank 83] inte[0]: 203.590, comm[0]: 189.684, comm[1]: 1802.352, comm[2]: 189.648, force: 2869.762, rev_comm[0]: 184.296, rev_comm[1]: 1813.865, rev_comm[2]: 212.693, inte[1]: 138.352
[Rank 84] inte[0]: 205.037, comm[0]: 207.786, comm[1]: 1788.060, comm[2]: 210.056, force: 2901.115, rev_comm[0]: 203.310, rev_comm[1]: 1813.867, rev_comm[2]: 231.312, inte[1]: 140.209
[Rank 85] inte[0]: 204.212, comm[0]: 206.921, comm[1]: 1761.435, comm[2]: 207.341, force: 2890.581, rev_comm[0]: 200.953, rev_comm[1]: 1783.166, rev_comm[2]: 227.273, inte[1]: 139.457
[Rank 86] inte[0]: 204.379, comm[0]: 191.306, comm[1]: 1715.432, comm[2]: 190.597, force: 2827.116, rev_comm[0]: 186.294, rev_comm[1]: 1746.673, rev_comm[2]: 213.840, inte[1]: 138.137
[Rank 87] inte[0]: 204.169, comm[0]: 201.233, comm[1]: 1747.577, comm[2]: 200.145, force: 2847.944, rev_comm[0]: 194.472, rev_comm[1]: 1776.552, rev_comm[2]: 222.953, inte[1]: 139.118
[Rank 88] inte[0]: 205.234, comm[0]: 203.663, comm[1]: 1736.716, comm[2]: 205.188, force: 2861.943, rev_comm[0]: 195.057, rev_comm[1]: 1764.521, rev_comm[2]: 224.794, inte[1]: 139.831
[Rank 89] inte[0]: 205.259, comm[0]: 193.623, comm[1]: 1735.640, comm[2]: 194.977, force: 2850.665, rev_comm[0]: 188.592, rev_comm[1]: 1763.737, rev_comm[2]: 216.103, inte[1]: 138.623
[Rank 90] inte[0]: 204.495, comm[0]: 213.202, comm[1]: 1734.516, comm[2]: 211.622, force: 2841.021, rev_comm[0]: 207.642, rev_comm[1]: 1747.690, rev_comm[2]: 233.039, inte[1]: 140.069
[Rank 91] inte[0]: 204.688, comm[0]: 206.211, comm[1]: 1732.745, comm[2]: 207.334, force: 2855.365, rev_comm[0]: 201.196, rev_comm[1]: 1756.681, rev_comm[2]: 228.008, inte[1]: 138.347
[Rank 92] inte[0]: 202.875, comm[0]: 187.737, comm[1]: 1769.184, comm[2]: 188.802, force: 2874.429, rev_comm[0]: 184.982, rev_comm[1]: 1777.504, rev_comm[2]: 212.298, inte[1]: 138.981
[Rank 93] inte[0]: 205.183, comm[0]: 204.200, comm[1]: 1766.872, comm[2]: 203.650, force: 2894.802, rev_comm[0]: 197.752, rev_comm[1]: 1781.760, rev_comm[2]: 227.042, inte[1]: 139.667
[Rank 94] inte[0]: 206.148, comm[0]: 209.023, comm[1]: 1776.849, comm[2]: 207.199, force: 2869.856, rev_comm[0]: 202.626, rev_comm[1]: 1790.821, rev_comm[2]: 229.677, inte[1]: 139.702
[Rank 95] inte[0]: 204.816, comm[0]: 194.618, comm[1]: 1800.640, comm[2]: 194.794, force: 2893.900, rev_comm[0]: 189.821, rev_comm[1]: 1808.778, rev_comm[2]: 216.991, inte[1]: 139.141
[Rank 96] inte[0]: 205.093, comm[0]: 211.248, comm[1]: 1791.420, comm[2]: 211.914, force: 2896.384, rev_comm[0]: 205.519, rev_comm[1]: 1807.041, rev_comm[2]: 234.157, inte[1]: 141.367
[Rank 97] inte[0]: 205.245, comm[0]: 206.142, comm[1]: 1769.838, comm[2]: 204.997, force: 2837.400, rev_comm[0]: 200.046, rev_comm[1]: 1780.237, rev_comm[2]: 225.535, inte[1]: 139.029
[Rank 98] inte[0]: 204.113, comm[0]: 190.083, comm[1]: 1771.286, comm[2]: 190.198, force: 2873.377, rev_comm[0]: 186.419, rev_comm[1]: 1794.959, rev_comm[2]: 212.276, inte[1]: 139.090
[Rank 99] inte[0]: 204.969, comm[0]: 198.590, comm[1]: 1778.732, comm[2]: 196.231, force: 2863.118, rev_comm[0]: 192.812, rev_comm[1]: 1797.537, rev_comm[2]: 220.688, inte[1]: 139.255
[Rank 100] inte[0]: 205.192, comm[0]: 204.511, comm[1]: 1732.882, comm[2]: 203.329, force: 2884.981, rev_comm[0]: 194.874, rev_comm[1]: 1760.106, rev_comm[2]: 223.444, inte[1]: 140.050
[Rank 101] inte[0]: 204.490, comm[0]: 192.522, comm[1]: 1746.366, comm[2]: 195.410, force: 2862.032, rev_comm[0]: 188.860, rev_comm[1]: 1768.111, rev_comm[2]: 215.968, inte[1]: 138.132
[Rank 102] inte[0]: 204.241, comm[0]: 207.998, comm[1]: 1738.938, comm[2]: 207.923, force: 2838.817, rev_comm[0]: 201.053, rev_comm[1]: 1757.806, rev_comm[2]: 227.500, inte[1]: 139.087
[Rank 103] inte[0]: 204.308, comm[0]: 202.938, comm[1]: 1747.953, comm[2]: 205.247, force: 2867.148, rev_comm[0]: 198.071, rev_comm[1]: 1769.334, rev_comm[2]: 226.873, inte[1]: 139.197
[Rank 104] inte[0]: 203.183, comm[0]: 187.738, comm[1]: 1768.105, comm[2]: 188.845, force: 2871.462, rev_comm[0]: 183.997, rev_comm[1]: 1780.816, rev_comm[2]: 211.912, inte[1]: 138.683
[Rank 105] inte[0]: 204.686, comm[0]: 211.120, comm[1]: 1775.268, comm[2]: 208.494, force: 2841.222, rev_comm[0]: 202.962, rev_comm[1]: 1782.335, rev_comm[2]: 231.162, inte[1]: 139.514
[Rank 106] inte[0]: 206.202, comm[0]: 209.110, comm[1]: 1798.763, comm[2]: 206.770, force: 2860.359, rev_comm[0]: 202.594, rev_comm[1]: 1809.389, rev_comm[2]: 228.897, inte[1]: 140.419
[Rank 107] inte[0]: 205.397, comm[0]: 195.837, comm[1]: 1798.448, comm[2]: 193.695, force: 2851.712, rev_comm[0]: 189.966, rev_comm[1]: 1814.584, rev_comm[2]: 215.523, inte[1]: 138.526
[Rank 108] inte[0]: 204.938, comm[0]: 205.026, comm[1]: 1793.474, comm[2]: 206.836, force: 2893.999, rev_comm[0]: 198.968, rev_comm[1]: 1799.611, rev_comm[2]: 230.502, inte[1]: 139.800
[Rank 109] inte[0]: 204.286, comm[0]: 200.432, comm[1]: 1774.357, comm[2]: 200.033, force: 2827.861, rev_comm[0]: 197.335, rev_comm[1]: 1782.199, rev_comm[2]: 223.627, inte[1]: 139.507
[Rank 110] inte[0]: 203.051, comm[0]: 189.347, comm[1]: 1799.452, comm[2]: 189.489, force: 2814.832, rev_comm[0]: 186.667, rev_comm[1]: 1819.810, rev_comm[2]: 212.449, inte[1]: 138.367
[Rank 111] inte[0]: 204.918, comm[0]: 202.626, comm[1]: 1798.784, comm[2]: 200.863, force: 2832.541, rev_comm[0]: 196.494, rev_comm[1]: 1817.957, rev_comm[2]: 222.641, inte[1]: 139.807
[Rank 112] inte[0]: 205.826, comm[0]: 203.410, comm[1]: 2017.623, comm[2]: 203.125, force: 2859.418, rev_comm[0]: 195.691, rev_comm[1]: 2035.459, rev_comm[2]: 222.097, inte[1]: 139.586
[Rank 113] inte[0]: 202.867, comm[0]: 192.683, comm[1]: 2015.615, comm[2]: 191.983, force: 2863.620, rev_comm[0]: 187.238, rev_comm[1]: 2033.036, rev_comm[2]: 214.202, inte[1]: 138.197
[Rank 114] inte[0]: 205.514, comm[0]: 211.436, comm[1]: 1727.994, comm[2]: 210.129, force: 2837.656, rev_comm[0]: 206.334, rev_comm[1]: 1722.168, rev_comm[2]: 230.855, inte[1]: 139.155
[Rank 115] inte[0]: 206.155, comm[0]: 208.333, comm[1]: 1726.383, comm[2]: 210.117, force: 2904.838, rev_comm[0]: 204.871, rev_comm[1]: 1717.414, rev_comm[2]: 230.787, inte[1]: 139.799
[Rank 116] inte[0]: 204.357, comm[0]: 190.593, comm[1]: 1682.260, comm[2]: 191.054, force: 2865.708, rev_comm[0]: 186.592, rev_comm[1]: 1731.188, rev_comm[2]: 212.831, inte[1]: 138.556
[Rank 117] inte[0]: 204.897, comm[0]: 201.140, comm[1]: 1685.471, comm[2]: 200.915, force: 2824.845, rev_comm[0]: 194.274, rev_comm[1]: 1735.599, rev_comm[2]: 224.061, inte[1]: 139.289
[Rank 118] inte[0]: 204.955, comm[0]: 203.317, comm[1]: 1519.175, comm[2]: 202.490, force: 2861.236, rev_comm[0]: 196.834, rev_comm[1]: 1542.419, rev_comm[2]: 224.908, inte[1]: 139.016
[Rank 119] inte[0]: 204.345, comm[0]: 194.481, comm[1]: 1533.636, comm[2]: 194.131, force: 2838.555, rev_comm[0]: 188.112, rev_comm[1]: 1560.268, rev_comm[2]: 215.966, inte[1]: 138.564
[Rank 120] inte[0]: 204.184, comm[0]: 207.798, comm[1]: 1557.164, comm[2]: 209.256, force: 2835.922, rev_comm[0]: 202.462, rev_comm[1]: 1566.828, rev_comm[2]: 232.383, inte[1]: 139.392
[Rank 121] inte[0]: 204.925, comm[0]: 209.861, comm[1]: 1546.092, comm[2]: 208.615, force: 2835.854, rev_comm[0]: 203.832, rev_comm[1]: 1549.935, rev_comm[2]: 228.837, inte[1]: 139.969
[Rank 122] inte[0]: 205.241, comm[0]: 194.628, comm[1]: 1559.332, comm[2]: 193.511, force: 2856.633, rev_comm[0]: 189.974, rev_comm[1]: 1571.883, rev_comm[2]: 217.125, inte[1]: 139.254
[Rank 123] inte[0]: 205.174, comm[0]: 199.255, comm[1]: 1557.050, comm[2]: 196.733, force: 2897.504, rev_comm[0]: 192.862, rev_comm[1]: 1573.608, rev_comm[2]: 219.868, inte[1]: 140.472
[Rank 124] inte[0]: 205.631, comm[0]: 203.890, comm[1]: 1964.489, comm[2]: 202.806, force: 2866.891, rev_comm[0]: 194.580, rev_comm[1]: 1952.679, rev_comm[2]: 221.688, inte[1]: 140.050
[Rank 125] inte[0]: 202.471, comm[0]: 192.993, comm[1]: 1963.704, comm[2]: 193.575, force: 2869.991, rev_comm[0]: 187.059, rev_comm[1]: 1951.957, rev_comm[2]: 213.972, inte[1]: 138.723
[Rank 126] inte[0]: 206.716, comm[0]: 209.895, comm[1]: 1733.020, comm[2]: 212.769, force: 2866.483, rev_comm[0]: 205.836, rev_comm[1]: 1744.887, rev_comm[2]: 235.096, inte[1]: 140.162
[Rank 127] inte[0]: 204.349, comm[0]: 208.396, comm[1]: 1705.096, comm[2]: 207.538, force: 2877.841, rev_comm[0]: 201.710, rev_comm[1]: 1733.896, rev_comm[2]: 232.049, inte[1]: 139.558
[Max rank 112] inte[0]: 205.826, comm[0]: 203.410, comm[1]: 2017.623, comm[2]: 203.125, force: 2859.418, rev_comm[0]: 195.691, rev_comm[1]: 2035.459, rev_comm[2]: 222.097, inte[1]: 139.586


# Performance Summary:
# MPI_proc OMP_threads nsteps natoms t_total t_force t_neigh t_comm t_other performance perf/thread grep_string t_extra
128 1 100 134217728 0.855138 0.290653 0.000000 0.527680 0.036805 15695453318.916208 122620729.054033 PERF_SUMMARY 0.000000


