[Rank 252] xlo: 752.459094, xhi: 859.953250, ylo: 752.459094, yhi: 859.953250, zlo: 0.000000, zhi: 107.494156
[Rank 139] xlo: 429.976625, xhi: 537.470781, ylo: 214.988312, yhi: 322.482469, zlo: 322.482469, zhi: 429.976625
[Rank 255] xlo: 752.459094, xhi: 859.953250, ylo: 752.459094, yhi: 859.953250, zlo: 322.482469, zhi: 429.976625
[Rank 254] xlo: 752.459094, xhi: 859.953250, ylo: 752.459094, yhi: 859.953250, zlo: 214.988312, zhi: 322.482469
[Rank 253] xlo: 752.459094, xhi: 859.953250, ylo: 752.459094, yhi: 859.953250, zlo: 107.494156, zhi: 214.988312
[Rank 138] xlo: 429.976625, xhi: 537.470781, ylo: 214.988312, yhi: 322.482469, zlo: 214.988312, zhi: 322.482469
[Rank 136] xlo: 429.976625, xhi: 537.470781, ylo: 214.988312, yhi: 322.482469, zlo: 0.000000, zhi: 107.494156
[Rank 137] xlo: 429.976625, xhi: 537.470781, ylo: 214.988312, yhi: 322.482469, zlo: 107.494156, zhi: 214.988312
[Rank 234] xlo: 752.459094, xhi: 859.953250, ylo: 214.988312, yhi: 322.482469, zlo: 214.988312, zhi: 322.482469
[Rank 235] xlo: 752.459094, xhi: 859.953250, ylo: 214.988312, yhi: 322.482469, zlo: 322.482469, zhi: 429.976625
[Rank 223] xlo: 644.964937, xhi: 752.459094, ylo: 752.459094, yhi: 859.953250, zlo: 322.482469, zhi: 429.976625
[Rank 220] xlo: 644.964937, xhi: 752.459094, ylo: 752.459094, yhi: 859.953250, zlo: 0.000000, zhi: 107.494156
[Rank 222] xlo: 644.964937, xhi: 752.459094, ylo: 752.459094, yhi: 859.953250, zlo: 214.988312, zhi: 322.482469
[Rank 233] xlo: 752.459094, xhi: 859.953250, ylo: 214.988312, yhi: 322.482469, zlo: 107.494156, zhi: 214.988312
[Rank 175] xlo: 537.470781, xhi: 644.964937, ylo: 322.482469, yhi: 429.976625, zlo: 322.482469, zhi: 429.976625
[Rank 232] xlo: 752.459094, xhi: 859.953250, ylo: 214.988312, yhi: 322.482469, zlo: 0.000000, zhi: 107.494156
[Rank 126] xlo: 322.482469, xhi: 429.976625, ylo: 752.459094, yhi: 859.953250, zlo: 214.988312, zhi: 322.482469
[Rank 127] xlo: 322.482469, xhi: 429.976625, ylo: 752.459094, yhi: 859.953250, zlo: 322.482469, zhi: 429.976625
[Rank 102] xlo: 322.482469, xhi: 429.976625, ylo: 107.494156, yhi: 214.988312, zlo: 214.988312, zhi: 322.482469
[Rank 211] xlo: 644.964937, xhi: 752.459094, ylo: 429.976625, yhi: 537.470781, zlo: 322.482469, zhi: 429.976625
[Rank 103] xlo: 322.482469, xhi: 429.976625, ylo: 107.494156, yhi: 214.988312, zlo: 322.482469, zhi: 429.976625
[Rank 125] xlo: 322.482469, xhi: 429.976625, ylo: 752.459094, yhi: 859.953250, zlo: 107.494156, zhi: 214.988312
[Rank 19] xlo: 0.000000, xhi: 107.494156, ylo: 429.976625, yhi: 537.470781, zlo: 322.482469, zhi: 429.976625
[Rank 204] xlo: 644.964937, xhi: 752.459094, ylo: 322.482469, yhi: 429.976625, zlo: 0.000000, zhi: 107.494156
[Rank 85] xlo: 214.988312, xhi: 322.482469, ylo: 537.470781, yhi: 644.964937, zlo: 107.494156, zhi: 214.988312
[Rank 84] xlo: 214.988312, xhi: 322.482469, ylo: 537.470781, yhi: 644.964937, zlo: 0.000000, zhi: 107.494156
[Rank 241] xlo: 752.459094, xhi: 859.953250, ylo: 429.976625, yhi: 537.470781, zlo: 107.494156, zhi: 214.988312
[Rank 237] xlo: 752.459094, xhi: 859.953250, ylo: 322.482469, yhi: 429.976625, zlo: 107.494156, zhi: 214.988312
[Rank 221] xlo: 644.964937, xhi: 752.459094, ylo: 752.459094, yhi: 859.953250, zlo: 107.494156, zhi: 214.988312
[Rank 197] xlo: 644.964937, xhi: 752.459094, ylo: 107.494156, yhi: 214.988312, zlo: 107.494156, zhi: 214.988312
[Rank 115] xlo: 322.482469, xhi: 429.976625, ylo: 429.976625, yhi: 537.470781, zlo: 322.482469, zhi: 429.976625
[Rank 196] xlo: 644.964937, xhi: 752.459094, ylo: 107.494156, yhi: 214.988312, zlo: 0.000000, zhi: 107.494156
[Rank 49] xlo: 107.494156, xhi: 214.988312, ylo: 429.976625, yhi: 537.470781, zlo: 107.494156, zhi: 214.988312
[Rank 199] xlo: 644.964937, xhi: 752.459094, ylo: 107.494156, yhi: 214.988312, zlo: 322.482469, zhi: 429.976625
[Rank 101] xlo: 322.482469, xhi: 429.976625, ylo: 107.494156, yhi: 214.988312, zlo: 107.494156, zhi: 214.988312
[Rank 79] xlo: 214.988312, xhi: 322.482469, ylo: 322.482469, yhi: 429.976625, zlo: 322.482469, zhi: 429.976625
[Rank 100] xlo: 322.482469, xhi: 429.976625, ylo: 107.494156, yhi: 214.988312, zlo: 0.000000, zhi: 107.494156
[Rank 6] xlo: 0.000000, xhi: 107.494156, ylo: 107.494156, yhi: 214.988312, zlo: 214.988312, zhi: 322.482469
[Rank 7] xlo: 0.000000, xhi: 107.494156, ylo: 107.494156, yhi: 214.988312, zlo: 322.482469, zhi: 429.976625
[Rank 174] xlo: 537.470781, xhi: 644.964937, ylo: 322.482469, yhi: 429.976625, zlo: 214.988312, zhi: 322.482469
[Rank 124] xlo: 322.482469, xhi: 429.976625, ylo: 752.459094, yhi: 859.953250, zlo: 0.000000, zhi: 107.494156
[Rank 86] xlo: 214.988312, xhi: 322.482469, ylo: 537.470781, yhi: 644.964937, zlo: 214.988312, zhi: 322.482469
[Rank 91] xlo: 214.988312, xhi: 322.482469, ylo: 644.964937, yhi: 752.459094, zlo: 322.482469, zhi: 429.976625
[Rank 46] xlo: 107.494156, xhi: 214.988312, ylo: 322.482469, yhi: 429.976625, zlo: 214.988312, zhi: 322.482469
[Rank 198] xlo: 644.964937, xhi: 752.459094, ylo: 107.494156, yhi: 214.988312, zlo: 214.988312, zhi: 322.482469
[Rank 25] xlo: 0.000000, xhi: 107.494156, ylo: 644.964937, yhi: 752.459094, zlo: 107.494156, zhi: 214.988312
[Rank 87] xlo: 214.988312, xhi: 322.482469, ylo: 537.470781, yhi: 644.964937, zlo: 322.482469, zhi: 429.976625
[Rank 54] xlo: 107.494156, xhi: 214.988312, ylo: 537.470781, yhi: 644.964937, zlo: 214.988312, zhi: 322.482469
[Rank 229] xlo: 752.459094, xhi: 859.953250, ylo: 107.494156, yhi: 214.988312, zlo: 107.494156, zhi: 214.988312
[Rank 55] xlo: 107.494156, xhi: 214.988312, ylo: 537.470781, yhi: 644.964937, zlo: 322.482469, zhi: 429.976625
[Rank 169] xlo: 537.470781, xhi: 644.964937, ylo: 214.988312, yhi: 322.482469, zlo: 107.494156, zhi: 214.988312
[Rank 228] xlo: 752.459094, xhi: 859.953250, ylo: 107.494156, yhi: 214.988312, zlo: 0.000000, zhi: 107.494156
[Rank 168] xlo: 537.470781, xhi: 644.964937, ylo: 214.988312, yhi: 322.482469, zlo: 0.000000, zhi: 107.494156
[Rank 133] xlo: 429.976625, xhi: 537.470781, ylo: 107.494156, yhi: 214.988312, zlo: 107.494156, zhi: 214.988312
[Rank 132] xlo: 429.976625, xhi: 537.470781, ylo: 107.494156, yhi: 214.988312, zlo: 0.000000, zhi: 107.494156
[Rank 180] xlo: 537.470781, xhi: 644.964937, ylo: 537.470781, yhi: 644.964937, zlo: 0.000000, zhi: 107.494156
[Rank 18] xlo: 0.000000, xhi: 107.494156, ylo: 429.976625, yhi: 537.470781, zlo: 214.988312, zhi: 322.482469
[Rank 246] xlo: 752.459094, xhi: 859.953250, ylo: 537.470781, yhi: 644.964937, zlo: 214.988312, zhi: 322.482469
[Rank 22] xlo: 0.000000, xhi: 107.494156, ylo: 537.470781, yhi: 644.964937, zlo: 214.988312, zhi: 322.482469
[Rank 31] xlo: 0.000000, xhi: 107.494156, ylo: 752.459094, yhi: 859.953250, zlo: 322.482469, zhi: 429.976625
[Rank 170] xlo: 537.470781, xhi: 644.964937, ylo: 214.988312, yhi: 322.482469, zlo: 214.988312, zhi: 322.482469
[Rank 171] xlo: 537.470781, xhi: 644.964937, ylo: 214.988312, yhi: 322.482469, zlo: 322.482469, zhi: 429.976625
[Rank 247] xlo: 752.459094, xhi: 859.953250, ylo: 537.470781, yhi: 644.964937, zlo: 322.482469, zhi: 429.976625
[Rank 183] xlo: 537.470781, xhi: 644.964937, ylo: 537.470781, yhi: 644.964937, zlo: 322.482469, zhi: 429.976625
[Rank 81] xlo: 214.988312, xhi: 322.482469, ylo: 429.976625, yhi: 537.470781, zlo: 107.494156, zhi: 214.988312
[Rank 207] xlo: 644.964937, xhi: 752.459094, ylo: 322.482469, yhi: 429.976625, zlo: 322.482469, zhi: 429.976625
[Rank 176] xlo: 537.470781, xhi: 644.964937, ylo: 429.976625, yhi: 537.470781, zlo: 0.000000, zhi: 107.494156
[Rank 182] xlo: 537.470781, xhi: 644.964937, ylo: 537.470781, yhi: 644.964937, zlo: 214.988312, zhi: 322.482469
[Rank 231] xlo: 752.459094, xhi: 859.953250, ylo: 107.494156, yhi: 214.988312, zlo: 322.482469, zhi: 429.976625
[Rank 181] xlo: 537.470781, xhi: 644.964937, ylo: 537.470781, yhi: 644.964937, zlo: 107.494156, zhi: 214.988312
[Rank 230] xlo: 752.459094, xhi: 859.953250, ylo: 107.494156, yhi: 214.988312, zlo: 214.988312, zhi: 322.482469
[Rank 90] xlo: 214.988312, xhi: 322.482469, ylo: 644.964937, yhi: 752.459094, zlo: 214.988312, zhi: 322.482469
[Rank 172] xlo: 537.470781, xhi: 644.964937, ylo: 322.482469, yhi: 429.976625, zlo: 0.000000, zhi: 107.494156
[Rank 105] xlo: 322.482469, xhi: 429.976625, ylo: 214.988312, yhi: 322.482469, zlo: 107.494156, zhi: 214.988312
[Rank 134] xlo: 429.976625, xhi: 537.470781, ylo: 107.494156, yhi: 214.988312, zlo: 214.988312, zhi: 322.482469
[Rank 106] xlo: 322.482469, xhi: 429.976625, ylo: 214.988312, yhi: 322.482469, zlo: 214.988312, zhi: 322.482469
[Rank 135] xlo: 429.976625, xhi: 537.470781, ylo: 107.494156, yhi: 214.988312, zlo: 322.482469, zhi: 429.976625
[Rank 173] xlo: 537.470781, xhi: 644.964937, ylo: 322.482469, yhi: 429.976625, zlo: 107.494156, zhi: 214.988312
[Rank 143] xlo: 429.976625, xhi: 537.470781, ylo: 322.482469, yhi: 429.976625, zlo: 322.482469, zhi: 429.976625
[Rank 206] xlo: 644.964937, xhi: 752.459094, ylo: 322.482469, yhi: 429.976625, zlo: 214.988312, zhi: 322.482469
[Rank 140] xlo: 429.976625, xhi: 537.470781, ylo: 322.482469, yhi: 429.976625, zlo: 0.000000, zhi: 107.494156
[Rank 108] xlo: 322.482469, xhi: 429.976625, ylo: 322.482469, yhi: 429.976625, zlo: 0.000000, zhi: 107.494156
[Rank 205] xlo: 644.964937, xhi: 752.459094, ylo: 322.482469, yhi: 429.976625, zlo: 107.494156, zhi: 214.988312
[Rank 47] xlo: 107.494156, xhi: 214.988312, ylo: 322.482469, yhi: 429.976625, zlo: 322.482469, zhi: 429.976625
[Rank 75] xlo: 214.988312, xhi: 322.482469, ylo: 214.988312, yhi: 322.482469, zlo: 322.482469, zhi: 429.976625
[Rank 240] xlo: 752.459094, xhi: 859.953250, ylo: 429.976625, yhi: 537.470781, zlo: 0.000000, zhi: 107.494156
[Rank 236] xlo: 752.459094, xhi: 859.953250, ylo: 322.482469, yhi: 429.976625, zlo: 0.000000, zhi: 107.494156
[Rank 74] xlo: 214.988312, xhi: 322.482469, ylo: 214.988312, yhi: 322.482469, zlo: 214.988312, zhi: 322.482469
[Rank 111] xlo: 322.482469, xhi: 429.976625, ylo: 322.482469, yhi: 429.976625, zlo: 322.482469, zhi: 429.976625
[Rank 239] xlo: 752.459094, xhi: 859.953250, ylo: 322.482469, yhi: 429.976625, zlo: 322.482469, zhi: 429.976625
[Rank 208] xlo: 644.964937, xhi: 752.459094, ylo: 429.976625, yhi: 537.470781, zlo: 0.000000, zhi: 107.494156
[Rank 242] xlo: 752.459094, xhi: 859.953250, ylo: 429.976625, yhi: 537.470781, zlo: 214.988312, zhi: 322.482469
[Rank 73] xlo: 214.988312, xhi: 322.482469, ylo: 214.988312, yhi: 322.482469, zlo: 107.494156, zhi: 214.988312
[Rank 209] xlo: 644.964937, xhi: 752.459094, ylo: 429.976625, yhi: 537.470781, zlo: 107.494156, zhi: 214.988312
[Rank 243] xlo: 752.459094, xhi: 859.953250, ylo: 429.976625, yhi: 537.470781, zlo: 322.482469, zhi: 429.976625
[Rank 50] xlo: 107.494156, xhi: 214.988312, ylo: 429.976625, yhi: 537.470781, zlo: 214.988312, zhi: 322.482469
[Rank 104] xlo: 322.482469, xhi: 429.976625, ylo: 214.988312, yhi: 322.482469, zlo: 0.000000, zhi: 107.494156
[Rank 107] xlo: 322.482469, xhi: 429.976625, ylo: 214.988312, yhi: 322.482469, zlo: 322.482469, zhi: 429.976625
[Rank 141] xlo: 429.976625, xhi: 537.470781, ylo: 322.482469, yhi: 429.976625, zlo: 107.494156, zhi: 214.988312
[Rank 142] xlo: 429.976625, xhi: 537.470781, ylo: 322.482469, yhi: 429.976625, zlo: 214.988312, zhi: 322.482469
[Rank 72] xlo: 214.988312, xhi: 322.482469, ylo: 214.988312, yhi: 322.482469, zlo: 0.000000, zhi: 107.494156
[Rank 112] xlo: 322.482469, xhi: 429.976625, ylo: 429.976625, yhi: 537.470781, zlo: 0.000000, zhi: 107.494156
[Rank 113] xlo: 322.482469, xhi: 429.976625, ylo: 429.976625, yhi: 537.470781, zlo: 107.494156, zhi: 214.988312
[Rank 116] xlo: 322.482469, xhi: 429.976625, ylo: 537.470781, yhi: 644.964937, zlo: 0.000000, zhi: 107.494156
[Rank 218] xlo: 644.964937, xhi: 752.459094, ylo: 644.964937, yhi: 752.459094, zlo: 214.988312, zhi: 322.482469
[Rank 114] xlo: 322.482469, xhi: 429.976625, ylo: 429.976625, yhi: 537.470781, zlo: 214.988312, zhi: 322.482469
[Rank 219] xlo: 644.964937, xhi: 752.459094, ylo: 644.964937, yhi: 752.459094, zlo: 322.482469, zhi: 429.976625
[Rank 53] xlo: 107.494156, xhi: 214.988312, ylo: 537.470781, yhi: 644.964937, zlo: 107.494156, zhi: 214.988312
[Rank 224] xlo: 752.459094, xhi: 859.953250, ylo: 0.000000, yhi: 107.494156, zlo: 0.000000, zhi: 107.494156
[Rank 48] xlo: 107.494156, xhi: 214.988312, ylo: 429.976625, yhi: 537.470781, zlo: 0.000000, zhi: 107.494156
[Rank 194] xlo: 644.964937, xhi: 752.459094, ylo: 0.000000, yhi: 107.494156, zlo: 214.988312, zhi: 322.482469
[Rank 238] xlo: 752.459094, xhi: 859.953250, ylo: 322.482469, yhi: 429.976625, zlo: 214.988312, zhi: 322.482469
[Rank 225] xlo: 752.459094, xhi: 859.953250, ylo: 0.000000, yhi: 107.494156, zlo: 107.494156, zhi: 214.988312
[Rank 195] xlo: 644.964937, xhi: 752.459094, ylo: 0.000000, yhi: 107.494156, zlo: 322.482469, zhi: 429.976625
[Rank 212] xlo: 644.964937, xhi: 752.459094, ylo: 537.470781, yhi: 644.964937, zlo: 0.000000, zhi: 107.494156
[Rank 245] xlo: 752.459094, xhi: 859.953250, ylo: 537.470781, yhi: 644.964937, zlo: 107.494156, zhi: 214.988312
[Rank 77] xlo: 214.988312, xhi: 322.482469, ylo: 322.482469, yhi: 429.976625, zlo: 107.494156, zhi: 214.988312
[Rank 119] xlo: 322.482469, xhi: 429.976625, ylo: 537.470781, yhi: 644.964937, zlo: 322.482469, zhi: 429.976625
[Rank 210] xlo: 644.964937, xhi: 752.459094, ylo: 429.976625, yhi: 537.470781, zlo: 214.988312, zhi: 322.482469
[Rank 5] xlo: 0.000000, xhi: 107.494156, ylo: 107.494156, yhi: 214.988312, zlo: 107.494156, zhi: 214.988312
[Rank 244] xlo: 752.459094, xhi: 859.953250, ylo: 537.470781, yhi: 644.964937, zlo: 0.000000, zhi: 107.494156
[Rank 76] xlo: 214.988312, xhi: 322.482469, ylo: 322.482469, yhi: 429.976625, zlo: 0.000000, zhi: 107.494156
[Rank 109] xlo: 322.482469, xhi: 429.976625, ylo: 322.482469, yhi: 429.976625, zlo: 107.494156, zhi: 214.988312
[Rank 110] xlo: 322.482469, xhi: 429.976625, ylo: 322.482469, yhi: 429.976625, zlo: 214.988312, zhi: 322.482469
[Rank 217] xlo: 644.964937, xhi: 752.459094, ylo: 644.964937, yhi: 752.459094, zlo: 107.494156, zhi: 214.988312
[Rank 179] xlo: 537.470781, xhi: 644.964937, ylo: 429.976625, yhi: 537.470781, zlo: 322.482469, zhi: 429.976625
[Rank 78] xlo: 214.988312, xhi: 322.482469, ylo: 322.482469, yhi: 429.976625, zlo: 214.988312, zhi: 322.482469
[Rank 215] xlo: 644.964937, xhi: 752.459094, ylo: 537.470781, yhi: 644.964937, zlo: 322.482469, zhi: 429.976625
[Rank 4] xlo: 0.000000, xhi: 107.494156, ylo: 107.494156, yhi: 214.988312, zlo: 0.000000, zhi: 107.494156
[Rank 80] xlo: 214.988312, xhi: 322.482469, ylo: 429.976625, yhi: 537.470781, zlo: 0.000000, zhi: 107.494156
[Rank 178] xlo: 537.470781, xhi: 644.964937, ylo: 429.976625, yhi: 537.470781, zlo: 214.988312, zhi: 322.482469
[Rank 98] xlo: 322.482469, xhi: 429.976625, ylo: 0.000000, yhi: 107.494156, zlo: 214.988312, zhi: 322.482469
[Rank 216] xlo: 644.964937, xhi: 752.459094, ylo: 644.964937, yhi: 752.459094, zlo: 0.000000, zhi: 107.494156
[Rank 122] xlo: 322.482469, xhi: 429.976625, ylo: 644.964937, yhi: 752.459094, zlo: 214.988312, zhi: 322.482469
[Rank 13] xlo: 0.000000, xhi: 107.494156, ylo: 322.482469, yhi: 429.976625, zlo: 107.494156, zhi: 214.988312
[Rank 51] xlo: 107.494156, xhi: 214.988312, ylo: 429.976625, yhi: 537.470781, zlo: 322.482469, zhi: 429.976625
[Rank 52] xlo: 107.494156, xhi: 214.988312, ylo: 537.470781, yhi: 644.964937, zlo: 0.000000, zhi: 107.494156
[Rank 123] xlo: 322.482469, xhi: 429.976625, ylo: 644.964937, yhi: 752.459094, zlo: 322.482469, zhi: 429.976625
[Rank 99] xlo: 322.482469, xhi: 429.976625, ylo: 0.000000, yhi: 107.494156, zlo: 322.482469, zhi: 429.976625
[Rank 83] xlo: 214.988312, xhi: 322.482469, ylo: 429.976625, yhi: 537.470781, zlo: 322.482469, zhi: 429.976625
[Rank 227] xlo: 752.459094, xhi: 859.953250, ylo: 0.000000, yhi: 107.494156, zlo: 322.482469, zhi: 429.976625
[Rank 226] xlo: 752.459094, xhi: 859.953250, ylo: 0.000000, yhi: 107.494156, zlo: 214.988312, zhi: 322.482469
[Rank 14] xlo: 0.000000, xhi: 107.494156, ylo: 322.482469, yhi: 429.976625, zlo: 214.988312, zhi: 322.482469
[Rank 2] xlo: 0.000000, xhi: 107.494156, ylo: 0.000000, yhi: 107.494156, zlo: 214.988312, zhi: 322.482469
[Rank 157] xlo: 429.976625, xhi: 537.470781, ylo: 752.459094, yhi: 859.953250, zlo: 107.494156, zhi: 214.988312
[Rank 3] xlo: 0.000000, xhi: 107.494156, ylo: 0.000000, yhi: 107.494156, zlo: 322.482469, zhi: 429.976625
[Rank 177] xlo: 537.470781, xhi: 644.964937, ylo: 429.976625, yhi: 537.470781, zlo: 107.494156, zhi: 214.988312
[Rank 192] xlo: 644.964937, xhi: 752.459094, ylo: 0.000000, yhi: 107.494156, zlo: 0.000000, zhi: 107.494156
[Rank 44] xlo: 107.494156, xhi: 214.988312, ylo: 322.482469, yhi: 429.976625, zlo: 0.000000, zhi: 107.494156
[Rank 117] xlo: 322.482469, xhi: 429.976625, ylo: 537.470781, yhi: 644.964937, zlo: 107.494156, zhi: 214.988312
[Rank 193] xlo: 644.964937, xhi: 752.459094, ylo: 0.000000, yhi: 107.494156, zlo: 107.494156, zhi: 214.988312
[Rank 45] xlo: 107.494156, xhi: 214.988312, ylo: 322.482469, yhi: 429.976625, zlo: 107.494156, zhi: 214.988312
[Rank 118] xlo: 322.482469, xhi: 429.976625, ylo: 537.470781, yhi: 644.964937, zlo: 214.988312, zhi: 322.482469
[Rank 16] xlo: 0.000000, xhi: 107.494156, ylo: 429.976625, yhi: 537.470781, zlo: 0.000000, zhi: 107.494156
[Rank 120] xlo: 322.482469, xhi: 429.976625, ylo: 644.964937, yhi: 752.459094, zlo: 0.000000, zhi: 107.494156
[Rank 17] xlo: 0.000000, xhi: 107.494156, ylo: 429.976625, yhi: 537.470781, zlo: 107.494156, zhi: 214.988312
[Rank 82] xlo: 214.988312, xhi: 322.482469, ylo: 429.976625, yhi: 537.470781, zlo: 214.988312, zhi: 322.482469
[Rank 21] xlo: 0.000000, xhi: 107.494156, ylo: 537.470781, yhi: 644.964937, zlo: 107.494156, zhi: 214.988312
[Rank 203] xlo: 644.964937, xhi: 752.459094, ylo: 214.988312, yhi: 322.482469, zlo: 322.482469, zhi: 429.976625
[Rank 202] xlo: 644.964937, xhi: 752.459094, ylo: 214.988312, yhi: 322.482469, zlo: 214.988312, zhi: 322.482469
[Rank 156] xlo: 429.976625, xhi: 537.470781, ylo: 752.459094, yhi: 859.953250, zlo: 0.000000, zhi: 107.494156
[Rank 213] xlo: 644.964937, xhi: 752.459094, ylo: 537.470781, yhi: 644.964937, zlo: 107.494156, zhi: 214.988312
[Rank 121] xlo: 322.482469, xhi: 429.976625, ylo: 644.964937, yhi: 752.459094, zlo: 107.494156, zhi: 214.988312
[Rank 43] xlo: 107.494156, xhi: 214.988312, ylo: 214.988312, yhi: 322.482469, zlo: 322.482469, zhi: 429.976625
[Rank 40] xlo: 107.494156, xhi: 214.988312, ylo: 214.988312, yhi: 322.482469, zlo: 0.000000, zhi: 107.494156
[Rank 41] xlo: 107.494156, xhi: 214.988312, ylo: 214.988312, yhi: 322.482469, zlo: 107.494156, zhi: 214.988312
[Rank 214] xlo: 644.964937, xhi: 752.459094, ylo: 537.470781, yhi: 644.964937, zlo: 214.988312, zhi: 322.482469
[Rank 70] xlo: 214.988312, xhi: 322.482469, ylo: 107.494156, yhi: 214.988312, zlo: 214.988312, zhi: 322.482469
[Rank 163] xlo: 537.470781, xhi: 644.964937, ylo: 0.000000, yhi: 107.494156, zlo: 322.482469, zhi: 429.976625
[Rank 30] xlo: 0.000000, xhi: 107.494156, ylo: 752.459094, yhi: 859.953250, zlo: 214.988312, zhi: 322.482469
[Rank 1] xlo: 0.000000, xhi: 107.494156, ylo: 0.000000, yhi: 107.494156, zlo: 107.494156, zhi: 214.988312
[Rank 249] xlo: 752.459094, xhi: 859.953250, ylo: 644.964937, yhi: 752.459094, zlo: 107.494156, zhi: 214.988312
[Rank 29] xlo: 0.000000, xhi: 107.494156, ylo: 752.459094, yhi: 859.953250, zlo: 107.494156, zhi: 214.988312
[Rank 33] xlo: 107.494156, xhi: 214.988312, ylo: 0.000000, yhi: 107.494156, zlo: 107.494156, zhi: 214.988312
# Create System:
[Rank 0] xlo: 0.000000, xhi: 107.494156, ylo: 0.000000, yhi: 107.494156, zlo: 0.000000, zhi: 107.494156
# Done .... 
# miniMD-Reference 1.2 (MPI+OpenMP) output ...
# Run Settings: 
	# MPI processes: 256
	# Host Threads: 1
	# Inputfile: in.lj.miniMD
	# Datafile: None
# Physics Settings: 
	# ForceStyle: LJ
	# Force Parameters: 1.00 1.00
	# Units: LJ
	# Atoms: 268435456
	# Atom types: 8
	# System size: 859.95 859.95 429.98 (unit cells: 512 512 256)
	# Density: 0.844200
	# Force cutoff: 2.500000
	# Timestep size: 0.005000
# Technical Settings: 
	# Neigh cutoff: 2.800000
	# Half neighborlists: 1
	# Team neighborlist construction: 0
	# Neighbor bins: 307 307 153
	# Neighbor frequency: 1000
	# Sorting frequency: 1000
	# Thermo frequency: 100
	# Ghost Newton: 1
	# Use intrinsics: 0
	# Do safe exchange: 0
	# Size of float: 8

[Rank 129] xlo: 429.976625, xhi: 537.470781, ylo: 0.000000, yhi: 107.494156, zlo: 107.494156, zhi: 214.988312
[Rank 28] xlo: 0.000000, xhi: 107.494156, ylo: 752.459094, yhi: 859.953250, zlo: 0.000000, zhi: 107.494156
[Rank 26] xlo: 0.000000, xhi: 107.494156, ylo: 644.964937, yhi: 752.459094, zlo: 214.988312, zhi: 322.482469
[Rank 187] xlo: 537.470781, xhi: 644.964937, ylo: 644.964937, yhi: 752.459094, zlo: 322.482469, zhi: 429.976625
[Rank 12] xlo: 0.000000, xhi: 107.494156, ylo: 322.482469, yhi: 429.976625, zlo: 0.000000, zhi: 107.494156
[Rank 128] xlo: 429.976625, xhi: 537.470781, ylo: 0.000000, yhi: 107.494156, zlo: 0.000000, zhi: 107.494156
[Rank 248] xlo: 752.459094, xhi: 859.953250, ylo: 644.964937, yhi: 752.459094, zlo: 0.000000, zhi: 107.494156
[Rank 32] xlo: 107.494156, xhi: 214.988312, ylo: 0.000000, yhi: 107.494156, zlo: 0.000000, zhi: 107.494156
[Rank 15] xlo: 0.000000, xhi: 107.494156, ylo: 322.482469, yhi: 429.976625, zlo: 322.482469, zhi: 429.976625
[Rank 10] xlo: 0.000000, xhi: 107.494156, ylo: 214.988312, yhi: 322.482469, zlo: 214.988312, zhi: 322.482469
[Rank 97] xlo: 322.482469, xhi: 429.976625, ylo: 0.000000, yhi: 107.494156, zlo: 107.494156, zhi: 214.988312
[Rank 42] xlo: 107.494156, xhi: 214.988312, ylo: 214.988312, yhi: 322.482469, zlo: 214.988312, zhi: 322.482469
[Rank 96] xlo: 322.482469, xhi: 429.976625, ylo: 0.000000, yhi: 107.494156, zlo: 0.000000, zhi: 107.494156
[Rank 20] xlo: 0.000000, xhi: 107.494156, ylo: 537.470781, yhi: 644.964937, zlo: 0.000000, zhi: 107.494156
[Rank 23] xlo: 0.000000, xhi: 107.494156, ylo: 537.470781, yhi: 644.964937, zlo: 322.482469, zhi: 429.976625
[Rank 145] xlo: 429.976625, xhi: 537.470781, ylo: 429.976625, yhi: 537.470781, zlo: 107.494156, zhi: 214.988312
[Rank 9] xlo: 0.000000, xhi: 107.494156, ylo: 214.988312, yhi: 322.482469, zlo: 107.494156, zhi: 214.988312
[Rank 201] xlo: 644.964937, xhi: 752.459094, ylo: 214.988312, yhi: 322.482469, zlo: 107.494156, zhi: 214.988312
[Rank 144] xlo: 429.976625, xhi: 537.470781, ylo: 429.976625, yhi: 537.470781, zlo: 0.000000, zhi: 107.494156
[Rank 200] xlo: 644.964937, xhi: 752.459094, ylo: 214.988312, yhi: 322.482469, zlo: 0.000000, zhi: 107.494156
[Rank 130] xlo: 429.976625, xhi: 537.470781, ylo: 0.000000, yhi: 107.494156, zlo: 214.988312, zhi: 322.482469
[Rank 131] xlo: 429.976625, xhi: 537.470781, ylo: 0.000000, yhi: 107.494156, zlo: 322.482469, zhi: 429.976625
[Rank 24] xlo: 0.000000, xhi: 107.494156, ylo: 644.964937, yhi: 752.459094, zlo: 0.000000, zhi: 107.494156
[Rank 89] xlo: 214.988312, xhi: 322.482469, ylo: 644.964937, yhi: 752.459094, zlo: 107.494156, zhi: 214.988312
[Rank 251] xlo: 752.459094, xhi: 859.953250, ylo: 644.964937, yhi: 752.459094, zlo: 322.482469, zhi: 429.976625
[Rank 88] xlo: 214.988312, xhi: 322.482469, ylo: 644.964937, yhi: 752.459094, zlo: 0.000000, zhi: 107.494156
[Rank 184] xlo: 537.470781, xhi: 644.964937, ylo: 644.964937, yhi: 752.459094, zlo: 0.000000, zhi: 107.494156
[Rank 250] xlo: 752.459094, xhi: 859.953250, ylo: 644.964937, yhi: 752.459094, zlo: 214.988312, zhi: 322.482469
[Rank 35] xlo: 107.494156, xhi: 214.988312, ylo: 0.000000, yhi: 107.494156, zlo: 322.482469, zhi: 429.976625
[Rank 34] xlo: 107.494156, xhi: 214.988312, ylo: 0.000000, yhi: 107.494156, zlo: 214.988312, zhi: 322.482469
[Rank 61] xlo: 107.494156, xhi: 214.988312, ylo: 752.459094, yhi: 859.953250, zlo: 107.494156, zhi: 214.988312
[Rank 62] xlo: 107.494156, xhi: 214.988312, ylo: 752.459094, yhi: 859.953250, zlo: 214.988312, zhi: 322.482469
[Rank 27] xlo: 0.000000, xhi: 107.494156, ylo: 644.964937, yhi: 752.459094, zlo: 322.482469, zhi: 429.976625
[Rank 8] xlo: 0.000000, xhi: 107.494156, ylo: 214.988312, yhi: 322.482469, zlo: 0.000000, zhi: 107.494156
[Rank 11] xlo: 0.000000, xhi: 107.494156, ylo: 214.988312, yhi: 322.482469, zlo: 322.482469, zhi: 429.976625
[Rank 60] xlo: 107.494156, xhi: 214.988312, ylo: 752.459094, yhi: 859.953250, zlo: 0.000000, zhi: 107.494156
[Rank 185] xlo: 537.470781, xhi: 644.964937, ylo: 644.964937, yhi: 752.459094, zlo: 107.494156, zhi: 214.988312
[Rank 63] xlo: 107.494156, xhi: 214.988312, ylo: 752.459094, yhi: 859.953250, zlo: 322.482469, zhi: 429.976625
[Rank 186] xlo: 537.470781, xhi: 644.964937, ylo: 644.964937, yhi: 752.459094, zlo: 214.988312, zhi: 322.482469
[Rank 65] xlo: 214.988312, xhi: 322.482469, ylo: 0.000000, yhi: 107.494156, zlo: 107.494156, zhi: 214.988312
[Rank 64] xlo: 214.988312, xhi: 322.482469, ylo: 0.000000, yhi: 107.494156, zlo: 0.000000, zhi: 107.494156
[Rank 146] xlo: 429.976625, xhi: 537.470781, ylo: 429.976625, yhi: 537.470781, zlo: 214.988312, zhi: 322.482469
[Rank 147] xlo: 429.976625, xhi: 537.470781, ylo: 429.976625, yhi: 537.470781, zlo: 322.482469, zhi: 429.976625
[Rank 152] xlo: 429.976625, xhi: 537.470781, ylo: 644.964937, yhi: 752.459094, zlo: 0.000000, zhi: 107.494156
[Rank 158] xlo: 429.976625, xhi: 537.470781, ylo: 752.459094, yhi: 859.953250, zlo: 214.988312, zhi: 322.482469
[Rank 159] xlo: 429.976625, xhi: 537.470781, ylo: 752.459094, yhi: 859.953250, zlo: 322.482469, zhi: 429.976625
[Rank 71] xlo: 214.988312, xhi: 322.482469, ylo: 107.494156, yhi: 214.988312, zlo: 322.482469, zhi: 429.976625
[Rank 155] xlo: 429.976625, xhi: 537.470781, ylo: 644.964937, yhi: 752.459094, zlo: 322.482469, zhi: 429.976625
[Rank 37] xlo: 107.494156, xhi: 214.988312, ylo: 107.494156, yhi: 214.988312, zlo: 107.494156, zhi: 214.988312
[Rank 161] xlo: 537.470781, xhi: 644.964937, ylo: 0.000000, yhi: 107.494156, zlo: 107.494156, zhi: 214.988312
[Rank 38] xlo: 107.494156, xhi: 214.988312, ylo: 107.494156, yhi: 214.988312, zlo: 214.988312, zhi: 322.482469
[Rank 66] xlo: 214.988312, xhi: 322.482469, ylo: 0.000000, yhi: 107.494156, zlo: 214.988312, zhi: 322.482469
[Rank 92] xlo: 214.988312, xhi: 322.482469, ylo: 752.459094, yhi: 859.953250, zlo: 0.000000, zhi: 107.494156
[Rank 160] xlo: 537.470781, xhi: 644.964937, ylo: 0.000000, yhi: 107.494156, zlo: 0.000000, zhi: 107.494156
[Rank 67] xlo: 214.988312, xhi: 322.482469, ylo: 0.000000, yhi: 107.494156, zlo: 322.482469, zhi: 429.976625
[Rank 95] xlo: 214.988312, xhi: 322.482469, ylo: 752.459094, yhi: 859.953250, zlo: 322.482469, zhi: 429.976625
[Rank 162] xlo: 537.470781, xhi: 644.964937, ylo: 0.000000, yhi: 107.494156, zlo: 214.988312, zhi: 322.482469
[Rank 68] xlo: 214.988312, xhi: 322.482469, ylo: 107.494156, yhi: 214.988312, zlo: 0.000000, zhi: 107.494156
[Rank 164] xlo: 537.470781, xhi: 644.964937, ylo: 107.494156, yhi: 214.988312, zlo: 0.000000, zhi: 107.494156
[Rank 167] xlo: 537.470781, xhi: 644.964937, ylo: 107.494156, yhi: 214.988312, zlo: 322.482469, zhi: 429.976625
[Rank 69] xlo: 214.988312, xhi: 322.482469, ylo: 107.494156, yhi: 214.988312, zlo: 107.494156, zhi: 214.988312
[Rank 36] xlo: 107.494156, xhi: 214.988312, ylo: 107.494156, yhi: 214.988312, zlo: 0.000000, zhi: 107.494156
[Rank 39] xlo: 107.494156, xhi: 214.988312, ylo: 107.494156, yhi: 214.988312, zlo: 322.482469, zhi: 429.976625
[Rank 151] xlo: 429.976625, xhi: 537.470781, ylo: 537.470781, yhi: 644.964937, zlo: 322.482469, zhi: 429.976625
[Rank 93] xlo: 214.988312, xhi: 322.482469, ylo: 752.459094, yhi: 859.953250, zlo: 107.494156, zhi: 214.988312
[Rank 94] xlo: 214.988312, xhi: 322.482469, ylo: 752.459094, yhi: 859.953250, zlo: 214.988312, zhi: 322.482469
[Rank 166] xlo: 537.470781, xhi: 644.964937, ylo: 107.494156, yhi: 214.988312, zlo: 214.988312, zhi: 322.482469
[Rank 165] xlo: 537.470781, xhi: 644.964937, ylo: 107.494156, yhi: 214.988312, zlo: 107.494156, zhi: 214.988312
[Rank 153] xlo: 429.976625, xhi: 537.470781, ylo: 644.964937, yhi: 752.459094, zlo: 107.494156, zhi: 214.988312
[Rank 154] xlo: 429.976625, xhi: 537.470781, ylo: 644.964937, yhi: 752.459094, zlo: 214.988312, zhi: 322.482469
[Rank 57] xlo: 107.494156, xhi: 214.988312, ylo: 644.964937, yhi: 752.459094, zlo: 107.494156, zhi: 214.988312
[Rank 58] xlo: 107.494156, xhi: 214.988312, ylo: 644.964937, yhi: 752.459094, zlo: 214.988312, zhi: 322.482469
[Rank 188] xlo: 537.470781, xhi: 644.964937, ylo: 752.459094, yhi: 859.953250, zlo: 0.000000, zhi: 107.494156
[Rank 150] xlo: 429.976625, xhi: 537.470781, ylo: 537.470781, yhi: 644.964937, zlo: 214.988312, zhi: 322.482469
[Rank 191] xlo: 537.470781, xhi: 644.964937, ylo: 752.459094, yhi: 859.953250, zlo: 322.482469, zhi: 429.976625
[Rank 59] xlo: 107.494156, xhi: 214.988312, ylo: 644.964937, yhi: 752.459094, zlo: 322.482469, zhi: 429.976625
[Rank 56] xlo: 107.494156, xhi: 214.988312, ylo: 644.964937, yhi: 752.459094, zlo: 0.000000, zhi: 107.494156
[Rank 189] xlo: 537.470781, xhi: 644.964937, ylo: 752.459094, yhi: 859.953250, zlo: 107.494156, zhi: 214.988312
[Rank 190] xlo: 537.470781, xhi: 644.964937, ylo: 752.459094, yhi: 859.953250, zlo: 214.988312, zhi: 322.482469
[Rank 148] xlo: 429.976625, xhi: 537.470781, ylo: 537.470781, yhi: 644.964937, zlo: 0.000000, zhi: 107.494156
[Rank 149] xlo: 429.976625, xhi: 537.470781, ylo: 537.470781, yhi: 644.964937, zlo: 107.494156, zhi: 214.988312
# Starting dynamics ...
# Timestep T U P Time
0 1.440000e+00 -6.773368e+00 -5.019669e+00  0.000
100 7.341298e-01 -5.721656e+00 4.609505e-01  0.940
[Atom] pack_comm: 600, unpack_comm: 600, pack_comm_self: 0, pack_reverse: 606, unpack_reverse: 606
[Rank 0] inte[0]: 205.145, comm[0]: 209.118, comm[1]: 1600.577, comm[2]: 212.588, force: 2981.255, rev_comm[0]: 205.407, rev_comm[1]: 1624.304, rev_comm[2]: 236.440, inte[1]: 141.538
[Rank 1] inte[0]: 205.002, comm[0]: 211.955, comm[1]: 1581.602, comm[2]: 211.880, force: 3001.523, rev_comm[0]: 205.154, rev_comm[1]: 1594.876, rev_comm[2]: 232.284, inte[1]: 142.179
[Rank 2] inte[0]: 203.870, comm[0]: 191.278, comm[1]: 1662.477, comm[2]: 194.087, force: 2931.335, rev_comm[0]: 188.404, rev_comm[1]: 1709.878, rev_comm[2]: 217.948, inte[1]: 140.415
[Rank 3] inte[0]: 204.156, comm[0]: 199.643, comm[1]: 1676.925, comm[2]: 199.202, force: 2957.152, rev_comm[0]: 195.949, rev_comm[1]: 1728.803, rev_comm[2]: 222.288, inte[1]: 140.412
[Rank 4] inte[0]: 206.287, comm[0]: 205.315, comm[1]: 1845.798, comm[2]: 204.396, force: 2986.891, rev_comm[0]: 198.621, rev_comm[1]: 1922.358, rev_comm[2]: 225.678, inte[1]: 141.836
[Rank 5] inte[0]: 203.899, comm[0]: 191.440, comm[1]: 1859.188, comm[2]: 194.797, force: 2928.861, rev_comm[0]: 186.308, rev_comm[1]: 1936.595, rev_comm[2]: 214.221, inte[1]: 139.801
[Rank 6] inte[0]: 204.641, comm[0]: 214.507, comm[1]: 1867.355, comm[2]: 212.421, force: 2980.303, rev_comm[0]: 208.071, rev_comm[1]: 1934.219, rev_comm[2]: 232.877, inte[1]: 141.807
[Rank 7] inte[0]: 204.336, comm[0]: 207.522, comm[1]: 1859.711, comm[2]: 209.596, force: 2973.113, rev_comm[0]: 202.095, rev_comm[1]: 1937.049, rev_comm[2]: 229.195, inte[1]: 141.289
[Rank 8] inte[0]: 204.107, comm[0]: 189.623, comm[1]: 1688.925, comm[2]: 191.745, force: 2950.680, rev_comm[0]: 185.128, rev_comm[1]: 1750.318, rev_comm[2]: 213.414, inte[1]: 139.902
[Rank 9] inte[0]: 205.148, comm[0]: 203.378, comm[1]: 1684.149, comm[2]: 204.475, force: 2959.710, rev_comm[0]: 199.714, rev_comm[1]: 1751.329, rev_comm[2]: 229.356, inte[1]: 141.335
[Rank 10] inte[0]: 205.243, comm[0]: 209.689, comm[1]: 1536.531, comm[2]: 207.763, force: 3002.094, rev_comm[0]: 205.116, rev_comm[1]: 1552.546, rev_comm[2]: 231.004, inte[1]: 141.547
[Rank 11] inte[0]: 203.224, comm[0]: 192.421, comm[1]: 1564.159, comm[2]: 193.838, force: 2958.386, rev_comm[0]: 186.357, rev_comm[1]: 1585.812, rev_comm[2]: 216.004, inte[1]: 139.293
[Rank 12] inte[0]: 204.755, comm[0]: 211.388, comm[1]: 1556.616, comm[2]: 212.880, force: 2972.933, rev_comm[0]: 205.199, rev_comm[1]: 1566.359, rev_comm[2]: 234.924, inte[1]: 141.475
[Rank 13] inte[0]: 205.020, comm[0]: 210.687, comm[1]: 1539.951, comm[2]: 210.895, force: 2978.899, rev_comm[0]: 204.173, rev_comm[1]: 1541.152, rev_comm[2]: 231.064, inte[1]: 141.470
[Rank 14] inte[0]: 202.630, comm[0]: 190.804, comm[1]: 1588.186, comm[2]: 192.902, force: 2925.456, rev_comm[0]: 186.765, rev_comm[1]: 1596.357, rev_comm[2]: 215.890, inte[1]: 139.242
[Rank 15] inte[0]: 204.617, comm[0]: 205.758, comm[1]: 1592.686, comm[2]: 204.443, force: 2965.848, rev_comm[0]: 200.110, rev_comm[1]: 1605.673, rev_comm[2]: 228.917, inte[1]: 140.818
[Rank 16] inte[0]: 205.167, comm[0]: 209.856, comm[1]: 1732.345, comm[2]: 207.042, force: 2974.379, rev_comm[0]: 200.116, rev_comm[1]: 1757.718, rev_comm[2]: 226.734, inte[1]: 141.732
[Rank 17] inte[0]: 203.199, comm[0]: 195.373, comm[1]: 1754.696, comm[2]: 197.909, force: 2949.606, rev_comm[0]: 190.835, rev_comm[1]: 1773.688, rev_comm[2]: 217.930, inte[1]: 140.383
[Rank 18] inte[0]: 204.352, comm[0]: 213.653, comm[1]: 1755.985, comm[2]: 212.076, force: 2963.715, rev_comm[0]: 207.842, rev_comm[1]: 1759.651, rev_comm[2]: 233.935, inte[1]: 141.192
[Rank 19] inte[0]: 204.869, comm[0]: 211.598, comm[1]: 1754.720, comm[2]: 211.827, force: 2983.592, rev_comm[0]: 206.625, rev_comm[1]: 1758.769, rev_comm[2]: 232.143, inte[1]: 141.699
[Rank 20] inte[0]: 202.580, comm[0]: 190.005, comm[1]: 1584.939, comm[2]: 191.270, force: 2944.465, rev_comm[0]: 186.102, rev_comm[1]: 1594.248, rev_comm[2]: 212.906, inte[1]: 139.524
[Rank 21] inte[0]: 204.858, comm[0]: 210.236, comm[1]: 1577.486, comm[2]: 208.563, force: 2956.129, rev_comm[0]: 203.340, rev_comm[1]: 1589.313, rev_comm[2]: 232.026, inte[1]: 141.624
[Rank 22] inte[0]: 204.614, comm[0]: 213.008, comm[1]: 1529.238, comm[2]: 209.521, force: 2975.865, rev_comm[0]: 205.177, rev_comm[1]: 1546.629, rev_comm[2]: 231.961, inte[1]: 142.366
[Rank 23] inte[0]: 203.246, comm[0]: 191.951, comm[1]: 1546.617, comm[2]: 193.827, force: 2939.371, rev_comm[0]: 185.965, rev_comm[1]: 1561.281, rev_comm[2]: 215.928, inte[1]: 139.447
[Rank 24] inte[0]: 205.397, comm[0]: 210.838, comm[1]: 1539.346, comm[2]: 213.670, force: 2979.991, rev_comm[0]: 205.749, rev_comm[1]: 1552.281, rev_comm[2]: 235.226, inte[1]: 141.613
[Rank 25] inte[0]: 203.725, comm[0]: 209.449, comm[1]: 1525.257, comm[2]: 209.408, force: 2990.333, rev_comm[0]: 202.899, rev_comm[1]: 1527.019, rev_comm[2]: 230.013, inte[1]: 141.551
[Rank 26] inte[0]: 203.048, comm[0]: 192.013, comm[1]: 1757.477, comm[2]: 192.780, force: 2937.398, rev_comm[0]: 187.942, rev_comm[1]: 1718.383, rev_comm[2]: 214.480, inte[1]: 140.315
[Rank 27] inte[0]: 204.355, comm[0]: 201.279, comm[1]: 1769.668, comm[2]: 199.129, force: 2941.204, rev_comm[0]: 195.452, rev_comm[1]: 1728.428, rev_comm[2]: 222.495, inte[1]: 141.432
[Rank 28] inte[0]: 205.158, comm[0]: 203.790, comm[1]: 1815.760, comm[2]: 203.494, force: 2968.226, rev_comm[0]: 194.630, rev_comm[1]: 1829.795, rev_comm[2]: 222.572, inte[1]: 141.575
[Rank 29] inte[0]: 204.034, comm[0]: 192.516, comm[1]: 1815.264, comm[2]: 195.368, force: 2943.447, rev_comm[0]: 187.309, rev_comm[1]: 1828.173, rev_comm[2]: 217.211, inte[1]: 140.528
[Rank 30] inte[0]: 204.782, comm[0]: 210.209, comm[1]: 2065.880, comm[2]: 210.106, force: 2972.163, rev_comm[0]: 204.568, rev_comm[1]: 2062.642, rev_comm[2]: 230.060, inte[1]: 142.025
[Rank 31] inte[0]: 203.601, comm[0]: 209.951, comm[1]: 2060.186, comm[2]: 206.143, force: 2947.607, rev_comm[0]: 204.277, rev_comm[1]: 2041.359, rev_comm[2]: 231.465, inte[1]: 141.584
[Rank 32] inte[0]: 202.923, comm[0]: 189.184, comm[1]: 1889.657, comm[2]: 191.414, force: 2925.761, rev_comm[0]: 185.612, rev_comm[1]: 1910.784, rev_comm[2]: 213.849, inte[1]: 139.127
[Rank 33] inte[0]: 204.504, comm[0]: 207.681, comm[1]: 1865.625, comm[2]: 207.380, force: 2959.519, rev_comm[0]: 201.373, rev_comm[1]: 1884.332, rev_comm[2]: 231.676, inte[1]: 141.287
[Rank 34] inte[0]: 204.665, comm[0]: 204.167, comm[1]: 1861.682, comm[2]: 205.024, force: 2963.758, rev_comm[0]: 201.641, rev_comm[1]: 1881.090, rev_comm[2]: 228.225, inte[1]: 140.800
[Rank 35] inte[0]: 203.475, comm[0]: 190.429, comm[1]: 1888.178, comm[2]: 192.177, force: 2911.040, rev_comm[0]: 187.052, rev_comm[1]: 1905.791, rev_comm[2]: 215.422, inte[1]: 139.495
[Rank 36] inte[0]: 203.761, comm[0]: 210.516, comm[1]: 1814.500, comm[2]: 212.863, force: 2969.753, rev_comm[0]: 206.130, rev_comm[1]: 1832.713, rev_comm[2]: 234.568, inte[1]: 141.066
[Rank 37] inte[0]: 205.833, comm[0]: 213.211, comm[1]: 1790.231, comm[2]: 211.092, force: 2986.898, rev_comm[0]: 205.741, rev_comm[1]: 1806.665, rev_comm[2]: 232.336, inte[1]: 141.788
[Rank 38] inte[0]: 202.880, comm[0]: 189.783, comm[1]: 1768.889, comm[2]: 193.155, force: 2960.732, rev_comm[0]: 187.176, rev_comm[1]: 1796.934, rev_comm[2]: 215.275, inte[1]: 140.179
[Rank 39] inte[0]: 204.438, comm[0]: 200.340, comm[1]: 1793.265, comm[2]: 199.962, force: 2982.892, rev_comm[0]: 195.107, rev_comm[1]: 1807.786, rev_comm[2]: 223.689, inte[1]: 141.639
[Rank 40] inte[0]: 204.777, comm[0]: 208.085, comm[1]: 1735.780, comm[2]: 210.639, force: 2983.390, rev_comm[0]: 198.738, rev_comm[1]: 1760.528, rev_comm[2]: 229.043, inte[1]: 141.618
[Rank 41] inte[0]: 204.533, comm[0]: 190.985, comm[1]: 1737.867, comm[2]: 193.899, force: 2964.579, rev_comm[0]: 186.897, rev_comm[1]: 1770.065, rev_comm[2]: 214.945, inte[1]: 139.552
[Rank 42] inte[0]: 203.775, comm[0]: 209.559, comm[1]: 1741.660, comm[2]: 209.181, force: 2965.022, rev_comm[0]: 203.766, rev_comm[1]: 1755.087, rev_comm[2]: 229.041, inte[1]: 141.343
[Rank 43] inte[0]: 204.695, comm[0]: 206.487, comm[1]: 1739.490, comm[2]: 207.100, force: 2960.986, rev_comm[0]: 200.944, rev_comm[1]: 1756.477, rev_comm[2]: 227.213, inte[1]: 140.555
[Rank 44] inte[0]: 202.996, comm[0]: 188.639, comm[1]: 1573.143, comm[2]: 190.877, force: 2942.653, rev_comm[0]: 185.110, rev_comm[1]: 1589.478, rev_comm[2]: 212.953, inte[1]: 139.324
[Rank 45] inte[0]: 205.319, comm[0]: 208.042, comm[1]: 1570.018, comm[2]: 208.390, force: 2964.626, rev_comm[0]: 202.230, rev_comm[1]: 1586.847, rev_comm[2]: 231.691, inte[1]: 141.346
[Rank 46] inte[0]: 204.453, comm[0]: 211.992, comm[1]: 1518.827, comm[2]: 209.712, force: 2983.444, rev_comm[0]: 206.309, rev_comm[1]: 1538.467, rev_comm[2]: 231.584, inte[1]: 141.414
[Rank 47] inte[0]: 202.970, comm[0]: 191.718, comm[1]: 1545.445, comm[2]: 193.547, force: 2961.728, rev_comm[0]: 186.055, rev_comm[1]: 1569.518, rev_comm[2]: 215.526, inte[1]: 139.515
[Rank 48] inte[0]: 204.355, comm[0]: 213.348, comm[1]: 1544.003, comm[2]: 213.808, force: 2970.498, rev_comm[0]: 208.871, rev_comm[1]: 1556.600, rev_comm[2]: 236.572, inte[1]: 141.474
[Rank 49] inte[0]: 204.947, comm[0]: 209.115, comm[1]: 1527.621, comm[2]: 208.443, force: 2990.457, rev_comm[0]: 203.440, rev_comm[1]: 1533.904, rev_comm[2]: 228.535, inte[1]: 141.354
[Rank 50] inte[0]: 202.736, comm[0]: 188.953, comm[1]: 1573.096, comm[2]: 192.200, force: 2944.378, rev_comm[0]: 185.479, rev_comm[1]: 1586.945, rev_comm[2]: 215.145, inte[1]: 139.554
[Rank 51] inte[0]: 206.207, comm[0]: 203.776, comm[1]: 1586.572, comm[2]: 202.816, force: 2947.457, rev_comm[0]: 199.430, rev_comm[1]: 1597.206, rev_comm[2]: 225.775, inte[1]: 141.796
[Rank 52] inte[0]: 205.073, comm[0]: 209.672, comm[1]: 1745.867, comm[2]: 208.217, force: 2982.486, rev_comm[0]: 199.901, rev_comm[1]: 1772.257, rev_comm[2]: 226.933, inte[1]: 142.069
[Rank 53] inte[0]: 204.295, comm[0]: 191.980, comm[1]: 1749.613, comm[2]: 193.097, force: 2975.711, rev_comm[0]: 186.257, rev_comm[1]: 1774.715, rev_comm[2]: 214.954, inte[1]: 139.729
[Rank 54] inte[0]: 205.476, comm[0]: 214.213, comm[1]: 1760.552, comm[2]: 212.860, force: 2991.985, rev_comm[0]: 207.422, rev_comm[1]: 1772.914, rev_comm[2]: 233.980, inte[1]: 141.834
[Rank 55] inte[0]: 204.764, comm[0]: 206.146, comm[1]: 1754.744, comm[2]: 208.909, force: 2984.452, rev_comm[0]: 201.795, rev_comm[1]: 1768.225, rev_comm[2]: 228.987, inte[1]: 140.951
[Rank 56] inte[0]: 202.842, comm[0]: 190.382, comm[1]: 1781.853, comm[2]: 192.206, force: 2949.070, rev_comm[0]: 187.306, rev_comm[1]: 1800.588, rev_comm[2]: 214.942, inte[1]: 139.820
[Rank 57] inte[0]: 204.066, comm[0]: 206.892, comm[1]: 1765.051, comm[2]: 203.916, force: 2950.836, rev_comm[0]: 198.926, rev_comm[1]: 1785.530, rev_comm[2]: 228.015, inte[1]: 141.242
[Rank 58] inte[0]: 205.780, comm[0]: 210.065, comm[1]: 1801.029, comm[2]: 207.881, force: 2989.099, rev_comm[0]: 204.223, rev_comm[1]: 1816.301, rev_comm[2]: 231.393, inte[1]: 141.227
[Rank 59] inte[0]: 203.623, comm[0]: 190.835, comm[1]: 1819.767, comm[2]: 192.224, force: 2952.515, rev_comm[0]: 186.043, rev_comm[1]: 1831.749, rev_comm[2]: 214.411, inte[1]: 140.140
[Rank 60] inte[0]: 204.804, comm[0]: 208.069, comm[1]: 1927.542, comm[2]: 208.552, force: 2950.474, rev_comm[0]: 201.275, rev_comm[1]: 1936.326, rev_comm[2]: 232.125, inte[1]: 140.268
[Rank 61] inte[0]: 204.153, comm[0]: 204.925, comm[1]: 1884.176, comm[2]: 204.923, force: 2938.942, rev_comm[0]: 201.366, rev_comm[1]: 1893.203, rev_comm[2]: 226.511, inte[1]: 141.355
[Rank 62] inte[0]: 203.238, comm[0]: 191.600, comm[1]: 1920.687, comm[2]: 193.337, force: 2912.190, rev_comm[0]: 187.438, rev_comm[1]: 1933.334, rev_comm[2]: 215.525, inte[1]: 139.131
[Rank 63] inte[0]: 206.033, comm[0]: 203.294, comm[1]: 1930.698, comm[2]: 202.167, force: 2946.922, rev_comm[0]: 197.965, rev_comm[1]: 1938.728, rev_comm[2]: 225.352, inte[1]: 141.149
[Rank 64] inte[0]: 203.888, comm[0]: 204.849, comm[1]: 2066.273, comm[2]: 202.608, force: 2931.165, rev_comm[0]: 197.495, rev_comm[1]: 2106.443, rev_comm[2]: 223.214, inte[1]: 140.234
[Rank 65] inte[0]: 202.938, comm[0]: 190.485, comm[1]: 2068.780, comm[2]: 190.167, force: 2925.434, rev_comm[0]: 184.727, rev_comm[1]: 2111.515, rev_comm[2]: 214.021, inte[1]: 139.468
[Rank 66] inte[0]: 205.958, comm[0]: 212.573, comm[1]: 1803.519, comm[2]: 212.080, force: 2977.640, rev_comm[0]: 205.246, rev_comm[1]: 1819.145, rev_comm[2]: 231.741, inte[1]: 141.492
[Rank 67] inte[0]: 204.593, comm[0]: 207.245, comm[1]: 1808.077, comm[2]: 210.170, force: 2959.782, rev_comm[0]: 203.531, rev_comm[1]: 1824.501, rev_comm[2]: 230.879, inte[1]: 140.381
[Rank 68] inte[0]: 202.833, comm[0]: 189.287, comm[1]: 1714.453, comm[2]: 191.163, force: 2956.308, rev_comm[0]: 185.906, rev_comm[1]: 1783.788, rev_comm[2]: 215.094, inte[1]: 139.927
[Rank 69] inte[0]: 204.318, comm[0]: 207.941, comm[1]: 1720.622, comm[2]: 207.175, force: 2972.984, rev_comm[0]: 201.003, rev_comm[1]: 1788.523, rev_comm[2]: 230.247, inte[1]: 141.921
[Rank 70] inte[0]: 205.343, comm[0]: 209.438, comm[1]: 1518.179, comm[2]: 207.337, force: 2964.709, rev_comm[0]: 203.963, rev_comm[1]: 1539.383, rev_comm[2]: 230.300, inte[1]: 141.657
[Rank 71] inte[0]: 203.740, comm[0]: 191.863, comm[1]: 1546.366, comm[2]: 194.282, force: 2981.368, rev_comm[0]: 185.797, rev_comm[1]: 1565.604, rev_comm[2]: 214.654, inte[1]: 139.937
[Rank 72] inte[0]: 205.978, comm[0]: 212.400, comm[1]: 1553.123, comm[2]: 213.893, force: 2983.681, rev_comm[0]: 207.385, rev_comm[1]: 1567.935, rev_comm[2]: 234.894, inte[1]: 141.499
[Rank 73] inte[0]: 205.198, comm[0]: 208.164, comm[1]: 1530.369, comm[2]: 208.360, force: 2989.167, rev_comm[0]: 202.841, rev_comm[1]: 1546.686, rev_comm[2]: 229.231, inte[1]: 141.217
[Rank 74] inte[0]: 203.967, comm[0]: 189.781, comm[1]: 1588.332, comm[2]: 192.154, force: 2924.366, rev_comm[0]: 185.890, rev_comm[1]: 1603.637, rev_comm[2]: 215.035, inte[1]: 138.997
[Rank 75] inte[0]: 206.378, comm[0]: 206.488, comm[1]: 1592.209, comm[2]: 204.671, force: 2974.068, rev_comm[0]: 200.552, rev_comm[1]: 1606.971, rev_comm[2]: 227.641, inte[1]: 142.080
[Rank 76] inte[0]: 205.830, comm[0]: 209.061, comm[1]: 1768.180, comm[2]: 207.755, force: 2959.423, rev_comm[0]: 199.829, rev_comm[1]: 1794.160, rev_comm[2]: 226.806, inte[1]: 141.613
[Rank 77] inte[0]: 202.885, comm[0]: 191.300, comm[1]: 1771.947, comm[2]: 193.711, force: 2949.167, rev_comm[0]: 186.102, rev_comm[1]: 1794.098, rev_comm[2]: 214.171, inte[1]: 139.130
[Rank 78] inte[0]: 204.225, comm[0]: 215.611, comm[1]: 1778.761, comm[2]: 213.604, force: 2994.561, rev_comm[0]: 208.126, rev_comm[1]: 1789.596, rev_comm[2]: 234.090, inte[1]: 142.381
[Rank 79] inte[0]: 205.567, comm[0]: 206.080, comm[1]: 1779.538, comm[2]: 208.485, force: 2941.206, rev_comm[0]: 201.348, rev_comm[1]: 1796.692, rev_comm[2]: 227.972, inte[1]: 140.141
[Rank 80] inte[0]: 203.589, comm[0]: 188.341, comm[1]: 1586.922, comm[2]: 191.383, force: 2970.901, rev_comm[0]: 185.346, rev_comm[1]: 1603.169, rev_comm[2]: 214.130, inte[1]: 140.168
[Rank 81] inte[0]: 204.645, comm[0]: 207.279, comm[1]: 1579.642, comm[2]: 207.106, force: 2951.160, rev_comm[0]: 200.228, rev_comm[1]: 1596.213, rev_comm[2]: 229.532, inte[1]: 140.995
[Rank 82] inte[0]: 204.327, comm[0]: 207.547, comm[1]: 1516.106, comm[2]: 206.709, force: 2981.194, rev_comm[0]: 201.281, rev_comm[1]: 1534.419, rev_comm[2]: 229.224, inte[1]: 140.959
[Rank 83] inte[0]: 204.440, comm[0]: 189.714, comm[1]: 1543.123, comm[2]: 192.191, force: 2976.398, rev_comm[0]: 184.902, rev_comm[1]: 1562.749, rev_comm[2]: 215.013, inte[1]: 139.998
[Rank 84] inte[0]: 204.811, comm[0]: 209.509, comm[1]: 1545.702, comm[2]: 210.929, force: 2966.320, rev_comm[0]: 205.543, rev_comm[1]: 1559.286, rev_comm[2]: 233.042, inte[1]: 141.313
[Rank 85] inte[0]: 203.499, comm[0]: 208.240, comm[1]: 1527.228, comm[2]: 208.111, force: 2985.407, rev_comm[0]: 203.405, rev_comm[1]: 1539.717, rev_comm[2]: 229.090, inte[1]: 141.097
[Rank 86] inte[0]: 203.082, comm[0]: 188.888, comm[1]: 1581.151, comm[2]: 191.652, force: 2958.726, rev_comm[0]: 186.198, rev_comm[1]: 1595.317, rev_comm[2]: 214.095, inte[1]: 140.038
[Rank 87] inte[0]: 205.080, comm[0]: 204.329, comm[1]: 1583.759, comm[2]: 201.913, force: 2950.321, rev_comm[0]: 198.274, rev_comm[1]: 1599.663, rev_comm[2]: 225.378, inte[1]: 141.115
[Rank 88] inte[0]: 204.665, comm[0]: 205.149, comm[1]: 1749.946, comm[2]: 204.297, force: 2961.543, rev_comm[0]: 197.001, rev_comm[1]: 1778.373, rev_comm[2]: 224.317, inte[1]: 140.839
[Rank 89] inte[0]: 204.456, comm[0]: 195.247, comm[1]: 1754.364, comm[2]: 196.105, force: 2950.714, rev_comm[0]: 191.230, rev_comm[1]: 1776.821, rev_comm[2]: 217.660, inte[1]: 140.543
[Rank 90] inte[0]: 205.553, comm[0]: 213.045, comm[1]: 1758.954, comm[2]: 210.297, force: 2975.843, rev_comm[0]: 206.025, rev_comm[1]: 1772.497, rev_comm[2]: 231.381, inte[1]: 142.000
[Rank 91] inte[0]: 204.860, comm[0]: 207.889, comm[1]: 1772.366, comm[2]: 209.059, force: 2965.329, rev_comm[0]: 203.781, rev_comm[1]: 1784.685, rev_comm[2]: 228.478, inte[1]: 140.876
[Rank 92] inte[0]: 202.784, comm[0]: 188.907, comm[1]: 1745.408, comm[2]: 192.334, force: 2945.671, rev_comm[0]: 185.886, rev_comm[1]: 1719.490, rev_comm[2]: 215.237, inte[1]: 139.663
[Rank 93] inte[0]: 205.336, comm[0]: 204.873, comm[1]: 1732.678, comm[2]: 204.472, force: 2978.085, rev_comm[0]: 199.049, rev_comm[1]: 1710.564, rev_comm[2]: 228.352, inte[1]: 141.394
[Rank 94] inte[0]: 205.778, comm[0]: 206.336, comm[1]: 1594.273, comm[2]: 206.497, force: 2983.849, rev_comm[0]: 202.140, rev_comm[1]: 1606.750, rev_comm[2]: 229.542, inte[1]: 141.501
[Rank 95] inte[0]: 203.082, comm[0]: 192.687, comm[1]: 1622.174, comm[2]: 194.741, force: 2947.564, rev_comm[0]: 187.391, rev_comm[1]: 1627.915, rev_comm[2]: 216.042, inte[1]: 139.606
[Rank 96] inte[0]: 205.668, comm[0]: 212.899, comm[1]: 1622.808, comm[2]: 214.580, force: 2964.304, rev_comm[0]: 207.672, rev_comm[1]: 1636.773, rev_comm[2]: 234.632, inte[1]: 142.164
[Rank 97] inte[0]: 204.252, comm[0]: 209.744, comm[1]: 1595.505, comm[2]: 208.175, force: 2970.013, rev_comm[0]: 202.626, rev_comm[1]: 1612.200, rev_comm[2]: 229.926, inte[1]: 141.189
[Rank 98] inte[0]: 203.213, comm[0]: 191.666, comm[1]: 1676.851, comm[2]: 192.434, force: 2941.428, rev_comm[0]: 187.918, rev_comm[1]: 1728.012, rev_comm[2]: 214.105, inte[1]: 140.612
[Rank 99] inte[0]: 204.670, comm[0]: 201.240, comm[1]: 1684.093, comm[2]: 200.183, force: 2949.781, rev_comm[0]: 194.933, rev_comm[1]: 1735.512, rev_comm[2]: 222.502, inte[1]: 141.167
[Rank 100] inte[0]: 204.771, comm[0]: 204.362, comm[1]: 1732.389, comm[2]: 205.819, force: 2962.525, rev_comm[0]: 195.763, rev_comm[1]: 1756.893, rev_comm[2]: 223.472, inte[1]: 140.975
[Rank 101] inte[0]: 202.833, comm[0]: 190.755, comm[1]: 1742.499, comm[2]: 194.250, force: 2944.487, rev_comm[0]: 185.949, rev_comm[1]: 1766.355, rev_comm[2]: 214.138, inte[1]: 139.400
[Rank 102] inte[0]: 204.739, comm[0]: 210.622, comm[1]: 1746.574, comm[2]: 209.427, force: 2971.637, rev_comm[0]: 205.076, rev_comm[1]: 1763.797, rev_comm[2]: 231.896, inte[1]: 142.000
[Rank 103] inte[0]: 205.348, comm[0]: 209.105, comm[1]: 1752.556, comm[2]: 211.071, force: 2979.832, rev_comm[0]: 204.199, rev_comm[1]: 1771.544, rev_comm[2]: 231.507, inte[1]: 140.483
[Rank 104] inte[0]: 204.541, comm[0]: 191.078, comm[1]: 1581.234, comm[2]: 192.379, force: 2930.353, rev_comm[0]: 187.549, rev_comm[1]: 1600.745, rev_comm[2]: 215.232, inte[1]: 139.923
[Rank 105] inte[0]: 205.935, comm[0]: 205.967, comm[1]: 1561.545, comm[2]: 205.500, force: 2969.267, rev_comm[0]: 198.516, rev_comm[1]: 1584.449, rev_comm[2]: 229.613, inte[1]: 141.116
[Rank 106] inte[0]: 204.501, comm[0]: 212.319, comm[1]: 1518.959, comm[2]: 211.037, force: 2996.488, rev_comm[0]: 206.091, rev_comm[1]: 1542.503, rev_comm[2]: 233.870, inte[1]: 141.553
[Rank 107] inte[0]: 203.809, comm[0]: 191.007, comm[1]: 1542.911, comm[2]: 192.560, force: 2965.708, rev_comm[0]: 186.199, rev_comm[1]: 1564.658, rev_comm[2]: 213.971, inte[1]: 139.723
[Rank 108] inte[0]: 204.462, comm[0]: 209.161, comm[1]: 1538.791, comm[2]: 210.089, force: 2973.590, rev_comm[0]: 204.816, rev_comm[1]: 1555.771, rev_comm[2]: 232.340, inte[1]: 141.536
[Rank 109] inte[0]: 204.651, comm[0]: 208.490, comm[1]: 1526.055, comm[2]: 208.069, force: 2996.056, rev_comm[0]: 202.849, rev_comm[1]: 1537.330, rev_comm[2]: 228.874, inte[1]: 141.381
[Rank 110] inte[0]: 203.097, comm[0]: 192.145, comm[1]: 1558.601, comm[2]: 193.583, force: 2940.191, rev_comm[0]: 188.114, rev_comm[1]: 1573.193, rev_comm[2]: 217.015, inte[1]: 140.159
[Rank 111] inte[0]: 204.483, comm[0]: 204.298, comm[1]: 1565.071, comm[2]: 203.086, force: 2958.016, rev_comm[0]: 198.510, rev_comm[1]: 1581.014, rev_comm[2]: 225.751, inte[1]: 141.285
[Rank 112] inte[0]: 205.210, comm[0]: 205.834, comm[1]: 1723.525, comm[2]: 204.097, force: 2955.923, rev_comm[0]: 196.809, rev_comm[1]: 1751.592, rev_comm[2]: 223.338, inte[1]: 140.988
[Rank 113] inte[0]: 202.471, comm[0]: 190.647, comm[1]: 1729.578, comm[2]: 192.563, force: 2967.933, rev_comm[0]: 185.178, rev_comm[1]: 1761.950, rev_comm[2]: 214.133, inte[1]: 139.564
[Rank 114] inte[0]: 203.738, comm[0]: 211.998, comm[1]: 1729.767, comm[2]: 211.829, force: 2953.684, rev_comm[0]: 205.998, rev_comm[1]: 1752.622, rev_comm[2]: 234.345, inte[1]: 141.576
[Rank 115] inte[0]: 203.474, comm[0]: 206.378, comm[1]: 1733.532, comm[2]: 209.188, force: 2975.139, rev_comm[0]: 202.361, rev_comm[1]: 1754.730, rev_comm[2]: 230.780, inte[1]: 141.005
[Rank 116] inte[0]: 202.209, comm[0]: 190.488, comm[1]: 1561.393, comm[2]: 192.897, force: 2933.933, rev_comm[0]: 186.761, rev_comm[1]: 1580.551, rev_comm[2]: 216.004, inte[1]: 139.387
[Rank 117] inte[0]: 205.310, comm[0]: 206.893, comm[1]: 1559.492, comm[2]: 206.637, force: 2958.981, rev_comm[0]: 200.100, rev_comm[1]: 1581.508, rev_comm[2]: 229.609, inte[1]: 141.698
[Rank 118] inte[0]: 205.067, comm[0]: 211.373, comm[1]: 1510.752, comm[2]: 210.348, force: 2982.896, rev_comm[0]: 205.218, rev_comm[1]: 1541.288, rev_comm[2]: 232.673, inte[1]: 141.992
[Rank 119] inte[0]: 202.595, comm[0]: 192.641, comm[1]: 1525.610, comm[2]: 194.411, force: 2973.298, rev_comm[0]: 185.694, rev_comm[1]: 1550.802, rev_comm[2]: 215.765, inte[1]: 139.828
[Rank 120] inte[0]: 205.511, comm[0]: 207.289, comm[1]: 1528.553, comm[2]: 212.005, force: 2968.146, rev_comm[0]: 202.074, rev_comm[1]: 1552.226, rev_comm[2]: 232.968, inte[1]: 141.640
[Rank 121] inte[0]: 204.013, comm[0]: 205.702, comm[1]: 1516.077, comm[2]: 206.861, force: 2961.187, rev_comm[0]: 200.211, rev_comm[1]: 1534.849, rev_comm[2]: 226.948, inte[1]: 140.323
[Rank 122] inte[0]: 202.903, comm[0]: 188.707, comm[1]: 1706.077, comm[2]: 191.601, force: 2931.449, rev_comm[0]: 185.442, rev_comm[1]: 1688.088, rev_comm[2]: 214.245, inte[1]: 139.746
[Rank 123] inte[0]: 205.505, comm[0]: 205.684, comm[1]: 1719.720, comm[2]: 202.415, force: 2964.939, rev_comm[0]: 199.280, rev_comm[1]: 1703.146, rev_comm[2]: 226.345, inte[1]: 141.590
[Rank 124] inte[0]: 205.960, comm[0]: 207.735, comm[1]: 1809.348, comm[2]: 207.102, force: 2956.394, rev_comm[0]: 199.031, rev_comm[1]: 1829.014, rev_comm[2]: 226.242, inte[1]: 141.535
[Rank 125] inte[0]: 203.750, comm[0]: 195.388, comm[1]: 1806.734, comm[2]: 196.904, force: 2945.507, rev_comm[0]: 190.547, rev_comm[1]: 1826.767, rev_comm[2]: 217.542, inte[1]: 139.672
[Rank 126] inte[0]: 205.113, comm[0]: 208.095, comm[1]: 2029.239, comm[2]: 207.304, force: 2945.898, rev_comm[0]: 201.358, rev_comm[1]: 2040.731, rev_comm[2]: 229.011, inte[1]: 141.376
[Rank 127] inte[0]: 203.817, comm[0]: 205.383, comm[1]: 2031.612, comm[2]: 204.364, force: 2944.141, rev_comm[0]: 199.401, rev_comm[1]: 2038.782, rev_comm[2]: 228.168, inte[1]: 140.645
[Rank 128] inte[0]: 203.602, comm[0]: 188.817, comm[1]: 1951.252, comm[2]: 191.625, force: 2949.058, rev_comm[0]: 185.519, rev_comm[1]: 1989.826, rev_comm[2]: 213.999, inte[1]: 139.636
[Rank 129] inte[0]: 204.990, comm[0]: 211.659, comm[1]: 1949.752, comm[2]: 210.915, force: 2958.734, rev_comm[0]: 204.067, rev_comm[1]: 1983.767, rev_comm[2]: 233.103, inte[1]: 141.703
[Rank 130] inte[0]: 205.663, comm[0]: 209.744, comm[1]: 1930.657, comm[2]: 207.562, force: 2952.217, rev_comm[0]: 205.637, rev_comm[1]: 1967.921, rev_comm[2]: 232.177, inte[1]: 141.812
[Rank 131] inte[0]: 203.774, comm[0]: 191.119, comm[1]: 1948.116, comm[2]: 193.145, force: 2951.063, rev_comm[0]: 188.083, rev_comm[1]: 1984.603, rev_comm[2]: 215.969, inte[1]: 139.997
[Rank 132] inte[0]: 203.852, comm[0]: 212.091, comm[1]: 1808.150, comm[2]: 211.720, force: 2989.728, rev_comm[0]: 206.402, rev_comm[1]: 1834.449, rev_comm[2]: 234.700, inte[1]: 140.671
[Rank 133] inte[0]: 205.202, comm[0]: 212.622, comm[1]: 1796.054, comm[2]: 210.596, force: 2970.764, rev_comm[0]: 206.847, rev_comm[1]: 1817.771, rev_comm[2]: 230.292, inte[1]: 141.235
[Rank 134] inte[0]: 202.960, comm[0]: 191.017, comm[1]: 1786.511, comm[2]: 192.154, force: 2940.230, rev_comm[0]: 187.915, rev_comm[1]: 1812.881, rev_comm[2]: 216.001, inte[1]: 140.123
[Rank 135] inte[0]: 204.222, comm[0]: 202.561, comm[1]: 1797.675, comm[2]: 201.224, force: 2979.923, rev_comm[0]: 196.014, rev_comm[1]: 1818.531, rev_comm[2]: 223.259, inte[1]: 141.550
[Rank 136] inte[0]: 204.563, comm[0]: 202.750, comm[1]: 1738.472, comm[2]: 203.641, force: 2972.414, rev_comm[0]: 193.278, rev_comm[1]: 1769.655, rev_comm[2]: 223.994, inte[1]: 141.054
[Rank 137] inte[0]: 204.070, comm[0]: 195.125, comm[1]: 1740.839, comm[2]: 196.925, force: 2975.930, rev_comm[0]: 189.663, rev_comm[1]: 1772.901, rev_comm[2]: 216.386, inte[1]: 140.027
[Rank 138] inte[0]: 204.394, comm[0]: 210.454, comm[1]: 1750.507, comm[2]: 211.073, force: 2996.062, rev_comm[0]: 205.642, rev_comm[1]: 1760.564, rev_comm[2]: 233.144, inte[1]: 141.460
[Rank 139] inte[0]: 204.154, comm[0]: 206.219, comm[1]: 1752.867, comm[2]: 209.675, force: 2971.171, rev_comm[0]: 202.659, rev_comm[1]: 1766.596, rev_comm[2]: 229.893, inte[1]: 140.746
[Rank 140] inte[0]: 204.648, comm[0]: 189.576, comm[1]: 1581.121, comm[2]: 191.763, force: 2957.927, rev_comm[0]: 186.420, rev_comm[1]: 1597.329, rev_comm[2]: 215.691, inte[1]: 140.141
[Rank 141] inte[0]: 204.930, comm[0]: 208.852, comm[1]: 1573.412, comm[2]: 210.386, force: 2947.021, rev_comm[0]: 202.783, rev_comm[1]: 1590.413, rev_comm[2]: 233.787, inte[1]: 141.435
[Rank 142] inte[0]: 205.537, comm[0]: 206.561, comm[1]: 1522.146, comm[2]: 206.733, force: 2973.498, rev_comm[0]: 201.496, rev_comm[1]: 1543.370, rev_comm[2]: 229.732, inte[1]: 140.914
[Rank 143] inte[0]: 203.601, comm[0]: 190.718, comm[1]: 1540.886, comm[2]: 192.369, force: 2960.531, rev_comm[0]: 184.799, rev_comm[1]: 1563.538, rev_comm[2]: 214.585, inte[1]: 139.696
[Rank 144] inte[0]: 204.105, comm[0]: 210.527, comm[1]: 1543.089, comm[2]: 212.166, force: 2949.666, rev_comm[0]: 206.575, rev_comm[1]: 1560.538, rev_comm[2]: 236.020, inte[1]: 141.257
[Rank 145] inte[0]: 204.651, comm[0]: 213.835, comm[1]: 1521.624, comm[2]: 211.299, force: 2979.449, rev_comm[0]: 206.847, rev_comm[1]: 1540.018, rev_comm[2]: 232.531, inte[1]: 141.930
[Rank 146] inte[0]: 203.731, comm[0]: 191.004, comm[1]: 1568.876, comm[2]: 192.801, force: 2921.657, rev_comm[0]: 187.521, rev_comm[1]: 1591.607, rev_comm[2]: 215.033, inte[1]: 139.815
[Rank 147] inte[0]: 204.896, comm[0]: 203.591, comm[1]: 1579.580, comm[2]: 201.996, force: 2938.051, rev_comm[0]: 198.209, rev_comm[1]: 1595.865, rev_comm[2]: 226.752, inte[1]: 141.089
[Rank 148] inte[0]: 204.742, comm[0]: 206.908, comm[1]: 1744.461, comm[2]: 204.687, force: 2950.456, rev_comm[0]: 196.870, rev_comm[1]: 1770.294, rev_comm[2]: 224.241, inte[1]: 140.598
[Rank 149] inte[0]: 203.396, comm[0]: 190.181, comm[1]: 1748.744, comm[2]: 192.843, force: 2929.487, rev_comm[0]: 185.947, rev_comm[1]: 1776.713, rev_comm[2]: 214.207, inte[1]: 140.172
[Rank 150] inte[0]: 204.428, comm[0]: 216.554, comm[1]: 1755.357, comm[2]: 214.576, force: 2975.072, rev_comm[0]: 211.569, rev_comm[1]: 1766.876, rev_comm[2]: 236.793, inte[1]: 141.892
[Rank 151] inte[0]: 205.671, comm[0]: 212.676, comm[1]: 1753.071, comm[2]: 212.732, force: 2966.393, rev_comm[0]: 207.705, rev_comm[1]: 1769.119, rev_comm[2]: 233.870, inte[1]: 141.240
[Rank 152] inte[0]: 202.952, comm[0]: 189.477, comm[1]: 1799.468, comm[2]: 192.288, force: 2953.764, rev_comm[0]: 186.222, rev_comm[1]: 1814.416, rev_comm[2]: 214.082, inte[1]: 139.404
[Rank 153] inte[0]: 205.470, comm[0]: 206.392, comm[1]: 1798.095, comm[2]: 205.653, force: 2938.562, rev_comm[0]: 200.596, rev_comm[1]: 1809.577, rev_comm[2]: 229.462, inte[1]: 141.163
[Rank 154] inte[0]: 205.091, comm[0]: 207.323, comm[1]: 1798.609, comm[2]: 207.723, force: 2976.942, rev_comm[0]: 201.624, rev_comm[1]: 1812.849, rev_comm[2]: 230.148, inte[1]: 141.158
[Rank 155] inte[0]: 202.984, comm[0]: 192.540, comm[1]: 1818.544, comm[2]: 195.288, force: 2953.439, rev_comm[0]: 187.434, rev_comm[1]: 1831.195, rev_comm[2]: 218.163, inte[1]: 139.754
[Rank 156] inte[0]: 206.000, comm[0]: 213.170, comm[1]: 1943.243, comm[2]: 213.042, force: 2940.606, rev_comm[0]: 204.842, rev_comm[1]: 1989.987, rev_comm[2]: 234.893, inte[1]: 140.970
[Rank 157] inte[0]: 203.791, comm[0]: 205.002, comm[1]: 1926.604, comm[2]: 204.479, force: 2972.892, rev_comm[0]: 199.977, rev_comm[1]: 1971.307, rev_comm[2]: 227.584, inte[1]: 141.277
[Rank 158] inte[0]: 204.485, comm[0]: 188.418, comm[1]: 1941.187, comm[2]: 191.628, force: 2918.127, rev_comm[0]: 184.894, rev_comm[1]: 1977.664, rev_comm[2]: 213.383, inte[1]: 139.570
[Rank 159] inte[0]: 205.331, comm[0]: 205.277, comm[1]: 1952.484, comm[2]: 203.725, force: 2921.088, rev_comm[0]: 200.050, rev_comm[1]: 1987.134, rev_comm[2]: 226.559, inte[1]: 140.750
[Rank 160] inte[0]: 205.186, comm[0]: 202.739, comm[1]: 2110.676, comm[2]: 201.265, force: 2951.150, rev_comm[0]: 193.771, rev_comm[1]: 2166.023, rev_comm[2]: 221.033, inte[1]: 140.134
[Rank 161] inte[0]: 202.637, comm[0]: 188.289, comm[1]: 2113.580, comm[2]: 189.961, force: 2910.569, rev_comm[0]: 182.531, rev_comm[1]: 2165.023, rev_comm[2]: 213.058, inte[1]: 138.999
[Rank 162] inte[0]: 206.034, comm[0]: 213.927, comm[1]: 1814.602, comm[2]: 211.381, force: 2980.382, rev_comm[0]: 207.730, rev_comm[1]: 1831.731, rev_comm[2]: 232.011, inte[1]: 141.529
[Rank 163] inte[0]: 204.070, comm[0]: 209.910, comm[1]: 1811.727, comm[2]: 210.635, force: 2961.327, rev_comm[0]: 204.560, rev_comm[1]: 1830.338, rev_comm[2]: 231.155, inte[1]: 140.766
[Rank 164] inte[0]: 202.794, comm[0]: 188.703, comm[1]: 1772.271, comm[2]: 191.180, force: 2955.442, rev_comm[0]: 185.895, rev_comm[1]: 1864.591, rev_comm[2]: 213.691, inte[1]: 139.427
[Rank 165] inte[0]: 204.030, comm[0]: 203.535, comm[1]: 1771.814, comm[2]: 203.620, force: 2957.365, rev_comm[0]: 197.299, rev_comm[1]: 1868.292, rev_comm[2]: 227.251, inte[1]: 140.796
[Rank 166] inte[0]: 204.874, comm[0]: 209.339, comm[1]: 1522.562, comm[2]: 209.944, force: 3011.456, rev_comm[0]: 203.243, rev_comm[1]: 1544.568, rev_comm[2]: 233.145, inte[1]: 141.701
[Rank 167] inte[0]: 202.918, comm[0]: 194.240, comm[1]: 1540.847, comm[2]: 195.762, force: 2949.110, rev_comm[0]: 189.063, rev_comm[1]: 1559.599, rev_comm[2]: 216.460, inte[1]: 139.895
[Rank 168] inte[0]: 205.671, comm[0]: 209.496, comm[1]: 1538.975, comm[2]: 210.284, force: 2981.273, rev_comm[0]: 204.929, rev_comm[1]: 1561.245, rev_comm[2]: 232.830, inte[1]: 141.572
[Rank 169] inte[0]: 204.730, comm[0]: 211.717, comm[1]: 1522.504, comm[2]: 210.657, force: 2970.930, rev_comm[0]: 206.370, rev_comm[1]: 1542.628, rev_comm[2]: 232.243, inte[1]: 141.802
[Rank 170] inte[0]: 202.886, comm[0]: 191.618, comm[1]: 1570.340, comm[2]: 193.372, force: 2943.378, rev_comm[0]: 187.370, rev_comm[1]: 1586.247, rev_comm[2]: 216.185, inte[1]: 140.258
[Rank 171] inte[0]: 205.180, comm[0]: 204.365, comm[1]: 1575.580, comm[2]: 203.339, force: 2965.060, rev_comm[0]: 198.379, rev_comm[1]: 1589.119, rev_comm[2]: 226.049, inte[1]: 140.760
[Rank 172] inte[0]: 205.282, comm[0]: 210.129, comm[1]: 1741.283, comm[2]: 208.274, force: 2965.205, rev_comm[0]: 200.706, rev_comm[1]: 1766.568, rev_comm[2]: 228.555, inte[1]: 141.386
[Rank 173] inte[0]: 203.023, comm[0]: 190.911, comm[1]: 1742.786, comm[2]: 193.692, force: 2953.945, rev_comm[0]: 186.123, rev_comm[1]: 1765.210, rev_comm[2]: 214.342, inte[1]: 139.287
[Rank 174] inte[0]: 205.430, comm[0]: 210.753, comm[1]: 1756.130, comm[2]: 210.052, force: 2963.563, rev_comm[0]: 203.328, rev_comm[1]: 1767.845, rev_comm[2]: 230.098, inte[1]: 141.360
[Rank 175] inte[0]: 205.306, comm[0]: 206.633, comm[1]: 1753.715, comm[2]: 209.339, force: 2958.921, rev_comm[0]: 200.865, rev_comm[1]: 1769.929, rev_comm[2]: 229.273, inte[1]: 140.844
[Rank 176] inte[0]: 204.911, comm[0]: 190.063, comm[1]: 1576.395, comm[2]: 192.338, force: 2927.282, rev_comm[0]: 187.308, rev_comm[1]: 1593.680, rev_comm[2]: 214.677, inte[1]: 140.156
[Rank 177] inte[0]: 205.127, comm[0]: 207.096, comm[1]: 1574.734, comm[2]: 206.897, force: 2950.971, rev_comm[0]: 200.934, rev_comm[1]: 1594.859, rev_comm[2]: 230.284, inte[1]: 141.340
[Rank 178] inte[0]: 205.953, comm[0]: 211.709, comm[1]: 1524.540, comm[2]: 210.813, force: 2979.779, rev_comm[0]: 206.200, rev_comm[1]: 1546.683, rev_comm[2]: 234.067, inte[1]: 141.825
[Rank 179] inte[0]: 203.551, comm[0]: 191.760, comm[1]: 1545.596, comm[2]: 194.338, force: 2953.440, rev_comm[0]: 187.561, rev_comm[1]: 1562.555, rev_comm[2]: 216.218, inte[1]: 139.900
[Rank 180] inte[0]: 204.784, comm[0]: 215.978, comm[1]: 1548.533, comm[2]: 215.928, force: 2974.862, rev_comm[0]: 211.195, rev_comm[1]: 1563.295, rev_comm[2]: 237.336, inte[1]: 141.872
[Rank 181] inte[0]: 204.388, comm[0]: 215.326, comm[1]: 1533.260, comm[2]: 211.869, force: 2979.347, rev_comm[0]: 209.038, rev_comm[1]: 1544.206, rev_comm[2]: 233.032, inte[1]: 141.446
[Rank 182] inte[0]: 204.135, comm[0]: 191.109, comm[1]: 1579.195, comm[2]: 192.905, force: 2954.054, rev_comm[0]: 188.323, rev_comm[1]: 1591.359, rev_comm[2]: 216.920, inte[1]: 140.884
[Rank 183] inte[0]: 204.083, comm[0]: 203.241, comm[1]: 1583.504, comm[2]: 202.825, force: 2949.617, rev_comm[0]: 197.242, rev_comm[1]: 1598.700, rev_comm[2]: 226.670, inte[1]: 140.915
[Rank 184] inte[0]: 204.952, comm[0]: 211.695, comm[1]: 1757.041, comm[2]: 209.557, force: 2956.438, rev_comm[0]: 201.484, rev_comm[1]: 1779.940, rev_comm[2]: 228.766, inte[1]: 141.558
[Rank 185] inte[0]: 203.341, comm[0]: 192.413, comm[1]: 1755.867, comm[2]: 194.704, force: 2956.030, rev_comm[0]: 186.628, rev_comm[1]: 1775.534, rev_comm[2]: 214.887, inte[1]: 140.358
[Rank 186] inte[0]: 205.333, comm[0]: 211.515, comm[1]: 1752.143, comm[2]: 211.909, force: 2986.054, rev_comm[0]: 205.902, rev_comm[1]: 1764.446, rev_comm[2]: 232.400, inte[1]: 142.362
[Rank 187] inte[0]: 204.037, comm[0]: 210.411, comm[1]: 1758.528, comm[2]: 211.927, force: 3002.256, rev_comm[0]: 205.514, rev_comm[1]: 1770.004, rev_comm[2]: 230.161, inte[1]: 141.596
[Rank 188] inte[0]: 203.189, comm[0]: 190.297, comm[1]: 1726.115, comm[2]: 191.874, force: 2947.724, rev_comm[0]: 187.969, rev_comm[1]: 1712.270, rev_comm[2]: 214.279, inte[1]: 139.709
[Rank 189] inte[0]: 203.769, comm[0]: 205.009, comm[1]: 1729.570, comm[2]: 203.242, force: 2944.428, rev_comm[0]: 198.494, rev_comm[1]: 1708.164, rev_comm[2]: 226.493, inte[1]: 140.663
[Rank 190] inte[0]: 205.583, comm[0]: 210.061, comm[1]: 1592.683, comm[2]: 208.365, force: 2971.296, rev_comm[0]: 204.517, rev_comm[1]: 1611.568, rev_comm[2]: 230.853, inte[1]: 141.732
[Rank 191] inte[0]: 204.331, comm[0]: 190.915, comm[1]: 1604.777, comm[2]: 192.490, force: 2978.668, rev_comm[0]: 185.660, rev_comm[1]: 1623.999, rev_comm[2]: 214.180, inte[1]: 139.713
[Rank 192] inte[0]: 205.912, comm[0]: 210.041, comm[1]: 1613.996, comm[2]: 212.596, force: 2949.842, rev_comm[0]: 206.590, rev_comm[1]: 1634.674, rev_comm[2]: 233.990, inte[1]: 141.344
[Rank 193] inte[0]: 204.224, comm[0]: 209.457, comm[1]: 1591.211, comm[2]: 209.628, force: 2958.603, rev_comm[0]: 203.349, rev_comm[1]: 1615.086, rev_comm[2]: 228.773, inte[1]: 140.721
[Rank 194] inte[0]: 203.963, comm[0]: 191.968, comm[1]: 1683.594, comm[2]: 192.741, force: 2957.548, rev_comm[0]: 188.329, rev_comm[1]: 1736.303, rev_comm[2]: 215.755, inte[1]: 140.225
[Rank 195] inte[0]: 204.986, comm[0]: 201.947, comm[1]: 1689.933, comm[2]: 200.658, force: 2955.118, rev_comm[0]: 196.768, rev_comm[1]: 1735.290, rev_comm[2]: 224.793, inte[1]: 142.017
[Rank 196] inte[0]: 205.088, comm[0]: 207.891, comm[1]: 1748.921, comm[2]: 206.724, force: 2981.464, rev_comm[0]: 198.405, rev_comm[1]: 1766.379, rev_comm[2]: 224.854, inte[1]: 141.901
[Rank 197] inte[0]: 203.374, comm[0]: 195.116, comm[1]: 1763.590, comm[2]: 198.673, force: 2946.426, rev_comm[0]: 191.217, rev_comm[1]: 1786.889, rev_comm[2]: 218.652, inte[1]: 139.674
[Rank 198] inte[0]: 202.486, comm[0]: 194.660, comm[1]: 1746.248, comm[2]: 195.339, force: 2943.484, rev_comm[0]: 188.439, rev_comm[1]: 1752.717, rev_comm[2]: 215.035, inte[1]: 139.966
[Rank 199] inte[0]: 205.292, comm[0]: 204.017, comm[1]: 1753.718, comm[2]: 206.267, force: 2964.020, rev_comm[0]: 195.970, rev_comm[1]: 1771.025, rev_comm[2]: 225.223, inte[1]: 140.545
[Rank 200] inte[0]: 204.983, comm[0]: 201.146, comm[1]: 1721.223, comm[2]: 200.055, force: 2941.143, rev_comm[0]: 194.697, rev_comm[1]: 1800.436, rev_comm[2]: 223.392, inte[1]: 141.044
[Rank 201] inte[0]: 205.538, comm[0]: 209.823, comm[1]: 1719.707, comm[2]: 208.893, force: 2972.381, rev_comm[0]: 202.158, rev_comm[1]: 1789.257, rev_comm[2]: 231.893, inte[1]: 142.155
[Rank 202] inte[0]: 206.266, comm[0]: 207.558, comm[1]: 1702.567, comm[2]: 206.748, force: 2977.676, rev_comm[0]: 200.466, rev_comm[1]: 1797.068, rev_comm[2]: 229.418, inte[1]: 141.439
[Rank 203] inte[0]: 204.116, comm[0]: 192.179, comm[1]: 1733.617, comm[2]: 194.089, force: 2958.506, rev_comm[0]: 186.372, rev_comm[1]: 1820.784, rev_comm[2]: 215.513, inte[1]: 139.600
[Rank 204] inte[0]: 204.229, comm[0]: 208.776, comm[1]: 1731.114, comm[2]: 210.789, force: 2961.082, rev_comm[0]: 205.072, rev_comm[1]: 1809.449, rev_comm[2]: 232.095, inte[1]: 141.366
[Rank 205] inte[0]: 203.748, comm[0]: 209.309, comm[1]: 1710.341, comm[2]: 208.228, force: 2998.019, rev_comm[0]: 203.010, rev_comm[1]: 1783.124, rev_comm[2]: 227.788, inte[1]: 141.431
[Rank 206] inte[0]: 204.599, comm[0]: 192.127, comm[1]: 1762.855, comm[2]: 193.907, force: 2935.314, rev_comm[0]: 189.198, rev_comm[1]: 1846.452, rev_comm[2]: 217.264, inte[1]: 140.379
[Rank 207] inte[0]: 205.413, comm[0]: 202.776, comm[1]: 1767.025, comm[2]: 200.665, force: 2953.507, rev_comm[0]: 196.551, rev_comm[1]: 1853.813, rev_comm[2]: 224.746, inte[1]: 141.395
[Rank 208] inte[0]: 205.111, comm[0]: 206.341, comm[1]: 1727.507, comm[2]: 205.618, force: 2961.976, rev_comm[0]: 196.607, rev_comm[1]: 1759.465, rev_comm[2]: 224.883, inte[1]: 141.404
[Rank 209] inte[0]: 203.042, comm[0]: 191.117, comm[1]: 1739.305, comm[2]: 194.624, force: 2942.620, rev_comm[0]: 187.436, rev_comm[1]: 1763.409, rev_comm[2]: 214.902, inte[1]: 139.202
[Rank 210] inte[0]: 204.033, comm[0]: 213.459, comm[1]: 1748.340, comm[2]: 211.725, force: 2961.047, rev_comm[0]: 205.723, rev_comm[1]: 1763.338, rev_comm[2]: 230.818, inte[1]: 141.617
[Rank 211] inte[0]: 204.773, comm[0]: 211.511, comm[1]: 1756.225, comm[2]: 211.935, force: 2968.130, rev_comm[0]: 206.260, rev_comm[1]: 1767.751, rev_comm[2]: 232.303, inte[1]: 141.301
[Rank 212] inte[0]: 202.589, comm[0]: 188.375, comm[1]: 1576.992, comm[2]: 190.117, force: 2964.615, rev_comm[0]: 184.738, rev_comm[1]: 1591.493, rev_comm[2]: 213.348, inte[1]: 140.087
[Rank 213] inte[0]: 203.668, comm[0]: 191.344, comm[1]: 1566.175, comm[2]: 192.330, force: 2937.237, rev_comm[0]: 185.061, rev_comm[1]: 1580.666, rev_comm[2]: 213.518, inte[1]: 139.941
[Rank 214] inte[0]: 205.182, comm[0]: 209.272, comm[1]: 1530.473, comm[2]: 210.320, force: 2986.853, rev_comm[0]: 204.646, rev_comm[1]: 1549.058, rev_comm[2]: 231.741, inte[1]: 141.542
[Rank 215] inte[0]: 204.435, comm[0]: 207.735, comm[1]: 1552.030, comm[2]: 207.537, force: 2964.611, rev_comm[0]: 200.956, rev_comm[1]: 1564.343, rev_comm[2]: 229.022, inte[1]: 141.347
[Rank 216] inte[0]: 204.249, comm[0]: 211.409, comm[1]: 1553.113, comm[2]: 212.252, force: 2986.630, rev_comm[0]: 206.745, rev_comm[1]: 1563.178, rev_comm[2]: 234.953, inte[1]: 142.333
[Rank 217] inte[0]: 203.552, comm[0]: 210.740, comm[1]: 1526.388, comm[2]: 209.168, force: 2964.301, rev_comm[0]: 205.016, rev_comm[1]: 1531.977, rev_comm[2]: 229.223, inte[1]: 141.260
[Rank 218] inte[0]: 203.585, comm[0]: 189.997, comm[1]: 1718.125, comm[2]: 192.744, force: 2916.809, rev_comm[0]: 188.010, rev_comm[1]: 1702.377, rev_comm[2]: 215.117, inte[1]: 140.123
[Rank 219] inte[0]: 203.937, comm[0]: 201.625, comm[1]: 1731.338, comm[2]: 200.115, force: 2936.512, rev_comm[0]: 196.595, rev_comm[1]: 1713.779, rev_comm[2]: 223.980, inte[1]: 140.988
[Rank 220] inte[0]: 204.942, comm[0]: 203.740, comm[1]: 1814.062, comm[2]: 203.832, force: 2961.538, rev_comm[0]: 195.537, rev_comm[1]: 1836.998, rev_comm[2]: 223.323, inte[1]: 141.195
[Rank 221] inte[0]: 204.653, comm[0]: 194.037, comm[1]: 1815.605, comm[2]: 197.239, force: 2937.403, rev_comm[0]: 188.766, rev_comm[1]: 1839.868, rev_comm[2]: 217.295, inte[1]: 140.084
[Rank 222] inte[0]: 205.420, comm[0]: 211.869, comm[1]: 2013.314, comm[2]: 210.827, force: 2950.159, rev_comm[0]: 205.687, rev_comm[1]: 2038.164, rev_comm[2]: 231.139, inte[1]: 141.844
[Rank 223] inte[0]: 205.303, comm[0]: 209.556, comm[1]: 2015.239, comm[2]: 207.976, force: 2937.726, rev_comm[0]: 203.365, rev_comm[1]: 2037.234, rev_comm[2]: 230.387, inte[1]: 140.970
[Rank 224] inte[0]: 204.015, comm[0]: 188.130, comm[1]: 1830.428, comm[2]: 190.030, force: 2924.930, rev_comm[0]: 185.079, rev_comm[1]: 1846.972, rev_comm[2]: 213.487, inte[1]: 139.608
[Rank 225] inte[0]: 204.240, comm[0]: 206.892, comm[1]: 1820.716, comm[2]: 206.525, force: 2932.155, rev_comm[0]: 200.262, rev_comm[1]: 1841.114, rev_comm[2]: 230.064, inte[1]: 140.715
[Rank 226] inte[0]: 204.956, comm[0]: 204.621, comm[1]: 1800.058, comm[2]: 204.243, force: 2938.973, rev_comm[0]: 201.020, rev_comm[1]: 1817.583, rev_comm[2]: 227.169, inte[1]: 141.232
[Rank 227] inte[0]: 203.174, comm[0]: 193.377, comm[1]: 1817.838, comm[2]: 194.242, force: 2926.274, rev_comm[0]: 189.361, rev_comm[1]: 1830.332, rev_comm[2]: 215.964, inte[1]: 139.537
[Rank 228] inte[0]: 204.470, comm[0]: 212.223, comm[1]: 1929.587, comm[2]: 213.658, force: 2951.713, rev_comm[0]: 207.393, rev_comm[1]: 1997.830, rev_comm[2]: 233.205, inte[1]: 141.141
[Rank 229] inte[0]: 204.953, comm[0]: 209.370, comm[1]: 1910.835, comm[2]: 209.394, force: 2991.564, rev_comm[0]: 203.143, rev_comm[1]: 1974.216, rev_comm[2]: 230.163, inte[1]: 141.457
[Rank 230] inte[0]: 204.075, comm[0]: 190.382, comm[1]: 1895.218, comm[2]: 192.846, force: 2929.994, rev_comm[0]: 185.988, rev_comm[1]: 1964.985, rev_comm[2]: 214.534, inte[1]: 140.048
[Rank 231] inte[0]: 205.382, comm[0]: 199.541, comm[1]: 1892.456, comm[2]: 199.056, force: 2976.538, rev_comm[0]: 194.080, rev_comm[1]: 1976.559, rev_comm[2]: 221.877, inte[1]: 141.055
[Rank 232] inte[0]: 204.679, comm[0]: 201.570, comm[1]: 1862.993, comm[2]: 203.195, force: 2995.249, rev_comm[0]: 192.016, rev_comm[1]: 1925.878, rev_comm[2]: 222.042, inte[1]: 141.289
[Rank 233] inte[0]: 202.215, comm[0]: 188.800, comm[1]: 1868.807, comm[2]: 192.450, force: 2947.659, rev_comm[0]: 184.960, rev_comm[1]: 1937.767, rev_comm[2]: 215.131, inte[1]: 138.930
[Rank 234] inte[0]: 204.872, comm[0]: 196.040, comm[1]: 1773.807, comm[2]: 196.316, force: 2963.884, rev_comm[0]: 190.578, rev_comm[1]: 1785.754, rev_comm[2]: 216.247, inte[1]: 140.210
[Rank 235] inte[0]: 205.253, comm[0]: 203.800, comm[1]: 1781.970, comm[2]: 203.882, force: 2960.886, rev_comm[0]: 196.361, rev_comm[1]: 1795.215, rev_comm[2]: 222.262, inte[1]: 140.842
[Rank 236] inte[0]: 204.318, comm[0]: 204.240, comm[1]: 1591.838, comm[2]: 201.573, force: 2966.018, rev_comm[0]: 197.473, rev_comm[1]: 1605.459, rev_comm[2]: 225.852, inte[1]: 140.925
[Rank 237] inte[0]: 204.908, comm[0]: 208.024, comm[1]: 1584.547, comm[2]: 208.487, force: 2974.530, rev_comm[0]: 202.092, rev_comm[1]: 1596.407, rev_comm[2]: 231.910, inte[1]: 141.040
[Rank 238] inte[0]: 205.861, comm[0]: 209.867, comm[1]: 1534.087, comm[2]: 207.645, force: 2973.972, rev_comm[0]: 204.118, rev_comm[1]: 1549.767, rev_comm[2]: 230.596, inte[1]: 141.706
[Rank 239] inte[0]: 204.036, comm[0]: 195.149, comm[1]: 1553.299, comm[2]: 196.684, force: 2953.063, rev_comm[0]: 191.463, rev_comm[1]: 1571.639, rev_comm[2]: 218.048, inte[1]: 140.355
[Rank 240] inte[0]: 204.173, comm[0]: 209.442, comm[1]: 1543.341, comm[2]: 211.020, force: 2961.210, rev_comm[0]: 205.192, rev_comm[1]: 1556.265, rev_comm[2]: 231.908, inte[1]: 141.241
[Rank 241] inte[0]: 204.561, comm[0]: 212.458, comm[1]: 1533.384, comm[2]: 210.262, force: 2986.932, rev_comm[0]: 206.083, rev_comm[1]: 1538.000, rev_comm[2]: 230.602, inte[1]: 141.839
[Rank 242] inte[0]: 203.492, comm[0]: 190.250, comm[1]: 1577.973, comm[2]: 192.333, force: 2930.143, rev_comm[0]: 187.300, rev_comm[1]: 1586.395, rev_comm[2]: 214.402, inte[1]: 139.785
[Rank 243] inte[0]: 205.331, comm[0]: 203.194, comm[1]: 1583.752, comm[2]: 201.931, force: 2947.939, rev_comm[0]: 198.022, rev_comm[1]: 1588.757, rev_comm[2]: 226.578, inte[1]: 140.728
[Rank 244] inte[0]: 204.651, comm[0]: 209.578, comm[1]: 1749.510, comm[2]: 208.330, force: 2957.714, rev_comm[0]: 199.745, rev_comm[1]: 1768.402, rev_comm[2]: 228.606, inte[1]: 141.305
[Rank 245] inte[0]: 203.951, comm[0]: 190.536, comm[1]: 1745.032, comm[2]: 193.561, force: 2938.024, rev_comm[0]: 186.486, rev_comm[1]: 1761.266, rev_comm[2]: 214.072, inte[1]: 139.520
[Rank 246] inte[0]: 205.352, comm[0]: 211.075, comm[1]: 1750.625, comm[2]: 211.261, force: 2965.842, rev_comm[0]: 204.764, rev_comm[1]: 1757.710, rev_comm[2]: 232.039, inte[1]: 141.685
[Rank 247] inte[0]: 204.194, comm[0]: 207.134, comm[1]: 1758.380, comm[2]: 208.624, force: 2995.336, rev_comm[0]: 200.982, rev_comm[1]: 1766.467, rev_comm[2]: 230.954, inte[1]: 140.805
[Rank 248] inte[0]: 203.978, comm[0]: 189.739, comm[1]: 1579.058, comm[2]: 190.231, force: 2924.252, rev_comm[0]: 185.895, rev_comm[1]: 1591.437, rev_comm[2]: 212.780, inte[1]: 139.844
[Rank 249] inte[0]: 205.269, comm[0]: 207.765, comm[1]: 1568.960, comm[2]: 208.006, force: 2973.606, rev_comm[0]: 201.237, rev_comm[1]: 1579.519, rev_comm[2]: 232.140, inte[1]: 141.353
[Rank 250] inte[0]: 205.687, comm[0]: 206.463, comm[1]: 1563.489, comm[2]: 206.478, force: 2972.728, rev_comm[0]: 201.715, rev_comm[1]: 1571.917, rev_comm[2]: 229.399, inte[1]: 141.594
[Rank 251] inte[0]: 203.731, comm[0]: 194.226, comm[1]: 1540.768, comm[2]: 195.679, force: 2940.343, rev_comm[0]: 188.120, rev_comm[1]: 1562.388, rev_comm[2]: 217.401, inte[1]: 140.327
[Rank 252] inte[0]: 205.437, comm[0]: 211.652, comm[1]: 1801.712, comm[2]: 212.724, force: 2962.075, rev_comm[0]: 205.533, rev_comm[1]: 1812.063, rev_comm[2]: 237.464, inte[1]: 141.694
[Rank 253] inte[0]: 203.828, comm[0]: 204.590, comm[1]: 1786.422, comm[2]: 205.926, force: 2960.065, rev_comm[0]: 200.575, rev_comm[1]: 1797.871, rev_comm[2]: 229.060, inte[1]: 140.756
[Rank 254] inte[0]: 203.152, comm[0]: 188.526, comm[1]: 1818.018, comm[2]: 190.836, force: 2896.301, rev_comm[0]: 185.001, rev_comm[1]: 1818.568, rev_comm[2]: 213.572, inte[1]: 139.425
[Rank 255] inte[0]: 203.937, comm[0]: 195.710, comm[1]: 1779.100, comm[2]: 196.456, force: 2957.420, rev_comm[0]: 191.113, rev_comm[1]: 1769.475, rev_comm[2]: 219.203, inte[1]: 140.044
[Max rank 161] inte[0]: 202.637, comm[0]: 188.289, comm[1]: 2113.580, comm[2]: 189.961, force: 2910.569, rev_comm[0]: 182.531, rev_comm[1]: 2165.023, rev_comm[2]: 213.058, inte[1]: 138.999


# Performance Summary:
# MPI_proc OMP_threads nsteps natoms t_total t_force t_neigh t_comm t_other performance perf/thread grep_string t_extra
256 1 100 268435456 0.941025 0.298191 0.000000 0.605193 0.037642 28525853654.499470 111429115.837889 PERF_SUMMARY 0.000000


