[Rank 254] xlo: 752.459094, xhi: 859.953250, ylo: 752.459094, yhi: 859.953250, zlo: 214.988312, zhi: 322.482469
[Rank 255] xlo: 752.459094, xhi: 859.953250, ylo: 752.459094, yhi: 859.953250, zlo: 322.482469, zhi: 429.976625
[Rank 252] xlo: 752.459094, xhi: 859.953250, ylo: 752.459094, yhi: 859.953250, zlo: 0.000000, zhi: 107.494156
[Rank 253] xlo: 752.459094, xhi: 859.953250, ylo: 752.459094, yhi: 859.953250, zlo: 107.494156, zhi: 214.988312
[Rank 223] xlo: 644.964937, xhi: 752.459094, ylo: 752.459094, yhi: 859.953250, zlo: 322.482469, zhi: 429.976625
[Rank 197] xlo: 644.964937, xhi: 752.459094, ylo: 107.494156, yhi: 214.988312, zlo: 107.494156, zhi: 214.988312
[Rank 175] xlo: 537.470781, xhi: 644.964937, ylo: 322.482469, yhi: 429.976625, zlo: 322.482469, zhi: 429.976625
[Rank 221] xlo: 644.964937, xhi: 752.459094, ylo: 752.459094, yhi: 859.953250, zlo: 107.494156, zhi: 214.988312
[Rank 220] xlo: 644.964937, xhi: 752.459094, ylo: 752.459094, yhi: 859.953250, zlo: 0.000000, zhi: 107.494156
[Rank 189] xlo: 537.470781, xhi: 644.964937, ylo: 752.459094, yhi: 859.953250, zlo: 107.494156, zhi: 214.988312
[Rank 157] xlo: 429.976625, xhi: 537.470781, ylo: 752.459094, yhi: 859.953250, zlo: 107.494156, zhi: 214.988312
[Rank 198] xlo: 644.964937, xhi: 752.459094, ylo: 107.494156, yhi: 214.988312, zlo: 214.988312, zhi: 322.482469
[Rank 199] xlo: 644.964937, xhi: 752.459094, ylo: 107.494156, yhi: 214.988312, zlo: 322.482469, zhi: 429.976625
[Rank 54] xlo: 107.494156, xhi: 214.988312, ylo: 537.470781, yhi: 644.964937, zlo: 214.988312, zhi: 322.482469
[Rank 55] xlo: 107.494156, xhi: 214.988312, ylo: 537.470781, yhi: 644.964937, zlo: 322.482469, zhi: 429.976625
[Rank 190] xlo: 537.470781, xhi: 644.964937, ylo: 752.459094, yhi: 859.953250, zlo: 214.988312, zhi: 322.482469
[Rank 19] xlo: 0.000000, xhi: 107.494156, ylo: 429.976625, yhi: 537.470781, zlo: 322.482469, zhi: 429.976625
[Rank 209] xlo: 644.964937, xhi: 752.459094, ylo: 429.976625, yhi: 537.470781, zlo: 107.494156, zhi: 214.988312
[Rank 222] xlo: 644.964937, xhi: 752.459094, ylo: 752.459094, yhi: 859.953250, zlo: 214.988312, zhi: 322.482469
[Rank 18] xlo: 0.000000, xhi: 107.494156, ylo: 429.976625, yhi: 537.470781, zlo: 214.988312, zhi: 322.482469
[Rank 151] xlo: 429.976625, xhi: 537.470781, ylo: 537.470781, yhi: 644.964937, zlo: 322.482469, zhi: 429.976625
[Rank 150] xlo: 429.976625, xhi: 537.470781, ylo: 537.470781, yhi: 644.964937, zlo: 214.988312, zhi: 322.482469
[Rank 91] xlo: 214.988312, xhi: 322.482469, ylo: 644.964937, yhi: 752.459094, zlo: 322.482469, zhi: 429.976625
[Rank 188] xlo: 537.470781, xhi: 644.964937, ylo: 752.459094, yhi: 859.953250, zlo: 0.000000, zhi: 107.494156
[Rank 191] xlo: 537.470781, xhi: 644.964937, ylo: 752.459094, yhi: 859.953250, zlo: 322.482469, zhi: 429.976625
[Rank 232] xlo: 752.459094, xhi: 859.953250, ylo: 214.988312, yhi: 322.482469, zlo: 0.000000, zhi: 107.494156
[Rank 233] xlo: 752.459094, xhi: 859.953250, ylo: 214.988312, yhi: 322.482469, zlo: 107.494156, zhi: 214.988312
[Rank 17] xlo: 0.000000, xhi: 107.494156, ylo: 429.976625, yhi: 537.470781, zlo: 107.494156, zhi: 214.988312
[Rank 53] xlo: 107.494156, xhi: 214.988312, ylo: 537.470781, yhi: 644.964937, zlo: 107.494156, zhi: 214.988312
[Rank 149] xlo: 429.976625, xhi: 537.470781, ylo: 537.470781, yhi: 644.964937, zlo: 107.494156, zhi: 214.988312
[Rank 148] xlo: 429.976625, xhi: 537.470781, ylo: 537.470781, yhi: 644.964937, zlo: 0.000000, zhi: 107.494156
[Rank 52] xlo: 107.494156, xhi: 214.988312, ylo: 537.470781, yhi: 644.964937, zlo: 0.000000, zhi: 107.494156
[Rank 163] xlo: 537.470781, xhi: 644.964937, ylo: 0.000000, yhi: 107.494156, zlo: 322.482469, zhi: 429.976625
[Rank 196] xlo: 644.964937, xhi: 752.459094, ylo: 107.494156, yhi: 214.988312, zlo: 0.000000, zhi: 107.494156
[Rank 174] xlo: 537.470781, xhi: 644.964937, ylo: 322.482469, yhi: 429.976625, zlo: 214.988312, zhi: 322.482469
[Rank 43] xlo: 107.494156, xhi: 214.988312, ylo: 214.988312, yhi: 322.482469, zlo: 322.482469, zhi: 429.976625
[Rank 137] xlo: 429.976625, xhi: 537.470781, ylo: 214.988312, yhi: 322.482469, zlo: 107.494156, zhi: 214.988312
[Rank 208] xlo: 644.964937, xhi: 752.459094, ylo: 429.976625, yhi: 537.470781, zlo: 0.000000, zhi: 107.494156
[Rank 109] xlo: 322.482469, xhi: 429.976625, ylo: 322.482469, yhi: 429.976625, zlo: 107.494156, zhi: 214.988312
[Rank 142] xlo: 429.976625, xhi: 537.470781, ylo: 322.482469, yhi: 429.976625, zlo: 214.988312, zhi: 322.482469
[Rank 90] xlo: 214.988312, xhi: 322.482469, ylo: 644.964937, yhi: 752.459094, zlo: 214.988312, zhi: 322.482469
[Rank 162] xlo: 537.470781, xhi: 644.964937, ylo: 0.000000, yhi: 107.494156, zlo: 214.988312, zhi: 322.482469
[Rank 214] xlo: 644.964937, xhi: 752.459094, ylo: 537.470781, yhi: 644.964937, zlo: 214.988312, zhi: 322.482469
[Rank 215] xlo: 644.964937, xhi: 752.459094, ylo: 537.470781, yhi: 644.964937, zlo: 322.482469, zhi: 429.976625
[Rank 70] xlo: 214.988312, xhi: 322.482469, ylo: 107.494156, yhi: 214.988312, zlo: 214.988312, zhi: 322.482469
[Rank 136] xlo: 429.976625, xhi: 537.470781, ylo: 214.988312, yhi: 322.482469, zlo: 0.000000, zhi: 107.494156
[Rank 224] xlo: 752.459094, xhi: 859.953250, ylo: 0.000000, yhi: 107.494156, zlo: 0.000000, zhi: 107.494156
[Rank 40] xlo: 107.494156, xhi: 214.988312, ylo: 214.988312, yhi: 322.482469, zlo: 0.000000, zhi: 107.494156
[Rank 114] xlo: 322.482469, xhi: 429.976625, ylo: 429.976625, yhi: 537.470781, zlo: 214.988312, zhi: 322.482469
[Rank 16] xlo: 0.000000, xhi: 107.494156, ylo: 429.976625, yhi: 537.470781, zlo: 0.000000, zhi: 107.494156
[Rank 234] xlo: 752.459094, xhi: 859.953250, ylo: 214.988312, yhi: 322.482469, zlo: 214.988312, zhi: 322.482469
[Rank 41] xlo: 107.494156, xhi: 214.988312, ylo: 214.988312, yhi: 322.482469, zlo: 107.494156, zhi: 214.988312
[Rank 115] xlo: 322.482469, xhi: 429.976625, ylo: 429.976625, yhi: 537.470781, zlo: 322.482469, zhi: 429.976625
[Rank 235] xlo: 752.459094, xhi: 859.953250, ylo: 214.988312, yhi: 322.482469, zlo: 322.482469, zhi: 429.976625
[Rank 133] xlo: 429.976625, xhi: 537.470781, ylo: 107.494156, yhi: 214.988312, zlo: 107.494156, zhi: 214.988312
[Rank 38] xlo: 107.494156, xhi: 214.988312, ylo: 107.494156, yhi: 214.988312, zlo: 214.988312, zhi: 322.482469
[Rank 213] xlo: 644.964937, xhi: 752.459094, ylo: 537.470781, yhi: 644.964937, zlo: 107.494156, zhi: 214.988312
[Rank 158] xlo: 429.976625, xhi: 537.470781, ylo: 752.459094, yhi: 859.953250, zlo: 214.988312, zhi: 322.482469
[Rank 212] xlo: 644.964937, xhi: 752.459094, ylo: 537.470781, yhi: 644.964937, zlo: 0.000000, zhi: 107.494156
[Rank 210] xlo: 644.964937, xhi: 752.459094, ylo: 429.976625, yhi: 537.470781, zlo: 214.988312, zhi: 322.482469
[Rank 211] xlo: 644.964937, xhi: 752.459094, ylo: 429.976625, yhi: 537.470781, zlo: 322.482469, zhi: 429.976625
[Rank 230] xlo: 752.459094, xhi: 859.953250, ylo: 107.494156, yhi: 214.988312, zlo: 214.988312, zhi: 322.482469
[Rank 231] xlo: 752.459094, xhi: 859.953250, ylo: 107.494156, yhi: 214.988312, zlo: 322.482469, zhi: 429.976625
[Rank 227] xlo: 752.459094, xhi: 859.953250, ylo: 0.000000, yhi: 107.494156, zlo: 322.482469, zhi: 429.976625
[Rank 88] xlo: 214.988312, xhi: 322.482469, ylo: 644.964937, yhi: 752.459094, zlo: 0.000000, zhi: 107.494156
[Rank 61] xlo: 107.494156, xhi: 214.988312, ylo: 752.459094, yhi: 859.953250, zlo: 107.494156, zhi: 214.988312
[Rank 159] xlo: 429.976625, xhi: 537.470781, ylo: 752.459094, yhi: 859.953250, zlo: 322.482469, zhi: 429.976625
[Rank 156] xlo: 429.976625, xhi: 537.470781, ylo: 752.459094, yhi: 859.953250, zlo: 0.000000, zhi: 107.494156
[Rank 161] xlo: 537.470781, xhi: 644.964937, ylo: 0.000000, yhi: 107.494156, zlo: 107.494156, zhi: 214.988312
[Rank 44] xlo: 107.494156, xhi: 214.988312, ylo: 322.482469, yhi: 429.976625, zlo: 0.000000, zhi: 107.494156
[Rank 152] xlo: 429.976625, xhi: 537.470781, ylo: 644.964937, yhi: 752.459094, zlo: 0.000000, zhi: 107.494156
[Rank 42] xlo: 107.494156, xhi: 214.988312, ylo: 214.988312, yhi: 322.482469, zlo: 214.988312, zhi: 322.482469
[Rank 4] xlo: 0.000000, xhi: 107.494156, ylo: 107.494156, yhi: 214.988312, zlo: 0.000000, zhi: 107.494156
[Rank 60] xlo: 107.494156, xhi: 214.988312, ylo: 752.459094, yhi: 859.953250, zlo: 0.000000, zhi: 107.494156
[Rank 48] xlo: 107.494156, xhi: 214.988312, ylo: 429.976625, yhi: 537.470781, zlo: 0.000000, zhi: 107.494156
[Rank 5] xlo: 0.000000, xhi: 107.494156, ylo: 107.494156, yhi: 214.988312, zlo: 107.494156, zhi: 214.988312
[Rank 172] xlo: 537.470781, xhi: 644.964937, ylo: 322.482469, yhi: 429.976625, zlo: 0.000000, zhi: 107.494156
[Rank 108] xlo: 322.482469, xhi: 429.976625, ylo: 322.482469, yhi: 429.976625, zlo: 0.000000, zhi: 107.494156
[Rank 89] xlo: 214.988312, xhi: 322.482469, ylo: 644.964937, yhi: 752.459094, zlo: 107.494156, zhi: 214.988312
[Rank 173] xlo: 537.470781, xhi: 644.964937, ylo: 322.482469, yhi: 429.976625, zlo: 107.494156, zhi: 214.988312
[Rank 219] xlo: 644.964937, xhi: 752.459094, ylo: 644.964937, yhi: 752.459094, zlo: 322.482469, zhi: 429.976625
[Rank 218] xlo: 644.964937, xhi: 752.459094, ylo: 644.964937, yhi: 752.459094, zlo: 214.988312, zhi: 322.482469
[Rank 160] xlo: 537.470781, xhi: 644.964937, ylo: 0.000000, yhi: 107.494156, zlo: 0.000000, zhi: 107.494156
[Rank 155] xlo: 429.976625, xhi: 537.470781, ylo: 644.964937, yhi: 752.459094, zlo: 322.482469, zhi: 429.976625
[Rank 194] xlo: 644.964937, xhi: 752.459094, ylo: 0.000000, yhi: 107.494156, zlo: 214.988312, zhi: 322.482469
[Rank 145] xlo: 429.976625, xhi: 537.470781, ylo: 429.976625, yhi: 537.470781, zlo: 107.494156, zhi: 214.988312
[Rank 47] xlo: 107.494156, xhi: 214.988312, ylo: 322.482469, yhi: 429.976625, zlo: 322.482469, zhi: 429.976625
[Rank 225] xlo: 752.459094, xhi: 859.953250, ylo: 0.000000, yhi: 107.494156, zlo: 107.494156, zhi: 214.988312
[Rank 143] xlo: 429.976625, xhi: 537.470781, ylo: 322.482469, yhi: 429.976625, zlo: 322.482469, zhi: 429.976625
[Rank 51] xlo: 107.494156, xhi: 214.988312, ylo: 429.976625, yhi: 537.470781, zlo: 322.482469, zhi: 429.976625
[Rank 195] xlo: 644.964937, xhi: 752.459094, ylo: 0.000000, yhi: 107.494156, zlo: 322.482469, zhi: 429.976625
[Rank 229] xlo: 752.459094, xhi: 859.953250, ylo: 107.494156, yhi: 214.988312, zlo: 107.494156, zhi: 214.988312
[Rank 67] xlo: 214.988312, xhi: 322.482469, ylo: 0.000000, yhi: 107.494156, zlo: 322.482469, zhi: 429.976625
[Rank 11] xlo: 0.000000, xhi: 107.494156, ylo: 214.988312, yhi: 322.482469, zlo: 322.482469, zhi: 429.976625
[Rank 64] xlo: 214.988312, xhi: 322.482469, ylo: 0.000000, yhi: 107.494156, zlo: 0.000000, zhi: 107.494156
[Rank 103] xlo: 322.482469, xhi: 429.976625, ylo: 107.494156, yhi: 214.988312, zlo: 322.482469, zhi: 429.976625
[Rank 71] xlo: 214.988312, xhi: 322.482469, ylo: 107.494156, yhi: 214.988312, zlo: 322.482469, zhi: 429.976625
[Rank 228] xlo: 752.459094, xhi: 859.953250, ylo: 107.494156, yhi: 214.988312, zlo: 0.000000, zhi: 107.494156
[Rank 226] xlo: 752.459094, xhi: 859.953250, ylo: 0.000000, yhi: 107.494156, zlo: 214.988312, zhi: 322.482469
[Rank 146] xlo: 429.976625, xhi: 537.470781, ylo: 429.976625, yhi: 537.470781, zlo: 214.988312, zhi: 322.482469
[Rank 34] xlo: 107.494156, xhi: 214.988312, ylo: 0.000000, yhi: 107.494156, zlo: 214.988312, zhi: 322.482469
[Rank 85] xlo: 214.988312, xhi: 322.482469, ylo: 537.470781, yhi: 644.964937, zlo: 107.494156, zhi: 214.988312
[Rank 179] xlo: 537.470781, xhi: 644.964937, ylo: 429.976625, yhi: 537.470781, zlo: 322.482469, zhi: 429.976625
[Rank 110] xlo: 322.482469, xhi: 429.976625, ylo: 322.482469, yhi: 429.976625, zlo: 214.988312, zhi: 322.482469
[Rank 50] xlo: 107.494156, xhi: 214.988312, ylo: 429.976625, yhi: 537.470781, zlo: 214.988312, zhi: 322.482469
[Rank 33] xlo: 107.494156, xhi: 214.988312, ylo: 0.000000, yhi: 107.494156, zlo: 107.494156, zhi: 214.988312
[Rank 178] xlo: 537.470781, xhi: 644.964937, ylo: 429.976625, yhi: 537.470781, zlo: 214.988312, zhi: 322.482469
[Rank 111] xlo: 322.482469, xhi: 429.976625, ylo: 322.482469, yhi: 429.976625, zlo: 322.482469, zhi: 429.976625
[Rank 92] xlo: 214.988312, xhi: 322.482469, ylo: 752.459094, yhi: 859.953250, zlo: 0.000000, zhi: 107.494156
[Rank 121] xlo: 322.482469, xhi: 429.976625, ylo: 644.964937, yhi: 752.459094, zlo: 107.494156, zhi: 214.988312
[Rank 170] xlo: 537.470781, xhi: 644.964937, ylo: 214.988312, yhi: 322.482469, zlo: 214.988312, zhi: 322.482469
[Rank 10] xlo: 0.000000, xhi: 107.494156, ylo: 214.988312, yhi: 322.482469, zlo: 214.988312, zhi: 322.482469
[Rank 144] xlo: 429.976625, xhi: 537.470781, ylo: 429.976625, yhi: 537.470781, zlo: 0.000000, zhi: 107.494156
[Rank 95] xlo: 214.988312, xhi: 322.482469, ylo: 752.459094, yhi: 859.953250, zlo: 322.482469, zhi: 429.976625
[Rank 171] xlo: 537.470781, xhi: 644.964937, ylo: 214.988312, yhi: 322.482469, zlo: 322.482469, zhi: 429.976625
[Rank 216] xlo: 644.964937, xhi: 752.459094, ylo: 644.964937, yhi: 752.459094, zlo: 0.000000, zhi: 107.494156
[Rank 66] xlo: 214.988312, xhi: 322.482469, ylo: 0.000000, yhi: 107.494156, zlo: 214.988312, zhi: 322.482469
[Rank 217] xlo: 644.964937, xhi: 752.459094, ylo: 644.964937, yhi: 752.459094, zlo: 107.494156, zhi: 214.988312
[Rank 206] xlo: 644.964937, xhi: 752.459094, ylo: 322.482469, yhi: 429.976625, zlo: 214.988312, zhi: 322.482469
[Rank 138] xlo: 429.976625, xhi: 537.470781, ylo: 214.988312, yhi: 322.482469, zlo: 214.988312, zhi: 322.482469
[Rank 207] xlo: 644.964937, xhi: 752.459094, ylo: 322.482469, yhi: 429.976625, zlo: 322.482469, zhi: 429.976625
[Rank 31] xlo: 0.000000, xhi: 107.494156, ylo: 752.459094, yhi: 859.953250, zlo: 322.482469, zhi: 429.976625
[Rank 139] xlo: 429.976625, xhi: 537.470781, ylo: 214.988312, yhi: 322.482469, zlo: 322.482469, zhi: 429.976625
[Rank 65] xlo: 214.988312, xhi: 322.482469, ylo: 0.000000, yhi: 107.494156, zlo: 107.494156, zhi: 214.988312
[Rank 192] xlo: 644.964937, xhi: 752.459094, ylo: 0.000000, yhi: 107.494156, zlo: 0.000000, zhi: 107.494156
[Rank 193] xlo: 644.964937, xhi: 752.459094, ylo: 0.000000, yhi: 107.494156, zlo: 107.494156, zhi: 214.988312
[Rank 153] xlo: 429.976625, xhi: 537.470781, ylo: 644.964937, yhi: 752.459094, zlo: 107.494156, zhi: 214.988312
[Rank 63] xlo: 107.494156, xhi: 214.988312, ylo: 752.459094, yhi: 859.953250, zlo: 322.482469, zhi: 429.976625
[Rank 8] xlo: 0.000000, xhi: 107.494156, ylo: 214.988312, yhi: 322.482469, zlo: 0.000000, zhi: 107.494156
[Rank 154] xlo: 429.976625, xhi: 537.470781, ylo: 644.964937, yhi: 752.459094, zlo: 214.988312, zhi: 322.482469
[Rank 62] xlo: 107.494156, xhi: 214.988312, ylo: 752.459094, yhi: 859.953250, zlo: 214.988312, zhi: 322.482469
[Rank 56] xlo: 107.494156, xhi: 214.988312, ylo: 644.964937, yhi: 752.459094, zlo: 0.000000, zhi: 107.494156
[Rank 49] xlo: 107.494156, xhi: 214.988312, ylo: 429.976625, yhi: 537.470781, zlo: 107.494156, zhi: 214.988312
[Rank 59] xlo: 107.494156, xhi: 214.988312, ylo: 644.964937, yhi: 752.459094, zlo: 322.482469, zhi: 429.976625
[Rank 147] xlo: 429.976625, xhi: 537.470781, ylo: 429.976625, yhi: 537.470781, zlo: 322.482469, zhi: 429.976625
[Rank 9] xlo: 0.000000, xhi: 107.494156, ylo: 214.988312, yhi: 322.482469, zlo: 107.494156, zhi: 214.988312
[Rank 112] xlo: 322.482469, xhi: 429.976625, ylo: 429.976625, yhi: 537.470781, zlo: 0.000000, zhi: 107.494156
[Rank 113] xlo: 322.482469, xhi: 429.976625, ylo: 429.976625, yhi: 537.470781, zlo: 107.494156, zhi: 214.988312
[Rank 177] xlo: 537.470781, xhi: 644.964937, ylo: 429.976625, yhi: 537.470781, zlo: 107.494156, zhi: 214.988312
[Rank 176] xlo: 537.470781, xhi: 644.964937, ylo: 429.976625, yhi: 537.470781, zlo: 0.000000, zhi: 107.494156
[Rank 46] xlo: 107.494156, xhi: 214.988312, ylo: 322.482469, yhi: 429.976625, zlo: 214.988312, zhi: 322.482469
[Rank 7] xlo: 0.000000, xhi: 107.494156, ylo: 107.494156, yhi: 214.988312, zlo: 322.482469, zhi: 429.976625
[Rank 45] xlo: 107.494156, xhi: 214.988312, ylo: 322.482469, yhi: 429.976625, zlo: 107.494156, zhi: 214.988312
[Rank 32] xlo: 107.494156, xhi: 214.988312, ylo: 0.000000, yhi: 107.494156, zlo: 0.000000, zhi: 107.494156
[Rank 39] xlo: 107.494156, xhi: 214.988312, ylo: 107.494156, yhi: 214.988312, zlo: 322.482469, zhi: 429.976625
[Rank 169] xlo: 537.470781, xhi: 644.964937, ylo: 214.988312, yhi: 322.482469, zlo: 107.494156, zhi: 214.988312
[Rank 35] xlo: 107.494156, xhi: 214.988312, ylo: 0.000000, yhi: 107.494156, zlo: 322.482469, zhi: 429.976625
[Rank 134] xlo: 429.976625, xhi: 537.470781, ylo: 107.494156, yhi: 214.988312, zlo: 214.988312, zhi: 322.482469
[Rank 168] xlo: 537.470781, xhi: 644.964937, ylo: 214.988312, yhi: 322.482469, zlo: 0.000000, zhi: 107.494156
[Rank 140] xlo: 429.976625, xhi: 537.470781, ylo: 322.482469, yhi: 429.976625, zlo: 0.000000, zhi: 107.494156
[Rank 30] xlo: 0.000000, xhi: 107.494156, ylo: 752.459094, yhi: 859.953250, zlo: 214.988312, zhi: 322.482469
[Rank 204] xlo: 644.964937, xhi: 752.459094, ylo: 322.482469, yhi: 429.976625, zlo: 0.000000, zhi: 107.494156
[Rank 14] xlo: 0.000000, xhi: 107.494156, ylo: 322.482469, yhi: 429.976625, zlo: 214.988312, zhi: 322.482469
[Rank 205] xlo: 644.964937, xhi: 752.459094, ylo: 322.482469, yhi: 429.976625, zlo: 107.494156, zhi: 214.988312
[Rank 166] xlo: 537.470781, xhi: 644.964937, ylo: 107.494156, yhi: 214.988312, zlo: 214.988312, zhi: 322.482469
[Rank 203] xlo: 644.964937, xhi: 752.459094, ylo: 214.988312, yhi: 322.482469, zlo: 322.482469, zhi: 429.976625
[Rank 75] xlo: 214.988312, xhi: 322.482469, ylo: 214.988312, yhi: 322.482469, zlo: 322.482469, zhi: 429.976625
[Rank 6] xlo: 0.000000, xhi: 107.494156, ylo: 107.494156, yhi: 214.988312, zlo: 214.988312, zhi: 322.482469
[Rank 68] xlo: 214.988312, xhi: 322.482469, ylo: 107.494156, yhi: 214.988312, zlo: 0.000000, zhi: 107.494156
[Rank 141] xlo: 429.976625, xhi: 537.470781, ylo: 322.482469, yhi: 429.976625, zlo: 107.494156, zhi: 214.988312
[Rank 105] xlo: 322.482469, xhi: 429.976625, ylo: 214.988312, yhi: 322.482469, zlo: 107.494156, zhi: 214.988312
[Rank 15] xlo: 0.000000, xhi: 107.494156, ylo: 322.482469, yhi: 429.976625, zlo: 322.482469, zhi: 429.976625
[Rank 94] xlo: 214.988312, xhi: 322.482469, ylo: 752.459094, yhi: 859.953250, zlo: 214.988312, zhi: 322.482469
[Rank 23] xlo: 0.000000, xhi: 107.494156, ylo: 537.470781, yhi: 644.964937, zlo: 322.482469, zhi: 429.976625
[Rank 93] xlo: 214.988312, xhi: 322.482469, ylo: 752.459094, yhi: 859.953250, zlo: 107.494156, zhi: 214.988312
[Rank 102] xlo: 322.482469, xhi: 429.976625, ylo: 107.494156, yhi: 214.988312, zlo: 214.988312, zhi: 322.482469
[Rank 186] xlo: 537.470781, xhi: 644.964937, ylo: 644.964937, yhi: 752.459094, zlo: 214.988312, zhi: 322.482469
[Rank 69] xlo: 214.988312, xhi: 322.482469, ylo: 107.494156, yhi: 214.988312, zlo: 107.494156, zhi: 214.988312
[Rank 202] xlo: 644.964937, xhi: 752.459094, ylo: 214.988312, yhi: 322.482469, zlo: 214.988312, zhi: 322.482469
[Rank 58] xlo: 107.494156, xhi: 214.988312, ylo: 644.964937, yhi: 752.459094, zlo: 214.988312, zhi: 322.482469
[Rank 74] xlo: 214.988312, xhi: 322.482469, ylo: 214.988312, yhi: 322.482469, zlo: 214.988312, zhi: 322.482469
[Rank 101] xlo: 322.482469, xhi: 429.976625, ylo: 107.494156, yhi: 214.988312, zlo: 107.494156, zhi: 214.988312
[Rank 187] xlo: 537.470781, xhi: 644.964937, ylo: 644.964937, yhi: 752.459094, zlo: 322.482469, zhi: 429.976625
[Rank 22] xlo: 0.000000, xhi: 107.494156, ylo: 537.470781, yhi: 644.964937, zlo: 214.988312, zhi: 322.482469
[Rank 100] xlo: 322.482469, xhi: 429.976625, ylo: 107.494156, yhi: 214.988312, zlo: 0.000000, zhi: 107.494156
[Rank 57] xlo: 107.494156, xhi: 214.988312, ylo: 644.964937, yhi: 752.459094, zlo: 107.494156, zhi: 214.988312
[Rank 104] xlo: 322.482469, xhi: 429.976625, ylo: 214.988312, yhi: 322.482469, zlo: 0.000000, zhi: 107.494156
[Rank 72] xlo: 214.988312, xhi: 322.482469, ylo: 214.988312, yhi: 322.482469, zlo: 0.000000, zhi: 107.494156
[Rank 73] xlo: 214.988312, xhi: 322.482469, ylo: 214.988312, yhi: 322.482469, zlo: 107.494156, zhi: 214.988312
[Rank 201] xlo: 644.964937, xhi: 752.459094, ylo: 214.988312, yhi: 322.482469, zlo: 107.494156, zhi: 214.988312
[Rank 200] xlo: 644.964937, xhi: 752.459094, ylo: 214.988312, yhi: 322.482469, zlo: 0.000000, zhi: 107.494156
[Rank 36] xlo: 107.494156, xhi: 214.988312, ylo: 107.494156, yhi: 214.988312, zlo: 0.000000, zhi: 107.494156
[Rank 117] xlo: 322.482469, xhi: 429.976625, ylo: 537.470781, yhi: 644.964937, zlo: 107.494156, zhi: 214.988312
[Rank 37] xlo: 107.494156, xhi: 214.988312, ylo: 107.494156, yhi: 214.988312, zlo: 107.494156, zhi: 214.988312
[Rank 97] xlo: 322.482469, xhi: 429.976625, ylo: 0.000000, yhi: 107.494156, zlo: 107.494156, zhi: 214.988312
[Rank 116] xlo: 322.482469, xhi: 429.976625, ylo: 537.470781, yhi: 644.964937, zlo: 0.000000, zhi: 107.494156
[Rank 96] xlo: 322.482469, xhi: 429.976625, ylo: 0.000000, yhi: 107.494156, zlo: 0.000000, zhi: 107.494156
[Rank 135] xlo: 429.976625, xhi: 537.470781, ylo: 107.494156, yhi: 214.988312, zlo: 322.482469, zhi: 429.976625
[Rank 132] xlo: 429.976625, xhi: 537.470781, ylo: 107.494156, yhi: 214.988312, zlo: 0.000000, zhi: 107.494156
[Rank 20] xlo: 0.000000, xhi: 107.494156, ylo: 537.470781, yhi: 644.964937, zlo: 0.000000, zhi: 107.494156
[Rank 28] xlo: 0.000000, xhi: 107.494156, ylo: 752.459094, yhi: 859.953250, zlo: 0.000000, zhi: 107.494156
[Rank 21] xlo: 0.000000, xhi: 107.494156, ylo: 537.470781, yhi: 644.964937, zlo: 107.494156, zhi: 214.988312
[Rank 13] xlo: 0.000000, xhi: 107.494156, ylo: 322.482469, yhi: 429.976625, zlo: 107.494156, zhi: 214.988312
[Rank 12] xlo: 0.000000, xhi: 107.494156, ylo: 322.482469, yhi: 429.976625, zlo: 0.000000, zhi: 107.494156
[Rank 77] xlo: 214.988312, xhi: 322.482469, ylo: 322.482469, yhi: 429.976625, zlo: 107.494156, zhi: 214.988312
[Rank 29] xlo: 0.000000, xhi: 107.494156, ylo: 752.459094, yhi: 859.953250, zlo: 107.494156, zhi: 214.988312
[Rank 76] xlo: 214.988312, xhi: 322.482469, ylo: 322.482469, yhi: 429.976625, zlo: 0.000000, zhi: 107.494156
[Rank 107] xlo: 322.482469, xhi: 429.976625, ylo: 214.988312, yhi: 322.482469, zlo: 322.482469, zhi: 429.976625
[Rank 106] xlo: 322.482469, xhi: 429.976625, ylo: 214.988312, yhi: 322.482469, zlo: 214.988312, zhi: 322.482469
[Rank 25] xlo: 0.000000, xhi: 107.494156, ylo: 644.964937, yhi: 752.459094, zlo: 107.494156, zhi: 214.988312
[Rank 26] xlo: 0.000000, xhi: 107.494156, ylo: 644.964937, yhi: 752.459094, zlo: 214.988312, zhi: 322.482469
[Rank 99] xlo: 322.482469, xhi: 429.976625, ylo: 0.000000, yhi: 107.494156, zlo: 322.482469, zhi: 429.976625
[Rank 24] xlo: 0.000000, xhi: 107.494156, ylo: 644.964937, yhi: 752.459094, zlo: 0.000000, zhi: 107.494156
[Rank 98] xlo: 322.482469, xhi: 429.976625, ylo: 0.000000, yhi: 107.494156, zlo: 214.988312, zhi: 322.482469
[Rank 27] xlo: 0.000000, xhi: 107.494156, ylo: 644.964937, yhi: 752.459094, zlo: 322.482469, zhi: 429.976625
[Rank 251] xlo: 752.459094, xhi: 859.953250, ylo: 644.964937, yhi: 752.459094, zlo: 322.482469, zhi: 429.976625
[Rank 250] xlo: 752.459094, xhi: 859.953250, ylo: 644.964937, yhi: 752.459094, zlo: 214.988312, zhi: 322.482469
[Rank 2] xlo: 0.000000, xhi: 107.494156, ylo: 0.000000, yhi: 107.494156, zlo: 214.988312, zhi: 322.482469
[Rank 120] xlo: 322.482469, xhi: 429.976625, ylo: 644.964937, yhi: 752.459094, zlo: 0.000000, zhi: 107.494156
[Rank 86] xlo: 214.988312, xhi: 322.482469, ylo: 537.470781, yhi: 644.964937, zlo: 214.988312, zhi: 322.482469
[Rank 3] xlo: 0.000000, xhi: 107.494156, ylo: 0.000000, yhi: 107.494156, zlo: 322.482469, zhi: 429.976625
[Rank 248] xlo: 752.459094, xhi: 859.953250, ylo: 644.964937, yhi: 752.459094, zlo: 0.000000, zhi: 107.494156
[Rank 249] xlo: 752.459094, xhi: 859.953250, ylo: 644.964937, yhi: 752.459094, zlo: 107.494156, zhi: 214.988312
[Rank 119] xlo: 322.482469, xhi: 429.976625, ylo: 537.470781, yhi: 644.964937, zlo: 322.482469, zhi: 429.976625
[Rank 78] xlo: 214.988312, xhi: 322.482469, ylo: 322.482469, yhi: 429.976625, zlo: 214.988312, zhi: 322.482469
[Rank 128] xlo: 429.976625, xhi: 537.470781, ylo: 0.000000, yhi: 107.494156, zlo: 0.000000, zhi: 107.494156
[Rank 118] xlo: 322.482469, xhi: 429.976625, ylo: 537.470781, yhi: 644.964937, zlo: 214.988312, zhi: 322.482469
[Rank 247] xlo: 752.459094, xhi: 859.953250, ylo: 537.470781, yhi: 644.964937, zlo: 322.482469, zhi: 429.976625
[Rank 246] xlo: 752.459094, xhi: 859.953250, ylo: 537.470781, yhi: 644.964937, zlo: 214.988312, zhi: 322.482469
[Rank 131] xlo: 429.976625, xhi: 537.470781, ylo: 0.000000, yhi: 107.494156, zlo: 322.482469, zhi: 429.976625
[Rank 122] xlo: 322.482469, xhi: 429.976625, ylo: 644.964937, yhi: 752.459094, zlo: 214.988312, zhi: 322.482469
[Rank 123] xlo: 322.482469, xhi: 429.976625, ylo: 644.964937, yhi: 752.459094, zlo: 322.482469, zhi: 429.976625
[Rank 167] xlo: 537.470781, xhi: 644.964937, ylo: 107.494156, yhi: 214.988312, zlo: 322.482469, zhi: 429.976625
[Rank 245] xlo: 752.459094, xhi: 859.953250, ylo: 537.470781, yhi: 644.964937, zlo: 107.494156, zhi: 214.988312
[Rank 127] xlo: 322.482469, xhi: 429.976625, ylo: 752.459094, yhi: 859.953250, zlo: 322.482469, zhi: 429.976625
[Rank 244] xlo: 752.459094, xhi: 859.953250, ylo: 537.470781, yhi: 644.964937, zlo: 0.000000, zhi: 107.494156
[Rank 1] xlo: 0.000000, xhi: 107.494156, ylo: 0.000000, yhi: 107.494156, zlo: 107.494156, zhi: 214.988312
# Create System:
[Rank 0] xlo: 0.000000, xhi: 107.494156, ylo: 0.000000, yhi: 107.494156, zlo: 0.000000, zhi: 107.494156
# Done .... 
# miniMD-Reference 1.2 (MPI+OpenMP) output ...
# Run Settings: 
	# MPI processes: 256
	# Host Threads: 1
	# Inputfile: in.lj.miniMD
	# Datafile: None
# Physics Settings: 
	# ForceStyle: LJ
	# Force Parameters: 1.00 1.00
	# Units: LJ
	# Atoms: 268435456
	# Atom types: 8
	# System size: 859.95 859.95 429.98 (unit cells: 512 512 256)
	# Density: 0.844200
	# Force cutoff: 2.500000
	# Timestep size: 0.005000
# Technical Settings: 
	# Neigh cutoff: 2.800000
	# Half neighborlists: 1
	# Team neighborlist construction: 0
	# Neighbor bins: 307 307 153
	# Neighbor frequency: 1000
	# Sorting frequency: 1000
	# Thermo frequency: 100
	# Ghost Newton: 1
	# Use intrinsics: 0
	# Do safe exchange: 0
	# Size of float: 8

[Rank 124] xlo: 322.482469, xhi: 429.976625, ylo: 752.459094, yhi: 859.953250, zlo: 0.000000, zhi: 107.494156
[Rank 125] xlo: 322.482469, xhi: 429.976625, ylo: 752.459094, yhi: 859.953250, zlo: 107.494156, zhi: 214.988312
[Rank 181] xlo: 537.470781, xhi: 644.964937, ylo: 537.470781, yhi: 644.964937, zlo: 107.494156, zhi: 214.988312
[Rank 242] xlo: 752.459094, xhi: 859.953250, ylo: 429.976625, yhi: 537.470781, zlo: 214.988312, zhi: 322.482469
[Rank 243] xlo: 752.459094, xhi: 859.953250, ylo: 429.976625, yhi: 537.470781, zlo: 322.482469, zhi: 429.976625
[Rank 87] xlo: 214.988312, xhi: 322.482469, ylo: 537.470781, yhi: 644.964937, zlo: 322.482469, zhi: 429.976625
[Rank 84] xlo: 214.988312, xhi: 322.482469, ylo: 537.470781, yhi: 644.964937, zlo: 0.000000, zhi: 107.494156
[Rank 164] xlo: 537.470781, xhi: 644.964937, ylo: 107.494156, yhi: 214.988312, zlo: 0.000000, zhi: 107.494156
[Rank 165] xlo: 537.470781, xhi: 644.964937, ylo: 107.494156, yhi: 214.988312, zlo: 107.494156, zhi: 214.988312
[Rank 240] xlo: 752.459094, xhi: 859.953250, ylo: 429.976625, yhi: 537.470781, zlo: 0.000000, zhi: 107.494156
[Rank 79] xlo: 214.988312, xhi: 322.482469, ylo: 322.482469, yhi: 429.976625, zlo: 322.482469, zhi: 429.976625
[Rank 182] xlo: 537.470781, xhi: 644.964937, ylo: 537.470781, yhi: 644.964937, zlo: 214.988312, zhi: 322.482469
[Rank 130] xlo: 429.976625, xhi: 537.470781, ylo: 0.000000, yhi: 107.494156, zlo: 214.988312, zhi: 322.482469
[Rank 185] xlo: 537.470781, xhi: 644.964937, ylo: 644.964937, yhi: 752.459094, zlo: 107.494156, zhi: 214.988312
[Rank 241] xlo: 752.459094, xhi: 859.953250, ylo: 429.976625, yhi: 537.470781, zlo: 107.494156, zhi: 214.988312
[Rank 129] xlo: 429.976625, xhi: 537.470781, ylo: 0.000000, yhi: 107.494156, zlo: 107.494156, zhi: 214.988312
[Rank 82] xlo: 214.988312, xhi: 322.482469, ylo: 429.976625, yhi: 537.470781, zlo: 214.988312, zhi: 322.482469
[Rank 126] xlo: 322.482469, xhi: 429.976625, ylo: 752.459094, yhi: 859.953250, zlo: 214.988312, zhi: 322.482469
[Rank 83] xlo: 214.988312, xhi: 322.482469, ylo: 429.976625, yhi: 537.470781, zlo: 322.482469, zhi: 429.976625
[Rank 239] xlo: 752.459094, xhi: 859.953250, ylo: 322.482469, yhi: 429.976625, zlo: 322.482469, zhi: 429.976625
[Rank 238] xlo: 752.459094, xhi: 859.953250, ylo: 322.482469, yhi: 429.976625, zlo: 214.988312, zhi: 322.482469
[Rank 81] xlo: 214.988312, xhi: 322.482469, ylo: 429.976625, yhi: 537.470781, zlo: 107.494156, zhi: 214.988312
[Rank 237] xlo: 752.459094, xhi: 859.953250, ylo: 322.482469, yhi: 429.976625, zlo: 107.494156, zhi: 214.988312
[Rank 80] xlo: 214.988312, xhi: 322.482469, ylo: 429.976625, yhi: 537.470781, zlo: 0.000000, zhi: 107.494156
[Rank 236] xlo: 752.459094, xhi: 859.953250, ylo: 322.482469, yhi: 429.976625, zlo: 0.000000, zhi: 107.494156
[Rank 180] xlo: 537.470781, xhi: 644.964937, ylo: 537.470781, yhi: 644.964937, zlo: 0.000000, zhi: 107.494156
[Rank 183] xlo: 537.470781, xhi: 644.964937, ylo: 537.470781, yhi: 644.964937, zlo: 322.482469, zhi: 429.976625
[Rank 184] xlo: 537.470781, xhi: 644.964937, ylo: 644.964937, yhi: 752.459094, zlo: 0.000000, zhi: 107.494156
# Starting dynamics ...
# Timestep T U P Time
0 1.440000e+00 -6.773368e+00 -5.019669e+00  0.000
100 7.341298e-01 -5.721656e+00 4.609505e-01  0.916
[Atom] pack_comm: 600, unpack_comm: 600, pack_comm_self: 0, pack_reverse: 606, unpack_reverse: 606
[Rank 0] inte[0]: 204.247, comm[0]: 206.248, comm[1]: 1592.232, comm[2]: 209.025, force: 2750.451, rev_comm[0]: 203.604, rev_comm[1]: 1612.084, rev_comm[2]: 231.362, inte[1]: 137.716
[Rank 1] inte[0]: 205.565, comm[0]: 206.675, comm[1]: 1570.044, comm[2]: 206.897, force: 2766.112, rev_comm[0]: 200.955, rev_comm[1]: 1583.503, rev_comm[2]: 228.509, inte[1]: 138.093
[Rank 2] inte[0]: 203.326, comm[0]: 188.665, comm[1]: 1649.905, comm[2]: 190.876, force: 2763.695, rev_comm[0]: 185.837, rev_comm[1]: 1702.821, rev_comm[2]: 213.474, inte[1]: 137.402
[Rank 3] inte[0]: 203.635, comm[0]: 198.031, comm[1]: 1674.270, comm[2]: 197.575, force: 2797.798, rev_comm[0]: 194.387, rev_comm[1]: 1722.701, rev_comm[2]: 220.206, inte[1]: 138.444
[Rank 4] inte[0]: 204.858, comm[0]: 200.685, comm[1]: 1839.311, comm[2]: 200.712, force: 2779.233, rev_comm[0]: 196.450, rev_comm[1]: 1909.978, rev_comm[2]: 221.369, inte[1]: 138.046
[Rank 5] inte[0]: 202.949, comm[0]: 189.200, comm[1]: 1850.099, comm[2]: 192.812, force: 2781.207, rev_comm[0]: 184.822, rev_comm[1]: 1924.655, rev_comm[2]: 213.468, inte[1]: 137.763
[Rank 6] inte[0]: 204.315, comm[0]: 209.010, comm[1]: 1860.026, comm[2]: 206.613, force: 2752.364, rev_comm[0]: 202.299, rev_comm[1]: 1919.175, rev_comm[2]: 228.035, inte[1]: 137.839
[Rank 7] inte[0]: 204.020, comm[0]: 205.054, comm[1]: 1858.568, comm[2]: 207.281, force: 2795.119, rev_comm[0]: 199.978, rev_comm[1]: 1918.913, rev_comm[2]: 225.933, inte[1]: 137.877
[Rank 8] inte[0]: 203.175, comm[0]: 186.689, comm[1]: 1684.999, comm[2]: 189.131, force: 2770.764, rev_comm[0]: 183.219, rev_comm[1]: 1746.843, rev_comm[2]: 212.411, inte[1]: 137.303
[Rank 9] inte[0]: 204.777, comm[0]: 200.068, comm[1]: 1683.685, comm[2]: 200.789, force: 2765.963, rev_comm[0]: 197.496, rev_comm[1]: 1748.411, rev_comm[2]: 227.075, inte[1]: 137.750
[Rank 10] inte[0]: 204.716, comm[0]: 207.426, comm[1]: 1530.630, comm[2]: 205.287, force: 2776.401, rev_comm[0]: 202.242, rev_comm[1]: 1550.494, rev_comm[2]: 227.909, inte[1]: 137.614
[Rank 11] inte[0]: 203.002, comm[0]: 190.688, comm[1]: 1548.567, comm[2]: 192.009, force: 2776.380, rev_comm[0]: 184.994, rev_comm[1]: 1570.912, rev_comm[2]: 214.946, inte[1]: 136.755
[Rank 12] inte[0]: 204.421, comm[0]: 207.365, comm[1]: 1551.000, comm[2]: 208.713, force: 2769.254, rev_comm[0]: 202.734, rev_comm[1]: 1562.964, rev_comm[2]: 230.970, inte[1]: 138.626
[Rank 13] inte[0]: 203.915, comm[0]: 210.396, comm[1]: 1534.247, comm[2]: 208.295, force: 2765.832, rev_comm[0]: 203.471, rev_comm[1]: 1537.910, rev_comm[2]: 229.433, inte[1]: 138.320
[Rank 14] inte[0]: 204.106, comm[0]: 188.161, comm[1]: 1584.095, comm[2]: 191.697, force: 2766.220, rev_comm[0]: 184.533, rev_comm[1]: 1595.399, rev_comm[2]: 213.596, inte[1]: 137.242
[Rank 15] inte[0]: 204.047, comm[0]: 202.022, comm[1]: 1586.585, comm[2]: 200.850, force: 2791.740, rev_comm[0]: 196.972, rev_comm[1]: 1599.780, rev_comm[2]: 224.963, inte[1]: 138.425
[Rank 16] inte[0]: 205.502, comm[0]: 207.766, comm[1]: 1730.339, comm[2]: 205.018, force: 2774.108, rev_comm[0]: 198.065, rev_comm[1]: 1751.196, rev_comm[2]: 223.887, inte[1]: 139.439
[Rank 17] inte[0]: 203.705, comm[0]: 188.961, comm[1]: 1747.320, comm[2]: 192.057, force: 2781.429, rev_comm[0]: 184.758, rev_comm[1]: 1764.631, rev_comm[2]: 212.426, inte[1]: 137.796
[Rank 18] inte[0]: 203.810, comm[0]: 211.613, comm[1]: 1744.300, comm[2]: 209.465, force: 2804.799, rev_comm[0]: 205.034, rev_comm[1]: 1755.030, rev_comm[2]: 229.907, inte[1]: 139.610
[Rank 19] inte[0]: 204.506, comm[0]: 205.339, comm[1]: 1750.816, comm[2]: 207.800, force: 2823.783, rev_comm[0]: 200.990, rev_comm[1]: 1755.184, rev_comm[2]: 228.252, inte[1]: 139.321
[Rank 20] inte[0]: 202.908, comm[0]: 188.003, comm[1]: 1581.580, comm[2]: 188.772, force: 2744.515, rev_comm[0]: 184.208, rev_comm[1]: 1593.793, rev_comm[2]: 211.346, inte[1]: 136.722
[Rank 21] inte[0]: 204.084, comm[0]: 206.055, comm[1]: 1571.770, comm[2]: 204.330, force: 2750.982, rev_comm[0]: 199.341, rev_comm[1]: 1585.014, rev_comm[2]: 228.333, inte[1]: 137.782
[Rank 22] inte[0]: 205.989, comm[0]: 209.177, comm[1]: 1527.206, comm[2]: 207.289, force: 2754.922, rev_comm[0]: 202.998, rev_comm[1]: 1546.280, rev_comm[2]: 229.739, inte[1]: 137.634
[Rank 23] inte[0]: 203.098, comm[0]: 190.344, comm[1]: 1545.115, comm[2]: 192.682, force: 2790.178, rev_comm[0]: 187.010, rev_comm[1]: 1563.069, rev_comm[2]: 214.305, inte[1]: 136.753
[Rank 24] inte[0]: 204.929, comm[0]: 206.969, comm[1]: 1542.447, comm[2]: 209.047, force: 2806.297, rev_comm[0]: 201.783, rev_comm[1]: 1552.256, rev_comm[2]: 229.497, inte[1]: 139.282
[Rank 25] inte[0]: 203.937, comm[0]: 206.323, comm[1]: 1527.153, comm[2]: 206.689, force: 2842.227, rev_comm[0]: 199.699, rev_comm[1]: 1531.527, rev_comm[2]: 226.120, inte[1]: 139.850
[Rank 26] inte[0]: 203.792, comm[0]: 187.455, comm[1]: 1755.119, comm[2]: 190.395, force: 2773.737, rev_comm[0]: 184.762, rev_comm[1]: 1716.687, rev_comm[2]: 212.755, inte[1]: 138.088
[Rank 27] inte[0]: 205.134, comm[0]: 202.598, comm[1]: 1762.890, comm[2]: 198.993, force: 2773.424, rev_comm[0]: 196.379, rev_comm[1]: 1724.722, rev_comm[2]: 221.578, inte[1]: 138.649
[Rank 28] inte[0]: 206.483, comm[0]: 201.105, comm[1]: 1810.106, comm[2]: 200.861, force: 2778.338, rev_comm[0]: 192.610, rev_comm[1]: 1823.953, rev_comm[2]: 218.650, inte[1]: 138.029
[Rank 29] inte[0]: 203.636, comm[0]: 189.844, comm[1]: 1810.538, comm[2]: 191.720, force: 2778.141, rev_comm[0]: 184.119, rev_comm[1]: 1822.228, rev_comm[2]: 212.718, inte[1]: 136.869
[Rank 30] inte[0]: 204.756, comm[0]: 203.446, comm[1]: 2043.630, comm[2]: 202.790, force: 2767.125, rev_comm[0]: 199.023, rev_comm[1]: 2059.462, rev_comm[2]: 226.440, inte[1]: 137.943
[Rank 31] inte[0]: 204.861, comm[0]: 201.617, comm[1]: 2039.390, comm[2]: 199.511, force: 2754.901, rev_comm[0]: 195.862, rev_comm[1]: 2036.399, rev_comm[2]: 224.450, inte[1]: 137.748
[Rank 32] inte[0]: 203.857, comm[0]: 187.630, comm[1]: 1878.010, comm[2]: 190.624, force: 2755.587, rev_comm[0]: 184.656, rev_comm[1]: 1900.791, rev_comm[2]: 212.492, inte[1]: 136.501
[Rank 33] inte[0]: 205.970, comm[0]: 205.476, comm[1]: 1863.776, comm[2]: 204.802, force: 2760.967, rev_comm[0]: 198.654, rev_comm[1]: 1880.606, rev_comm[2]: 228.617, inte[1]: 138.175
[Rank 34] inte[0]: 203.924, comm[0]: 201.474, comm[1]: 1856.344, comm[2]: 201.621, force: 2745.824, rev_comm[0]: 198.520, rev_comm[1]: 1879.605, rev_comm[2]: 224.019, inte[1]: 137.405
[Rank 35] inte[0]: 202.851, comm[0]: 188.559, comm[1]: 1884.538, comm[2]: 189.832, force: 2761.256, rev_comm[0]: 184.764, rev_comm[1]: 1901.454, rev_comm[2]: 212.370, inte[1]: 137.331
[Rank 36] inte[0]: 204.914, comm[0]: 208.905, comm[1]: 1815.263, comm[2]: 210.034, force: 2762.748, rev_comm[0]: 204.298, rev_comm[1]: 1833.489, rev_comm[2]: 231.353, inte[1]: 138.073
[Rank 37] inte[0]: 204.620, comm[0]: 206.703, comm[1]: 1789.757, comm[2]: 207.366, force: 2789.450, rev_comm[0]: 200.703, rev_comm[1]: 1801.440, rev_comm[2]: 228.945, inte[1]: 138.074
[Rank 38] inte[0]: 204.942, comm[0]: 189.375, comm[1]: 1771.910, comm[2]: 191.507, force: 2763.904, rev_comm[0]: 187.502, rev_comm[1]: 1792.388, rev_comm[2]: 213.366, inte[1]: 137.859
[Rank 39] inte[0]: 205.066, comm[0]: 198.476, comm[1]: 1784.107, comm[2]: 197.016, force: 2765.934, rev_comm[0]: 191.173, rev_comm[1]: 1806.627, rev_comm[2]: 219.868, inte[1]: 138.167
[Rank 40] inte[0]: 205.500, comm[0]: 205.930, comm[1]: 1727.438, comm[2]: 203.621, force: 2822.358, rev_comm[0]: 196.263, rev_comm[1]: 1752.239, rev_comm[2]: 223.989, inte[1]: 139.402
[Rank 41] inte[0]: 203.325, comm[0]: 190.227, comm[1]: 1742.323, comm[2]: 193.097, force: 2769.852, rev_comm[0]: 185.306, rev_comm[1]: 1769.958, rev_comm[2]: 213.546, inte[1]: 136.639
[Rank 42] inte[0]: 204.104, comm[0]: 212.324, comm[1]: 1742.929, comm[2]: 208.768, force: 2812.145, rev_comm[0]: 205.203, rev_comm[1]: 1756.429, rev_comm[2]: 229.949, inte[1]: 139.661
[Rank 43] inte[0]: 206.466, comm[0]: 204.434, comm[1]: 1737.321, comm[2]: 206.035, force: 2816.858, rev_comm[0]: 200.436, rev_comm[1]: 1754.477, rev_comm[2]: 226.961, inte[1]: 139.002
[Rank 44] inte[0]: 203.094, comm[0]: 186.329, comm[1]: 1563.488, comm[2]: 187.694, force: 2758.335, rev_comm[0]: 182.710, rev_comm[1]: 1583.273, rev_comm[2]: 209.934, inte[1]: 137.190
[Rank 45] inte[0]: 205.209, comm[0]: 207.028, comm[1]: 1568.805, comm[2]: 206.996, force: 2793.033, rev_comm[0]: 200.758, rev_comm[1]: 1583.543, rev_comm[2]: 231.404, inte[1]: 138.449
[Rank 46] inte[0]: 204.829, comm[0]: 208.981, comm[1]: 1511.743, comm[2]: 207.741, force: 2803.950, rev_comm[0]: 203.885, rev_comm[1]: 1532.132, rev_comm[2]: 230.603, inte[1]: 139.350
[Rank 47] inte[0]: 203.317, comm[0]: 189.402, comm[1]: 1541.181, comm[2]: 192.034, force: 2769.882, rev_comm[0]: 184.106, rev_comm[1]: 1564.223, rev_comm[2]: 212.650, inte[1]: 136.698
[Rank 48] inte[0]: 204.714, comm[0]: 213.784, comm[1]: 1530.446, comm[2]: 212.445, force: 2806.605, rev_comm[0]: 207.382, rev_comm[1]: 1543.202, rev_comm[2]: 234.434, inte[1]: 139.679
[Rank 49] inte[0]: 204.943, comm[0]: 205.674, comm[1]: 1520.391, comm[2]: 205.413, force: 2747.669, rev_comm[0]: 199.940, rev_comm[1]: 1530.450, rev_comm[2]: 225.400, inte[1]: 137.723
[Rank 50] inte[0]: 203.832, comm[0]: 186.443, comm[1]: 1569.030, comm[2]: 189.129, force: 2749.932, rev_comm[0]: 183.757, rev_comm[1]: 1581.849, rev_comm[2]: 211.304, inte[1]: 137.279
[Rank 51] inte[0]: 205.650, comm[0]: 205.273, comm[1]: 1576.615, comm[2]: 206.705, force: 2777.314, rev_comm[0]: 201.082, rev_comm[1]: 1589.856, rev_comm[2]: 230.237, inte[1]: 139.405
[Rank 52] inte[0]: 204.454, comm[0]: 203.585, comm[1]: 1738.783, comm[2]: 202.887, force: 2758.589, rev_comm[0]: 194.530, rev_comm[1]: 1762.696, rev_comm[2]: 222.294, inte[1]: 137.657
[Rank 53] inte[0]: 203.586, comm[0]: 188.987, comm[1]: 1747.851, comm[2]: 191.447, force: 2780.806, rev_comm[0]: 184.345, rev_comm[1]: 1770.317, rev_comm[2]: 213.640, inte[1]: 137.110
[Rank 54] inte[0]: 205.028, comm[0]: 212.754, comm[1]: 1743.775, comm[2]: 210.330, force: 2754.675, rev_comm[0]: 205.724, rev_comm[1]: 1756.072, rev_comm[2]: 230.702, inte[1]: 138.184
[Rank 55] inte[0]: 205.667, comm[0]: 205.863, comm[1]: 1746.115, comm[2]: 206.418, force: 2797.515, rev_comm[0]: 200.136, rev_comm[1]: 1758.798, rev_comm[2]: 225.925, inte[1]: 138.701
[Rank 56] inte[0]: 203.384, comm[0]: 186.778, comm[1]: 1780.893, comm[2]: 188.966, force: 2776.565, rev_comm[0]: 182.710, rev_comm[1]: 1797.743, rev_comm[2]: 211.927, inte[1]: 137.837
[Rank 57] inte[0]: 204.686, comm[0]: 205.905, comm[1]: 1773.018, comm[2]: 203.009, force: 2771.173, rev_comm[0]: 198.653, rev_comm[1]: 1792.066, rev_comm[2]: 225.482, inte[1]: 138.680
[Rank 58] inte[0]: 204.872, comm[0]: 209.509, comm[1]: 1792.418, comm[2]: 206.590, force: 2800.769, rev_comm[0]: 203.341, rev_comm[1]: 1810.902, rev_comm[2]: 229.035, inte[1]: 138.761
[Rank 59] inte[0]: 204.091, comm[0]: 191.084, comm[1]: 1798.040, comm[2]: 192.162, force: 2788.507, rev_comm[0]: 186.591, rev_comm[1]: 1817.451, rev_comm[2]: 213.613, inte[1]: 137.440
[Rank 60] inte[0]: 205.120, comm[0]: 207.616, comm[1]: 1893.766, comm[2]: 206.736, force: 2774.576, rev_comm[0]: 202.334, rev_comm[1]: 1912.023, rev_comm[2]: 231.230, inte[1]: 138.170
[Rank 61] inte[0]: 204.028, comm[0]: 207.873, comm[1]: 1855.201, comm[2]: 205.422, force: 2815.855, rev_comm[0]: 203.423, rev_comm[1]: 1863.991, rev_comm[2]: 229.246, inte[1]: 139.414
[Rank 62] inte[0]: 203.154, comm[0]: 188.458, comm[1]: 1889.688, comm[2]: 190.254, force: 2746.947, rev_comm[0]: 184.059, rev_comm[1]: 1905.150, rev_comm[2]: 213.432, inte[1]: 136.576
[Rank 63] inte[0]: 205.858, comm[0]: 204.015, comm[1]: 1898.955, comm[2]: 201.865, force: 2766.287, rev_comm[0]: 198.294, rev_comm[1]: 1915.194, rev_comm[2]: 225.762, inte[1]: 138.295
[Rank 64] inte[0]: 205.130, comm[0]: 206.799, comm[1]: 2032.054, comm[2]: 202.999, force: 2798.374, rev_comm[0]: 199.212, rev_comm[1]: 2068.298, rev_comm[2]: 222.073, inte[1]: 138.797
[Rank 65] inte[0]: 203.135, comm[0]: 186.814, comm[1]: 2048.309, comm[2]: 187.709, force: 2743.193, rev_comm[0]: 182.322, rev_comm[1]: 2088.008, rev_comm[2]: 211.414, inte[1]: 136.313
[Rank 66] inte[0]: 204.842, comm[0]: 210.600, comm[1]: 1806.158, comm[2]: 209.029, force: 2809.280, rev_comm[0]: 203.308, rev_comm[1]: 1820.338, rev_comm[2]: 229.083, inte[1]: 139.150
[Rank 67] inte[0]: 204.296, comm[0]: 204.384, comm[1]: 1812.768, comm[2]: 207.958, force: 2803.721, rev_comm[0]: 201.313, rev_comm[1]: 1822.363, rev_comm[2]: 228.426, inte[1]: 138.806
[Rank 68] inte[0]: 202.961, comm[0]: 185.575, comm[1]: 1709.936, comm[2]: 188.629, force: 2772.257, rev_comm[0]: 182.424, rev_comm[1]: 1771.580, rev_comm[2]: 211.988, inte[1]: 136.949
[Rank 69] inte[0]: 205.098, comm[0]: 201.544, comm[1]: 1717.041, comm[2]: 201.238, force: 2801.763, rev_comm[0]: 194.037, rev_comm[1]: 1786.010, rev_comm[2]: 224.617, inte[1]: 138.479
[Rank 70] inte[0]: 204.702, comm[0]: 206.942, comm[1]: 1518.781, comm[2]: 205.405, force: 2810.659, rev_comm[0]: 200.573, rev_comm[1]: 1538.779, rev_comm[2]: 227.148, inte[1]: 138.991
[Rank 71] inte[0]: 203.965, comm[0]: 188.404, comm[1]: 1538.106, comm[2]: 189.391, force: 2759.062, rev_comm[0]: 182.352, rev_comm[1]: 1560.138, rev_comm[2]: 213.595, inte[1]: 136.973
[Rank 72] inte[0]: 205.878, comm[0]: 210.587, comm[1]: 1553.011, comm[2]: 210.510, force: 2817.095, rev_comm[0]: 205.745, rev_comm[1]: 1570.342, rev_comm[2]: 232.736, inte[1]: 139.330
[Rank 73] inte[0]: 205.158, comm[0]: 206.526, comm[1]: 1541.137, comm[2]: 206.552, force: 2796.887, rev_comm[0]: 201.596, rev_comm[1]: 1550.534, rev_comm[2]: 228.688, inte[1]: 138.927
[Rank 74] inte[0]: 203.183, comm[0]: 187.188, comm[1]: 1589.907, comm[2]: 189.433, force: 2771.383, rev_comm[0]: 184.641, rev_comm[1]: 1603.268, rev_comm[2]: 212.777, inte[1]: 136.465
[Rank 75] inte[0]: 204.815, comm[0]: 200.309, comm[1]: 1593.194, comm[2]: 198.448, force: 2769.805, rev_comm[0]: 194.583, rev_comm[1]: 1605.102, rev_comm[2]: 223.019, inte[1]: 138.048
[Rank 76] inte[0]: 205.425, comm[0]: 204.914, comm[1]: 1763.437, comm[2]: 202.232, force: 2797.777, rev_comm[0]: 196.625, rev_comm[1]: 1788.390, rev_comm[2]: 220.808, inte[1]: 138.918
[Rank 77] inte[0]: 204.243, comm[0]: 188.197, comm[1]: 1772.445, comm[2]: 190.131, force: 2751.788, rev_comm[0]: 184.208, rev_comm[1]: 1792.805, rev_comm[2]: 212.738, inte[1]: 136.450
[Rank 78] inte[0]: 204.888, comm[0]: 209.160, comm[1]: 1770.145, comm[2]: 205.969, force: 2784.103, rev_comm[0]: 201.544, rev_comm[1]: 1779.885, rev_comm[2]: 228.080, inte[1]: 138.453
[Rank 79] inte[0]: 204.812, comm[0]: 206.817, comm[1]: 1777.346, comm[2]: 207.717, force: 2825.672, rev_comm[0]: 201.181, rev_comm[1]: 1791.364, rev_comm[2]: 227.454, inte[1]: 138.869
[Rank 80] inte[0]: 202.996, comm[0]: 187.164, comm[1]: 1575.575, comm[2]: 188.501, force: 2776.549, rev_comm[0]: 183.091, rev_comm[1]: 1592.952, rev_comm[2]: 211.311, inte[1]: 136.616
[Rank 81] inte[0]: 205.795, comm[0]: 206.997, comm[1]: 1574.189, comm[2]: 206.594, force: 2789.969, rev_comm[0]: 199.422, rev_comm[1]: 1592.637, rev_comm[2]: 230.424, inte[1]: 139.222
[Rank 82] inte[0]: 204.722, comm[0]: 205.370, comm[1]: 1512.483, comm[2]: 204.950, force: 2786.638, rev_comm[0]: 200.604, rev_comm[1]: 1529.902, rev_comm[2]: 226.704, inte[1]: 138.061
[Rank 83] inte[0]: 204.078, comm[0]: 187.984, comm[1]: 1536.022, comm[2]: 190.085, force: 2768.562, rev_comm[0]: 182.344, rev_comm[1]: 1558.042, rev_comm[2]: 212.792, inte[1]: 136.603
[Rank 84] inte[0]: 204.429, comm[0]: 205.353, comm[1]: 1534.501, comm[2]: 208.587, force: 2761.788, rev_comm[0]: 201.099, rev_comm[1]: 1547.731, rev_comm[2]: 230.022, inte[1]: 138.241
[Rank 85] inte[0]: 203.907, comm[0]: 204.929, comm[1]: 1531.076, comm[2]: 206.421, force: 2817.481, rev_comm[0]: 198.940, rev_comm[1]: 1538.825, rev_comm[2]: 226.767, inte[1]: 138.637
[Rank 86] inte[0]: 203.499, comm[0]: 187.471, comm[1]: 1570.330, comm[2]: 188.614, force: 2782.553, rev_comm[0]: 183.080, rev_comm[1]: 1584.276, rev_comm[2]: 212.177, inte[1]: 137.812
[Rank 87] inte[0]: 204.254, comm[0]: 200.551, comm[1]: 1575.605, comm[2]: 199.244, force: 2774.342, rev_comm[0]: 195.124, rev_comm[1]: 1593.192, rev_comm[2]: 221.975, inte[1]: 138.280
[Rank 88] inte[0]: 204.960, comm[0]: 203.590, comm[1]: 1747.116, comm[2]: 202.451, force: 2805.902, rev_comm[0]: 195.221, rev_comm[1]: 1768.434, rev_comm[2]: 222.314, inte[1]: 138.611
[Rank 89] inte[0]: 202.991, comm[0]: 193.112, comm[1]: 1749.672, comm[2]: 194.282, force: 2781.396, rev_comm[0]: 189.122, rev_comm[1]: 1771.115, rev_comm[2]: 215.421, inte[1]: 138.222
[Rank 90] inte[0]: 205.225, comm[0]: 208.935, comm[1]: 1742.155, comm[2]: 207.680, force: 2760.522, rev_comm[0]: 203.581, rev_comm[1]: 1759.438, rev_comm[2]: 229.545, inte[1]: 138.320
[Rank 91] inte[0]: 203.818, comm[0]: 204.793, comm[1]: 1746.407, comm[2]: 207.481, force: 2792.530, rev_comm[0]: 200.146, rev_comm[1]: 1766.015, rev_comm[2]: 227.108, inte[1]: 138.552
[Rank 92] inte[0]: 202.878, comm[0]: 187.312, comm[1]: 1712.919, comm[2]: 190.062, force: 2754.317, rev_comm[0]: 184.364, rev_comm[1]: 1693.053, rev_comm[2]: 213.181, inte[1]: 136.718
[Rank 93] inte[0]: 204.941, comm[0]: 202.322, comm[1]: 1703.928, comm[2]: 203.142, force: 2792.279, rev_comm[0]: 196.509, rev_comm[1]: 1680.675, rev_comm[2]: 224.671, inte[1]: 138.529
[Rank 94] inte[0]: 204.580, comm[0]: 202.970, comm[1]: 1578.140, comm[2]: 203.686, force: 2827.213, rev_comm[0]: 198.841, rev_comm[1]: 1585.439, rev_comm[2]: 226.010, inte[1]: 138.663
[Rank 95] inte[0]: 203.514, comm[0]: 188.730, comm[1]: 1600.007, comm[2]: 190.701, force: 2782.202, rev_comm[0]: 184.400, rev_comm[1]: 1604.221, rev_comm[2]: 213.939, inte[1]: 137.031
[Rank 96] inte[0]: 203.991, comm[0]: 207.239, comm[1]: 1598.478, comm[2]: 209.526, force: 2772.211, rev_comm[0]: 202.167, rev_comm[1]: 1613.830, rev_comm[2]: 230.960, inte[1]: 138.381
[Rank 97] inte[0]: 204.189, comm[0]: 206.183, comm[1]: 1579.333, comm[2]: 207.100, force: 2773.474, rev_comm[0]: 200.688, rev_comm[1]: 1590.308, rev_comm[2]: 227.491, inte[1]: 137.648
[Rank 98] inte[0]: 202.465, comm[0]: 187.923, comm[1]: 1674.873, comm[2]: 190.122, force: 2758.564, rev_comm[0]: 184.455, rev_comm[1]: 1727.294, rev_comm[2]: 213.489, inte[1]: 136.908
[Rank 99] inte[0]: 204.799, comm[0]: 197.481, comm[1]: 1687.247, comm[2]: 197.585, force: 2760.661, rev_comm[0]: 192.129, rev_comm[1]: 1737.392, rev_comm[2]: 222.487, inte[1]: 138.091
[Rank 100] inte[0]: 205.707, comm[0]: 203.935, comm[1]: 1727.654, comm[2]: 203.014, force: 2787.540, rev_comm[0]: 194.952, rev_comm[1]: 1753.153, rev_comm[2]: 223.484, inte[1]: 138.736
[Rank 101] inte[0]: 203.815, comm[0]: 189.495, comm[1]: 1734.844, comm[2]: 191.634, force: 2766.369, rev_comm[0]: 184.500, rev_comm[1]: 1759.487, rev_comm[2]: 212.807, inte[1]: 137.068
[Rank 102] inte[0]: 203.748, comm[0]: 210.724, comm[1]: 1741.922, comm[2]: 207.566, force: 2808.097, rev_comm[0]: 202.922, rev_comm[1]: 1763.371, rev_comm[2]: 229.471, inte[1]: 138.783
[Rank 103] inte[0]: 205.086, comm[0]: 205.732, comm[1]: 1742.064, comm[2]: 206.123, force: 2779.881, rev_comm[0]: 200.403, rev_comm[1]: 1760.539, rev_comm[2]: 225.640, inte[1]: 138.163
[Rank 104] inte[0]: 203.179, comm[0]: 187.741, comm[1]: 1580.822, comm[2]: 190.568, force: 2772.683, rev_comm[0]: 184.448, rev_comm[1]: 1601.072, rev_comm[2]: 211.437, inte[1]: 136.773
[Rank 105] inte[0]: 205.416, comm[0]: 204.206, comm[1]: 1571.911, comm[2]: 203.004, force: 2767.928, rev_comm[0]: 197.052, rev_comm[1]: 1587.660, rev_comm[2]: 225.655, inte[1]: 137.830
[Rank 106] inte[0]: 205.405, comm[0]: 209.029, comm[1]: 1527.224, comm[2]: 206.655, force: 2785.005, rev_comm[0]: 202.410, rev_comm[1]: 1544.693, rev_comm[2]: 228.690, inte[1]: 138.183
[Rank 107] inte[0]: 202.808, comm[0]: 188.253, comm[1]: 1539.709, comm[2]: 189.559, force: 2775.092, rev_comm[0]: 183.104, rev_comm[1]: 1558.107, rev_comm[2]: 211.794, inte[1]: 136.371
[Rank 108] inte[0]: 204.645, comm[0]: 206.711, comm[1]: 1538.673, comm[2]: 207.548, force: 2754.942, rev_comm[0]: 201.267, rev_comm[1]: 1550.463, rev_comm[2]: 229.381, inte[1]: 138.987
[Rank 109] inte[0]: 204.634, comm[0]: 210.095, comm[1]: 1519.651, comm[2]: 206.612, force: 2766.562, rev_comm[0]: 202.414, rev_comm[1]: 1530.667, rev_comm[2]: 227.036, inte[1]: 138.632
[Rank 110] inte[0]: 203.514, comm[0]: 188.165, comm[1]: 1547.235, comm[2]: 189.541, force: 2736.444, rev_comm[0]: 185.123, rev_comm[1]: 1566.136, rev_comm[2]: 213.164, inte[1]: 136.224
[Rank 111] inte[0]: 203.650, comm[0]: 201.990, comm[1]: 1560.901, comm[2]: 198.851, force: 2760.720, rev_comm[0]: 195.505, rev_comm[1]: 1574.017, rev_comm[2]: 221.552, inte[1]: 138.257
[Rank 112] inte[0]: 206.043, comm[0]: 206.666, comm[1]: 1723.480, comm[2]: 206.781, force: 2802.297, rev_comm[0]: 197.597, rev_comm[1]: 1752.733, rev_comm[2]: 225.249, inte[1]: 138.699
[Rank 113] inte[0]: 202.850, comm[0]: 189.648, comm[1]: 1725.697, comm[2]: 190.591, force: 2751.790, rev_comm[0]: 184.975, rev_comm[1]: 1752.899, rev_comm[2]: 212.920, inte[1]: 136.552
[Rank 114] inte[0]: 204.397, comm[0]: 209.587, comm[1]: 1725.618, comm[2]: 208.860, force: 2759.800, rev_comm[0]: 203.986, rev_comm[1]: 1745.797, rev_comm[2]: 230.762, inte[1]: 138.149
[Rank 115] inte[0]: 205.304, comm[0]: 206.200, comm[1]: 1737.051, comm[2]: 207.000, force: 2768.290, rev_comm[0]: 200.894, rev_comm[1]: 1753.350, rev_comm[2]: 227.130, inte[1]: 138.328
[Rank 116] inte[0]: 202.634, comm[0]: 188.118, comm[1]: 1555.681, comm[2]: 189.872, force: 2750.342, rev_comm[0]: 185.265, rev_comm[1]: 1577.239, rev_comm[2]: 212.193, inte[1]: 136.605
[Rank 117] inte[0]: 205.574, comm[0]: 204.824, comm[1]: 1552.834, comm[2]: 204.781, force: 2790.309, rev_comm[0]: 198.886, rev_comm[1]: 1577.220, rev_comm[2]: 228.297, inte[1]: 138.410
[Rank 118] inte[0]: 204.611, comm[0]: 210.051, comm[1]: 1508.264, comm[2]: 207.663, force: 2824.995, rev_comm[0]: 202.766, rev_comm[1]: 1533.976, rev_comm[2]: 230.339, inte[1]: 139.618
[Rank 119] inte[0]: 203.182, comm[0]: 189.486, comm[1]: 1520.991, comm[2]: 192.052, force: 2774.080, rev_comm[0]: 184.199, rev_comm[1]: 1546.792, rev_comm[2]: 212.476, inte[1]: 137.009
[Rank 120] inte[0]: 205.397, comm[0]: 208.594, comm[1]: 1529.188, comm[2]: 210.278, force: 2761.741, rev_comm[0]: 204.632, rev_comm[1]: 1551.878, rev_comm[2]: 230.941, inte[1]: 138.505
[Rank 121] inte[0]: 204.640, comm[0]: 210.921, comm[1]: 1508.092, comm[2]: 208.744, force: 2796.958, rev_comm[0]: 203.836, rev_comm[1]: 1528.552, rev_comm[2]: 228.560, inte[1]: 139.111
[Rank 122] inte[0]: 203.759, comm[0]: 188.008, comm[1]: 1708.889, comm[2]: 190.271, force: 2743.328, rev_comm[0]: 185.108, rev_comm[1]: 1685.752, rev_comm[2]: 212.528, inte[1]: 137.191
[Rank 123] inte[0]: 204.882, comm[0]: 201.856, comm[1]: 1720.588, comm[2]: 200.105, force: 2776.825, rev_comm[0]: 196.866, rev_comm[1]: 1696.336, rev_comm[2]: 223.161, inte[1]: 138.925
[Rank 124] inte[0]: 205.063, comm[0]: 202.324, comm[1]: 1797.506, comm[2]: 202.234, force: 2806.390, rev_comm[0]: 193.651, rev_comm[1]: 1817.556, rev_comm[2]: 221.391, inte[1]: 138.660
[Rank 125] inte[0]: 203.312, comm[0]: 192.685, comm[1]: 1801.601, comm[2]: 194.837, force: 2799.893, rev_comm[0]: 188.436, rev_comm[1]: 1821.436, rev_comm[2]: 215.221, inte[1]: 138.032
[Rank 126] inte[0]: 205.065, comm[0]: 207.382, comm[1]: 2034.648, comm[2]: 205.839, force: 2768.232, rev_comm[0]: 201.546, rev_comm[1]: 2043.069, rev_comm[2]: 226.381, inte[1]: 138.298
[Rank 127] inte[0]: 204.328, comm[0]: 204.565, comm[1]: 2039.393, comm[2]: 201.926, force: 2754.297, rev_comm[0]: 198.946, rev_comm[1]: 2042.824, rev_comm[2]: 226.230, inte[1]: 137.609
[Rank 128] inte[0]: 204.410, comm[0]: 186.216, comm[1]: 1943.295, comm[2]: 190.163, force: 2749.996, rev_comm[0]: 183.068, rev_comm[1]: 1978.934, rev_comm[2]: 212.123, inte[1]: 136.990
[Rank 129] inte[0]: 204.801, comm[0]: 203.662, comm[1]: 1947.370, comm[2]: 204.036, force: 2751.802, rev_comm[0]: 196.414, rev_comm[1]: 1977.957, rev_comm[2]: 228.399, inte[1]: 138.102
[Rank 130] inte[0]: 205.159, comm[0]: 205.992, comm[1]: 1922.417, comm[2]: 205.522, force: 2781.915, rev_comm[0]: 200.800, rev_comm[1]: 1965.856, rev_comm[2]: 228.417, inte[1]: 138.928
[Rank 131] inte[0]: 203.711, comm[0]: 187.711, comm[1]: 1942.245, comm[2]: 188.592, force: 2754.362, rev_comm[0]: 183.730, rev_comm[1]: 1977.730, rev_comm[2]: 211.067, inte[1]: 137.002
[Rank 132] inte[0]: 205.523, comm[0]: 209.483, comm[1]: 1801.792, comm[2]: 209.648, force: 2778.475, rev_comm[0]: 203.178, rev_comm[1]: 1829.739, rev_comm[2]: 230.291, inte[1]: 138.880
[Rank 133] inte[0]: 205.712, comm[0]: 210.936, comm[1]: 1795.206, comm[2]: 208.416, force: 2772.970, rev_comm[0]: 204.287, rev_comm[1]: 1814.743, rev_comm[2]: 228.282, inte[1]: 138.544
[Rank 134] inte[0]: 202.529, comm[0]: 188.405, comm[1]: 1782.424, comm[2]: 190.394, force: 2762.417, rev_comm[0]: 185.347, rev_comm[1]: 1803.281, rev_comm[2]: 211.915, inte[1]: 137.371
[Rank 135] inte[0]: 204.514, comm[0]: 202.299, comm[1]: 1788.943, comm[2]: 200.932, force: 2773.270, rev_comm[0]: 195.363, rev_comm[1]: 1819.838, rev_comm[2]: 223.897, inte[1]: 138.400
[Rank 136] inte[0]: 205.439, comm[0]: 200.157, comm[1]: 1730.268, comm[2]: 200.048, force: 2799.192, rev_comm[0]: 190.381, rev_comm[1]: 1760.431, rev_comm[2]: 219.157, inte[1]: 138.017
[Rank 137] inte[0]: 203.078, comm[0]: 191.559, comm[1]: 1738.479, comm[2]: 194.488, force: 2759.677, rev_comm[0]: 186.839, rev_comm[1]: 1766.035, rev_comm[2]: 214.996, inte[1]: 136.993
[Rank 138] inte[0]: 205.636, comm[0]: 208.587, comm[1]: 1750.934, comm[2]: 208.171, force: 2789.007, rev_comm[0]: 202.263, rev_comm[1]: 1759.483, rev_comm[2]: 230.319, inte[1]: 138.879
[Rank 139] inte[0]: 205.065, comm[0]: 209.070, comm[1]: 1757.084, comm[2]: 210.957, force: 2809.628, rev_comm[0]: 203.438, rev_comm[1]: 1764.155, rev_comm[2]: 230.143, inte[1]: 138.838
[Rank 140] inte[0]: 202.603, comm[0]: 186.891, comm[1]: 1573.407, comm[2]: 190.313, force: 2783.086, rev_comm[0]: 184.227, rev_comm[1]: 1590.349, rev_comm[2]: 211.582, inte[1]: 137.293
[Rank 141] inte[0]: 204.318, comm[0]: 204.161, comm[1]: 1567.178, comm[2]: 204.839, force: 2798.414, rev_comm[0]: 197.607, rev_comm[1]: 1576.788, rev_comm[2]: 228.250, inte[1]: 139.074
[Rank 142] inte[0]: 205.150, comm[0]: 205.724, comm[1]: 1513.528, comm[2]: 205.641, force: 2778.320, rev_comm[0]: 199.971, rev_comm[1]: 1533.172, rev_comm[2]: 228.432, inte[1]: 138.249
[Rank 143] inte[0]: 202.501, comm[0]: 187.632, comm[1]: 1542.324, comm[2]: 190.050, force: 2764.071, rev_comm[0]: 182.341, rev_comm[1]: 1560.375, rev_comm[2]: 211.917, inte[1]: 137.244
[Rank 144] inte[0]: 204.127, comm[0]: 209.545, comm[1]: 1541.509, comm[2]: 210.254, force: 2757.744, rev_comm[0]: 203.968, rev_comm[1]: 1555.840, rev_comm[2]: 231.307, inte[1]: 138.011
[Rank 145] inte[0]: 204.650, comm[0]: 207.809, comm[1]: 1532.299, comm[2]: 207.293, force: 2812.667, rev_comm[0]: 201.436, rev_comm[1]: 1544.413, rev_comm[2]: 229.131, inte[1]: 139.272
[Rank 146] inte[0]: 203.544, comm[0]: 187.777, comm[1]: 1570.273, comm[2]: 190.047, force: 2766.044, rev_comm[0]: 185.069, rev_comm[1]: 1585.084, rev_comm[2]: 212.570, inte[1]: 137.388
[Rank 147] inte[0]: 204.733, comm[0]: 202.885, comm[1]: 1579.000, comm[2]: 199.563, force: 2761.578, rev_comm[0]: 196.858, rev_comm[1]: 1593.170, rev_comm[2]: 223.437, inte[1]: 138.331
[Rank 148] inte[0]: 205.032, comm[0]: 205.733, comm[1]: 1739.184, comm[2]: 203.094, force: 2794.060, rev_comm[0]: 195.996, rev_comm[1]: 1770.096, rev_comm[2]: 222.872, inte[1]: 138.268
[Rank 149] inte[0]: 203.374, comm[0]: 189.736, comm[1]: 1742.061, comm[2]: 192.498, force: 2757.228, rev_comm[0]: 184.900, rev_comm[1]: 1769.014, rev_comm[2]: 212.659, inte[1]: 136.654
[Rank 150] inte[0]: 203.987, comm[0]: 208.616, comm[1]: 1750.388, comm[2]: 208.491, force: 2760.557, rev_comm[0]: 199.831, rev_comm[1]: 1763.549, rev_comm[2]: 229.730, inte[1]: 138.059
[Rank 151] inte[0]: 204.990, comm[0]: 202.869, comm[1]: 1752.784, comm[2]: 205.953, force: 2763.595, rev_comm[0]: 197.283, rev_comm[1]: 1765.175, rev_comm[2]: 226.782, inte[1]: 137.891
[Rank 152] inte[0]: 202.934, comm[0]: 187.891, comm[1]: 1795.582, comm[2]: 188.352, force: 2753.141, rev_comm[0]: 183.537, rev_comm[1]: 1808.564, rev_comm[2]: 211.702, inte[1]: 137.122
[Rank 153] inte[0]: 204.676, comm[0]: 205.259, comm[1]: 1795.868, comm[2]: 204.102, force: 2783.143, rev_comm[0]: 197.568, rev_comm[1]: 1803.413, rev_comm[2]: 226.801, inte[1]: 138.679
[Rank 154] inte[0]: 205.410, comm[0]: 209.570, comm[1]: 1798.356, comm[2]: 207.876, force: 2731.126, rev_comm[0]: 203.755, rev_comm[1]: 1810.009, rev_comm[2]: 230.256, inte[1]: 138.313
[Rank 155] inte[0]: 203.765, comm[0]: 189.884, comm[1]: 1813.875, comm[2]: 191.645, force: 2791.584, rev_comm[0]: 185.313, rev_comm[1]: 1826.254, rev_comm[2]: 213.458, inte[1]: 137.124
[Rank 156] inte[0]: 205.224, comm[0]: 207.730, comm[1]: 1933.968, comm[2]: 207.752, force: 2763.933, rev_comm[0]: 201.828, rev_comm[1]: 1980.084, rev_comm[2]: 233.287, inte[1]: 138.374
[Rank 157] inte[0]: 205.172, comm[0]: 201.836, comm[1]: 1923.999, comm[2]: 201.950, force: 2782.302, rev_comm[0]: 198.820, rev_comm[1]: 1966.358, rev_comm[2]: 223.907, inte[1]: 138.564
[Rank 158] inte[0]: 204.090, comm[0]: 187.478, comm[1]: 1937.863, comm[2]: 189.697, force: 2747.954, rev_comm[0]: 185.231, rev_comm[1]: 1980.335, rev_comm[2]: 213.134, inte[1]: 137.325
[Rank 159] inte[0]: 205.819, comm[0]: 201.436, comm[1]: 1949.022, comm[2]: 199.038, force: 2763.357, rev_comm[0]: 195.255, rev_comm[1]: 1984.085, rev_comm[2]: 222.613, inte[1]: 138.611
[Rank 160] inte[0]: 205.737, comm[0]: 204.292, comm[1]: 2099.400, comm[2]: 201.612, force: 2760.279, rev_comm[0]: 195.485, rev_comm[1]: 2147.076, rev_comm[2]: 221.611, inte[1]: 137.678
[Rank 161] inte[0]: 202.598, comm[0]: 186.970, comm[1]: 2111.299, comm[2]: 187.320, force: 2737.227, rev_comm[0]: 180.997, rev_comm[1]: 2155.650, rev_comm[2]: 210.771, inte[1]: 136.511
[Rank 162] inte[0]: 205.631, comm[0]: 212.183, comm[1]: 1812.937, comm[2]: 208.300, force: 2767.724, rev_comm[0]: 204.591, rev_comm[1]: 1829.301, rev_comm[2]: 229.222, inte[1]: 138.960
[Rank 163] inte[0]: 205.929, comm[0]: 208.071, comm[1]: 1814.098, comm[2]: 209.219, force: 2761.914, rev_comm[0]: 202.862, rev_comm[1]: 1831.778, rev_comm[2]: 228.756, inte[1]: 137.745
[Rank 164] inte[0]: 203.053, comm[0]: 187.624, comm[1]: 1763.852, comm[2]: 189.747, force: 2788.018, rev_comm[0]: 183.517, rev_comm[1]: 1857.164, rev_comm[2]: 211.801, inte[1]: 137.263
[Rank 165] inte[0]: 204.901, comm[0]: 203.146, comm[1]: 1773.306, comm[2]: 203.301, force: 2779.941, rev_comm[0]: 197.438, rev_comm[1]: 1863.238, rev_comm[2]: 227.279, inte[1]: 138.742
[Rank 166] inte[0]: 204.889, comm[0]: 208.691, comm[1]: 1515.896, comm[2]: 207.684, force: 2816.006, rev_comm[0]: 202.617, rev_comm[1]: 1536.794, rev_comm[2]: 230.088, inte[1]: 139.039
[Rank 167] inte[0]: 204.707, comm[0]: 192.918, comm[1]: 1534.038, comm[2]: 193.663, force: 2769.600, rev_comm[0]: 187.093, rev_comm[1]: 1558.920, rev_comm[2]: 215.505, inte[1]: 136.001
[Rank 168] inte[0]: 205.059, comm[0]: 207.954, comm[1]: 1531.479, comm[2]: 209.922, force: 2832.036, rev_comm[0]: 202.764, rev_comm[1]: 1554.600, rev_comm[2]: 233.014, inte[1]: 139.815
[Rank 169] inte[0]: 204.530, comm[0]: 209.994, comm[1]: 1514.736, comm[2]: 208.285, force: 2811.776, rev_comm[0]: 203.091, rev_comm[1]: 1538.327, rev_comm[2]: 230.247, inte[1]: 139.954
[Rank 170] inte[0]: 204.526, comm[0]: 187.640, comm[1]: 1570.190, comm[2]: 190.252, force: 2752.004, rev_comm[0]: 185.172, rev_comm[1]: 1583.490, rev_comm[2]: 212.658, inte[1]: 137.173
[Rank 171] inte[0]: 204.800, comm[0]: 200.586, comm[1]: 1580.482, comm[2]: 199.595, force: 2795.762, rev_comm[0]: 193.910, rev_comm[1]: 1592.025, rev_comm[2]: 222.818, inte[1]: 138.843
[Rank 172] inte[0]: 205.533, comm[0]: 207.630, comm[1]: 1730.009, comm[2]: 206.005, force: 2797.848, rev_comm[0]: 197.870, rev_comm[1]: 1750.527, rev_comm[2]: 226.234, inte[1]: 139.348
[Rank 173] inte[0]: 203.102, comm[0]: 187.192, comm[1]: 1741.538, comm[2]: 190.964, force: 2744.259, rev_comm[0]: 183.040, rev_comm[1]: 1760.262, rev_comm[2]: 210.828, inte[1]: 135.960
[Rank 174] inte[0]: 204.995, comm[0]: 211.253, comm[1]: 1747.041, comm[2]: 207.912, force: 2744.698, rev_comm[0]: 201.715, rev_comm[1]: 1758.373, rev_comm[2]: 228.232, inte[1]: 137.965
[Rank 175] inte[0]: 205.838, comm[0]: 205.695, comm[1]: 1750.690, comm[2]: 207.459, force: 2806.857, rev_comm[0]: 199.835, rev_comm[1]: 1763.635, rev_comm[2]: 226.139, inte[1]: 138.448
[Rank 176] inte[0]: 204.680, comm[0]: 188.493, comm[1]: 1575.076, comm[2]: 191.125, force: 2756.573, rev_comm[0]: 184.586, rev_comm[1]: 1590.685, rev_comm[2]: 212.467, inte[1]: 136.694
[Rank 177] inte[0]: 204.832, comm[0]: 208.454, comm[1]: 1577.838, comm[2]: 207.176, force: 2795.573, rev_comm[0]: 201.580, rev_comm[1]: 1594.713, rev_comm[2]: 230.763, inte[1]: 139.667
[Rank 178] inte[0]: 204.861, comm[0]: 210.343, comm[1]: 1523.320, comm[2]: 209.186, force: 2819.933, rev_comm[0]: 204.351, rev_comm[1]: 1542.646, rev_comm[2]: 231.300, inte[1]: 139.598
[Rank 179] inte[0]: 204.333, comm[0]: 188.951, comm[1]: 1540.600, comm[2]: 191.825, force: 2789.096, rev_comm[0]: 185.002, rev_comm[1]: 1561.263, rev_comm[2]: 214.201, inte[1]: 137.381
[Rank 180] inte[0]: 203.861, comm[0]: 207.404, comm[1]: 1547.087, comm[2]: 207.948, force: 2753.868, rev_comm[0]: 203.604, rev_comm[1]: 1561.763, rev_comm[2]: 230.500, inte[1]: 138.044
[Rank 181] inte[0]: 204.691, comm[0]: 211.550, comm[1]: 1535.898, comm[2]: 208.584, force: 2817.224, rev_comm[0]: 203.173, rev_comm[1]: 1542.688, rev_comm[2]: 230.828, inte[1]: 139.229
[Rank 182] inte[0]: 203.446, comm[0]: 187.848, comm[1]: 1576.848, comm[2]: 190.528, force: 2759.987, rev_comm[0]: 185.204, rev_comm[1]: 1591.589, rev_comm[2]: 213.384, inte[1]: 137.087
[Rank 183] inte[0]: 203.949, comm[0]: 201.665, comm[1]: 1582.922, comm[2]: 199.578, force: 2792.562, rev_comm[0]: 195.732, rev_comm[1]: 1596.878, rev_comm[2]: 223.137, inte[1]: 138.812
[Rank 184] inte[0]: 205.778, comm[0]: 204.310, comm[1]: 1751.732, comm[2]: 203.107, force: 2766.446, rev_comm[0]: 195.247, rev_comm[1]: 1775.658, rev_comm[2]: 223.027, inte[1]: 137.810
[Rank 185] inte[0]: 203.756, comm[0]: 189.017, comm[1]: 1758.234, comm[2]: 192.540, force: 2789.372, rev_comm[0]: 184.985, rev_comm[1]: 1775.920, rev_comm[2]: 213.764, inte[1]: 137.748
[Rank 186] inte[0]: 204.449, comm[0]: 210.899, comm[1]: 1745.095, comm[2]: 209.429, force: 2773.035, rev_comm[0]: 204.128, rev_comm[1]: 1764.529, rev_comm[2]: 230.151, inte[1]: 139.343
[Rank 187] inte[0]: 204.318, comm[0]: 208.906, comm[1]: 1750.301, comm[2]: 209.382, force: 2783.668, rev_comm[0]: 203.767, rev_comm[1]: 1764.033, rev_comm[2]: 229.871, inte[1]: 139.043
[Rank 188] inte[0]: 203.117, comm[0]: 187.225, comm[1]: 1717.532, comm[2]: 188.781, force: 2765.316, rev_comm[0]: 183.708, rev_comm[1]: 1705.068, rev_comm[2]: 211.776, inte[1]: 136.975
[Rank 189] inte[0]: 205.631, comm[0]: 203.717, comm[1]: 1723.832, comm[2]: 201.394, force: 2747.564, rev_comm[0]: 196.409, rev_comm[1]: 1703.112, rev_comm[2]: 224.140, inte[1]: 137.786
[Rank 190] inte[0]: 204.810, comm[0]: 208.194, comm[1]: 1592.810, comm[2]: 206.436, force: 2798.548, rev_comm[0]: 202.228, rev_comm[1]: 1607.307, rev_comm[2]: 229.426, inte[1]: 139.335
[Rank 191] inte[0]: 203.820, comm[0]: 189.196, comm[1]: 1605.512, comm[2]: 191.326, force: 2771.727, rev_comm[0]: 184.026, rev_comm[1]: 1619.440, rev_comm[2]: 214.566, inte[1]: 136.933
[Rank 192] inte[0]: 205.177, comm[0]: 211.716, comm[1]: 1602.824, comm[2]: 211.682, force: 2794.823, rev_comm[0]: 205.506, rev_comm[1]: 1624.145, rev_comm[2]: 233.138, inte[1]: 139.805
[Rank 193] inte[0]: 204.920, comm[0]: 207.537, comm[1]: 1579.330, comm[2]: 207.009, force: 2799.046, rev_comm[0]: 200.615, rev_comm[1]: 1603.768, rev_comm[2]: 227.274, inte[1]: 139.295
[Rank 194] inte[0]: 204.657, comm[0]: 188.518, comm[1]: 1670.623, comm[2]: 189.970, force: 2737.225, rev_comm[0]: 185.509, rev_comm[1]: 1726.227, rev_comm[2]: 213.201, inte[1]: 136.841
[Rank 195] inte[0]: 203.594, comm[0]: 200.593, comm[1]: 1680.498, comm[2]: 200.597, force: 2803.169, rev_comm[0]: 194.785, rev_comm[1]: 1728.972, rev_comm[2]: 223.591, inte[1]: 139.677
[Rank 196] inte[0]: 204.405, comm[0]: 203.264, comm[1]: 1736.653, comm[2]: 201.947, force: 2785.697, rev_comm[0]: 195.306, rev_comm[1]: 1762.882, rev_comm[2]: 223.673, inte[1]: 138.160
[Rank 197] inte[0]: 202.463, comm[0]: 189.104, comm[1]: 1741.677, comm[2]: 190.938, force: 2766.558, rev_comm[0]: 184.546, rev_comm[1]: 1771.253, rev_comm[2]: 213.125, inte[1]: 136.519
[Rank 198] inte[0]: 203.324, comm[0]: 194.236, comm[1]: 1733.838, comm[2]: 193.540, force: 2767.460, rev_comm[0]: 189.169, rev_comm[1]: 1749.461, rev_comm[2]: 214.350, inte[1]: 138.429
[Rank 199] inte[0]: 205.781, comm[0]: 202.213, comm[1]: 1746.770, comm[2]: 202.692, force: 2770.365, rev_comm[0]: 193.306, rev_comm[1]: 1764.069, rev_comm[2]: 221.078, inte[1]: 138.069
[Rank 200] inte[0]: 204.903, comm[0]: 198.036, comm[1]: 1716.471, comm[2]: 196.723, force: 2745.718, rev_comm[0]: 192.714, rev_comm[1]: 1792.823, rev_comm[2]: 218.765, inte[1]: 138.130
[Rank 201] inte[0]: 204.258, comm[0]: 203.259, comm[1]: 1709.574, comm[2]: 203.160, force: 2803.488, rev_comm[0]: 196.578, rev_comm[1]: 1773.257, rev_comm[2]: 226.888, inte[1]: 139.103
[Rank 202] inte[0]: 204.012, comm[0]: 205.704, comm[1]: 1698.544, comm[2]: 205.276, force: 2831.688, rev_comm[0]: 198.928, rev_comm[1]: 1790.057, rev_comm[2]: 227.525, inte[1]: 138.852
[Rank 203] inte[0]: 203.870, comm[0]: 189.387, comm[1]: 1725.136, comm[2]: 192.201, force: 2790.172, rev_comm[0]: 184.819, rev_comm[1]: 1812.509, rev_comm[2]: 213.840, inte[1]: 137.393
[Rank 204] inte[0]: 203.838, comm[0]: 205.786, comm[1]: 1729.621, comm[2]: 208.292, force: 2801.468, rev_comm[0]: 199.529, rev_comm[1]: 1802.125, rev_comm[2]: 229.802, inte[1]: 139.502
[Rank 205] inte[0]: 204.812, comm[0]: 205.629, comm[1]: 1708.967, comm[2]: 206.365, force: 2735.908, rev_comm[0]: 199.833, rev_comm[1]: 1774.844, rev_comm[2]: 226.331, inte[1]: 137.960
[Rank 206] inte[0]: 203.302, comm[0]: 187.056, comm[1]: 1758.942, comm[2]: 188.805, force: 2766.673, rev_comm[0]: 184.067, rev_comm[1]: 1838.786, rev_comm[2]: 213.076, inte[1]: 136.254
[Rank 207] inte[0]: 204.882, comm[0]: 199.923, comm[1]: 1763.134, comm[2]: 198.388, force: 2784.463, rev_comm[0]: 193.872, rev_comm[1]: 1839.024, rev_comm[2]: 221.411, inte[1]: 138.896
[Rank 208] inte[0]: 204.628, comm[0]: 202.229, comm[1]: 1731.095, comm[2]: 201.626, force: 2778.408, rev_comm[0]: 191.787, rev_comm[1]: 1757.860, rev_comm[2]: 219.712, inte[1]: 139.066
[Rank 209] inte[0]: 203.089, comm[0]: 189.061, comm[1]: 1740.618, comm[2]: 191.189, force: 2741.267, rev_comm[0]: 184.358, rev_comm[1]: 1764.973, rev_comm[2]: 211.807, inte[1]: 136.039
[Rank 210] inte[0]: 203.107, comm[0]: 208.744, comm[1]: 1742.645, comm[2]: 207.390, force: 2773.935, rev_comm[0]: 202.180, rev_comm[1]: 1761.184, rev_comm[2]: 228.791, inte[1]: 138.514
[Rank 211] inte[0]: 204.462, comm[0]: 203.579, comm[1]: 1738.784, comm[2]: 205.558, force: 2740.094, rev_comm[0]: 198.885, rev_comm[1]: 1759.503, rev_comm[2]: 227.015, inte[1]: 137.754
[Rank 212] inte[0]: 203.065, comm[0]: 186.057, comm[1]: 1576.382, comm[2]: 188.583, force: 2750.522, rev_comm[0]: 183.227, rev_comm[1]: 1589.570, rev_comm[2]: 210.942, inte[1]: 136.938
[Rank 213] inte[0]: 203.882, comm[0]: 190.130, comm[1]: 1567.429, comm[2]: 190.975, force: 2745.796, rev_comm[0]: 185.890, rev_comm[1]: 1580.544, rev_comm[2]: 214.591, inte[1]: 136.845
[Rank 214] inte[0]: 206.333, comm[0]: 207.606, comm[1]: 1530.812, comm[2]: 208.976, force: 2823.059, rev_comm[0]: 201.500, rev_comm[1]: 1549.729, rev_comm[2]: 231.541, inte[1]: 139.087
[Rank 215] inte[0]: 205.726, comm[0]: 203.963, comm[1]: 1551.042, comm[2]: 205.226, force: 2790.465, rev_comm[0]: 199.011, rev_comm[1]: 1566.415, rev_comm[2]: 228.967, inte[1]: 138.039
[Rank 216] inte[0]: 204.226, comm[0]: 206.184, comm[1]: 1550.707, comm[2]: 208.014, force: 2762.571, rev_comm[0]: 202.076, rev_comm[1]: 1561.751, rev_comm[2]: 231.369, inte[1]: 138.264
[Rank 217] inte[0]: 205.043, comm[0]: 207.446, comm[1]: 1521.512, comm[2]: 208.284, force: 2825.069, rev_comm[0]: 201.483, rev_comm[1]: 1533.238, rev_comm[2]: 228.476, inte[1]: 139.548
[Rank 218] inte[0]: 203.503, comm[0]: 188.572, comm[1]: 1714.194, comm[2]: 189.633, force: 2743.259, rev_comm[0]: 185.327, rev_comm[1]: 1699.429, rev_comm[2]: 212.931, inte[1]: 137.502
[Rank 219] inte[0]: 204.468, comm[0]: 200.592, comm[1]: 1725.461, comm[2]: 198.684, force: 2780.027, rev_comm[0]: 195.546, rev_comm[1]: 1709.273, rev_comm[2]: 222.597, inte[1]: 138.765
[Rank 220] inte[0]: 204.172, comm[0]: 202.510, comm[1]: 1799.369, comm[2]: 201.847, force: 2787.521, rev_comm[0]: 194.225, rev_comm[1]: 1830.188, rev_comm[2]: 220.270, inte[1]: 138.817
[Rank 221] inte[0]: 203.181, comm[0]: 189.428, comm[1]: 1809.710, comm[2]: 193.149, force: 2747.303, rev_comm[0]: 185.263, rev_comm[1]: 1835.692, rev_comm[2]: 213.368, inte[1]: 136.860
[Rank 222] inte[0]: 205.072, comm[0]: 208.939, comm[1]: 2013.280, comm[2]: 206.521, force: 2767.625, rev_comm[0]: 203.898, rev_comm[1]: 2035.958, rev_comm[2]: 227.788, inte[1]: 139.089
[Rank 223] inte[0]: 203.897, comm[0]: 203.160, comm[1]: 2009.747, comm[2]: 200.598, force: 2743.670, rev_comm[0]: 197.996, rev_comm[1]: 2029.017, rev_comm[2]: 225.228, inte[1]: 137.757
[Rank 224] inte[0]: 203.886, comm[0]: 186.906, comm[1]: 1814.982, comm[2]: 188.564, force: 2743.583, rev_comm[0]: 183.160, rev_comm[1]: 1831.853, rev_comm[2]: 212.331, inte[1]: 136.590
[Rank 225] inte[0]: 205.514, comm[0]: 204.057, comm[1]: 1799.570, comm[2]: 204.084, force: 2743.982, rev_comm[0]: 198.551, rev_comm[1]: 1823.220, rev_comm[2]: 227.307, inte[1]: 138.149
[Rank 226] inte[0]: 205.729, comm[0]: 205.756, comm[1]: 1771.865, comm[2]: 202.707, force: 2764.760, rev_comm[0]: 200.159, rev_comm[1]: 1792.560, rev_comm[2]: 226.585, inte[1]: 138.520
[Rank 227] inte[0]: 203.417, comm[0]: 191.407, comm[1]: 1810.598, comm[2]: 193.066, force: 2760.742, rev_comm[0]: 187.042, rev_comm[1]: 1826.803, rev_comm[2]: 215.462, inte[1]: 136.829
[Rank 228] inte[0]: 204.499, comm[0]: 206.589, comm[1]: 1916.518, comm[2]: 209.189, force: 2767.575, rev_comm[0]: 203.336, rev_comm[1]: 1984.723, rev_comm[2]: 231.788, inte[1]: 138.954
[Rank 229] inte[0]: 204.596, comm[0]: 207.223, comm[1]: 1892.617, comm[2]: 205.959, force: 2817.336, rev_comm[0]: 200.350, rev_comm[1]: 1960.385, rev_comm[2]: 227.072, inte[1]: 138.905
[Rank 230] inte[0]: 203.004, comm[0]: 186.862, comm[1]: 1881.897, comm[2]: 189.309, force: 2779.686, rev_comm[0]: 183.828, rev_comm[1]: 1949.418, rev_comm[2]: 211.662, inte[1]: 137.004
[Rank 231] inte[0]: 204.016, comm[0]: 197.916, comm[1]: 1897.471, comm[2]: 196.002, force: 2785.532, rev_comm[0]: 191.955, rev_comm[1]: 1965.232, rev_comm[2]: 218.695, inte[1]: 138.396
[Rank 232] inte[0]: 204.010, comm[0]: 199.664, comm[1]: 1858.980, comm[2]: 199.528, force: 2806.375, rev_comm[0]: 190.160, rev_comm[1]: 1924.251, rev_comm[2]: 219.921, inte[1]: 138.188
[Rank 233] inte[0]: 202.965, comm[0]: 189.062, comm[1]: 1862.420, comm[2]: 191.234, force: 2756.968, rev_comm[0]: 184.192, rev_comm[1]: 1929.374, rev_comm[2]: 211.561, inte[1]: 136.404
[Rank 234] inte[0]: 204.020, comm[0]: 193.777, comm[1]: 1762.639, comm[2]: 193.585, force: 2811.539, rev_comm[0]: 187.498, rev_comm[1]: 1773.720, rev_comm[2]: 214.154, inte[1]: 137.797
[Rank 235] inte[0]: 205.643, comm[0]: 206.886, comm[1]: 1768.059, comm[2]: 205.190, force: 2798.584, rev_comm[0]: 197.718, rev_comm[1]: 1779.337, rev_comm[2]: 224.562, inte[1]: 139.004
[Rank 236] inte[0]: 204.877, comm[0]: 202.216, comm[1]: 1586.779, comm[2]: 200.040, force: 2776.513, rev_comm[0]: 196.116, rev_comm[1]: 1601.282, rev_comm[2]: 223.391, inte[1]: 138.143
[Rank 237] inte[0]: 204.347, comm[0]: 204.096, comm[1]: 1580.162, comm[2]: 202.907, force: 2766.354, rev_comm[0]: 197.224, rev_comm[1]: 1591.559, rev_comm[2]: 227.065, inte[1]: 137.858
[Rank 238] inte[0]: 205.388, comm[0]: 206.049, comm[1]: 1527.878, comm[2]: 205.484, force: 2788.444, rev_comm[0]: 201.007, rev_comm[1]: 1544.710, rev_comm[2]: 227.470, inte[1]: 138.495
[Rank 239] inte[0]: 204.314, comm[0]: 189.393, comm[1]: 1551.423, comm[2]: 191.582, force: 2764.778, rev_comm[0]: 183.681, rev_comm[1]: 1570.521, rev_comm[2]: 213.343, inte[1]: 136.536
[Rank 240] inte[0]: 205.985, comm[0]: 204.805, comm[1]: 1545.375, comm[2]: 207.570, force: 2759.203, rev_comm[0]: 201.329, rev_comm[1]: 1556.310, rev_comm[2]: 230.225, inte[1]: 138.459
[Rank 241] inte[0]: 204.477, comm[0]: 207.325, comm[1]: 1529.564, comm[2]: 206.135, force: 2762.522, rev_comm[0]: 202.041, rev_comm[1]: 1537.413, rev_comm[2]: 226.625, inte[1]: 138.759
[Rank 242] inte[0]: 203.907, comm[0]: 187.061, comm[1]: 1567.951, comm[2]: 189.420, force: 2736.979, rev_comm[0]: 184.212, rev_comm[1]: 1580.456, rev_comm[2]: 211.721, inte[1]: 136.559
[Rank 243] inte[0]: 204.615, comm[0]: 201.065, comm[1]: 1579.507, comm[2]: 199.327, force: 2777.425, rev_comm[0]: 195.732, rev_comm[1]: 1590.308, rev_comm[2]: 222.498, inte[1]: 138.194
[Rank 244] inte[0]: 205.453, comm[0]: 207.455, comm[1]: 1742.585, comm[2]: 205.642, force: 2800.240, rev_comm[0]: 198.230, rev_comm[1]: 1765.736, rev_comm[2]: 226.806, inte[1]: 138.769
[Rank 245] inte[0]: 203.796, comm[0]: 188.682, comm[1]: 1739.889, comm[2]: 191.268, force: 2761.560, rev_comm[0]: 184.292, rev_comm[1]: 1756.238, rev_comm[2]: 211.700, inte[1]: 136.626
[Rank 246] inte[0]: 204.427, comm[0]: 211.368, comm[1]: 1748.215, comm[2]: 208.122, force: 2813.352, rev_comm[0]: 203.807, rev_comm[1]: 1759.959, rev_comm[2]: 230.953, inte[1]: 139.417
[Rank 247] inte[0]: 204.119, comm[0]: 206.713, comm[1]: 1758.096, comm[2]: 206.567, force: 2797.337, rev_comm[0]: 200.865, rev_comm[1]: 1767.723, rev_comm[2]: 227.008, inte[1]: 138.384
[Rank 248] inte[0]: 203.278, comm[0]: 187.634, comm[1]: 1577.336, comm[2]: 188.560, force: 2741.096, rev_comm[0]: 183.594, rev_comm[1]: 1590.813, rev_comm[2]: 210.804, inte[1]: 137.660
[Rank 249] inte[0]: 203.842, comm[0]: 204.982, comm[1]: 1573.121, comm[2]: 204.705, force: 2771.020, rev_comm[0]: 197.959, rev_comm[1]: 1582.175, rev_comm[2]: 228.053, inte[1]: 138.939
[Rank 250] inte[0]: 205.306, comm[0]: 209.379, comm[1]: 1567.322, comm[2]: 210.303, force: 2827.016, rev_comm[0]: 204.272, rev_comm[1]: 1574.350, rev_comm[2]: 233.891, inte[1]: 139.202
[Rank 251] inte[0]: 203.545, comm[0]: 193.501, comm[1]: 1528.446, comm[2]: 193.457, force: 2794.718, rev_comm[0]: 187.136, rev_comm[1]: 1545.417, rev_comm[2]: 215.798, inte[1]: 137.960
[Rank 252] inte[0]: 204.418, comm[0]: 206.301, comm[1]: 1798.459, comm[2]: 207.277, force: 2763.957, rev_comm[0]: 198.467, rev_comm[1]: 1807.653, rev_comm[2]: 230.085, inte[1]: 137.849
[Rank 253] inte[0]: 204.105, comm[0]: 200.982, comm[1]: 1780.787, comm[2]: 201.500, force: 2774.056, rev_comm[0]: 197.389, rev_comm[1]: 1786.230, rev_comm[2]: 224.799, inte[1]: 138.740
[Rank 254] inte[0]: 202.878, comm[0]: 187.426, comm[1]: 1790.013, comm[2]: 189.848, force: 2744.229, rev_comm[0]: 184.919, rev_comm[1]: 1807.397, rev_comm[2]: 211.468, inte[1]: 136.855
[Rank 255] inte[0]: 204.254, comm[0]: 192.799, comm[1]: 1756.632, comm[2]: 192.619, force: 2782.381, rev_comm[0]: 187.523, rev_comm[1]: 1762.124, rev_comm[2]: 215.133, inte[1]: 137.633
[Max rank 161] inte[0]: 202.598, comm[0]: 186.970, comm[1]: 2111.299, comm[2]: 187.320, force: 2737.227, rev_comm[0]: 180.997, rev_comm[1]: 2155.650, rev_comm[2]: 210.771, inte[1]: 136.511


# Performance Summary:
# MPI_proc OMP_threads nsteps natoms t_total t_force t_neigh t_comm t_other performance perf/thread grep_string t_extra
256 1 100 268435456 0.917246 0.275110 0.000000 0.604572 0.037564 29265371988.694847 114317859.330839 PERF_SUMMARY 0.000000


