[Rank 253] xlo: 752.459094, xhi: 859.953250, ylo: 752.459094, yhi: 859.953250, zlo: 107.494156, zhi: 214.988312
[Rank 252] xlo: 752.459094, xhi: 859.953250, ylo: 752.459094, yhi: 859.953250, zlo: 0.000000, zhi: 107.494156
[Rank 255] xlo: 752.459094, xhi: 859.953250, ylo: 752.459094, yhi: 859.953250, zlo: 322.482469, zhi: 429.976625
[Rank 254] xlo: 752.459094, xhi: 859.953250, ylo: 752.459094, yhi: 859.953250, zlo: 214.988312, zhi: 322.482469
[Rank 102] xlo: 322.482469, xhi: 429.976625, ylo: 107.494156, yhi: 214.988312, zlo: 214.988312, zhi: 322.482469
[Rank 103] xlo: 322.482469, xhi: 429.976625, ylo: 107.494156, yhi: 214.988312, zlo: 322.482469, zhi: 429.976625
[Rank 58] xlo: 107.494156, xhi: 214.988312, ylo: 644.964937, yhi: 752.459094, zlo: 214.988312, zhi: 322.482469
[Rank 101] xlo: 322.482469, xhi: 429.976625, ylo: 107.494156, yhi: 214.988312, zlo: 107.494156, zhi: 214.988312
[Rank 150] xlo: 429.976625, xhi: 537.470781, ylo: 537.470781, yhi: 644.964937, zlo: 214.988312, zhi: 322.482469
[Rank 151] xlo: 429.976625, xhi: 537.470781, ylo: 537.470781, yhi: 644.964937, zlo: 322.482469, zhi: 429.976625
[Rank 199] xlo: 644.964937, xhi: 752.459094, ylo: 107.494156, yhi: 214.988312, zlo: 322.482469, zhi: 429.976625
[Rank 209] xlo: 644.964937, xhi: 752.459094, ylo: 429.976625, yhi: 537.470781, zlo: 107.494156, zhi: 214.988312
[Rank 7] xlo: 0.000000, xhi: 107.494156, ylo: 107.494156, yhi: 214.988312, zlo: 322.482469, zhi: 429.976625
[Rank 57] xlo: 107.494156, xhi: 214.988312, ylo: 644.964937, yhi: 752.459094, zlo: 107.494156, zhi: 214.988312
[Rank 149] xlo: 429.976625, xhi: 537.470781, ylo: 537.470781, yhi: 644.964937, zlo: 107.494156, zhi: 214.988312
[Rank 129] xlo: 429.976625, xhi: 537.470781, ylo: 0.000000, yhi: 107.494156, zlo: 107.494156, zhi: 214.988312
[Rank 148] xlo: 429.976625, xhi: 537.470781, ylo: 537.470781, yhi: 644.964937, zlo: 0.000000, zhi: 107.494156
[Rank 62] xlo: 107.494156, xhi: 214.988312, ylo: 752.459094, yhi: 859.953250, zlo: 214.988312, zhi: 322.482469
[Rank 100] xlo: 322.482469, xhi: 429.976625, ylo: 107.494156, yhi: 214.988312, zlo: 0.000000, zhi: 107.494156
[Rank 113] xlo: 322.482469, xhi: 429.976625, ylo: 429.976625, yhi: 537.470781, zlo: 107.494156, zhi: 214.988312
[Rank 63] xlo: 107.494156, xhi: 214.988312, ylo: 752.459094, yhi: 859.953250, zlo: 322.482469, zhi: 429.976625
[Rank 245] xlo: 752.459094, xhi: 859.953250, ylo: 537.470781, yhi: 644.964937, zlo: 107.494156, zhi: 214.988312
[Rank 31] xlo: 0.000000, xhi: 107.494156, ylo: 752.459094, yhi: 859.953250, zlo: 322.482469, zhi: 429.976625
[Rank 30] xlo: 0.000000, xhi: 107.494156, ylo: 752.459094, yhi: 859.953250, zlo: 214.988312, zhi: 322.482469
[Rank 163] xlo: 537.470781, xhi: 644.964937, ylo: 0.000000, yhi: 107.494156, zlo: 322.482469, zhi: 429.976625
[Rank 196] xlo: 644.964937, xhi: 752.459094, ylo: 107.494156, yhi: 214.988312, zlo: 0.000000, zhi: 107.494156
[Rank 138] xlo: 429.976625, xhi: 537.470781, ylo: 214.988312, yhi: 322.482469, zlo: 214.988312, zhi: 322.482469
[Rank 112] xlo: 322.482469, xhi: 429.976625, ylo: 429.976625, yhi: 537.470781, zlo: 0.000000, zhi: 107.494156
[Rank 137] xlo: 429.976625, xhi: 537.470781, ylo: 214.988312, yhi: 322.482469, zlo: 107.494156, zhi: 214.988312
[Rank 60] xlo: 107.494156, xhi: 214.988312, ylo: 752.459094, yhi: 859.953250, zlo: 0.000000, zhi: 107.494156
[Rank 208] xlo: 644.964937, xhi: 752.459094, ylo: 429.976625, yhi: 537.470781, zlo: 0.000000, zhi: 107.494156
[Rank 61] xlo: 107.494156, xhi: 214.988312, ylo: 752.459094, yhi: 859.953250, zlo: 107.494156, zhi: 214.988312
[Rank 198] xlo: 644.964937, xhi: 752.459094, ylo: 107.494156, yhi: 214.988312, zlo: 214.988312, zhi: 322.482469
[Rank 248] xlo: 752.459094, xhi: 859.953250, ylo: 644.964937, yhi: 752.459094, zlo: 0.000000, zhi: 107.494156
[Rank 56] xlo: 107.494156, xhi: 214.988312, ylo: 644.964937, yhi: 752.459094, zlo: 0.000000, zhi: 107.494156
[Rank 59] xlo: 107.494156, xhi: 214.988312, ylo: 644.964937, yhi: 752.459094, zlo: 322.482469, zhi: 429.976625
[Rank 187] xlo: 537.470781, xhi: 644.964937, ylo: 644.964937, yhi: 752.459094, zlo: 322.482469, zhi: 429.976625
[Rank 139] xlo: 429.976625, xhi: 537.470781, ylo: 214.988312, yhi: 322.482469, zlo: 322.482469, zhi: 429.976625
[Rank 114] xlo: 322.482469, xhi: 429.976625, ylo: 429.976625, yhi: 537.470781, zlo: 214.988312, zhi: 322.482469
[Rank 6] xlo: 0.000000, xhi: 107.494156, ylo: 107.494156, yhi: 214.988312, zlo: 214.988312, zhi: 322.482469
[Rank 115] xlo: 322.482469, xhi: 429.976625, ylo: 429.976625, yhi: 537.470781, zlo: 322.482469, zhi: 429.976625
[Rank 118] xlo: 322.482469, xhi: 429.976625, ylo: 537.470781, yhi: 644.964937, zlo: 214.988312, zhi: 322.482469
[Rank 180] xlo: 537.470781, xhi: 644.964937, ylo: 537.470781, yhi: 644.964937, zlo: 0.000000, zhi: 107.494156
[Rank 157] xlo: 429.976625, xhi: 537.470781, ylo: 752.459094, yhi: 859.953250, zlo: 107.494156, zhi: 214.988312
[Rank 202] xlo: 644.964937, xhi: 752.459094, ylo: 214.988312, yhi: 322.482469, zlo: 214.988312, zhi: 322.482469
[Rank 244] xlo: 752.459094, xhi: 859.953250, ylo: 537.470781, yhi: 644.964937, zlo: 0.000000, zhi: 107.494156
[Rank 20] xlo: 0.000000, xhi: 107.494156, ylo: 537.470781, yhi: 644.964937, zlo: 0.000000, zhi: 107.494156
[Rank 183] xlo: 537.470781, xhi: 644.964937, ylo: 537.470781, yhi: 644.964937, zlo: 322.482469, zhi: 429.976625
[Rank 37] xlo: 107.494156, xhi: 214.988312, ylo: 107.494156, yhi: 214.988312, zlo: 107.494156, zhi: 214.988312
[Rank 36] xlo: 107.494156, xhi: 214.988312, ylo: 107.494156, yhi: 214.988312, zlo: 0.000000, zhi: 107.494156
[Rank 156] xlo: 429.976625, xhi: 537.470781, ylo: 752.459094, yhi: 859.953250, zlo: 0.000000, zhi: 107.494156
[Rank 4] xlo: 0.000000, xhi: 107.494156, ylo: 107.494156, yhi: 214.988312, zlo: 0.000000, zhi: 107.494156
[Rank 128] xlo: 429.976625, xhi: 537.470781, ylo: 0.000000, yhi: 107.494156, zlo: 0.000000, zhi: 107.494156
[Rank 127] xlo: 322.482469, xhi: 429.976625, ylo: 752.459094, yhi: 859.953250, zlo: 322.482469, zhi: 429.976625
[Rank 214] xlo: 644.964937, xhi: 752.459094, ylo: 537.470781, yhi: 644.964937, zlo: 214.988312, zhi: 322.482469
[Rank 213] xlo: 644.964937, xhi: 752.459094, ylo: 537.470781, yhi: 644.964937, zlo: 107.494156, zhi: 214.988312
[Rank 126] xlo: 322.482469, xhi: 429.976625, ylo: 752.459094, yhi: 859.953250, zlo: 214.988312, zhi: 322.482469
[Rank 173] xlo: 537.470781, xhi: 644.964937, ylo: 322.482469, yhi: 429.976625, zlo: 107.494156, zhi: 214.988312
[Rank 147] xlo: 429.976625, xhi: 537.470781, ylo: 429.976625, yhi: 537.470781, zlo: 322.482469, zhi: 429.976625
[Rank 146] xlo: 429.976625, xhi: 537.470781, ylo: 429.976625, yhi: 537.470781, zlo: 214.988312, zhi: 322.482469
[Rank 210] xlo: 644.964937, xhi: 752.459094, ylo: 429.976625, yhi: 537.470781, zlo: 214.988312, zhi: 322.482469
[Rank 98] xlo: 322.482469, xhi: 429.976625, ylo: 0.000000, yhi: 107.494156, zlo: 214.988312, zhi: 322.482469
[Rank 211] xlo: 644.964937, xhi: 752.459094, ylo: 429.976625, yhi: 537.470781, zlo: 322.482469, zhi: 429.976625
[Rank 131] xlo: 429.976625, xhi: 537.470781, ylo: 0.000000, yhi: 107.494156, zlo: 322.482469, zhi: 429.976625
[Rank 130] xlo: 429.976625, xhi: 537.470781, ylo: 0.000000, yhi: 107.494156, zlo: 214.988312, zhi: 322.482469
[Rank 97] xlo: 322.482469, xhi: 429.976625, ylo: 0.000000, yhi: 107.494156, zlo: 107.494156, zhi: 214.988312
[Rank 121] xlo: 322.482469, xhi: 429.976625, ylo: 644.964937, yhi: 752.459094, zlo: 107.494156, zhi: 214.988312
[Rank 122] xlo: 322.482469, xhi: 429.976625, ylo: 644.964937, yhi: 752.459094, zlo: 214.988312, zhi: 322.482469
[Rank 38] xlo: 107.494156, xhi: 214.988312, ylo: 107.494156, yhi: 214.988312, zlo: 214.988312, zhi: 322.482469
[Rank 197] xlo: 644.964937, xhi: 752.459094, ylo: 107.494156, yhi: 214.988312, zlo: 107.494156, zhi: 214.988312
[Rank 251] xlo: 752.459094, xhi: 859.953250, ylo: 644.964937, yhi: 752.459094, zlo: 322.482469, zhi: 429.976625
[Rank 105] xlo: 322.482469, xhi: 429.976625, ylo: 214.988312, yhi: 322.482469, zlo: 107.494156, zhi: 214.988312
[Rank 106] xlo: 322.482469, xhi: 429.976625, ylo: 214.988312, yhi: 322.482469, zlo: 214.988312, zhi: 322.482469
[Rank 212] xlo: 644.964937, xhi: 752.459094, ylo: 537.470781, yhi: 644.964937, zlo: 0.000000, zhi: 107.494156
[Rank 215] xlo: 644.964937, xhi: 752.459094, ylo: 537.470781, yhi: 644.964937, zlo: 322.482469, zhi: 429.976625
[Rank 39] xlo: 107.494156, xhi: 214.988312, ylo: 107.494156, yhi: 214.988312, zlo: 322.482469, zhi: 429.976625
[Rank 82] xlo: 214.988312, xhi: 322.482469, ylo: 429.976625, yhi: 537.470781, zlo: 214.988312, zhi: 322.482469
[Rank 172] xlo: 537.470781, xhi: 644.964937, ylo: 322.482469, yhi: 429.976625, zlo: 0.000000, zhi: 107.494156
[Rank 136] xlo: 429.976625, xhi: 537.470781, ylo: 214.988312, yhi: 322.482469, zlo: 0.000000, zhi: 107.494156
[Rank 247] xlo: 752.459094, xhi: 859.953250, ylo: 537.470781, yhi: 644.964937, zlo: 322.482469, zhi: 429.976625
[Rank 205] xlo: 644.964937, xhi: 752.459094, ylo: 322.482469, yhi: 429.976625, zlo: 107.494156, zhi: 214.988312
[Rank 111] xlo: 322.482469, xhi: 429.976625, ylo: 322.482469, yhi: 429.976625, zlo: 322.482469, zhi: 429.976625
[Rank 110] xlo: 322.482469, xhi: 429.976625, ylo: 322.482469, yhi: 429.976625, zlo: 214.988312, zhi: 322.482469
[Rank 204] xlo: 644.964937, xhi: 752.459094, ylo: 322.482469, yhi: 429.976625, zlo: 0.000000, zhi: 107.494156
[Rank 13] xlo: 0.000000, xhi: 107.494156, ylo: 322.482469, yhi: 429.976625, zlo: 107.494156, zhi: 214.988312
[Rank 144] xlo: 429.976625, xhi: 537.470781, ylo: 429.976625, yhi: 537.470781, zlo: 0.000000, zhi: 107.494156
[Rank 124] xlo: 322.482469, xhi: 429.976625, ylo: 752.459094, yhi: 859.953250, zlo: 0.000000, zhi: 107.494156
[Rank 154] xlo: 429.976625, xhi: 537.470781, ylo: 644.964937, yhi: 752.459094, zlo: 214.988312, zhi: 322.482469
[Rank 5] xlo: 0.000000, xhi: 107.494156, ylo: 107.494156, yhi: 214.988312, zlo: 107.494156, zhi: 214.988312
[Rank 96] xlo: 322.482469, xhi: 429.976625, ylo: 0.000000, yhi: 107.494156, zlo: 0.000000, zhi: 107.494156
[Rank 125] xlo: 322.482469, xhi: 429.976625, ylo: 752.459094, yhi: 859.953250, zlo: 107.494156, zhi: 214.988312
[Rank 145] xlo: 429.976625, xhi: 537.470781, ylo: 429.976625, yhi: 537.470781, zlo: 107.494156, zhi: 214.988312
[Rank 123] xlo: 322.482469, xhi: 429.976625, ylo: 644.964937, yhi: 752.459094, zlo: 322.482469, zhi: 429.976625
[Rank 99] xlo: 322.482469, xhi: 429.976625, ylo: 0.000000, yhi: 107.494156, zlo: 322.482469, zhi: 429.976625
[Rank 119] xlo: 322.482469, xhi: 429.976625, ylo: 537.470781, yhi: 644.964937, zlo: 322.482469, zhi: 429.976625
[Rank 155] xlo: 429.976625, xhi: 537.470781, ylo: 644.964937, yhi: 752.459094, zlo: 322.482469, zhi: 429.976625
[Rank 162] xlo: 537.470781, xhi: 644.964937, ylo: 0.000000, yhi: 107.494156, zlo: 214.988312, zhi: 322.482469
[Rank 107] xlo: 322.482469, xhi: 429.976625, ylo: 214.988312, yhi: 322.482469, zlo: 322.482469, zhi: 429.976625
[Rank 42] xlo: 107.494156, xhi: 214.988312, ylo: 214.988312, yhi: 322.482469, zlo: 214.988312, zhi: 322.482469
[Rank 134] xlo: 429.976625, xhi: 537.470781, ylo: 107.494156, yhi: 214.988312, zlo: 214.988312, zhi: 322.482469
[Rank 104] xlo: 322.482469, xhi: 429.976625, ylo: 214.988312, yhi: 322.482469, zlo: 0.000000, zhi: 107.494156
[Rank 43] xlo: 107.494156, xhi: 214.988312, ylo: 214.988312, yhi: 322.482469, zlo: 322.482469, zhi: 429.976625
[Rank 194] xlo: 644.964937, xhi: 752.459094, ylo: 0.000000, yhi: 107.494156, zlo: 214.988312, zhi: 322.482469
[Rank 135] xlo: 429.976625, xhi: 537.470781, ylo: 107.494156, yhi: 214.988312, zlo: 322.482469, zhi: 429.976625
[Rank 195] xlo: 644.964937, xhi: 752.459094, ylo: 0.000000, yhi: 107.494156, zlo: 322.482469, zhi: 429.976625
[Rank 246] xlo: 752.459094, xhi: 859.953250, ylo: 537.470781, yhi: 644.964937, zlo: 214.988312, zhi: 322.482469
[Rank 193] xlo: 644.964937, xhi: 752.459094, ylo: 0.000000, yhi: 107.494156, zlo: 107.494156, zhi: 214.988312
[Rank 225] xlo: 752.459094, xhi: 859.953250, ylo: 0.000000, yhi: 107.494156, zlo: 107.494156, zhi: 214.988312
[Rank 85] xlo: 214.988312, xhi: 322.482469, ylo: 537.470781, yhi: 644.964937, zlo: 107.494156, zhi: 214.988312
[Rank 224] xlo: 752.459094, xhi: 859.953250, ylo: 0.000000, yhi: 107.494156, zlo: 0.000000, zhi: 107.494156
[Rank 201] xlo: 644.964937, xhi: 752.459094, ylo: 214.988312, yhi: 322.482469, zlo: 107.494156, zhi: 214.988312
[Rank 186] xlo: 537.470781, xhi: 644.964937, ylo: 644.964937, yhi: 752.459094, zlo: 214.988312, zhi: 322.482469
[Rank 84] xlo: 214.988312, xhi: 322.482469, ylo: 537.470781, yhi: 644.964937, zlo: 0.000000, zhi: 107.494156
[Rank 235] xlo: 752.459094, xhi: 859.953250, ylo: 214.988312, yhi: 322.482469, zlo: 322.482469, zhi: 429.976625
[Rank 120] xlo: 322.482469, xhi: 429.976625, ylo: 644.964937, yhi: 752.459094, zlo: 0.000000, zhi: 107.494156
[Rank 9] xlo: 0.000000, xhi: 107.494156, ylo: 214.988312, yhi: 322.482469, zlo: 107.494156, zhi: 214.988312
[Rank 237] xlo: 752.459094, xhi: 859.953250, ylo: 322.482469, yhi: 429.976625, zlo: 107.494156, zhi: 214.988312
[Rank 207] xlo: 644.964937, xhi: 752.459094, ylo: 322.482469, yhi: 429.976625, zlo: 322.482469, zhi: 429.976625
[Rank 23] xlo: 0.000000, xhi: 107.494156, ylo: 537.470781, yhi: 644.964937, zlo: 322.482469, zhi: 429.976625
[Rank 8] xlo: 0.000000, xhi: 107.494156, ylo: 214.988312, yhi: 322.482469, zlo: 0.000000, zhi: 107.494156
[Rank 250] xlo: 752.459094, xhi: 859.953250, ylo: 644.964937, yhi: 752.459094, zlo: 214.988312, zhi: 322.482469
[Rank 192] xlo: 644.964937, xhi: 752.459094, ylo: 0.000000, yhi: 107.494156, zlo: 0.000000, zhi: 107.494156
[Rank 249] xlo: 752.459094, xhi: 859.953250, ylo: 644.964937, yhi: 752.459094, zlo: 107.494156, zhi: 214.988312
[Rank 133] xlo: 429.976625, xhi: 537.470781, ylo: 107.494156, yhi: 214.988312, zlo: 107.494156, zhi: 214.988312
[Rank 178] xlo: 537.470781, xhi: 644.964937, ylo: 429.976625, yhi: 537.470781, zlo: 214.988312, zhi: 322.482469
[Rank 206] xlo: 644.964937, xhi: 752.459094, ylo: 322.482469, yhi: 429.976625, zlo: 214.988312, zhi: 322.482469
[Rank 19] xlo: 0.000000, xhi: 107.494156, ylo: 429.976625, yhi: 537.470781, zlo: 322.482469, zhi: 429.976625
[Rank 179] xlo: 537.470781, xhi: 644.964937, ylo: 429.976625, yhi: 537.470781, zlo: 322.482469, zhi: 429.976625
[Rank 109] xlo: 322.482469, xhi: 429.976625, ylo: 322.482469, yhi: 429.976625, zlo: 107.494156, zhi: 214.988312
[Rank 227] xlo: 752.459094, xhi: 859.953250, ylo: 0.000000, yhi: 107.494156, zlo: 322.482469, zhi: 429.976625
[Rank 108] xlo: 322.482469, xhi: 429.976625, ylo: 322.482469, yhi: 429.976625, zlo: 0.000000, zhi: 107.494156
[Rank 152] xlo: 429.976625, xhi: 537.470781, ylo: 644.964937, yhi: 752.459094, zlo: 0.000000, zhi: 107.494156
[Rank 132] xlo: 429.976625, xhi: 537.470781, ylo: 107.494156, yhi: 214.988312, zlo: 0.000000, zhi: 107.494156
[Rank 226] xlo: 752.459094, xhi: 859.953250, ylo: 0.000000, yhi: 107.494156, zlo: 214.988312, zhi: 322.482469
[Rank 153] xlo: 429.976625, xhi: 537.470781, ylo: 644.964937, yhi: 752.459094, zlo: 107.494156, zhi: 214.988312
[Rank 18] xlo: 0.000000, xhi: 107.494156, ylo: 429.976625, yhi: 537.470781, zlo: 214.988312, zhi: 322.482469
[Rank 181] xlo: 537.470781, xhi: 644.964937, ylo: 537.470781, yhi: 644.964937, zlo: 107.494156, zhi: 214.988312
[Rank 182] xlo: 537.470781, xhi: 644.964937, ylo: 537.470781, yhi: 644.964937, zlo: 214.988312, zhi: 322.482469
[Rank 241] xlo: 752.459094, xhi: 859.953250, ylo: 429.976625, yhi: 537.470781, zlo: 107.494156, zhi: 214.988312
[Rank 117] xlo: 322.482469, xhi: 429.976625, ylo: 537.470781, yhi: 644.964937, zlo: 107.494156, zhi: 214.988312
[Rank 177] xlo: 537.470781, xhi: 644.964937, ylo: 429.976625, yhi: 537.470781, zlo: 107.494156, zhi: 214.988312
[Rank 116] xlo: 322.482469, xhi: 429.976625, ylo: 537.470781, yhi: 644.964937, zlo: 0.000000, zhi: 107.494156
[Rank 176] xlo: 537.470781, xhi: 644.964937, ylo: 429.976625, yhi: 537.470781, zlo: 0.000000, zhi: 107.494156
[Rank 240] xlo: 752.459094, xhi: 859.953250, ylo: 429.976625, yhi: 537.470781, zlo: 0.000000, zhi: 107.494156
[Rank 86] xlo: 214.988312, xhi: 322.482469, ylo: 537.470781, yhi: 644.964937, zlo: 214.988312, zhi: 322.482469
[Rank 87] xlo: 214.988312, xhi: 322.482469, ylo: 537.470781, yhi: 644.964937, zlo: 322.482469, zhi: 429.976625
[Rank 200] xlo: 644.964937, xhi: 752.459094, ylo: 214.988312, yhi: 322.482469, zlo: 0.000000, zhi: 107.494156
[Rank 203] xlo: 644.964937, xhi: 752.459094, ylo: 214.988312, yhi: 322.482469, zlo: 322.482469, zhi: 429.976625
[Rank 11] xlo: 0.000000, xhi: 107.494156, ylo: 214.988312, yhi: 322.482469, zlo: 322.482469, zhi: 429.976625
[Rank 222] xlo: 644.964937, xhi: 752.459094, ylo: 752.459094, yhi: 859.953250, zlo: 214.988312, zhi: 322.482469
[Rank 223] xlo: 644.964937, xhi: 752.459094, ylo: 752.459094, yhi: 859.953250, zlo: 322.482469, zhi: 429.976625
[Rank 10] xlo: 0.000000, xhi: 107.494156, ylo: 214.988312, yhi: 322.482469, zlo: 214.988312, zhi: 322.482469
[Rank 21] xlo: 0.000000, xhi: 107.494156, ylo: 537.470781, yhi: 644.964937, zlo: 107.494156, zhi: 214.988312
[Rank 174] xlo: 537.470781, xhi: 644.964937, ylo: 322.482469, yhi: 429.976625, zlo: 214.988312, zhi: 322.482469
[Rank 22] xlo: 0.000000, xhi: 107.494156, ylo: 537.470781, yhi: 644.964937, zlo: 214.988312, zhi: 322.482469
[Rank 175] xlo: 537.470781, xhi: 644.964937, ylo: 322.482469, yhi: 429.976625, zlo: 322.482469, zhi: 429.976625
[Rank 242] xlo: 752.459094, xhi: 859.953250, ylo: 429.976625, yhi: 537.470781, zlo: 214.988312, zhi: 322.482469
[Rank 243] xlo: 752.459094, xhi: 859.953250, ylo: 429.976625, yhi: 537.470781, zlo: 322.482469, zhi: 429.976625
[Rank 158] xlo: 429.976625, xhi: 537.470781, ylo: 752.459094, yhi: 859.953250, zlo: 214.988312, zhi: 322.482469
[Rank 14] xlo: 0.000000, xhi: 107.494156, ylo: 322.482469, yhi: 429.976625, zlo: 214.988312, zhi: 322.482469
[Rank 184] xlo: 537.470781, xhi: 644.964937, ylo: 644.964937, yhi: 752.459094, zlo: 0.000000, zhi: 107.494156
[Rank 185] xlo: 537.470781, xhi: 644.964937, ylo: 644.964937, yhi: 752.459094, zlo: 107.494156, zhi: 214.988312
[Rank 159] xlo: 429.976625, xhi: 537.470781, ylo: 752.459094, yhi: 859.953250, zlo: 322.482469, zhi: 429.976625
[Rank 17] xlo: 0.000000, xhi: 107.494156, ylo: 429.976625, yhi: 537.470781, zlo: 107.494156, zhi: 214.988312
[Rank 16] xlo: 0.000000, xhi: 107.494156, ylo: 429.976625, yhi: 537.470781, zlo: 0.000000, zhi: 107.494156
[Rank 28] xlo: 0.000000, xhi: 107.494156, ylo: 752.459094, yhi: 859.953250, zlo: 0.000000, zhi: 107.494156
[Rank 3] xlo: 0.000000, xhi: 107.494156, ylo: 0.000000, yhi: 107.494156, zlo: 322.482469, zhi: 429.976625
[Rank 219] xlo: 644.964937, xhi: 752.459094, ylo: 644.964937, yhi: 752.459094, zlo: 322.482469, zhi: 429.976625
[Rank 29] xlo: 0.000000, xhi: 107.494156, ylo: 752.459094, yhi: 859.953250, zlo: 107.494156, zhi: 214.988312
[Rank 15] xlo: 0.000000, xhi: 107.494156, ylo: 322.482469, yhi: 429.976625, zlo: 322.482469, zhi: 429.976625
[Rank 2] xlo: 0.000000, xhi: 107.494156, ylo: 0.000000, yhi: 107.494156, zlo: 214.988312, zhi: 322.482469
[Rank 232] xlo: 752.459094, xhi: 859.953250, ylo: 214.988312, yhi: 322.482469, zlo: 0.000000, zhi: 107.494156
[Rank 27] xlo: 0.000000, xhi: 107.494156, ylo: 644.964937, yhi: 752.459094, zlo: 322.482469, zhi: 429.976625
[Rank 12] xlo: 0.000000, xhi: 107.494156, ylo: 322.482469, yhi: 429.976625, zlo: 0.000000, zhi: 107.494156
[Rank 26] xlo: 0.000000, xhi: 107.494156, ylo: 644.964937, yhi: 752.459094, zlo: 214.988312, zhi: 322.482469
[Rank 76] xlo: 214.988312, xhi: 322.482469, ylo: 322.482469, yhi: 429.976625, zlo: 0.000000, zhi: 107.494156
[Rank 25] xlo: 0.000000, xhi: 107.494156, ylo: 644.964937, yhi: 752.459094, zlo: 107.494156, zhi: 214.988312
[Rank 83] xlo: 214.988312, xhi: 322.482469, ylo: 429.976625, yhi: 537.470781, zlo: 322.482469, zhi: 429.976625
[Rank 79] xlo: 214.988312, xhi: 322.482469, ylo: 322.482469, yhi: 429.976625, zlo: 322.482469, zhi: 429.976625
[Rank 218] xlo: 644.964937, xhi: 752.459094, ylo: 644.964937, yhi: 752.459094, zlo: 214.988312, zhi: 322.482469
[Rank 54] xlo: 107.494156, xhi: 214.988312, ylo: 537.470781, yhi: 644.964937, zlo: 214.988312, zhi: 322.482469
[Rank 221] xlo: 644.964937, xhi: 752.459094, ylo: 752.459094, yhi: 859.953250, zlo: 107.494156, zhi: 214.988312
[Rank 55] xlo: 107.494156, xhi: 214.988312, ylo: 537.470781, yhi: 644.964937, zlo: 322.482469, zhi: 429.976625
# Create System:
[Rank 0] xlo: 0.000000, xhi: 107.494156, ylo: 0.000000, yhi: 107.494156, zlo: 0.000000, zhi: 107.494156
# Done .... 
# miniMD-Reference 1.2 (MPI+OpenMP) output ...
# Run Settings: 
	# MPI processes: 256
	# Host Threads: 1
	# Inputfile: in.lj.miniMD
	# Datafile: None
# Physics Settings: 
	# ForceStyle: LJ
	# Force Parameters: 1.00 1.00
	# Units: LJ
	# Atoms: 268435456
	# Atom types: 8
	# System size: 859.95 859.95 429.98 (unit cells: 512 512 256)
	# Density: 0.844200
	# Force cutoff: 2.500000
	# Timestep size: 0.005000
# Technical Settings: 
	# Neigh cutoff: 2.800000
	# Half neighborlists: 1
	# Team neighborlist construction: 0
	# Neighbor bins: 307 307 153
	# Neighbor frequency: 1000
	# Sorting frequency: 1000
	# Thermo frequency: 100
	# Ghost Newton: 1
	# Use intrinsics: 0
	# Do safe exchange: 0
	# Size of float: 8

[Rank 220] xlo: 644.964937, xhi: 752.459094, ylo: 752.459094, yhi: 859.953250, zlo: 0.000000, zhi: 107.494156
[Rank 33] xlo: 107.494156, xhi: 214.988312, ylo: 0.000000, yhi: 107.494156, zlo: 107.494156, zhi: 214.988312
[Rank 24] xlo: 0.000000, xhi: 107.494156, ylo: 644.964937, yhi: 752.459094, zlo: 0.000000, zhi: 107.494156
[Rank 78] xlo: 214.988312, xhi: 322.482469, ylo: 322.482469, yhi: 429.976625, zlo: 214.988312, zhi: 322.482469
[Rank 1] xlo: 0.000000, xhi: 107.494156, ylo: 0.000000, yhi: 107.494156, zlo: 107.494156, zhi: 214.988312
[Rank 64] xlo: 214.988312, xhi: 322.482469, ylo: 0.000000, yhi: 107.494156, zlo: 0.000000, zhi: 107.494156
[Rank 65] xlo: 214.988312, xhi: 322.482469, ylo: 0.000000, yhi: 107.494156, zlo: 107.494156, zhi: 214.988312
[Rank 32] xlo: 107.494156, xhi: 214.988312, ylo: 0.000000, yhi: 107.494156, zlo: 0.000000, zhi: 107.494156
[Rank 171] xlo: 537.470781, xhi: 644.964937, ylo: 214.988312, yhi: 322.482469, zlo: 322.482469, zhi: 429.976625
[Rank 170] xlo: 537.470781, xhi: 644.964937, ylo: 214.988312, yhi: 322.482469, zlo: 214.988312, zhi: 322.482469
[Rank 160] xlo: 537.470781, xhi: 644.964937, ylo: 0.000000, yhi: 107.494156, zlo: 0.000000, zhi: 107.494156
[Rank 216] xlo: 644.964937, xhi: 752.459094, ylo: 644.964937, yhi: 752.459094, zlo: 0.000000, zhi: 107.494156
[Rank 217] xlo: 644.964937, xhi: 752.459094, ylo: 644.964937, yhi: 752.459094, zlo: 107.494156, zhi: 214.988312
[Rank 161] xlo: 537.470781, xhi: 644.964937, ylo: 0.000000, yhi: 107.494156, zlo: 107.494156, zhi: 214.988312
[Rank 165] xlo: 537.470781, xhi: 644.964937, ylo: 107.494156, yhi: 214.988312, zlo: 107.494156, zhi: 214.988312
[Rank 164] xlo: 537.470781, xhi: 644.964937, ylo: 107.494156, yhi: 214.988312, zlo: 0.000000, zhi: 107.494156
[Rank 40] xlo: 107.494156, xhi: 214.988312, ylo: 214.988312, yhi: 322.482469, zlo: 0.000000, zhi: 107.494156
[Rank 41] xlo: 107.494156, xhi: 214.988312, ylo: 214.988312, yhi: 322.482469, zlo: 107.494156, zhi: 214.988312
[Rank 236] xlo: 752.459094, xhi: 859.953250, ylo: 322.482469, yhi: 429.976625, zlo: 0.000000, zhi: 107.494156
[Rank 35] xlo: 107.494156, xhi: 214.988312, ylo: 0.000000, yhi: 107.494156, zlo: 322.482469, zhi: 429.976625
[Rank 34] xlo: 107.494156, xhi: 214.988312, ylo: 0.000000, yhi: 107.494156, zlo: 214.988312, zhi: 322.482469
[Rank 234] xlo: 752.459094, xhi: 859.953250, ylo: 214.988312, yhi: 322.482469, zlo: 214.988312, zhi: 322.482469
[Rank 81] xlo: 214.988312, xhi: 322.482469, ylo: 429.976625, yhi: 537.470781, zlo: 107.494156, zhi: 214.988312
[Rank 80] xlo: 214.988312, xhi: 322.482469, ylo: 429.976625, yhi: 537.470781, zlo: 0.000000, zhi: 107.494156
[Rank 169] xlo: 537.470781, xhi: 644.964937, ylo: 214.988312, yhi: 322.482469, zlo: 107.494156, zhi: 214.988312
[Rank 233] xlo: 752.459094, xhi: 859.953250, ylo: 214.988312, yhi: 322.482469, zlo: 107.494156, zhi: 214.988312
[Rank 53] xlo: 107.494156, xhi: 214.988312, ylo: 537.470781, yhi: 644.964937, zlo: 107.494156, zhi: 214.988312
[Rank 168] xlo: 537.470781, xhi: 644.964937, ylo: 214.988312, yhi: 322.482469, zlo: 0.000000, zhi: 107.494156
[Rank 189] xlo: 537.470781, xhi: 644.964937, ylo: 752.459094, yhi: 859.953250, zlo: 107.494156, zhi: 214.988312
[Rank 188] xlo: 537.470781, xhi: 644.964937, ylo: 752.459094, yhi: 859.953250, zlo: 0.000000, zhi: 107.494156
[Rank 140] xlo: 429.976625, xhi: 537.470781, ylo: 322.482469, yhi: 429.976625, zlo: 0.000000, zhi: 107.494156
[Rank 143] xlo: 429.976625, xhi: 537.470781, ylo: 322.482469, yhi: 429.976625, zlo: 322.482469, zhi: 429.976625
[Rank 70] xlo: 214.988312, xhi: 322.482469, ylo: 107.494156, yhi: 214.988312, zlo: 214.988312, zhi: 322.482469
[Rank 167] xlo: 537.470781, xhi: 644.964937, ylo: 107.494156, yhi: 214.988312, zlo: 322.482469, zhi: 429.976625
[Rank 166] xlo: 537.470781, xhi: 644.964937, ylo: 107.494156, yhi: 214.988312, zlo: 214.988312, zhi: 322.482469
[Rank 77] xlo: 214.988312, xhi: 322.482469, ylo: 322.482469, yhi: 429.976625, zlo: 107.494156, zhi: 214.988312
[Rank 74] xlo: 214.988312, xhi: 322.482469, ylo: 214.988312, yhi: 322.482469, zlo: 214.988312, zhi: 322.482469
[Rank 75] xlo: 214.988312, xhi: 322.482469, ylo: 214.988312, yhi: 322.482469, zlo: 322.482469, zhi: 429.976625
[Rank 239] xlo: 752.459094, xhi: 859.953250, ylo: 322.482469, yhi: 429.976625, zlo: 322.482469, zhi: 429.976625
[Rank 238] xlo: 752.459094, xhi: 859.953250, ylo: 322.482469, yhi: 429.976625, zlo: 214.988312, zhi: 322.482469
[Rank 71] xlo: 214.988312, xhi: 322.482469, ylo: 107.494156, yhi: 214.988312, zlo: 322.482469, zhi: 429.976625
[Rank 141] xlo: 429.976625, xhi: 537.470781, ylo: 322.482469, yhi: 429.976625, zlo: 107.494156, zhi: 214.988312
[Rank 142] xlo: 429.976625, xhi: 537.470781, ylo: 322.482469, yhi: 429.976625, zlo: 214.988312, zhi: 322.482469
[Rank 191] xlo: 537.470781, xhi: 644.964937, ylo: 752.459094, yhi: 859.953250, zlo: 322.482469, zhi: 429.976625
[Rank 190] xlo: 537.470781, xhi: 644.964937, ylo: 752.459094, yhi: 859.953250, zlo: 214.988312, zhi: 322.482469
[Rank 72] xlo: 214.988312, xhi: 322.482469, ylo: 214.988312, yhi: 322.482469, zlo: 0.000000, zhi: 107.494156
[Rank 45] xlo: 107.494156, xhi: 214.988312, ylo: 322.482469, yhi: 429.976625, zlo: 107.494156, zhi: 214.988312
[Rank 73] xlo: 214.988312, xhi: 322.482469, ylo: 214.988312, yhi: 322.482469, zlo: 107.494156, zhi: 214.988312
[Rank 44] xlo: 107.494156, xhi: 214.988312, ylo: 322.482469, yhi: 429.976625, zlo: 0.000000, zhi: 107.494156
[Rank 47] xlo: 107.494156, xhi: 214.988312, ylo: 322.482469, yhi: 429.976625, zlo: 322.482469, zhi: 429.976625
[Rank 46] xlo: 107.494156, xhi: 214.988312, ylo: 322.482469, yhi: 429.976625, zlo: 214.988312, zhi: 322.482469
[Rank 89] xlo: 214.988312, xhi: 322.482469, ylo: 644.964937, yhi: 752.459094, zlo: 107.494156, zhi: 214.988312
[Rank 88] xlo: 214.988312, xhi: 322.482469, ylo: 644.964937, yhi: 752.459094, zlo: 0.000000, zhi: 107.494156
[Rank 230] xlo: 752.459094, xhi: 859.953250, ylo: 107.494156, yhi: 214.988312, zlo: 214.988312, zhi: 322.482469
[Rank 66] xlo: 214.988312, xhi: 322.482469, ylo: 0.000000, yhi: 107.494156, zlo: 214.988312, zhi: 322.482469
[Rank 67] xlo: 214.988312, xhi: 322.482469, ylo: 0.000000, yhi: 107.494156, zlo: 322.482469, zhi: 429.976625
[Rank 231] xlo: 752.459094, xhi: 859.953250, ylo: 107.494156, yhi: 214.988312, zlo: 322.482469, zhi: 429.976625
[Rank 228] xlo: 752.459094, xhi: 859.953250, ylo: 107.494156, yhi: 214.988312, zlo: 0.000000, zhi: 107.494156
[Rank 69] xlo: 214.988312, xhi: 322.482469, ylo: 107.494156, yhi: 214.988312, zlo: 107.494156, zhi: 214.988312
[Rank 229] xlo: 752.459094, xhi: 859.953250, ylo: 107.494156, yhi: 214.988312, zlo: 107.494156, zhi: 214.988312
[Rank 68] xlo: 214.988312, xhi: 322.482469, ylo: 107.494156, yhi: 214.988312, zlo: 0.000000, zhi: 107.494156
[Rank 49] xlo: 107.494156, xhi: 214.988312, ylo: 429.976625, yhi: 537.470781, zlo: 107.494156, zhi: 214.988312
[Rank 48] xlo: 107.494156, xhi: 214.988312, ylo: 429.976625, yhi: 537.470781, zlo: 0.000000, zhi: 107.494156
[Rank 52] xlo: 107.494156, xhi: 214.988312, ylo: 537.470781, yhi: 644.964937, zlo: 0.000000, zhi: 107.494156
[Rank 50] xlo: 107.494156, xhi: 214.988312, ylo: 429.976625, yhi: 537.470781, zlo: 214.988312, zhi: 322.482469
[Rank 90] xlo: 214.988312, xhi: 322.482469, ylo: 644.964937, yhi: 752.459094, zlo: 214.988312, zhi: 322.482469
[Rank 91] xlo: 214.988312, xhi: 322.482469, ylo: 644.964937, yhi: 752.459094, zlo: 322.482469, zhi: 429.976625
[Rank 51] xlo: 107.494156, xhi: 214.988312, ylo: 429.976625, yhi: 537.470781, zlo: 322.482469, zhi: 429.976625
[Rank 93] xlo: 214.988312, xhi: 322.482469, ylo: 752.459094, yhi: 859.953250, zlo: 107.494156, zhi: 214.988312
[Rank 92] xlo: 214.988312, xhi: 322.482469, ylo: 752.459094, yhi: 859.953250, zlo: 0.000000, zhi: 107.494156
[Rank 95] xlo: 214.988312, xhi: 322.482469, ylo: 752.459094, yhi: 859.953250, zlo: 322.482469, zhi: 429.976625
[Rank 94] xlo: 214.988312, xhi: 322.482469, ylo: 752.459094, yhi: 859.953250, zlo: 214.988312, zhi: 322.482469
# Starting dynamics ...
# Timestep T U P Time
0 1.440000e+00 -6.773368e+00 -5.019669e+00  0.000
100 7.341298e-01 -5.721656e+00 4.609505e-01  0.936
[Atom] pack_comm: 600, unpack_comm: 600, pack_comm_self: 0, pack_reverse: 606, unpack_reverse: 606
[Rank 0] inte[0]: 203.873, comm[0]: 212.639, comm[1]: 1597.507, comm[2]: 213.401, force: 2988.086, rev_comm[0]: 207.325, rev_comm[1]: 1615.939, rev_comm[2]: 235.518, inte[1]: 141.329
[Rank 1] inte[0]: 204.163, comm[0]: 212.461, comm[1]: 1576.164, comm[2]: 212.437, force: 2984.846, rev_comm[0]: 206.547, rev_comm[1]: 1589.562, rev_comm[2]: 232.279, inte[1]: 141.431
[Rank 2] inte[0]: 204.226, comm[0]: 196.198, comm[1]: 1660.989, comm[2]: 196.342, force: 2905.554, rev_comm[0]: 191.401, rev_comm[1]: 1712.280, rev_comm[2]: 219.767, inte[1]: 139.338
[Rank 3] inte[0]: 204.949, comm[0]: 201.364, comm[1]: 1676.383, comm[2]: 201.807, force: 2980.971, rev_comm[0]: 197.835, rev_comm[1]: 1725.701, rev_comm[2]: 224.997, inte[1]: 140.812
[Rank 4] inte[0]: 204.289, comm[0]: 204.484, comm[1]: 1845.790, comm[2]: 204.944, force: 2949.636, rev_comm[0]: 197.969, rev_comm[1]: 1916.749, rev_comm[2]: 226.205, inte[1]: 141.252
[Rank 5] inte[0]: 203.077, comm[0]: 194.526, comm[1]: 1849.914, comm[2]: 195.819, force: 2946.494, rev_comm[0]: 189.099, rev_comm[1]: 1918.434, rev_comm[2]: 215.853, inte[1]: 139.715
[Rank 6] inte[0]: 205.886, comm[0]: 211.793, comm[1]: 1865.370, comm[2]: 212.292, force: 2973.126, rev_comm[0]: 206.367, rev_comm[1]: 1927.053, rev_comm[2]: 234.034, inte[1]: 141.111
[Rank 7] inte[0]: 203.988, comm[0]: 210.279, comm[1]: 1867.655, comm[2]: 211.547, force: 2946.504, rev_comm[0]: 205.386, rev_comm[1]: 1934.611, rev_comm[2]: 231.769, inte[1]: 140.507
[Rank 8] inte[0]: 203.226, comm[0]: 189.815, comm[1]: 1689.921, comm[2]: 191.402, force: 2959.598, rev_comm[0]: 185.791, rev_comm[1]: 1754.703, rev_comm[2]: 214.789, inte[1]: 140.073
[Rank 9] inte[0]: 204.132, comm[0]: 204.576, comm[1]: 1683.695, comm[2]: 205.449, force: 2949.982, rev_comm[0]: 201.122, rev_comm[1]: 1747.605, rev_comm[2]: 230.816, inte[1]: 140.878
[Rank 10] inte[0]: 205.040, comm[0]: 210.170, comm[1]: 1529.584, comm[2]: 208.976, force: 2995.670, rev_comm[0]: 204.777, rev_comm[1]: 1554.534, rev_comm[2]: 230.999, inte[1]: 141.059
[Rank 11] inte[0]: 203.349, comm[0]: 191.964, comm[1]: 1562.117, comm[2]: 192.650, force: 2947.754, rev_comm[0]: 186.149, rev_comm[1]: 1585.977, rev_comm[2]: 215.519, inte[1]: 139.871
[Rank 12] inte[0]: 204.158, comm[0]: 211.549, comm[1]: 1553.386, comm[2]: 212.909, force: 2982.657, rev_comm[0]: 206.155, rev_comm[1]: 1570.191, rev_comm[2]: 234.881, inte[1]: 140.767
[Rank 13] inte[0]: 205.122, comm[0]: 214.241, comm[1]: 1534.095, comm[2]: 211.910, force: 2973.259, rev_comm[0]: 207.178, rev_comm[1]: 1540.339, rev_comm[2]: 233.425, inte[1]: 141.425
[Rank 14] inte[0]: 203.876, comm[0]: 190.592, comm[1]: 1580.283, comm[2]: 193.864, force: 2901.566, rev_comm[0]: 187.111, rev_comm[1]: 1595.469, rev_comm[2]: 217.030, inte[1]: 139.004
[Rank 15] inte[0]: 205.740, comm[0]: 206.601, comm[1]: 1585.003, comm[2]: 204.181, force: 2963.663, rev_comm[0]: 200.390, rev_comm[1]: 1604.664, rev_comm[2]: 228.352, inte[1]: 141.435
[Rank 16] inte[0]: 205.559, comm[0]: 210.589, comm[1]: 1734.700, comm[2]: 208.318, force: 2934.533, rev_comm[0]: 200.917, rev_comm[1]: 1756.720, rev_comm[2]: 226.267, inte[1]: 141.169
[Rank 17] inte[0]: 202.671, comm[0]: 193.703, comm[1]: 1750.261, comm[2]: 196.196, force: 2946.111, rev_comm[0]: 189.191, rev_comm[1]: 1768.784, rev_comm[2]: 216.791, inte[1]: 139.424
[Rank 18] inte[0]: 204.904, comm[0]: 221.788, comm[1]: 1746.420, comm[2]: 215.312, force: 2944.046, rev_comm[0]: 215.136, rev_comm[1]: 1755.141, rev_comm[2]: 239.013, inte[1]: 140.915
[Rank 19] inte[0]: 205.218, comm[0]: 211.737, comm[1]: 1751.225, comm[2]: 211.823, force: 2978.283, rev_comm[0]: 206.682, rev_comm[1]: 1762.060, rev_comm[2]: 231.185, inte[1]: 142.144
[Rank 20] inte[0]: 202.511, comm[0]: 193.844, comm[1]: 1582.851, comm[2]: 194.440, force: 2939.526, rev_comm[0]: 189.064, rev_comm[1]: 1595.937, rev_comm[2]: 217.805, inte[1]: 140.231
[Rank 21] inte[0]: 204.871, comm[0]: 208.436, comm[1]: 1574.572, comm[2]: 206.925, force: 2963.748, rev_comm[0]: 201.647, rev_comm[1]: 1587.754, rev_comm[2]: 230.563, inte[1]: 141.259
[Rank 22] inte[0]: 205.706, comm[0]: 212.963, comm[1]: 1526.446, comm[2]: 209.584, force: 2964.594, rev_comm[0]: 206.302, rev_comm[1]: 1545.767, rev_comm[2]: 232.223, inte[1]: 141.982
[Rank 23] inte[0]: 204.066, comm[0]: 193.124, comm[1]: 1546.854, comm[2]: 195.017, force: 2936.348, rev_comm[0]: 187.953, rev_comm[1]: 1567.184, rev_comm[2]: 217.161, inte[1]: 139.578
[Rank 24] inte[0]: 205.160, comm[0]: 211.518, comm[1]: 1539.232, comm[2]: 212.809, force: 2973.764, rev_comm[0]: 207.076, rev_comm[1]: 1559.519, rev_comm[2]: 233.454, inte[1]: 140.994
[Rank 25] inte[0]: 204.367, comm[0]: 213.299, comm[1]: 1533.990, comm[2]: 210.920, force: 2988.200, rev_comm[0]: 206.829, rev_comm[1]: 1538.585, rev_comm[2]: 231.672, inte[1]: 142.276
[Rank 26] inte[0]: 202.790, comm[0]: 190.801, comm[1]: 1760.512, comm[2]: 194.130, force: 2948.187, rev_comm[0]: 187.672, rev_comm[1]: 1721.734, rev_comm[2]: 216.188, inte[1]: 139.829
[Rank 27] inte[0]: 204.329, comm[0]: 204.033, comm[1]: 1762.904, comm[2]: 200.989, force: 2941.815, rev_comm[0]: 198.581, rev_comm[1]: 1727.065, rev_comm[2]: 224.446, inte[1]: 141.259
[Rank 28] inte[0]: 205.622, comm[0]: 206.712, comm[1]: 1812.622, comm[2]: 205.717, force: 2949.024, rev_comm[0]: 197.666, rev_comm[1]: 1831.473, rev_comm[2]: 226.152, inte[1]: 141.809
[Rank 29] inte[0]: 204.453, comm[0]: 194.345, comm[1]: 1815.116, comm[2]: 196.022, force: 2939.950, rev_comm[0]: 188.069, rev_comm[1]: 1829.673, rev_comm[2]: 215.218, inte[1]: 140.088
[Rank 30] inte[0]: 205.890, comm[0]: 213.281, comm[1]: 2067.923, comm[2]: 212.447, force: 2970.006, rev_comm[0]: 206.649, rev_comm[1]: 2077.532, rev_comm[2]: 234.852, inte[1]: 141.604
[Rank 31] inte[0]: 204.477, comm[0]: 209.428, comm[1]: 2044.236, comm[2]: 207.666, force: 2930.644, rev_comm[0]: 203.937, rev_comm[1]: 2034.810, rev_comm[2]: 230.352, inte[1]: 140.708
[Rank 32] inte[0]: 203.128, comm[0]: 194.170, comm[1]: 1888.239, comm[2]: 195.449, force: 2923.672, rev_comm[0]: 189.374, rev_comm[1]: 1905.619, rev_comm[2]: 218.211, inte[1]: 139.638
[Rank 33] inte[0]: 205.519, comm[0]: 207.219, comm[1]: 1875.068, comm[2]: 208.339, force: 2952.175, rev_comm[0]: 200.910, rev_comm[1]: 1886.069, rev_comm[2]: 232.443, inte[1]: 141.548
[Rank 34] inte[0]: 205.070, comm[0]: 204.546, comm[1]: 1865.458, comm[2]: 204.170, force: 2980.841, rev_comm[0]: 200.631, rev_comm[1]: 1884.574, rev_comm[2]: 228.469, inte[1]: 141.167
[Rank 35] inte[0]: 203.545, comm[0]: 189.577, comm[1]: 1894.006, comm[2]: 192.134, force: 2887.498, rev_comm[0]: 185.886, rev_comm[1]: 1910.787, rev_comm[2]: 214.887, inte[1]: 139.197
[Rank 36] inte[0]: 205.251, comm[0]: 209.524, comm[1]: 1805.633, comm[2]: 211.918, force: 2958.264, rev_comm[0]: 204.767, rev_comm[1]: 1824.812, rev_comm[2]: 233.316, inte[1]: 141.270
[Rank 37] inte[0]: 204.584, comm[0]: 208.159, comm[1]: 1782.778, comm[2]: 209.799, force: 2947.699, rev_comm[0]: 203.054, rev_comm[1]: 1800.009, rev_comm[2]: 229.494, inte[1]: 140.848
[Rank 38] inte[0]: 203.790, comm[0]: 190.531, comm[1]: 1761.261, comm[2]: 192.342, force: 2950.372, rev_comm[0]: 186.935, rev_comm[1]: 1790.093, rev_comm[2]: 216.066, inte[1]: 139.935
[Rank 39] inte[0]: 204.702, comm[0]: 202.849, comm[1]: 1787.764, comm[2]: 200.814, force: 2978.862, rev_comm[0]: 196.320, rev_comm[1]: 1806.049, rev_comm[2]: 224.603, inte[1]: 141.167
[Rank 40] inte[0]: 206.177, comm[0]: 205.209, comm[1]: 1726.046, comm[2]: 206.208, force: 2976.222, rev_comm[0]: 196.289, rev_comm[1]: 1753.874, rev_comm[2]: 227.371, inte[1]: 141.321
[Rank 41] inte[0]: 203.160, comm[0]: 194.065, comm[1]: 1744.446, comm[2]: 196.605, force: 2954.423, rev_comm[0]: 189.829, rev_comm[1]: 1774.170, rev_comm[2]: 216.577, inte[1]: 139.982
[Rank 42] inte[0]: 205.495, comm[0]: 211.662, comm[1]: 1753.357, comm[2]: 210.016, force: 2947.313, rev_comm[0]: 205.566, rev_comm[1]: 1763.418, rev_comm[2]: 230.847, inte[1]: 141.501
[Rank 43] inte[0]: 206.360, comm[0]: 210.295, comm[1]: 1760.119, comm[2]: 210.252, force: 2990.785, rev_comm[0]: 204.680, rev_comm[1]: 1763.613, rev_comm[2]: 231.502, inte[1]: 141.414
[Rank 44] inte[0]: 204.127, comm[0]: 193.460, comm[1]: 1575.997, comm[2]: 193.806, force: 2956.811, rev_comm[0]: 189.680, rev_comm[1]: 1588.208, rev_comm[2]: 216.306, inte[1]: 140.074
[Rank 45] inte[0]: 205.159, comm[0]: 209.401, comm[1]: 1574.706, comm[2]: 208.900, force: 2946.104, rev_comm[0]: 203.065, rev_comm[1]: 1586.147, rev_comm[2]: 232.793, inte[1]: 141.494
[Rank 46] inte[0]: 204.911, comm[0]: 212.017, comm[1]: 1523.091, comm[2]: 209.550, force: 2962.065, rev_comm[0]: 205.392, rev_comm[1]: 1541.167, rev_comm[2]: 232.602, inte[1]: 141.628
[Rank 47] inte[0]: 204.557, comm[0]: 191.347, comm[1]: 1545.636, comm[2]: 193.872, force: 2955.978, rev_comm[0]: 185.555, rev_comm[1]: 1568.228, rev_comm[2]: 215.280, inte[1]: 139.723
[Rank 48] inte[0]: 205.177, comm[0]: 209.925, comm[1]: 1543.806, comm[2]: 211.254, force: 2957.811, rev_comm[0]: 204.980, rev_comm[1]: 1557.841, rev_comm[2]: 232.935, inte[1]: 141.909
[Rank 49] inte[0]: 204.201, comm[0]: 209.295, comm[1]: 1531.450, comm[2]: 207.620, force: 2985.831, rev_comm[0]: 203.298, rev_comm[1]: 1539.170, rev_comm[2]: 227.576, inte[1]: 141.519
[Rank 50] inte[0]: 203.367, comm[0]: 190.343, comm[1]: 1572.666, comm[2]: 192.430, force: 2936.094, rev_comm[0]: 186.596, rev_comm[1]: 1590.183, rev_comm[2]: 214.959, inte[1]: 140.242
[Rank 51] inte[0]: 204.396, comm[0]: 203.352, comm[1]: 1578.388, comm[2]: 202.483, force: 2953.243, rev_comm[0]: 197.642, rev_comm[1]: 1593.854, rev_comm[2]: 225.106, inte[1]: 142.016
[Rank 52] inte[0]: 205.014, comm[0]: 209.895, comm[1]: 1751.616, comm[2]: 207.876, force: 2978.380, rev_comm[0]: 200.546, rev_comm[1]: 1778.755, rev_comm[2]: 228.541, inte[1]: 141.161
[Rank 53] inte[0]: 204.696, comm[0]: 194.498, comm[1]: 1746.008, comm[2]: 196.387, force: 2966.539, rev_comm[0]: 189.210, rev_comm[1]: 1773.837, rev_comm[2]: 217.661, inte[1]: 140.250
[Rank 54] inte[0]: 205.405, comm[0]: 212.943, comm[1]: 1745.099, comm[2]: 210.117, force: 2957.254, rev_comm[0]: 206.130, rev_comm[1]: 1758.258, rev_comm[2]: 231.190, inte[1]: 140.986
[Rank 55] inte[0]: 205.402, comm[0]: 207.719, comm[1]: 1748.235, comm[2]: 208.809, force: 2968.111, rev_comm[0]: 202.271, rev_comm[1]: 1764.790, rev_comm[2]: 228.051, inte[1]: 140.557
[Rank 56] inte[0]: 203.003, comm[0]: 189.112, comm[1]: 1779.850, comm[2]: 190.609, force: 2926.274, rev_comm[0]: 185.014, rev_comm[1]: 1797.034, rev_comm[2]: 214.385, inte[1]: 139.785
[Rank 57] inte[0]: 204.317, comm[0]: 210.045, comm[1]: 1779.260, comm[2]: 208.469, force: 2945.181, rev_comm[0]: 203.405, rev_comm[1]: 1792.685, rev_comm[2]: 231.379, inte[1]: 141.631
[Rank 58] inte[0]: 206.139, comm[0]: 210.676, comm[1]: 1797.300, comm[2]: 208.472, force: 3002.365, rev_comm[0]: 204.254, rev_comm[1]: 1818.596, rev_comm[2]: 231.261, inte[1]: 141.657
[Rank 59] inte[0]: 204.036, comm[0]: 194.499, comm[1]: 1802.073, comm[2]: 194.872, force: 2922.925, rev_comm[0]: 188.589, rev_comm[1]: 1823.810, rev_comm[2]: 217.171, inte[1]: 139.723
[Rank 60] inte[0]: 204.157, comm[0]: 208.530, comm[1]: 1898.335, comm[2]: 208.326, force: 2957.349, rev_comm[0]: 200.721, rev_comm[1]: 1913.109, rev_comm[2]: 231.955, inte[1]: 141.005
[Rank 61] inte[0]: 204.539, comm[0]: 207.626, comm[1]: 1868.185, comm[2]: 206.841, force: 2934.244, rev_comm[0]: 203.892, rev_comm[1]: 1878.817, rev_comm[2]: 230.237, inte[1]: 141.226
[Rank 62] inte[0]: 203.225, comm[0]: 189.968, comm[1]: 1899.153, comm[2]: 191.727, force: 2884.552, rev_comm[0]: 187.011, rev_comm[1]: 1913.921, rev_comm[2]: 214.363, inte[1]: 138.731
[Rank 63] inte[0]: 204.796, comm[0]: 202.067, comm[1]: 1913.448, comm[2]: 201.368, force: 2930.099, rev_comm[0]: 198.144, rev_comm[1]: 1924.318, rev_comm[2]: 224.724, inte[1]: 140.823
[Rank 64] inte[0]: 204.688, comm[0]: 206.679, comm[1]: 2061.861, comm[2]: 203.657, force: 2953.573, rev_comm[0]: 199.130, rev_comm[1]: 2100.189, rev_comm[2]: 223.410, inte[1]: 140.551
[Rank 65] inte[0]: 203.987, comm[0]: 187.224, comm[1]: 2055.503, comm[2]: 188.381, force: 2924.386, rev_comm[0]: 182.913, rev_comm[1]: 2094.077, rev_comm[2]: 212.380, inte[1]: 139.247
[Rank 66] inte[0]: 206.379, comm[0]: 212.256, comm[1]: 1803.036, comm[2]: 210.947, force: 2981.900, rev_comm[0]: 205.885, rev_comm[1]: 1822.040, rev_comm[2]: 233.065, inte[1]: 141.387
[Rank 67] inte[0]: 204.508, comm[0]: 207.331, comm[1]: 1807.859, comm[2]: 209.581, force: 2980.513, rev_comm[0]: 203.093, rev_comm[1]: 1825.099, rev_comm[2]: 230.700, inte[1]: 141.330
[Rank 68] inte[0]: 203.055, comm[0]: 196.184, comm[1]: 1713.768, comm[2]: 199.664, force: 2942.907, rev_comm[0]: 193.485, rev_comm[1]: 1787.135, rev_comm[2]: 224.057, inte[1]: 139.855
[Rank 69] inte[0]: 204.615, comm[0]: 207.969, comm[1]: 1709.883, comm[2]: 206.016, force: 2968.013, rev_comm[0]: 199.980, rev_comm[1]: 1786.122, rev_comm[2]: 229.502, inte[1]: 141.487
[Rank 70] inte[0]: 204.593, comm[0]: 209.312, comm[1]: 1514.760, comm[2]: 207.416, force: 2947.706, rev_comm[0]: 203.907, rev_comm[1]: 1539.405, rev_comm[2]: 230.374, inte[1]: 140.893
[Rank 71] inte[0]: 203.675, comm[0]: 195.092, comm[1]: 1537.505, comm[2]: 196.182, force: 2975.990, rev_comm[0]: 189.917, rev_comm[1]: 1562.239, rev_comm[2]: 217.598, inte[1]: 140.059
[Rank 72] inte[0]: 205.129, comm[0]: 211.648, comm[1]: 1555.148, comm[2]: 212.432, force: 2972.781, rev_comm[0]: 206.114, rev_comm[1]: 1568.439, rev_comm[2]: 233.913, inte[1]: 141.444
[Rank 73] inte[0]: 205.319, comm[0]: 211.171, comm[1]: 1544.957, comm[2]: 210.333, force: 2987.205, rev_comm[0]: 204.973, rev_comm[1]: 1553.445, rev_comm[2]: 230.734, inte[1]: 141.216
[Rank 74] inte[0]: 203.047, comm[0]: 192.886, comm[1]: 1592.943, comm[2]: 194.408, force: 2932.268, rev_comm[0]: 189.113, rev_comm[1]: 1602.029, rev_comm[2]: 217.523, inte[1]: 140.130
[Rank 75] inte[0]: 204.279, comm[0]: 202.649, comm[1]: 1596.189, comm[2]: 200.103, force: 2945.832, rev_comm[0]: 197.212, rev_comm[1]: 1607.364, rev_comm[2]: 224.374, inte[1]: 140.610
[Rank 76] inte[0]: 205.456, comm[0]: 207.384, comm[1]: 1769.179, comm[2]: 206.049, force: 2984.594, rev_comm[0]: 198.116, rev_comm[1]: 1786.589, rev_comm[2]: 226.044, inte[1]: 141.641
[Rank 77] inte[0]: 203.144, comm[0]: 190.622, comm[1]: 1775.116, comm[2]: 193.317, force: 2977.190, rev_comm[0]: 186.043, rev_comm[1]: 1794.891, rev_comm[2]: 214.600, inte[1]: 139.291
[Rank 78] inte[0]: 205.841, comm[0]: 212.549, comm[1]: 1776.552, comm[2]: 211.804, force: 2985.323, rev_comm[0]: 205.366, rev_comm[1]: 1786.415, rev_comm[2]: 233.353, inte[1]: 141.475
[Rank 79] inte[0]: 204.472, comm[0]: 207.616, comm[1]: 1779.351, comm[2]: 209.773, force: 2993.546, rev_comm[0]: 202.819, rev_comm[1]: 1790.302, rev_comm[2]: 231.656, inte[1]: 140.297
[Rank 80] inte[0]: 202.870, comm[0]: 187.817, comm[1]: 1585.071, comm[2]: 191.095, force: 2965.953, rev_comm[0]: 184.682, rev_comm[1]: 1602.579, rev_comm[2]: 214.418, inte[1]: 139.780
[Rank 81] inte[0]: 205.767, comm[0]: 209.313, comm[1]: 1585.167, comm[2]: 209.275, force: 2940.084, rev_comm[0]: 203.177, rev_comm[1]: 1603.309, rev_comm[2]: 232.971, inte[1]: 141.207
[Rank 82] inte[0]: 205.782, comm[0]: 207.315, comm[1]: 1519.186, comm[2]: 207.425, force: 2984.525, rev_comm[0]: 201.413, rev_comm[1]: 1543.003, rev_comm[2]: 230.340, inte[1]: 141.214
[Rank 83] inte[0]: 202.933, comm[0]: 190.430, comm[1]: 1536.369, comm[2]: 193.409, force: 2959.836, rev_comm[0]: 184.723, rev_comm[1]: 1557.758, rev_comm[2]: 214.588, inte[1]: 139.938
[Rank 84] inte[0]: 203.615, comm[0]: 209.254, comm[1]: 1546.990, comm[2]: 210.091, force: 2968.213, rev_comm[0]: 203.878, rev_comm[1]: 1561.895, rev_comm[2]: 231.202, inte[1]: 141.486
[Rank 85] inte[0]: 205.495, comm[0]: 208.124, comm[1]: 1530.137, comm[2]: 207.864, force: 2956.490, rev_comm[0]: 202.877, rev_comm[1]: 1542.065, rev_comm[2]: 228.533, inte[1]: 141.150
[Rank 86] inte[0]: 203.158, comm[0]: 190.405, comm[1]: 1567.671, comm[2]: 191.720, force: 2958.389, rev_comm[0]: 188.034, rev_comm[1]: 1583.422, rev_comm[2]: 214.607, inte[1]: 140.508
[Rank 87] inte[0]: 204.106, comm[0]: 202.416, comm[1]: 1578.060, comm[2]: 201.702, force: 2932.055, rev_comm[0]: 197.816, rev_comm[1]: 1595.004, rev_comm[2]: 225.675, inte[1]: 140.562
[Rank 88] inte[0]: 206.141, comm[0]: 213.325, comm[1]: 1750.931, comm[2]: 212.579, force: 2961.765, rev_comm[0]: 204.818, rev_comm[1]: 1776.347, rev_comm[2]: 229.936, inte[1]: 142.337
[Rank 89] inte[0]: 203.910, comm[0]: 192.634, comm[1]: 1748.510, comm[2]: 194.382, force: 2955.408, rev_comm[0]: 187.527, rev_comm[1]: 1769.339, rev_comm[2]: 214.232, inte[1]: 139.739
[Rank 90] inte[0]: 205.181, comm[0]: 211.905, comm[1]: 1748.455, comm[2]: 210.825, force: 2973.239, rev_comm[0]: 206.376, rev_comm[1]: 1768.111, rev_comm[2]: 230.852, inte[1]: 141.662
[Rank 91] inte[0]: 204.442, comm[0]: 206.383, comm[1]: 1745.544, comm[2]: 207.648, force: 2936.269, rev_comm[0]: 202.511, rev_comm[1]: 1771.209, rev_comm[2]: 229.036, inte[1]: 141.021
[Rank 92] inte[0]: 202.720, comm[0]: 188.030, comm[1]: 1723.190, comm[2]: 190.136, force: 2913.049, rev_comm[0]: 185.529, rev_comm[1]: 1701.517, rev_comm[2]: 213.420, inte[1]: 139.058
[Rank 93] inte[0]: 205.752, comm[0]: 204.995, comm[1]: 1711.844, comm[2]: 205.250, force: 2967.174, rev_comm[0]: 198.960, rev_comm[1]: 1685.520, rev_comm[2]: 228.654, inte[1]: 141.066
[Rank 94] inte[0]: 204.728, comm[0]: 206.452, comm[1]: 1578.563, comm[2]: 206.969, force: 2970.634, rev_comm[0]: 201.862, rev_comm[1]: 1588.975, rev_comm[2]: 229.181, inte[1]: 140.760
[Rank 95] inte[0]: 203.249, comm[0]: 191.834, comm[1]: 1602.295, comm[2]: 194.390, force: 2941.173, rev_comm[0]: 187.333, rev_comm[1]: 1608.379, rev_comm[2]: 216.549, inte[1]: 139.386
[Rank 96] inte[0]: 206.561, comm[0]: 214.428, comm[1]: 1608.653, comm[2]: 214.785, force: 2935.318, rev_comm[0]: 208.606, rev_comm[1]: 1624.193, rev_comm[2]: 235.643, inte[1]: 141.017
[Rank 97] inte[0]: 203.981, comm[0]: 212.401, comm[1]: 1589.006, comm[2]: 211.152, force: 2964.523, rev_comm[0]: 205.879, rev_comm[1]: 1599.645, rev_comm[2]: 232.068, inte[1]: 141.559
[Rank 98] inte[0]: 204.265, comm[0]: 193.762, comm[1]: 1679.837, comm[2]: 196.144, force: 2943.567, rev_comm[0]: 189.824, rev_comm[1]: 1729.963, rev_comm[2]: 216.912, inte[1]: 140.858
[Rank 99] inte[0]: 206.143, comm[0]: 203.863, comm[1]: 1693.599, comm[2]: 202.465, force: 2932.840, rev_comm[0]: 198.428, rev_comm[1]: 1748.909, rev_comm[2]: 226.467, inte[1]: 140.815
[Rank 100] inte[0]: 204.270, comm[0]: 203.410, comm[1]: 1733.253, comm[2]: 202.760, force: 2991.012, rev_comm[0]: 194.394, rev_comm[1]: 1760.042, rev_comm[2]: 222.158, inte[1]: 140.878
[Rank 101] inte[0]: 202.819, comm[0]: 191.221, comm[1]: 1742.155, comm[2]: 193.904, force: 2930.269, rev_comm[0]: 187.034, rev_comm[1]: 1763.239, rev_comm[2]: 214.965, inte[1]: 139.193
[Rank 102] inte[0]: 205.444, comm[0]: 211.811, comm[1]: 1741.150, comm[2]: 210.033, force: 2977.431, rev_comm[0]: 207.383, rev_comm[1]: 1760.950, rev_comm[2]: 232.115, inte[1]: 141.560
[Rank 103] inte[0]: 204.590, comm[0]: 207.468, comm[1]: 1744.739, comm[2]: 209.107, force: 2968.604, rev_comm[0]: 202.750, rev_comm[1]: 1770.209, rev_comm[2]: 228.907, inte[1]: 140.635
[Rank 104] inte[0]: 203.016, comm[0]: 187.713, comm[1]: 1581.392, comm[2]: 190.594, force: 2924.861, rev_comm[0]: 184.341, rev_comm[1]: 1594.700, rev_comm[2]: 213.050, inte[1]: 139.781
[Rank 105] inte[0]: 205.430, comm[0]: 206.457, comm[1]: 1572.474, comm[2]: 206.538, force: 2958.253, rev_comm[0]: 199.908, rev_comm[1]: 1585.211, rev_comm[2]: 230.781, inte[1]: 141.000
[Rank 106] inte[0]: 205.138, comm[0]: 212.383, comm[1]: 1525.792, comm[2]: 210.424, force: 2959.114, rev_comm[0]: 206.960, rev_comm[1]: 1543.857, rev_comm[2]: 234.114, inte[1]: 141.117
[Rank 107] inte[0]: 202.900, comm[0]: 190.173, comm[1]: 1541.475, comm[2]: 191.750, force: 2950.585, rev_comm[0]: 185.681, rev_comm[1]: 1563.915, rev_comm[2]: 215.055, inte[1]: 139.417
[Rank 108] inte[0]: 205.772, comm[0]: 210.125, comm[1]: 1540.139, comm[2]: 211.139, force: 2964.393, rev_comm[0]: 204.508, rev_comm[1]: 1554.938, rev_comm[2]: 231.313, inte[1]: 141.796
[Rank 109] inte[0]: 206.123, comm[0]: 209.929, comm[1]: 1524.277, comm[2]: 208.801, force: 2975.513, rev_comm[0]: 203.847, rev_comm[1]: 1534.323, rev_comm[2]: 228.552, inte[1]: 141.539
[Rank 110] inte[0]: 203.061, comm[0]: 190.615, comm[1]: 1553.600, comm[2]: 191.954, force: 2934.923, rev_comm[0]: 187.879, rev_comm[1]: 1570.479, rev_comm[2]: 215.044, inte[1]: 139.596
[Rank 111] inte[0]: 204.356, comm[0]: 203.510, comm[1]: 1564.577, comm[2]: 201.954, force: 2965.511, rev_comm[0]: 197.705, rev_comm[1]: 1579.204, rev_comm[2]: 226.228, inte[1]: 141.141
[Rank 112] inte[0]: 206.276, comm[0]: 208.664, comm[1]: 1728.384, comm[2]: 207.906, force: 2947.500, rev_comm[0]: 199.426, rev_comm[1]: 1756.931, rev_comm[2]: 227.242, inte[1]: 141.222
[Rank 113] inte[0]: 202.826, comm[0]: 190.772, comm[1]: 1728.639, comm[2]: 193.150, force: 2936.056, rev_comm[0]: 185.546, rev_comm[1]: 1755.751, rev_comm[2]: 213.261, inte[1]: 139.411
[Rank 114] inte[0]: 204.541, comm[0]: 211.927, comm[1]: 1730.968, comm[2]: 211.318, force: 2969.836, rev_comm[0]: 206.202, rev_comm[1]: 1750.264, rev_comm[2]: 234.239, inte[1]: 141.230
[Rank 115] inte[0]: 203.731, comm[0]: 207.285, comm[1]: 1732.545, comm[2]: 210.096, force: 2972.800, rev_comm[0]: 203.117, rev_comm[1]: 1752.919, rev_comm[2]: 230.012, inte[1]: 141.612
[Rank 116] inte[0]: 203.495, comm[0]: 190.538, comm[1]: 1565.011, comm[2]: 193.037, force: 2954.776, rev_comm[0]: 186.408, rev_comm[1]: 1580.217, rev_comm[2]: 216.547, inte[1]: 139.904
[Rank 117] inte[0]: 205.114, comm[0]: 205.999, comm[1]: 1558.073, comm[2]: 207.177, force: 2952.781, rev_comm[0]: 200.816, rev_comm[1]: 1579.393, rev_comm[2]: 231.174, inte[1]: 141.214
[Rank 118] inte[0]: 204.492, comm[0]: 212.098, comm[1]: 1505.983, comm[2]: 210.415, force: 2978.069, rev_comm[0]: 205.280, rev_comm[1]: 1537.368, rev_comm[2]: 233.341, inte[1]: 141.616
[Rank 119] inte[0]: 203.260, comm[0]: 191.544, comm[1]: 1528.943, comm[2]: 195.573, force: 2970.484, rev_comm[0]: 187.364, rev_comm[1]: 1545.334, rev_comm[2]: 218.232, inte[1]: 139.872
[Rank 120] inte[0]: 204.145, comm[0]: 213.414, comm[1]: 1534.103, comm[2]: 214.030, force: 2937.476, rev_comm[0]: 207.542, rev_comm[1]: 1553.059, rev_comm[2]: 235.173, inte[1]: 140.875
[Rank 121] inte[0]: 204.893, comm[0]: 208.351, comm[1]: 1512.148, comm[2]: 207.714, force: 2957.494, rev_comm[0]: 201.933, rev_comm[1]: 1529.595, rev_comm[2]: 228.622, inte[1]: 140.931
[Rank 122] inte[0]: 204.660, comm[0]: 193.086, comm[1]: 1710.338, comm[2]: 195.131, force: 2916.289, rev_comm[0]: 189.650, rev_comm[1]: 1686.167, rev_comm[2]: 218.628, inte[1]: 140.280
[Rank 123] inte[0]: 205.855, comm[0]: 205.274, comm[1]: 1721.707, comm[2]: 202.244, force: 2950.858, rev_comm[0]: 199.010, rev_comm[1]: 1695.649, rev_comm[2]: 226.873, inte[1]: 141.412
[Rank 124] inte[0]: 205.753, comm[0]: 204.441, comm[1]: 1799.496, comm[2]: 203.956, force: 2952.231, rev_comm[0]: 196.269, rev_comm[1]: 1823.481, rev_comm[2]: 223.868, inte[1]: 141.218
[Rank 125] inte[0]: 203.280, comm[0]: 193.475, comm[1]: 1801.871, comm[2]: 196.355, force: 2952.725, rev_comm[0]: 188.684, rev_comm[1]: 1825.233, rev_comm[2]: 216.413, inte[1]: 139.685
[Rank 126] inte[0]: 204.528, comm[0]: 207.149, comm[1]: 2035.512, comm[2]: 207.899, force: 2941.400, rev_comm[0]: 201.752, rev_comm[1]: 2042.699, rev_comm[2]: 228.736, inte[1]: 141.017
[Rank 127] inte[0]: 203.775, comm[0]: 205.075, comm[1]: 2041.661, comm[2]: 203.949, force: 2921.031, rev_comm[0]: 199.470, rev_comm[1]: 2044.958, rev_comm[2]: 228.546, inte[1]: 140.099
[Rank 128] inte[0]: 202.278, comm[0]: 190.374, comm[1]: 1944.397, comm[2]: 192.621, force: 2930.457, rev_comm[0]: 187.081, rev_comm[1]: 1977.227, rev_comm[2]: 214.556, inte[1]: 139.514
[Rank 129] inte[0]: 204.608, comm[0]: 210.314, comm[1]: 1949.588, comm[2]: 209.874, force: 2929.179, rev_comm[0]: 203.819, rev_comm[1]: 1980.753, rev_comm[2]: 233.054, inte[1]: 141.145
[Rank 130] inte[0]: 205.519, comm[0]: 208.542, comm[1]: 1931.067, comm[2]: 207.401, force: 2959.514, rev_comm[0]: 204.449, rev_comm[1]: 1967.328, rev_comm[2]: 231.542, inte[1]: 142.214
[Rank 131] inte[0]: 203.550, comm[0]: 193.431, comm[1]: 1950.462, comm[2]: 195.543, force: 2928.632, rev_comm[0]: 189.496, rev_comm[1]: 1987.168, rev_comm[2]: 218.101, inte[1]: 139.890
[Rank 132] inte[0]: 204.963, comm[0]: 211.255, comm[1]: 1808.880, comm[2]: 211.784, force: 2984.411, rev_comm[0]: 205.640, rev_comm[1]: 1835.178, rev_comm[2]: 233.909, inte[1]: 141.827
[Rank 133] inte[0]: 203.779, comm[0]: 212.348, comm[1]: 1800.811, comm[2]: 211.224, force: 2984.015, rev_comm[0]: 206.274, rev_comm[1]: 1816.849, rev_comm[2]: 232.847, inte[1]: 141.336
[Rank 134] inte[0]: 203.842, comm[0]: 189.515, comm[1]: 1782.820, comm[2]: 191.998, force: 2909.502, rev_comm[0]: 187.432, rev_comm[1]: 1806.960, rev_comm[2]: 215.541, inte[1]: 139.463
[Rank 135] inte[0]: 206.261, comm[0]: 203.046, comm[1]: 1799.483, comm[2]: 201.138, force: 2971.915, rev_comm[0]: 197.521, rev_comm[1]: 1823.278, rev_comm[2]: 223.900, inte[1]: 141.539
[Rank 136] inte[0]: 205.417, comm[0]: 202.848, comm[1]: 1732.525, comm[2]: 202.241, force: 2981.638, rev_comm[0]: 192.141, rev_comm[1]: 1762.474, rev_comm[2]: 222.364, inte[1]: 140.712
[Rank 137] inte[0]: 204.090, comm[0]: 194.439, comm[1]: 1752.042, comm[2]: 196.022, force: 2940.963, rev_comm[0]: 190.359, rev_comm[1]: 1780.921, rev_comm[2]: 216.898, inte[1]: 139.821
[Rank 138] inte[0]: 204.579, comm[0]: 217.022, comm[1]: 1756.747, comm[2]: 213.518, force: 2990.207, rev_comm[0]: 210.805, rev_comm[1]: 1767.816, rev_comm[2]: 236.225, inte[1]: 141.663
[Rank 139] inte[0]: 204.789, comm[0]: 212.804, comm[1]: 1754.700, comm[2]: 212.616, force: 2967.863, rev_comm[0]: 207.047, rev_comm[1]: 1768.336, rev_comm[2]: 232.524, inte[1]: 140.741
[Rank 140] inte[0]: 204.050, comm[0]: 192.219, comm[1]: 1578.088, comm[2]: 193.779, force: 2955.200, rev_comm[0]: 187.778, rev_comm[1]: 1598.227, rev_comm[2]: 216.512, inte[1]: 140.394
[Rank 141] inte[0]: 204.682, comm[0]: 205.803, comm[1]: 1574.122, comm[2]: 206.147, force: 2944.386, rev_comm[0]: 199.539, rev_comm[1]: 1590.506, rev_comm[2]: 229.860, inte[1]: 140.596
[Rank 142] inte[0]: 204.451, comm[0]: 207.254, comm[1]: 1520.654, comm[2]: 207.185, force: 2971.254, rev_comm[0]: 201.364, rev_comm[1]: 1538.793, rev_comm[2]: 229.736, inte[1]: 141.617
[Rank 143] inte[0]: 203.654, comm[0]: 190.193, comm[1]: 1545.088, comm[2]: 192.115, force: 2956.152, rev_comm[0]: 185.520, rev_comm[1]: 1565.583, rev_comm[2]: 214.570, inte[1]: 139.753
[Rank 144] inte[0]: 204.836, comm[0]: 208.679, comm[1]: 1543.913, comm[2]: 210.382, force: 2941.483, rev_comm[0]: 203.254, rev_comm[1]: 1559.315, rev_comm[2]: 233.293, inte[1]: 141.195
[Rank 145] inte[0]: 203.993, comm[0]: 206.692, comm[1]: 1528.972, comm[2]: 206.861, force: 2974.519, rev_comm[0]: 200.562, rev_comm[1]: 1543.385, rev_comm[2]: 226.664, inte[1]: 140.982
[Rank 146] inte[0]: 203.908, comm[0]: 190.329, comm[1]: 1568.903, comm[2]: 191.442, force: 2916.866, rev_comm[0]: 186.297, rev_comm[1]: 1589.600, rev_comm[2]: 214.624, inte[1]: 139.626
[Rank 147] inte[0]: 206.145, comm[0]: 208.521, comm[1]: 1576.893, comm[2]: 204.619, force: 2935.257, rev_comm[0]: 202.540, rev_comm[1]: 1585.916, rev_comm[2]: 228.993, inte[1]: 141.990
[Rank 148] inte[0]: 204.846, comm[0]: 211.062, comm[1]: 1733.689, comm[2]: 208.353, force: 2959.915, rev_comm[0]: 201.675, rev_comm[1]: 1763.216, rev_comm[2]: 226.889, inte[1]: 141.358
[Rank 149] inte[0]: 204.333, comm[0]: 194.286, comm[1]: 1744.721, comm[2]: 196.916, force: 2936.571, rev_comm[0]: 189.339, rev_comm[1]: 1772.825, rev_comm[2]: 217.568, inte[1]: 139.690
[Rank 150] inte[0]: 203.556, comm[0]: 211.146, comm[1]: 1756.524, comm[2]: 210.245, force: 2943.270, rev_comm[0]: 205.664, rev_comm[1]: 1772.047, rev_comm[2]: 232.299, inte[1]: 141.007
[Rank 151] inte[0]: 205.568, comm[0]: 211.444, comm[1]: 1760.937, comm[2]: 212.091, force: 2954.694, rev_comm[0]: 207.014, rev_comm[1]: 1771.224, rev_comm[2]: 234.461, inte[1]: 140.684
[Rank 152] inte[0]: 203.753, comm[0]: 192.496, comm[1]: 1793.727, comm[2]: 193.604, force: 2953.583, rev_comm[0]: 188.293, rev_comm[1]: 1814.873, rev_comm[2]: 217.210, inte[1]: 140.338
[Rank 153] inte[0]: 206.192, comm[0]: 208.643, comm[1]: 1794.889, comm[2]: 206.777, force: 2914.029, rev_comm[0]: 202.039, rev_comm[1]: 1803.562, rev_comm[2]: 231.398, inte[1]: 140.654
[Rank 154] inte[0]: 203.886, comm[0]: 207.389, comm[1]: 1804.714, comm[2]: 206.613, force: 2963.766, rev_comm[0]: 201.424, rev_comm[1]: 1816.434, rev_comm[2]: 230.356, inte[1]: 140.878
[Rank 155] inte[0]: 203.889, comm[0]: 192.398, comm[1]: 1818.950, comm[2]: 194.409, force: 2963.045, rev_comm[0]: 187.148, rev_comm[1]: 1831.854, rev_comm[2]: 216.743, inte[1]: 139.290
[Rank 156] inte[0]: 205.828, comm[0]: 214.297, comm[1]: 1929.169, comm[2]: 212.622, force: 2921.193, rev_comm[0]: 205.827, rev_comm[1]: 1979.421, rev_comm[2]: 236.981, inte[1]: 141.045
[Rank 157] inte[0]: 205.689, comm[0]: 208.989, comm[1]: 1922.801, comm[2]: 206.470, force: 2950.145, rev_comm[0]: 203.649, rev_comm[1]: 1967.447, rev_comm[2]: 230.478, inte[1]: 141.174
[Rank 158] inte[0]: 203.845, comm[0]: 193.980, comm[1]: 1944.529, comm[2]: 195.847, force: 2914.459, rev_comm[0]: 190.293, rev_comm[1]: 1980.925, rev_comm[2]: 217.917, inte[1]: 140.130
[Rank 159] inte[0]: 205.099, comm[0]: 202.517, comm[1]: 1955.911, comm[2]: 200.751, force: 2915.494, rev_comm[0]: 196.738, rev_comm[1]: 1990.247, rev_comm[2]: 223.641, inte[1]: 140.240
[Rank 160] inte[0]: 205.154, comm[0]: 203.109, comm[1]: 2109.502, comm[2]: 201.336, force: 2931.062, rev_comm[0]: 193.381, rev_comm[1]: 2160.560, rev_comm[2]: 221.373, inte[1]: 140.221
[Rank 161] inte[0]: 203.332, comm[0]: 189.798, comm[1]: 2110.052, comm[2]: 190.287, force: 2901.074, rev_comm[0]: 183.305, rev_comm[1]: 2155.779, rev_comm[2]: 214.836, inte[1]: 139.303
[Rank 162] inte[0]: 205.734, comm[0]: 212.933, comm[1]: 1815.088, comm[2]: 211.573, force: 2961.725, rev_comm[0]: 208.022, rev_comm[1]: 1832.208, rev_comm[2]: 233.845, inte[1]: 141.158
[Rank 163] inte[0]: 204.881, comm[0]: 211.867, comm[1]: 1815.332, comm[2]: 212.469, force: 2963.499, rev_comm[0]: 207.218, rev_comm[1]: 1832.588, rev_comm[2]: 234.742, inte[1]: 140.537
[Rank 164] inte[0]: 203.316, comm[0]: 188.770, comm[1]: 1773.913, comm[2]: 190.696, force: 2950.590, rev_comm[0]: 185.195, rev_comm[1]: 1869.783, rev_comm[2]: 215.157, inte[1]: 139.606
[Rank 165] inte[0]: 205.695, comm[0]: 208.210, comm[1]: 1776.475, comm[2]: 207.807, force: 2962.831, rev_comm[0]: 201.253, rev_comm[1]: 1864.880, rev_comm[2]: 231.088, inte[1]: 141.299
[Rank 166] inte[0]: 205.026, comm[0]: 210.899, comm[1]: 1522.352, comm[2]: 209.882, force: 2992.722, rev_comm[0]: 203.888, rev_comm[1]: 1542.363, rev_comm[2]: 232.455, inte[1]: 141.768
[Rank 167] inte[0]: 204.244, comm[0]: 195.276, comm[1]: 1540.374, comm[2]: 196.729, force: 2931.933, rev_comm[0]: 189.536, rev_comm[1]: 1562.131, rev_comm[2]: 219.297, inte[1]: 139.105
[Rank 168] inte[0]: 205.817, comm[0]: 212.745, comm[1]: 1535.715, comm[2]: 214.653, force: 2976.662, rev_comm[0]: 208.384, rev_comm[1]: 1556.354, rev_comm[2]: 236.826, inte[1]: 142.163
[Rank 169] inte[0]: 204.585, comm[0]: 213.660, comm[1]: 1529.421, comm[2]: 210.909, force: 2980.990, rev_comm[0]: 206.456, rev_comm[1]: 1549.637, rev_comm[2]: 232.893, inte[1]: 140.909
[Rank 170] inte[0]: 204.581, comm[0]: 189.451, comm[1]: 1576.077, comm[2]: 191.862, force: 2946.966, rev_comm[0]: 186.705, rev_comm[1]: 1590.240, rev_comm[2]: 213.512, inte[1]: 140.210
[Rank 171] inte[0]: 204.736, comm[0]: 201.224, comm[1]: 1578.816, comm[2]: 201.684, force: 2934.235, rev_comm[0]: 196.887, rev_comm[1]: 1595.198, rev_comm[2]: 224.349, inte[1]: 140.231
[Rank 172] inte[0]: 204.683, comm[0]: 208.705, comm[1]: 1738.452, comm[2]: 207.459, force: 2955.851, rev_comm[0]: 199.696, rev_comm[1]: 1764.587, rev_comm[2]: 226.396, inte[1]: 141.169
[Rank 173] inte[0]: 203.168, comm[0]: 194.107, comm[1]: 1746.616, comm[2]: 196.960, force: 2946.121, rev_comm[0]: 189.238, rev_comm[1]: 1768.781, rev_comm[2]: 216.483, inte[1]: 139.495
[Rank 174] inte[0]: 205.033, comm[0]: 210.818, comm[1]: 1751.945, comm[2]: 209.377, force: 2950.390, rev_comm[0]: 204.190, rev_comm[1]: 1764.362, rev_comm[2]: 230.867, inte[1]: 141.264
[Rank 175] inte[0]: 205.030, comm[0]: 210.216, comm[1]: 1759.280, comm[2]: 209.888, force: 2965.741, rev_comm[0]: 205.473, rev_comm[1]: 1768.881, rev_comm[2]: 231.464, inte[1]: 140.645
[Rank 176] inte[0]: 204.375, comm[0]: 191.845, comm[1]: 1576.330, comm[2]: 192.572, force: 2933.174, rev_comm[0]: 189.135, rev_comm[1]: 1593.194, rev_comm[2]: 217.046, inte[1]: 140.757
[Rank 177] inte[0]: 204.864, comm[0]: 210.703, comm[1]: 1575.511, comm[2]: 210.300, force: 2930.906, rev_comm[0]: 203.927, rev_comm[1]: 1594.591, rev_comm[2]: 233.978, inte[1]: 141.453
[Rank 178] inte[0]: 205.905, comm[0]: 211.691, comm[1]: 1521.574, comm[2]: 210.234, force: 2974.169, rev_comm[0]: 205.054, rev_comm[1]: 1542.113, rev_comm[2]: 232.026, inte[1]: 141.819
[Rank 179] inte[0]: 203.416, comm[0]: 192.205, comm[1]: 1544.160, comm[2]: 194.653, force: 2934.582, rev_comm[0]: 187.966, rev_comm[1]: 1566.160, rev_comm[2]: 217.348, inte[1]: 139.960
[Rank 180] inte[0]: 205.183, comm[0]: 210.926, comm[1]: 1539.494, comm[2]: 212.370, force: 2965.187, rev_comm[0]: 206.765, rev_comm[1]: 1551.600, rev_comm[2]: 233.449, inte[1]: 141.095
[Rank 181] inte[0]: 205.134, comm[0]: 213.335, comm[1]: 1538.407, comm[2]: 211.219, force: 2977.167, rev_comm[0]: 207.402, rev_comm[1]: 1543.225, rev_comm[2]: 231.663, inte[1]: 141.334
[Rank 182] inte[0]: 203.687, comm[0]: 190.336, comm[1]: 1580.654, comm[2]: 190.657, force: 2941.468, rev_comm[0]: 187.466, rev_comm[1]: 1595.084, rev_comm[2]: 213.615, inte[1]: 140.042
[Rank 183] inte[0]: 205.279, comm[0]: 206.166, comm[1]: 1587.647, comm[2]: 205.068, force: 2935.401, rev_comm[0]: 199.765, rev_comm[1]: 1600.327, rev_comm[2]: 228.200, inte[1]: 140.692
[Rank 184] inte[0]: 204.620, comm[0]: 208.258, comm[1]: 1755.335, comm[2]: 207.666, force: 2964.581, rev_comm[0]: 199.086, rev_comm[1]: 1780.937, rev_comm[2]: 226.702, inte[1]: 142.022
[Rank 185] inte[0]: 203.627, comm[0]: 196.004, comm[1]: 1757.377, comm[2]: 197.502, force: 2947.768, rev_comm[0]: 190.573, rev_comm[1]: 1777.002, rev_comm[2]: 217.714, inte[1]: 140.610
[Rank 186] inte[0]: 205.304, comm[0]: 215.506, comm[1]: 1752.537, comm[2]: 213.487, force: 2984.882, rev_comm[0]: 209.292, rev_comm[1]: 1767.774, rev_comm[2]: 234.599, inte[1]: 141.779
[Rank 187] inte[0]: 205.928, comm[0]: 211.905, comm[1]: 1758.204, comm[2]: 212.076, force: 2976.870, rev_comm[0]: 206.941, rev_comm[1]: 1773.105, rev_comm[2]: 231.810, inte[1]: 141.578
[Rank 188] inte[0]: 202.958, comm[0]: 188.903, comm[1]: 1719.636, comm[2]: 191.282, force: 2940.637, rev_comm[0]: 185.519, rev_comm[1]: 1708.968, rev_comm[2]: 213.758, inte[1]: 139.911
[Rank 189] inte[0]: 204.946, comm[0]: 204.914, comm[1]: 1721.758, comm[2]: 203.412, force: 2927.490, rev_comm[0]: 198.216, rev_comm[1]: 1701.627, rev_comm[2]: 228.551, inte[1]: 140.261
[Rank 190] inte[0]: 205.608, comm[0]: 209.325, comm[1]: 1592.760, comm[2]: 208.354, force: 2992.114, rev_comm[0]: 203.816, rev_comm[1]: 1610.163, rev_comm[2]: 232.135, inte[1]: 142.369
[Rank 191] inte[0]: 203.080, comm[0]: 191.375, comm[1]: 1608.523, comm[2]: 193.899, force: 2984.146, rev_comm[0]: 185.754, rev_comm[1]: 1624.568, rev_comm[2]: 215.671, inte[1]: 139.823
[Rank 192] inte[0]: 205.024, comm[0]: 213.179, comm[1]: 1609.444, comm[2]: 212.834, force: 2934.819, rev_comm[0]: 208.301, rev_comm[1]: 1632.147, rev_comm[2]: 234.670, inte[1]: 141.312
[Rank 193] inte[0]: 206.087, comm[0]: 213.736, comm[1]: 1589.345, comm[2]: 211.357, force: 2954.456, rev_comm[0]: 206.927, rev_comm[1]: 1610.093, rev_comm[2]: 231.984, inte[1]: 141.159
[Rank 194] inte[0]: 203.398, comm[0]: 194.520, comm[1]: 1677.081, comm[2]: 195.531, force: 2941.536, rev_comm[0]: 191.102, rev_comm[1]: 1731.008, rev_comm[2]: 218.489, inte[1]: 140.102
[Rank 195] inte[0]: 205.195, comm[0]: 201.162, comm[1]: 1688.253, comm[2]: 201.121, force: 2951.072, rev_comm[0]: 196.852, rev_comm[1]: 1741.800, rev_comm[2]: 224.060, inte[1]: 141.580
[Rank 196] inte[0]: 204.424, comm[0]: 204.298, comm[1]: 1748.189, comm[2]: 203.928, force: 2969.368, rev_comm[0]: 194.775, rev_comm[1]: 1773.577, rev_comm[2]: 223.257, inte[1]: 140.713
[Rank 197] inte[0]: 204.236, comm[0]: 191.922, comm[1]: 1748.068, comm[2]: 194.501, force: 2941.240, rev_comm[0]: 187.459, rev_comm[1]: 1774.708, rev_comm[2]: 214.973, inte[1]: 139.576
[Rank 198] inte[0]: 204.013, comm[0]: 200.133, comm[1]: 1746.259, comm[2]: 198.687, force: 2941.120, rev_comm[0]: 194.184, rev_comm[1]: 1755.253, rev_comm[2]: 219.018, inte[1]: 140.421
[Rank 199] inte[0]: 205.403, comm[0]: 202.066, comm[1]: 1755.714, comm[2]: 204.378, force: 2955.705, rev_comm[0]: 194.073, rev_comm[1]: 1765.844, rev_comm[2]: 223.409, inte[1]: 140.754
[Rank 200] inte[0]: 203.924, comm[0]: 204.002, comm[1]: 1732.526, comm[2]: 202.808, force: 2909.037, rev_comm[0]: 198.315, rev_comm[1]: 1802.405, rev_comm[2]: 225.529, inte[1]: 140.155
[Rank 201] inte[0]: 204.297, comm[0]: 205.705, comm[1]: 1711.588, comm[2]: 205.904, force: 2979.896, rev_comm[0]: 199.328, rev_comm[1]: 1774.796, rev_comm[2]: 229.432, inte[1]: 140.837
[Rank 202] inte[0]: 205.116, comm[0]: 206.439, comm[1]: 1707.256, comm[2]: 205.988, force: 2946.602, rev_comm[0]: 200.362, rev_comm[1]: 1795.283, rev_comm[2]: 228.427, inte[1]: 140.947
[Rank 203] inte[0]: 203.027, comm[0]: 191.651, comm[1]: 1736.023, comm[2]: 193.891, force: 2944.211, rev_comm[0]: 185.864, rev_comm[1]: 1821.244, rev_comm[2]: 217.708, inte[1]: 138.828
[Rank 204] inte[0]: 205.049, comm[0]: 209.127, comm[1]: 1734.423, comm[2]: 211.021, force: 2957.371, rev_comm[0]: 204.814, rev_comm[1]: 1810.306, rev_comm[2]: 233.133, inte[1]: 141.464
[Rank 205] inte[0]: 204.363, comm[0]: 209.166, comm[1]: 1710.490, comm[2]: 208.857, force: 2976.727, rev_comm[0]: 203.314, rev_comm[1]: 1779.480, rev_comm[2]: 229.933, inte[1]: 141.006
[Rank 206] inte[0]: 204.461, comm[0]: 193.606, comm[1]: 1759.313, comm[2]: 196.260, force: 2907.256, rev_comm[0]: 189.496, rev_comm[1]: 1843.202, rev_comm[2]: 218.861, inte[1]: 139.875
[Rank 207] inte[0]: 204.071, comm[0]: 200.432, comm[1]: 1764.007, comm[2]: 200.257, force: 2973.916, rev_comm[0]: 195.205, rev_comm[1]: 1845.314, rev_comm[2]: 222.721, inte[1]: 141.256
[Rank 208] inte[0]: 205.686, comm[0]: 204.267, comm[1]: 1727.496, comm[2]: 204.905, force: 2944.621, rev_comm[0]: 195.356, rev_comm[1]: 1753.637, rev_comm[2]: 223.516, inte[1]: 141.274
[Rank 209] inte[0]: 203.040, comm[0]: 193.793, comm[1]: 1744.404, comm[2]: 195.382, force: 2947.907, rev_comm[0]: 189.314, rev_comm[1]: 1769.985, rev_comm[2]: 215.643, inte[1]: 139.732
[Rank 210] inte[0]: 204.215, comm[0]: 210.839, comm[1]: 1749.345, comm[2]: 210.054, force: 2958.285, rev_comm[0]: 205.183, rev_comm[1]: 1767.688, rev_comm[2]: 231.258, inte[1]: 141.077
[Rank 211] inte[0]: 203.802, comm[0]: 207.466, comm[1]: 1751.856, comm[2]: 209.063, force: 2961.303, rev_comm[0]: 203.036, rev_comm[1]: 1765.253, rev_comm[2]: 230.228, inte[1]: 140.647
[Rank 212] inte[0]: 203.694, comm[0]: 188.870, comm[1]: 1576.254, comm[2]: 191.154, force: 2946.522, rev_comm[0]: 186.436, rev_comm[1]: 1587.009, rev_comm[2]: 214.946, inte[1]: 139.530
[Rank 213] inte[0]: 203.912, comm[0]: 194.535, comm[1]: 1572.750, comm[2]: 196.385, force: 2959.220, rev_comm[0]: 189.996, rev_comm[1]: 1585.125, rev_comm[2]: 219.860, inte[1]: 139.829
[Rank 214] inte[0]: 204.687, comm[0]: 211.221, comm[1]: 1535.383, comm[2]: 211.149, force: 2984.606, rev_comm[0]: 205.195, rev_comm[1]: 1550.920, rev_comm[2]: 234.041, inte[1]: 141.602
[Rank 215] inte[0]: 204.490, comm[0]: 210.593, comm[1]: 1554.172, comm[2]: 210.103, force: 2970.429, rev_comm[0]: 204.131, rev_comm[1]: 1567.940, rev_comm[2]: 232.540, inte[1]: 141.243
[Rank 216] inte[0]: 204.330, comm[0]: 210.476, comm[1]: 1548.449, comm[2]: 211.800, force: 2962.902, rev_comm[0]: 205.447, rev_comm[1]: 1562.919, rev_comm[2]: 232.688, inte[1]: 141.080
[Rank 217] inte[0]: 205.628, comm[0]: 209.807, comm[1]: 1528.412, comm[2]: 210.070, force: 2960.636, rev_comm[0]: 204.829, rev_comm[1]: 1540.402, rev_comm[2]: 230.705, inte[1]: 141.844
[Rank 218] inte[0]: 203.747, comm[0]: 191.567, comm[1]: 1717.474, comm[2]: 193.274, force: 2936.359, rev_comm[0]: 188.227, rev_comm[1]: 1704.058, rev_comm[2]: 215.589, inte[1]: 140.331
[Rank 219] inte[0]: 205.823, comm[0]: 205.298, comm[1]: 1731.582, comm[2]: 202.928, force: 2967.131, rev_comm[0]: 200.340, rev_comm[1]: 1714.913, rev_comm[2]: 226.285, inte[1]: 141.788
[Rank 220] inte[0]: 204.806, comm[0]: 206.436, comm[1]: 1806.090, comm[2]: 204.632, force: 2943.484, rev_comm[0]: 198.050, rev_comm[1]: 1838.921, rev_comm[2]: 223.868, inte[1]: 140.570
[Rank 221] inte[0]: 203.557, comm[0]: 190.883, comm[1]: 1813.975, comm[2]: 194.518, force: 2927.117, rev_comm[0]: 186.063, rev_comm[1]: 1839.516, rev_comm[2]: 214.967, inte[1]: 139.727
[Rank 222] inte[0]: 206.079, comm[0]: 211.024, comm[1]: 2013.284, comm[2]: 211.313, force: 2934.692, rev_comm[0]: 206.386, rev_comm[1]: 2037.347, rev_comm[2]: 232.241, inte[1]: 141.715
[Rank 223] inte[0]: 203.606, comm[0]: 208.663, comm[1]: 2021.883, comm[2]: 206.229, force: 2952.261, rev_comm[0]: 201.658, rev_comm[1]: 2042.862, rev_comm[2]: 231.069, inte[1]: 141.133
[Rank 224] inte[0]: 202.852, comm[0]: 188.997, comm[1]: 1822.447, comm[2]: 190.440, force: 2915.630, rev_comm[0]: 184.752, rev_comm[1]: 1840.852, rev_comm[2]: 211.658, inte[1]: 138.855
[Rank 225] inte[0]: 204.314, comm[0]: 210.351, comm[1]: 1812.875, comm[2]: 208.767, force: 2910.574, rev_comm[0]: 202.445, rev_comm[1]: 1831.248, rev_comm[2]: 232.748, inte[1]: 140.109
[Rank 226] inte[0]: 204.676, comm[0]: 207.485, comm[1]: 1785.286, comm[2]: 206.474, force: 2914.518, rev_comm[0]: 204.504, rev_comm[1]: 1806.363, rev_comm[2]: 230.047, inte[1]: 140.720
[Rank 227] inte[0]: 204.741, comm[0]: 194.268, comm[1]: 1820.512, comm[2]: 194.419, force: 2912.408, rev_comm[0]: 190.769, rev_comm[1]: 1836.135, rev_comm[2]: 218.618, inte[1]: 139.520
[Rank 228] inte[0]: 204.581, comm[0]: 212.379, comm[1]: 1919.255, comm[2]: 213.734, force: 2951.150, rev_comm[0]: 207.353, rev_comm[1]: 1987.505, rev_comm[2]: 234.313, inte[1]: 141.457
[Rank 229] inte[0]: 204.164, comm[0]: 209.160, comm[1]: 1893.253, comm[2]: 208.877, force: 2996.117, rev_comm[0]: 202.400, rev_comm[1]: 1955.777, rev_comm[2]: 229.692, inte[1]: 141.158
[Rank 230] inte[0]: 204.360, comm[0]: 188.367, comm[1]: 1889.120, comm[2]: 191.310, force: 2925.441, rev_comm[0]: 185.061, rev_comm[1]: 1955.546, rev_comm[2]: 212.857, inte[1]: 139.585
[Rank 231] inte[0]: 205.546, comm[0]: 203.158, comm[1]: 1904.648, comm[2]: 202.031, force: 2960.650, rev_comm[0]: 197.624, rev_comm[1]: 1974.612, rev_comm[2]: 225.746, inte[1]: 141.039
[Rank 232] inte[0]: 205.061, comm[0]: 207.033, comm[1]: 1869.871, comm[2]: 207.164, force: 2972.354, rev_comm[0]: 197.552, rev_comm[1]: 1935.147, rev_comm[2]: 226.852, inte[1]: 140.988
[Rank 233] inte[0]: 204.697, comm[0]: 194.618, comm[1]: 1861.083, comm[2]: 196.390, force: 2940.359, rev_comm[0]: 189.047, rev_comm[1]: 1927.581, rev_comm[2]: 217.122, inte[1]: 139.906
[Rank 234] inte[0]: 205.376, comm[0]: 196.148, comm[1]: 1768.369, comm[2]: 195.244, force: 2969.634, rev_comm[0]: 190.499, rev_comm[1]: 1784.496, rev_comm[2]: 217.632, inte[1]: 140.411
[Rank 235] inte[0]: 205.554, comm[0]: 205.521, comm[1]: 1779.872, comm[2]: 205.495, force: 2931.541, rev_comm[0]: 196.919, rev_comm[1]: 1792.827, rev_comm[2]: 224.138, inte[1]: 140.430
[Rank 236] inte[0]: 204.607, comm[0]: 204.212, comm[1]: 1583.023, comm[2]: 202.459, force: 2951.164, rev_comm[0]: 198.879, rev_comm[1]: 1604.569, rev_comm[2]: 226.363, inte[1]: 140.893
[Rank 237] inte[0]: 205.602, comm[0]: 210.034, comm[1]: 1575.329, comm[2]: 208.938, force: 2948.159, rev_comm[0]: 202.418, rev_comm[1]: 1595.020, rev_comm[2]: 233.801, inte[1]: 141.360
[Rank 238] inte[0]: 205.752, comm[0]: 211.315, comm[1]: 1525.413, comm[2]: 208.854, force: 2969.656, rev_comm[0]: 205.815, rev_comm[1]: 1544.758, rev_comm[2]: 232.191, inte[1]: 142.174
[Rank 239] inte[0]: 203.708, comm[0]: 193.943, comm[1]: 1549.145, comm[2]: 195.636, force: 2949.635, rev_comm[0]: 188.230, rev_comm[1]: 1576.460, rev_comm[2]: 218.892, inte[1]: 140.011
[Rank 240] inte[0]: 205.756, comm[0]: 213.959, comm[1]: 1545.220, comm[2]: 214.322, force: 2951.061, rev_comm[0]: 210.155, rev_comm[1]: 1559.051, rev_comm[2]: 236.528, inte[1]: 141.650
[Rank 241] inte[0]: 204.407, comm[0]: 212.354, comm[1]: 1532.164, comm[2]: 211.199, force: 2963.559, rev_comm[0]: 205.944, rev_comm[1]: 1536.471, rev_comm[2]: 232.208, inte[1]: 141.764
[Rank 242] inte[0]: 203.867, comm[0]: 189.983, comm[1]: 1570.165, comm[2]: 191.999, force: 2925.392, rev_comm[0]: 187.757, rev_comm[1]: 1581.624, rev_comm[2]: 215.090, inte[1]: 140.028
[Rank 243] inte[0]: 205.103, comm[0]: 205.862, comm[1]: 1580.605, comm[2]: 203.995, force: 2943.595, rev_comm[0]: 200.710, rev_comm[1]: 1593.557, rev_comm[2]: 227.822, inte[1]: 142.019
[Rank 244] inte[0]: 204.707, comm[0]: 209.962, comm[1]: 1746.499, comm[2]: 208.684, force: 2952.776, rev_comm[0]: 200.595, rev_comm[1]: 1767.253, rev_comm[2]: 228.069, inte[1]: 141.115
[Rank 245] inte[0]: 203.993, comm[0]: 194.544, comm[1]: 1750.142, comm[2]: 196.326, force: 2961.236, rev_comm[0]: 189.745, rev_comm[1]: 1765.924, rev_comm[2]: 216.830, inte[1]: 140.133
[Rank 246] inte[0]: 204.429, comm[0]: 217.576, comm[1]: 1755.228, comm[2]: 214.152, force: 2991.379, rev_comm[0]: 210.114, rev_comm[1]: 1768.778, rev_comm[2]: 235.789, inte[1]: 141.618
[Rank 247] inte[0]: 205.604, comm[0]: 208.951, comm[1]: 1760.619, comm[2]: 209.257, force: 2956.846, rev_comm[0]: 203.747, rev_comm[1]: 1769.474, rev_comm[2]: 230.051, inte[1]: 141.297
[Rank 248] inte[0]: 204.818, comm[0]: 191.499, comm[1]: 1579.686, comm[2]: 195.201, force: 2903.352, rev_comm[0]: 187.980, rev_comm[1]: 1598.962, rev_comm[2]: 217.508, inte[1]: 140.239
[Rank 249] inte[0]: 205.546, comm[0]: 209.549, comm[1]: 1580.284, comm[2]: 209.831, force: 2960.878, rev_comm[0]: 203.780, rev_comm[1]: 1594.542, rev_comm[2]: 233.556, inte[1]: 141.351
[Rank 250] inte[0]: 205.784, comm[0]: 206.382, comm[1]: 1561.943, comm[2]: 207.775, force: 2956.299, rev_comm[0]: 201.940, rev_comm[1]: 1572.325, rev_comm[2]: 230.922, inte[1]: 141.394
[Rank 251] inte[0]: 203.796, comm[0]: 195.029, comm[1]: 1536.800, comm[2]: 195.187, force: 2949.985, rev_comm[0]: 188.468, rev_comm[1]: 1562.427, rev_comm[2]: 217.369, inte[1]: 140.029
[Rank 252] inte[0]: 204.428, comm[0]: 206.574, comm[1]: 1796.077, comm[2]: 207.914, force: 2908.799, rev_comm[0]: 200.031, rev_comm[1]: 1815.036, rev_comm[2]: 231.051, inte[1]: 140.131
[Rank 253] inte[0]: 204.225, comm[0]: 201.256, comm[1]: 1784.527, comm[2]: 202.178, force: 2917.659, rev_comm[0]: 198.570, rev_comm[1]: 1792.096, rev_comm[2]: 225.593, inte[1]: 140.694
[Rank 254] inte[0]: 203.705, comm[0]: 189.648, comm[1]: 1807.412, comm[2]: 191.147, force: 2933.241, rev_comm[0]: 185.327, rev_comm[1]: 1820.148, rev_comm[2]: 214.149, inte[1]: 139.536
[Rank 255] inte[0]: 204.858, comm[0]: 197.110, comm[1]: 1767.387, comm[2]: 195.536, force: 2936.968, rev_comm[0]: 192.135, rev_comm[1]: 1765.787, rev_comm[2]: 218.423, inte[1]: 140.542
[Max rank 161] inte[0]: 203.332, comm[0]: 189.798, comm[1]: 2110.052, comm[2]: 190.287, force: 2901.074, rev_comm[0]: 183.305, rev_comm[1]: 2155.779, rev_comm[2]: 214.836, inte[1]: 139.303


# Performance Summary:
# MPI_proc OMP_threads nsteps natoms t_total t_force t_neigh t_comm t_other performance perf/thread grep_string t_extra
256 1 100 268435456 0.937066 0.298875 0.000000 0.600711 0.037479 28646388897.426174 111899956.630571 PERF_SUMMARY 0.000000


