[Rank 63] xlo: 322.482469, xhi: 429.976625, ylo: 322.482469, yhi: 429.976625, zlo: 322.482469, zhi: 429.976625
[Rank 62] xlo: 322.482469, xhi: 429.976625, ylo: 322.482469, yhi: 429.976625, zlo: 214.988312, zhi: 322.482469
[Rank 61] xlo: 322.482469, xhi: 429.976625, ylo: 322.482469, yhi: 429.976625, zlo: 107.494156, zhi: 214.988312
[Rank 60] xlo: 322.482469, xhi: 429.976625, ylo: 322.482469, yhi: 429.976625, zlo: 0.000000, zhi: 107.494156
[Rank 7] xlo: 0.000000, xhi: 107.494156, ylo: 107.494156, yhi: 214.988312, zlo: 322.482469, zhi: 429.976625
[Rank 49] xlo: 322.482469, xhi: 429.976625, ylo: 0.000000, yhi: 107.494156, zlo: 107.494156, zhi: 214.988312
[Rank 50] xlo: 322.482469, xhi: 429.976625, ylo: 0.000000, yhi: 107.494156, zlo: 214.988312, zhi: 322.482469
[Rank 19] xlo: 107.494156, xhi: 214.988312, ylo: 0.000000, yhi: 107.494156, zlo: 322.482469, zhi: 429.976625
[Rank 43] xlo: 214.988312, xhi: 322.482469, ylo: 214.988312, yhi: 322.482469, zlo: 322.482469, zhi: 429.976625
[Rank 55] xlo: 322.482469, xhi: 429.976625, ylo: 107.494156, yhi: 214.988312, zlo: 322.482469, zhi: 429.976625
[Rank 48] xlo: 322.482469, xhi: 429.976625, ylo: 0.000000, yhi: 107.494156, zlo: 0.000000, zhi: 107.494156
[Rank 31] xlo: 107.494156, xhi: 214.988312, ylo: 322.482469, yhi: 429.976625, zlo: 322.482469, zhi: 429.976625
[Rank 51] xlo: 322.482469, xhi: 429.976625, ylo: 0.000000, yhi: 107.494156, zlo: 322.482469, zhi: 429.976625
[Rank 21] xlo: 107.494156, xhi: 214.988312, ylo: 107.494156, yhi: 214.988312, zlo: 107.494156, zhi: 214.988312
[Rank 6] xlo: 0.000000, xhi: 107.494156, ylo: 107.494156, yhi: 214.988312, zlo: 214.988312, zhi: 322.482469
[Rank 28] xlo: 107.494156, xhi: 214.988312, ylo: 322.482469, yhi: 429.976625, zlo: 0.000000, zhi: 107.494156
[Rank 29] xlo: 107.494156, xhi: 214.988312, ylo: 322.482469, yhi: 429.976625, zlo: 107.494156, zhi: 214.988312
[Rank 30] xlo: 107.494156, xhi: 214.988312, ylo: 322.482469, yhi: 429.976625, zlo: 214.988312, zhi: 322.482469
[Rank 54] xlo: 322.482469, xhi: 429.976625, ylo: 107.494156, yhi: 214.988312, zlo: 214.988312, zhi: 322.482469
[Rank 14] xlo: 0.000000, xhi: 107.494156, ylo: 322.482469, yhi: 429.976625, zlo: 214.988312, zhi: 322.482469
[Rank 15] xlo: 0.000000, xhi: 107.494156, ylo: 322.482469, yhi: 429.976625, zlo: 322.482469, zhi: 429.976625
[Rank 16] xlo: 107.494156, xhi: 214.988312, ylo: 0.000000, yhi: 107.494156, zlo: 0.000000, zhi: 107.494156
[Rank 33] xlo: 214.988312, xhi: 322.482469, ylo: 0.000000, yhi: 107.494156, zlo: 107.494156, zhi: 214.988312
[Rank 17] xlo: 107.494156, xhi: 214.988312, ylo: 0.000000, yhi: 107.494156, zlo: 107.494156, zhi: 214.988312
[Rank 1] xlo: 0.000000, xhi: 107.494156, ylo: 0.000000, yhi: 107.494156, zlo: 107.494156, zhi: 214.988312
[Rank 2] xlo: 0.000000, xhi: 107.494156, ylo: 0.000000, yhi: 107.494156, zlo: 214.988312, zhi: 322.482469
[Rank 13] xlo: 0.000000, xhi: 107.494156, ylo: 322.482469, yhi: 429.976625, zlo: 107.494156, zhi: 214.988312
[Rank 12] xlo: 0.000000, xhi: 107.494156, ylo: 322.482469, yhi: 429.976625, zlo: 0.000000, zhi: 107.494156
[Rank 18] xlo: 107.494156, xhi: 214.988312, ylo: 0.000000, yhi: 107.494156, zlo: 214.988312, zhi: 322.482469
[Rank 4] xlo: 0.000000, xhi: 107.494156, ylo: 107.494156, yhi: 214.988312, zlo: 0.000000, zhi: 107.494156
[Rank 20] xlo: 107.494156, xhi: 214.988312, ylo: 107.494156, yhi: 214.988312, zlo: 0.000000, zhi: 107.494156
[Rank 5] xlo: 0.000000, xhi: 107.494156, ylo: 107.494156, yhi: 214.988312, zlo: 107.494156, zhi: 214.988312
[Rank 8] xlo: 0.000000, xhi: 107.494156, ylo: 214.988312, yhi: 322.482469, zlo: 0.000000, zhi: 107.494156
[Rank 11] xlo: 0.000000, xhi: 107.494156, ylo: 214.988312, yhi: 322.482469, zlo: 322.482469, zhi: 429.976625
[Rank 26] xlo: 107.494156, xhi: 214.988312, ylo: 214.988312, yhi: 322.482469, zlo: 214.988312, zhi: 322.482469
[Rank 27] xlo: 107.494156, xhi: 214.988312, ylo: 214.988312, yhi: 322.482469, zlo: 322.482469, zhi: 429.976625
# Create System:
[Rank 0] xlo: 0.000000, xhi: 107.494156, ylo: 0.000000, yhi: 107.494156, zlo: 0.000000, zhi: 107.494156
# Done .... 
# miniMD-Reference 1.2 (MPI+OpenMP) output ...
# Run Settings: 
	# MPI processes: 64
	# Host Threads: 1
	# Inputfile: in.lj.miniMD
	# Datafile: None
# Physics Settings: 
	# ForceStyle: LJ
	# Force Parameters: 1.00 1.00
	# Units: LJ
	# Atoms: 67108864
	# Atom types: 8
	# System size: 429.98 429.98 429.98 (unit cells: 256 256 256)
	# Density: 0.844200
	# Force cutoff: 2.500000
	# Timestep size: 0.005000
# Technical Settings: 
	# Neigh cutoff: 2.800000
	# Half neighborlists: 1
	# Team neighborlist construction: 0
	# Neighbor bins: 153 153 153
	# Neighbor frequency: 1000
	# Sorting frequency: 1000
	# Thermo frequency: 100
	# Ghost Newton: 1
	# Use intrinsics: 0
	# Do safe exchange: 0
	# Size of float: 8

[Rank 38] xlo: 214.988312, xhi: 322.482469, ylo: 107.494156, yhi: 214.988312, zlo: 214.988312, zhi: 322.482469
[Rank 3] xlo: 0.000000, xhi: 107.494156, ylo: 0.000000, yhi: 107.494156, zlo: 322.482469, zhi: 429.976625
[Rank 52] xlo: 322.482469, xhi: 429.976625, ylo: 107.494156, yhi: 214.988312, zlo: 0.000000, zhi: 107.494156
[Rank 53] xlo: 322.482469, xhi: 429.976625, ylo: 107.494156, yhi: 214.988312, zlo: 107.494156, zhi: 214.988312
[Rank 39] xlo: 214.988312, xhi: 322.482469, ylo: 107.494156, yhi: 214.988312, zlo: 322.482469, zhi: 429.976625
[Rank 22] xlo: 107.494156, xhi: 214.988312, ylo: 107.494156, yhi: 214.988312, zlo: 214.988312, zhi: 322.482469
[Rank 23] xlo: 107.494156, xhi: 214.988312, ylo: 107.494156, yhi: 214.988312, zlo: 322.482469, zhi: 429.976625
[Rank 9] xlo: 0.000000, xhi: 107.494156, ylo: 214.988312, yhi: 322.482469, zlo: 107.494156, zhi: 214.988312
[Rank 10] xlo: 0.000000, xhi: 107.494156, ylo: 214.988312, yhi: 322.482469, zlo: 214.988312, zhi: 322.482469
[Rank 25] xlo: 107.494156, xhi: 214.988312, ylo: 214.988312, yhi: 322.482469, zlo: 107.494156, zhi: 214.988312
[Rank 24] xlo: 107.494156, xhi: 214.988312, ylo: 214.988312, yhi: 322.482469, zlo: 0.000000, zhi: 107.494156
[Rank 37] xlo: 214.988312, xhi: 322.482469, ylo: 107.494156, yhi: 214.988312, zlo: 107.494156, zhi: 214.988312
[Rank 36] xlo: 214.988312, xhi: 322.482469, ylo: 107.494156, yhi: 214.988312, zlo: 0.000000, zhi: 107.494156
[Rank 32] xlo: 214.988312, xhi: 322.482469, ylo: 0.000000, yhi: 107.494156, zlo: 0.000000, zhi: 107.494156
[Rank 35] xlo: 214.988312, xhi: 322.482469, ylo: 0.000000, yhi: 107.494156, zlo: 322.482469, zhi: 429.976625
[Rank 34] xlo: 214.988312, xhi: 322.482469, ylo: 0.000000, yhi: 107.494156, zlo: 214.988312, zhi: 322.482469
[Rank 46] xlo: 214.988312, xhi: 322.482469, ylo: 322.482469, yhi: 429.976625, zlo: 214.988312, zhi: 322.482469
[Rank 47] xlo: 214.988312, xhi: 322.482469, ylo: 322.482469, yhi: 429.976625, zlo: 322.482469, zhi: 429.976625
[Rank 56] xlo: 322.482469, xhi: 429.976625, ylo: 214.988312, yhi: 322.482469, zlo: 0.000000, zhi: 107.494156
[Rank 59] xlo: 322.482469, xhi: 429.976625, ylo: 214.988312, yhi: 322.482469, zlo: 322.482469, zhi: 429.976625
[Rank 45] xlo: 214.988312, xhi: 322.482469, ylo: 322.482469, yhi: 429.976625, zlo: 107.494156, zhi: 214.988312
[Rank 44] xlo: 214.988312, xhi: 322.482469, ylo: 322.482469, yhi: 429.976625, zlo: 0.000000, zhi: 107.494156
[Rank 41] xlo: 214.988312, xhi: 322.482469, ylo: 214.988312, yhi: 322.482469, zlo: 107.494156, zhi: 214.988312
[Rank 40] xlo: 214.988312, xhi: 322.482469, ylo: 214.988312, yhi: 322.482469, zlo: 0.000000, zhi: 107.494156
[Rank 42] xlo: 214.988312, xhi: 322.482469, ylo: 214.988312, yhi: 322.482469, zlo: 214.988312, zhi: 322.482469
[Rank 58] xlo: 322.482469, xhi: 429.976625, ylo: 214.988312, yhi: 322.482469, zlo: 214.988312, zhi: 322.482469
[Rank 57] xlo: 322.482469, xhi: 429.976625, ylo: 214.988312, yhi: 322.482469, zlo: 107.494156, zhi: 214.988312
# Starting dynamics ...
# Timestep T U P Time
0 1.440000e+00 -6.773368e+00 -5.019669e+00  0.000
100 8.112874e-01 -5.836199e+00 3.658783e-02  0.823
[Atom] pack_comm: 600, unpack_comm: 600, pack_comm_self: 0, pack_reverse: 606, unpack_reverse: 606
[Rank 0] inte[0]: 206.277, comm[0]: 210.310, comm[1]: 1772.640, comm[2]: 211.287, force: 2741.573, rev_comm[0]: 204.689, rev_comm[1]: 1808.830, rev_comm[2]: 233.088, inte[1]: 138.105
[Rank 1] inte[0]: 204.363, comm[0]: 205.744, comm[1]: 1768.014, comm[2]: 205.516, force: 2732.105, rev_comm[0]: 199.888, rev_comm[1]: 1788.560, rev_comm[2]: 226.290, inte[1]: 137.661
[Rank 2] inte[0]: 203.282, comm[0]: 192.749, comm[1]: 1750.382, comm[2]: 191.311, force: 2730.565, rev_comm[0]: 188.204, rev_comm[1]: 1782.468, rev_comm[2]: 215.552, inte[1]: 137.472
[Rank 3] inte[0]: 206.277, comm[0]: 201.662, comm[1]: 1766.701, comm[2]: 199.169, force: 2741.843, rev_comm[0]: 194.804, rev_comm[1]: 1785.610, rev_comm[2]: 221.841, inte[1]: 138.761
[Rank 4] inte[0]: 206.921, comm[0]: 204.386, comm[1]: 1726.052, comm[2]: 202.766, force: 2737.622, rev_comm[0]: 193.955, rev_comm[1]: 1752.370, rev_comm[2]: 221.920, inte[1]: 137.805
[Rank 5] inte[0]: 202.920, comm[0]: 192.494, comm[1]: 1734.077, comm[2]: 192.142, force: 2722.698, rev_comm[0]: 187.069, rev_comm[1]: 1756.583, rev_comm[2]: 213.287, inte[1]: 136.163
[Rank 6] inte[0]: 203.863, comm[0]: 207.974, comm[1]: 1724.812, comm[2]: 206.926, force: 2726.004, rev_comm[0]: 200.384, rev_comm[1]: 1739.959, rev_comm[2]: 228.645, inte[1]: 137.329
[Rank 7] inte[0]: 204.849, comm[0]: 203.037, comm[1]: 1743.670, comm[2]: 204.273, force: 2741.784, rev_comm[0]: 197.789, rev_comm[1]: 1754.151, rev_comm[2]: 225.016, inte[1]: 137.968
[Rank 8] inte[0]: 202.773, comm[0]: 187.790, comm[1]: 1731.782, comm[2]: 187.250, force: 2731.666, rev_comm[0]: 184.112, rev_comm[1]: 1734.081, rev_comm[2]: 210.452, inte[1]: 136.872
[Rank 9] inte[0]: 204.922, comm[0]: 208.175, comm[1]: 1732.097, comm[2]: 206.131, force: 2740.864, rev_comm[0]: 200.223, rev_comm[1]: 1733.799, rev_comm[2]: 229.135, inte[1]: 138.406
[Rank 10] inte[0]: 205.329, comm[0]: 206.921, comm[1]: 1756.322, comm[2]: 205.095, force: 2725.837, rev_comm[0]: 200.606, rev_comm[1]: 1765.208, rev_comm[2]: 228.542, inte[1]: 137.470
[Rank 11] inte[0]: 202.944, comm[0]: 189.213, comm[1]: 1769.614, comm[2]: 189.574, force: 2731.879, rev_comm[0]: 183.616, rev_comm[1]: 1778.495, rev_comm[2]: 210.564, inte[1]: 136.865
[Rank 12] inte[0]: 204.766, comm[0]: 204.939, comm[1]: 1802.082, comm[2]: 204.832, force: 2737.999, rev_comm[0]: 198.151, rev_comm[1]: 1823.047, rev_comm[2]: 228.551, inte[1]: 137.911
[Rank 13] inte[0]: 204.819, comm[0]: 206.076, comm[1]: 1780.870, comm[2]: 204.307, force: 2736.319, rev_comm[0]: 201.227, rev_comm[1]: 1806.307, rev_comm[2]: 228.710, inte[1]: 138.458
[Rank 14] inte[0]: 203.808, comm[0]: 190.544, comm[1]: 1791.734, comm[2]: 191.155, force: 2727.419, rev_comm[0]: 186.557, rev_comm[1]: 1812.197, rev_comm[2]: 214.138, inte[1]: 136.460
[Rank 15] inte[0]: 203.447, comm[0]: 188.840, comm[1]: 1781.404, comm[2]: 188.345, force: 2747.481, rev_comm[0]: 184.625, rev_comm[1]: 1798.152, rev_comm[2]: 210.670, inte[1]: 136.854
[Rank 16] inte[0]: 204.480, comm[0]: 206.524, comm[1]: 1979.613, comm[2]: 203.918, force: 2738.184, rev_comm[0]: 200.437, rev_comm[1]: 1997.632, rev_comm[2]: 225.848, inte[1]: 137.624
[Rank 17] inte[0]: 204.075, comm[0]: 200.602, comm[1]: 2008.164, comm[2]: 199.449, force: 2739.427, rev_comm[0]: 196.825, rev_comm[1]: 2026.413, rev_comm[2]: 223.474, inte[1]: 137.865
[Rank 18] inte[0]: 204.521, comm[0]: 207.390, comm[1]: 1994.806, comm[2]: 206.394, force: 2730.426, rev_comm[0]: 201.215, rev_comm[1]: 2008.440, rev_comm[2]: 229.124, inte[1]: 137.552
[Rank 19] inte[0]: 204.536, comm[0]: 204.086, comm[1]: 1991.965, comm[2]: 206.266, force: 2744.746, rev_comm[0]: 199.372, rev_comm[1]: 2009.027, rev_comm[2]: 226.927, inte[1]: 137.543
[Rank 20] inte[0]: 202.881, comm[0]: 188.109, comm[1]: 1746.278, comm[2]: 187.657, force: 2726.723, rev_comm[0]: 184.133, rev_comm[1]: 1746.274, rev_comm[2]: 211.024, inte[1]: 136.684
[Rank 21] inte[0]: 204.989, comm[0]: 203.657, comm[1]: 1767.152, comm[2]: 203.020, force: 2723.313, rev_comm[0]: 197.817, rev_comm[1]: 1789.531, rev_comm[2]: 225.069, inte[1]: 137.586
[Rank 22] inte[0]: 205.334, comm[0]: 204.421, comm[1]: 1511.930, comm[2]: 204.737, force: 2729.780, rev_comm[0]: 198.817, rev_comm[1]: 1527.728, rev_comm[2]: 226.682, inte[1]: 137.272
[Rank 23] inte[0]: 204.688, comm[0]: 193.592, comm[1]: 1533.405, comm[2]: 191.926, force: 2738.433, rev_comm[0]: 188.664, rev_comm[1]: 1549.320, rev_comm[2]: 212.846, inte[1]: 136.997
[Rank 24] inte[0]: 203.926, comm[0]: 206.965, comm[1]: 1532.260, comm[2]: 208.155, force: 2732.534, rev_comm[0]: 201.487, rev_comm[1]: 1546.126, rev_comm[2]: 228.819, inte[1]: 138.018
[Rank 25] inte[0]: 204.859, comm[0]: 204.885, comm[1]: 1513.069, comm[2]: 204.689, force: 2736.107, rev_comm[0]: 199.051, rev_comm[1]: 1517.401, rev_comm[2]: 221.951, inte[1]: 138.057
[Rank 26] inte[0]: 204.084, comm[0]: 186.582, comm[1]: 1750.859, comm[2]: 186.875, force: 2725.898, rev_comm[0]: 182.615, rev_comm[1]: 1756.649, rev_comm[2]: 210.831, inte[1]: 136.538
[Rank 27] inte[0]: 206.149, comm[0]: 201.741, comm[1]: 1763.460, comm[2]: 197.860, force: 2735.584, rev_comm[0]: 195.654, rev_comm[1]: 1771.110, rev_comm[2]: 221.193, inte[1]: 137.672
[Rank 28] inte[0]: 204.613, comm[0]: 206.062, comm[1]: 1989.542, comm[2]: 203.084, force: 2738.210, rev_comm[0]: 196.450, rev_comm[1]: 2009.901, rev_comm[2]: 223.288, inte[1]: 138.293
[Rank 29] inte[0]: 203.532, comm[0]: 188.363, comm[1]: 2000.689, comm[2]: 189.504, force: 2733.584, rev_comm[0]: 183.292, rev_comm[1]: 2016.472, rev_comm[2]: 207.956, inte[1]: 136.148
[Rank 30] inte[0]: 205.382, comm[0]: 202.805, comm[1]: 1989.535, comm[2]: 203.740, force: 2735.603, rev_comm[0]: 197.255, rev_comm[1]: 1996.046, rev_comm[2]: 225.041, inte[1]: 137.518
[Rank 31] inte[0]: 204.218, comm[0]: 200.979, comm[1]: 1995.040, comm[2]: 199.130, force: 2746.410, rev_comm[0]: 194.287, rev_comm[1]: 2006.234, rev_comm[2]: 222.595, inte[1]: 137.934
[Rank 32] inte[0]: 202.896, comm[0]: 187.754, comm[1]: 1806.428, comm[2]: 187.965, force: 2734.956, rev_comm[0]: 183.195, rev_comm[1]: 1825.112, rev_comm[2]: 209.959, inte[1]: 136.714
[Rank 33] inte[0]: 205.166, comm[0]: 205.868, comm[1]: 1787.200, comm[2]: 205.492, force: 2730.736, rev_comm[0]: 200.244, rev_comm[1]: 1805.432, rev_comm[2]: 227.780, inte[1]: 137.981
[Rank 34] inte[0]: 205.727, comm[0]: 207.432, comm[1]: 1773.893, comm[2]: 204.856, force: 2730.810, rev_comm[0]: 203.910, rev_comm[1]: 1779.712, rev_comm[2]: 227.889, inte[1]: 137.855
[Rank 35] inte[0]: 203.624, comm[0]: 193.101, comm[1]: 1799.126, comm[2]: 192.882, force: 2734.852, rev_comm[0]: 188.962, rev_comm[1]: 1810.104, rev_comm[2]: 216.702, inte[1]: 136.916
[Rank 36] inte[0]: 204.505, comm[0]: 190.507, comm[1]: 1760.584, comm[2]: 193.207, force: 2739.251, rev_comm[0]: 187.067, rev_comm[1]: 1797.951, rev_comm[2]: 213.955, inte[1]: 137.520
[Rank 37] inte[0]: 204.511, comm[0]: 202.895, comm[1]: 1751.883, comm[2]: 203.205, force: 2739.087, rev_comm[0]: 197.777, rev_comm[1]: 1771.527, rev_comm[2]: 222.785, inte[1]: 137.996
[Rank 38] inte[0]: 205.230, comm[0]: 202.680, comm[1]: 1723.514, comm[2]: 201.074, force: 2727.440, rev_comm[0]: 199.148, rev_comm[1]: 1747.590, rev_comm[2]: 224.115, inte[1]: 137.580
[Rank 39] inte[0]: 204.189, comm[0]: 197.108, comm[1]: 1739.901, comm[2]: 195.538, force: 2743.417, rev_comm[0]: 191.315, rev_comm[1]: 1770.643, rev_comm[2]: 219.732, inte[1]: 137.665
[Rank 40] inte[0]: 204.963, comm[0]: 204.037, comm[1]: 1728.451, comm[2]: 203.575, force: 2748.513, rev_comm[0]: 194.553, rev_comm[1]: 1754.264, rev_comm[2]: 222.803, inte[1]: 138.118
[Rank 41] inte[0]: 204.593, comm[0]: 193.586, comm[1]: 1728.751, comm[2]: 192.906, force: 2726.977, rev_comm[0]: 188.523, rev_comm[1]: 1751.883, rev_comm[2]: 212.794, inte[1]: 136.889
[Rank 42] inte[0]: 204.899, comm[0]: 208.130, comm[1]: 1735.561, comm[2]: 206.869, force: 2738.299, rev_comm[0]: 201.042, rev_comm[1]: 1750.847, rev_comm[2]: 228.556, inte[1]: 137.971
[Rank 43] inte[0]: 205.300, comm[0]: 203.303, comm[1]: 1731.762, comm[2]: 205.785, force: 2744.683, rev_comm[0]: 199.527, rev_comm[1]: 1743.722, rev_comm[2]: 226.658, inte[1]: 138.323
[Rank 44] inte[0]: 203.868, comm[0]: 186.073, comm[1]: 1771.688, comm[2]: 187.792, force: 2738.685, rev_comm[0]: 182.260, rev_comm[1]: 1780.846, rev_comm[2]: 210.530, inte[1]: 136.276
[Rank 45] inte[0]: 204.579, comm[0]: 188.989, comm[1]: 1752.707, comm[2]: 188.689, force: 2736.748, rev_comm[0]: 183.625, rev_comm[1]: 1774.793, rev_comm[2]: 212.200, inte[1]: 136.839
[Rank 46] inte[0]: 205.357, comm[0]: 205.457, comm[1]: 1767.788, comm[2]: 205.208, force: 2740.729, rev_comm[0]: 199.416, rev_comm[1]: 1779.875, rev_comm[2]: 227.443, inte[1]: 138.104
[Rank 47] inte[0]: 205.389, comm[0]: 207.605, comm[1]: 1795.837, comm[2]: 206.662, force: 2745.996, rev_comm[0]: 201.232, rev_comm[1]: 1809.488, rev_comm[2]: 228.893, inte[1]: 138.293
[Rank 48] inte[0]: 203.808, comm[0]: 207.809, comm[1]: 1570.059, comm[2]: 209.557, force: 2750.357, rev_comm[0]: 202.803, rev_comm[1]: 1589.453, rev_comm[2]: 231.777, inte[1]: 137.736
[Rank 49] inte[0]: 205.019, comm[0]: 204.068, comm[1]: 1541.185, comm[2]: 204.489, force: 2735.056, rev_comm[0]: 198.394, rev_comm[1]: 1555.197, rev_comm[2]: 225.065, inte[1]: 137.605
[Rank 50] inte[0]: 203.040, comm[0]: 186.886, comm[1]: 1562.899, comm[2]: 186.168, force: 2729.884, rev_comm[0]: 183.334, rev_comm[1]: 1579.476, rev_comm[2]: 209.163, inte[1]: 136.088
[Rank 51] inte[0]: 204.964, comm[0]: 200.463, comm[1]: 1548.144, comm[2]: 197.555, force: 2742.780, rev_comm[0]: 195.761, rev_comm[1]: 1557.566, rev_comm[2]: 221.486, inte[1]: 137.902
[Rank 52] inte[0]: 206.099, comm[0]: 207.376, comm[1]: 1705.161, comm[2]: 204.123, force: 2738.463, rev_comm[0]: 197.561, rev_comm[1]: 1729.314, rev_comm[2]: 223.651, inte[1]: 137.602
[Rank 53] inte[0]: 202.760, comm[0]: 191.940, comm[1]: 1728.005, comm[2]: 192.547, force: 2726.618, rev_comm[0]: 186.805, rev_comm[1]: 1751.797, rev_comm[2]: 212.470, inte[1]: 136.417
[Rank 54] inte[0]: 204.802, comm[0]: 206.816, comm[1]: 1714.801, comm[2]: 206.540, force: 2729.517, rev_comm[0]: 199.735, rev_comm[1]: 1734.752, rev_comm[2]: 227.354, inte[1]: 137.935
[Rank 55] inte[0]: 204.204, comm[0]: 201.616, comm[1]: 1735.085, comm[2]: 203.930, force: 2739.154, rev_comm[0]: 196.177, rev_comm[1]: 1756.402, rev_comm[2]: 224.795, inte[1]: 137.674
[Rank 56] inte[0]: 203.494, comm[0]: 186.175, comm[1]: 1565.557, comm[2]: 186.750, force: 2744.676, rev_comm[0]: 181.964, rev_comm[1]: 1579.993, rev_comm[2]: 209.158, inte[1]: 136.680
[Rank 57] inte[0]: 204.946, comm[0]: 208.014, comm[1]: 1561.058, comm[2]: 207.546, force: 2744.972, rev_comm[0]: 200.739, rev_comm[1]: 1578.008, rev_comm[2]: 230.059, inte[1]: 137.985
[Rank 58] inte[0]: 204.521, comm[0]: 204.251, comm[1]: 1540.655, comm[2]: 204.064, force: 2731.291, rev_comm[0]: 198.900, rev_comm[1]: 1557.510, rev_comm[2]: 225.324, inte[1]: 138.134
[Rank 59] inte[0]: 203.176, comm[0]: 189.853, comm[1]: 1518.054, comm[2]: 189.746, force: 2745.039, rev_comm[0]: 184.113, rev_comm[1]: 1545.485, rev_comm[2]: 211.751, inte[1]: 136.719
[Rank 60] inte[0]: 205.590, comm[0]: 204.763, comm[1]: 1570.551, comm[2]: 206.406, force: 2748.145, rev_comm[0]: 198.728, rev_comm[1]: 1588.683, rev_comm[2]: 230.651, inte[1]: 137.337
[Rank 61] inte[0]: 204.303, comm[0]: 201.692, comm[1]: 1546.100, comm[2]: 202.088, force: 2750.644, rev_comm[0]: 198.854, rev_comm[1]: 1565.213, rev_comm[2]: 227.412, inte[1]: 138.136
[Rank 62] inte[0]: 203.359, comm[0]: 189.223, comm[1]: 1564.222, comm[2]: 190.098, force: 2735.094, rev_comm[0]: 185.745, rev_comm[1]: 1580.110, rev_comm[2]: 213.105, inte[1]: 136.301
[Rank 63] inte[0]: 204.033, comm[0]: 193.520, comm[1]: 1534.244, comm[2]: 193.214, force: 2750.020, rev_comm[0]: 188.052, rev_comm[1]: 1561.715, rev_comm[2]: 214.784, inte[1]: 137.544
[Max rank 17] inte[0]: 204.075, comm[0]: 200.602, comm[1]: 2008.164, comm[2]: 199.449, force: 2739.427, rev_comm[0]: 196.825, rev_comm[1]: 2026.413, rev_comm[2]: 223.474, inte[1]: 137.865


# Performance Summary:
# MPI_proc OMP_threads nsteps natoms t_total t_force t_neigh t_comm t_other performance perf/thread grep_string t_extra
64 1 100 67108864 0.823828 0.274222 0.000000 0.513183 0.036423 8145980391.520070 127280943.617501 PERF_SUMMARY 0.000000


