[Rank 60] xlo: 322.482469, xhi: 429.976625, ylo: 322.482469, yhi: 429.976625, zlo: 0.000000, zhi: 107.494156
[Rank 63] xlo: 322.482469, xhi: 429.976625, ylo: 322.482469, yhi: 429.976625, zlo: 322.482469, zhi: 429.976625
[Rank 61] xlo: 322.482469, xhi: 429.976625, ylo: 322.482469, yhi: 429.976625, zlo: 107.494156, zhi: 214.988312
[Rank 62] xlo: 322.482469, xhi: 429.976625, ylo: 322.482469, yhi: 429.976625, zlo: 214.988312, zhi: 322.482469
[Rank 14] xlo: 0.000000, xhi: 107.494156, ylo: 322.482469, yhi: 429.976625, zlo: 214.988312, zhi: 322.482469
[Rank 15] xlo: 0.000000, xhi: 107.494156, ylo: 322.482469, yhi: 429.976625, zlo: 322.482469, zhi: 429.976625
[Rank 13] xlo: 0.000000, xhi: 107.494156, ylo: 322.482469, yhi: 429.976625, zlo: 107.494156, zhi: 214.988312
[Rank 12] xlo: 0.000000, xhi: 107.494156, ylo: 322.482469, yhi: 429.976625, zlo: 0.000000, zhi: 107.494156
[Rank 10] xlo: 0.000000, xhi: 107.494156, ylo: 214.988312, yhi: 322.482469, zlo: 214.988312, zhi: 322.482469
[Rank 11] xlo: 0.000000, xhi: 107.494156, ylo: 214.988312, yhi: 322.482469, zlo: 322.482469, zhi: 429.976625
[Rank 55] xlo: 322.482469, xhi: 429.976625, ylo: 107.494156, yhi: 214.988312, zlo: 322.482469, zhi: 429.976625
[Rank 9] xlo: 0.000000, xhi: 107.494156, ylo: 214.988312, yhi: 322.482469, zlo: 107.494156, zhi: 214.988312
[Rank 8] xlo: 0.000000, xhi: 107.494156, ylo: 214.988312, yhi: 322.482469, zlo: 0.000000, zhi: 107.494156
[Rank 7] xlo: 0.000000, xhi: 107.494156, ylo: 107.494156, yhi: 214.988312, zlo: 322.482469, zhi: 429.976625
[Rank 6] xlo: 0.000000, xhi: 107.494156, ylo: 107.494156, yhi: 214.988312, zlo: 214.988312, zhi: 322.482469
[Rank 34] xlo: 214.988312, xhi: 322.482469, ylo: 0.000000, yhi: 107.494156, zlo: 214.988312, zhi: 322.482469
[Rank 46] xlo: 214.988312, xhi: 322.482469, ylo: 322.482469, yhi: 429.976625, zlo: 214.988312, zhi: 322.482469
[Rank 50] xlo: 322.482469, xhi: 429.976625, ylo: 0.000000, yhi: 107.494156, zlo: 214.988312, zhi: 322.482469
[Rank 37] xlo: 214.988312, xhi: 322.482469, ylo: 107.494156, yhi: 214.988312, zlo: 107.494156, zhi: 214.988312
[Rank 51] xlo: 322.482469, xhi: 429.976625, ylo: 0.000000, yhi: 107.494156, zlo: 322.482469, zhi: 429.976625
[Rank 35] xlo: 214.988312, xhi: 322.482469, ylo: 0.000000, yhi: 107.494156, zlo: 322.482469, zhi: 429.976625
[Rank 38] xlo: 214.988312, xhi: 322.482469, ylo: 107.494156, yhi: 214.988312, zlo: 214.988312, zhi: 322.482469
[Rank 16] xlo: 107.494156, xhi: 214.988312, ylo: 0.000000, yhi: 107.494156, zlo: 0.000000, zhi: 107.494156
[Rank 17] xlo: 107.494156, xhi: 214.988312, ylo: 0.000000, yhi: 107.494156, zlo: 107.494156, zhi: 214.988312
[Rank 42] xlo: 214.988312, xhi: 322.482469, ylo: 214.988312, yhi: 322.482469, zlo: 214.988312, zhi: 322.482469
[Rank 52] xlo: 322.482469, xhi: 429.976625, ylo: 107.494156, yhi: 214.988312, zlo: 0.000000, zhi: 107.494156
[Rank 53] xlo: 322.482469, xhi: 429.976625, ylo: 107.494156, yhi: 214.988312, zlo: 107.494156, zhi: 214.988312
[Rank 41] xlo: 214.988312, xhi: 322.482469, ylo: 214.988312, yhi: 322.482469, zlo: 107.494156, zhi: 214.988312
[Rank 43] xlo: 214.988312, xhi: 322.482469, ylo: 214.988312, yhi: 322.482469, zlo: 322.482469, zhi: 429.976625
[Rank 47] xlo: 214.988312, xhi: 322.482469, ylo: 322.482469, yhi: 429.976625, zlo: 322.482469, zhi: 429.976625
[Rank 40] xlo: 214.988312, xhi: 322.482469, ylo: 214.988312, yhi: 322.482469, zlo: 0.000000, zhi: 107.494156
[Rank 54] xlo: 322.482469, xhi: 429.976625, ylo: 107.494156, yhi: 214.988312, zlo: 214.988312, zhi: 322.482469
[Rank 1] xlo: 0.000000, xhi: 107.494156, ylo: 0.000000, yhi: 107.494156, zlo: 107.494156, zhi: 214.988312
[Rank 48] xlo: 322.482469, xhi: 429.976625, ylo: 0.000000, yhi: 107.494156, zlo: 0.000000, zhi: 107.494156
[Rank 49] xlo: 322.482469, xhi: 429.976625, ylo: 0.000000, yhi: 107.494156, zlo: 107.494156, zhi: 214.988312
[Rank 5] xlo: 0.000000, xhi: 107.494156, ylo: 107.494156, yhi: 214.988312, zlo: 107.494156, zhi: 214.988312
[Rank 45] xlo: 214.988312, xhi: 322.482469, ylo: 322.482469, yhi: 429.976625, zlo: 107.494156, zhi: 214.988312
[Rank 4] xlo: 0.000000, xhi: 107.494156, ylo: 107.494156, yhi: 214.988312, zlo: 0.000000, zhi: 107.494156
[Rank 44] xlo: 214.988312, xhi: 322.482469, ylo: 322.482469, yhi: 429.976625, zlo: 0.000000, zhi: 107.494156
[Rank 36] xlo: 214.988312, xhi: 322.482469, ylo: 107.494156, yhi: 214.988312, zlo: 0.000000, zhi: 107.494156
[Rank 56] xlo: 322.482469, xhi: 429.976625, ylo: 214.988312, yhi: 322.482469, zlo: 0.000000, zhi: 107.494156
[Rank 59] xlo: 322.482469, xhi: 429.976625, ylo: 214.988312, yhi: 322.482469, zlo: 322.482469, zhi: 429.976625
# Create System:
[Rank 0] xlo: 0.000000, xhi: 107.494156, ylo: 0.000000, yhi: 107.494156, zlo: 0.000000, zhi: 107.494156
# Done .... 
# miniMD-Reference 1.2 (MPI+OpenMP) output ...
# Run Settings: 
	# MPI processes: 64
	# Host Threads: 1
	# Inputfile: in.lj.miniMD
	# Datafile: None
# Physics Settings: 
	# ForceStyle: LJ
	# Force Parameters: 1.00 1.00
	# Units: LJ
	# Atoms: 67108864
	# Atom types: 8
	# System size: 429.98 429.98 429.98 (unit cells: 256 256 256)
	# Density: 0.844200
	# Force cutoff: 2.500000
	# Timestep size: 0.005000
# Technical Settings: 
	# Neigh cutoff: 2.800000
	# Half neighborlists: 1
	# Team neighborlist construction: 0
	# Neighbor bins: 153 153 153
	# Neighbor frequency: 1000
	# Sorting frequency: 1000
	# Thermo frequency: 100
	# Ghost Newton: 1
	# Use intrinsics: 0
	# Do safe exchange: 0
	# Size of float: 8

[Rank 39] xlo: 214.988312, xhi: 322.482469, ylo: 107.494156, yhi: 214.988312, zlo: 322.482469, zhi: 429.976625
[Rank 2] xlo: 0.000000, xhi: 107.494156, ylo: 0.000000, yhi: 107.494156, zlo: 214.988312, zhi: 322.482469
[Rank 3] xlo: 0.000000, xhi: 107.494156, ylo: 0.000000, yhi: 107.494156, zlo: 322.482469, zhi: 429.976625
[Rank 57] xlo: 322.482469, xhi: 429.976625, ylo: 214.988312, yhi: 322.482469, zlo: 107.494156, zhi: 214.988312
[Rank 58] xlo: 322.482469, xhi: 429.976625, ylo: 214.988312, yhi: 322.482469, zlo: 214.988312, zhi: 322.482469
[Rank 18] xlo: 107.494156, xhi: 214.988312, ylo: 0.000000, yhi: 107.494156, zlo: 214.988312, zhi: 322.482469
[Rank 19] xlo: 107.494156, xhi: 214.988312, ylo: 0.000000, yhi: 107.494156, zlo: 322.482469, zhi: 429.976625
[Rank 23] xlo: 107.494156, xhi: 214.988312, ylo: 107.494156, yhi: 214.988312, zlo: 322.482469, zhi: 429.976625
[Rank 22] xlo: 107.494156, xhi: 214.988312, ylo: 107.494156, yhi: 214.988312, zlo: 214.988312, zhi: 322.482469
[Rank 33] xlo: 214.988312, xhi: 322.482469, ylo: 0.000000, yhi: 107.494156, zlo: 107.494156, zhi: 214.988312
[Rank 32] xlo: 214.988312, xhi: 322.482469, ylo: 0.000000, yhi: 107.494156, zlo: 0.000000, zhi: 107.494156
[Rank 31] xlo: 107.494156, xhi: 214.988312, ylo: 322.482469, yhi: 429.976625, zlo: 322.482469, zhi: 429.976625
[Rank 20] xlo: 107.494156, xhi: 214.988312, ylo: 107.494156, yhi: 214.988312, zlo: 0.000000, zhi: 107.494156
[Rank 21] xlo: 107.494156, xhi: 214.988312, ylo: 107.494156, yhi: 214.988312, zlo: 107.494156, zhi: 214.988312
[Rank 30] xlo: 107.494156, xhi: 214.988312, ylo: 322.482469, yhi: 429.976625, zlo: 214.988312, zhi: 322.482469
[Rank 29] xlo: 107.494156, xhi: 214.988312, ylo: 322.482469, yhi: 429.976625, zlo: 107.494156, zhi: 214.988312
[Rank 28] xlo: 107.494156, xhi: 214.988312, ylo: 322.482469, yhi: 429.976625, zlo: 0.000000, zhi: 107.494156
[Rank 26] xlo: 107.494156, xhi: 214.988312, ylo: 214.988312, yhi: 322.482469, zlo: 214.988312, zhi: 322.482469
[Rank 27] xlo: 107.494156, xhi: 214.988312, ylo: 214.988312, yhi: 322.482469, zlo: 322.482469, zhi: 429.976625
[Rank 25] xlo: 107.494156, xhi: 214.988312, ylo: 214.988312, yhi: 322.482469, zlo: 107.494156, zhi: 214.988312
[Rank 24] xlo: 107.494156, xhi: 214.988312, ylo: 214.988312, yhi: 322.482469, zlo: 0.000000, zhi: 107.494156
# Starting dynamics ...
# Timestep T U P Time
0 1.440000e+00 -6.773368e+00 -5.019669e+00  0.000
100 8.112874e-01 -5.836199e+00 3.658783e-02  0.843
[Atom] pack_comm: 600, unpack_comm: 600, pack_comm_self: 0, pack_reverse: 606, unpack_reverse: 606
[Rank 0] inte[0]: 205.236, comm[0]: 207.818, comm[1]: 1787.991, comm[2]: 210.435, force: 2841.775, rev_comm[0]: 204.002, rev_comm[1]: 1813.718, rev_comm[2]: 232.070, inte[1]: 139.363
[Rank 1] inte[0]: 205.481, comm[0]: 206.736, comm[1]: 1768.469, comm[2]: 207.384, force: 2875.626, rev_comm[0]: 201.112, rev_comm[1]: 1787.132, rev_comm[2]: 228.516, inte[1]: 139.750
[Rank 2] inte[0]: 204.073, comm[0]: 189.711, comm[1]: 1755.876, comm[2]: 189.887, force: 2832.955, rev_comm[0]: 186.403, rev_comm[1]: 1780.047, rev_comm[2]: 211.458, inte[1]: 138.977
[Rank 3] inte[0]: 206.275, comm[0]: 203.155, comm[1]: 1759.173, comm[2]: 200.191, force: 2827.868, rev_comm[0]: 195.846, rev_comm[1]: 1769.210, rev_comm[2]: 223.732, inte[1]: 139.191
[Rank 4] inte[0]: 205.560, comm[0]: 206.033, comm[1]: 1730.141, comm[2]: 204.788, force: 2855.712, rev_comm[0]: 196.065, rev_comm[1]: 1757.818, rev_comm[2]: 223.750, inte[1]: 140.139
[Rank 5] inte[0]: 203.512, comm[0]: 193.653, comm[1]: 1735.165, comm[2]: 194.143, force: 2857.494, rev_comm[0]: 188.717, rev_comm[1]: 1760.429, rev_comm[2]: 213.879, inte[1]: 138.947
[Rank 6] inte[0]: 204.570, comm[0]: 213.011, comm[1]: 1726.805, comm[2]: 211.324, force: 2849.723, rev_comm[0]: 205.900, rev_comm[1]: 1744.677, rev_comm[2]: 234.576, inte[1]: 139.818
[Rank 7] inte[0]: 204.473, comm[0]: 209.324, comm[1]: 1744.641, comm[2]: 208.927, force: 2891.325, rev_comm[0]: 203.426, rev_comm[1]: 1757.946, rev_comm[2]: 229.977, inte[1]: 139.915
[Rank 8] inte[0]: 203.873, comm[0]: 191.991, comm[1]: 1736.243, comm[2]: 191.853, force: 2864.569, rev_comm[0]: 188.054, rev_comm[1]: 1732.363, rev_comm[2]: 214.340, inte[1]: 139.107
[Rank 9] inte[0]: 205.565, comm[0]: 206.696, comm[1]: 1732.561, comm[2]: 204.363, force: 2880.686, rev_comm[0]: 199.248, rev_comm[1]: 1737.947, rev_comm[2]: 228.603, inte[1]: 139.969
[Rank 10] inte[0]: 205.964, comm[0]: 208.716, comm[1]: 1761.722, comm[2]: 206.077, force: 2887.386, rev_comm[0]: 202.661, rev_comm[1]: 1772.927, rev_comm[2]: 229.181, inte[1]: 139.934
[Rank 11] inte[0]: 203.561, comm[0]: 190.401, comm[1]: 1763.335, comm[2]: 190.900, force: 2886.349, rev_comm[0]: 186.530, rev_comm[1]: 1769.839, rev_comm[2]: 213.278, inte[1]: 138.099
[Rank 12] inte[0]: 205.382, comm[0]: 210.321, comm[1]: 1803.632, comm[2]: 210.667, force: 2867.070, rev_comm[0]: 203.819, rev_comm[1]: 1821.536, rev_comm[2]: 236.035, inte[1]: 140.035
[Rank 13] inte[0]: 205.815, comm[0]: 206.370, comm[1]: 1779.160, comm[2]: 206.262, force: 2835.114, rev_comm[0]: 202.605, rev_comm[1]: 1797.709, rev_comm[2]: 230.149, inte[1]: 139.421
[Rank 14] inte[0]: 204.206, comm[0]: 194.162, comm[1]: 1803.357, comm[2]: 193.575, force: 2838.063, rev_comm[0]: 188.777, rev_comm[1]: 1822.058, rev_comm[2]: 216.419, inte[1]: 138.887
[Rank 15] inte[0]: 203.545, comm[0]: 189.648, comm[1]: 1757.790, comm[2]: 190.928, force: 2884.479, rev_comm[0]: 186.633, rev_comm[1]: 1768.291, rev_comm[2]: 213.655, inte[1]: 139.212
[Rank 16] inte[0]: 204.890, comm[0]: 208.124, comm[1]: 1986.248, comm[2]: 206.425, force: 2840.877, rev_comm[0]: 201.441, rev_comm[1]: 2008.664, rev_comm[2]: 226.980, inte[1]: 139.567
[Rank 17] inte[0]: 204.761, comm[0]: 202.036, comm[1]: 2011.944, comm[2]: 201.143, force: 2869.461, rev_comm[0]: 196.952, rev_comm[1]: 2029.852, rev_comm[2]: 225.033, inte[1]: 139.509
[Rank 18] inte[0]: 205.680, comm[0]: 210.251, comm[1]: 2000.784, comm[2]: 209.768, force: 2850.303, rev_comm[0]: 203.127, rev_comm[1]: 2015.632, rev_comm[2]: 229.966, inte[1]: 139.213
[Rank 19] inte[0]: 206.140, comm[0]: 208.377, comm[1]: 1997.299, comm[2]: 208.946, force: 2841.436, rev_comm[0]: 202.586, rev_comm[1]: 2018.077, rev_comm[2]: 229.967, inte[1]: 139.708
[Rank 20] inte[0]: 204.016, comm[0]: 194.940, comm[1]: 1738.978, comm[2]: 194.089, force: 2881.674, rev_comm[0]: 189.934, rev_comm[1]: 1762.397, rev_comm[2]: 215.633, inte[1]: 139.545
[Rank 21] inte[0]: 205.480, comm[0]: 206.787, comm[1]: 1768.694, comm[2]: 204.910, force: 2872.435, rev_comm[0]: 199.176, rev_comm[1]: 1786.339, rev_comm[2]: 226.794, inte[1]: 140.075
[Rank 22] inte[0]: 206.042, comm[0]: 206.778, comm[1]: 1513.416, comm[2]: 206.506, force: 2890.913, rev_comm[0]: 200.337, rev_comm[1]: 1532.088, rev_comm[2]: 227.998, inte[1]: 140.613
[Rank 23] inte[0]: 204.500, comm[0]: 194.455, comm[1]: 1533.676, comm[2]: 194.884, force: 2860.981, rev_comm[0]: 188.957, rev_comm[1]: 1552.413, rev_comm[2]: 216.532, inte[1]: 138.994
[Rank 24] inte[0]: 204.309, comm[0]: 205.487, comm[1]: 1538.202, comm[2]: 207.703, force: 2793.254, rev_comm[0]: 200.951, rev_comm[1]: 1552.040, rev_comm[2]: 229.698, inte[1]: 138.800
[Rank 25] inte[0]: 204.684, comm[0]: 205.753, comm[1]: 1519.483, comm[2]: 205.228, force: 2825.157, rev_comm[0]: 199.566, rev_comm[1]: 1522.162, rev_comm[2]: 226.415, inte[1]: 138.786
[Rank 26] inte[0]: 203.312, comm[0]: 190.273, comm[1]: 1758.978, comm[2]: 191.783, force: 2825.630, rev_comm[0]: 186.808, rev_comm[1]: 1774.498, rev_comm[2]: 214.148, inte[1]: 137.732
[Rank 27] inte[0]: 205.721, comm[0]: 207.268, comm[1]: 1784.255, comm[2]: 202.886, force: 2802.989, rev_comm[0]: 201.191, rev_comm[1]: 1792.053, rev_comm[2]: 225.757, inte[1]: 139.497
[Rank 28] inte[0]: 205.028, comm[0]: 205.604, comm[1]: 1996.801, comm[2]: 202.057, force: 2829.646, rev_comm[0]: 194.824, rev_comm[1]: 2018.947, rev_comm[2]: 221.225, inte[1]: 139.121
[Rank 29] inte[0]: 204.644, comm[0]: 193.094, comm[1]: 2004.587, comm[2]: 194.531, force: 2854.731, rev_comm[0]: 188.970, rev_comm[1]: 2021.318, rev_comm[2]: 214.061, inte[1]: 138.581
[Rank 30] inte[0]: 205.698, comm[0]: 207.786, comm[1]: 2000.279, comm[2]: 208.368, force: 2824.879, rev_comm[0]: 202.431, rev_comm[1]: 2012.688, rev_comm[2]: 229.544, inte[1]: 139.230
[Rank 31] inte[0]: 205.089, comm[0]: 205.841, comm[1]: 2001.102, comm[2]: 204.865, force: 2888.878, rev_comm[0]: 199.921, rev_comm[1]: 2026.792, rev_comm[2]: 229.079, inte[1]: 139.296
[Rank 32] inte[0]: 204.721, comm[0]: 189.180, comm[1]: 1799.625, comm[2]: 189.244, force: 2845.654, rev_comm[0]: 184.192, rev_comm[1]: 1817.008, rev_comm[2]: 212.399, inte[1]: 138.120
[Rank 33] inte[0]: 204.762, comm[0]: 210.655, comm[1]: 1805.475, comm[2]: 209.316, force: 2882.757, rev_comm[0]: 203.559, rev_comm[1]: 1818.117, rev_comm[2]: 232.518, inte[1]: 139.698
[Rank 34] inte[0]: 205.821, comm[0]: 208.394, comm[1]: 1776.981, comm[2]: 207.018, force: 2878.225, rev_comm[0]: 204.304, rev_comm[1]: 1788.666, rev_comm[2]: 229.022, inte[1]: 140.661
[Rank 35] inte[0]: 203.491, comm[0]: 192.701, comm[1]: 1793.424, comm[2]: 193.253, force: 2865.502, rev_comm[0]: 188.455, rev_comm[1]: 1814.070, rev_comm[2]: 216.109, inte[1]: 139.038
[Rank 36] inte[0]: 202.752, comm[0]: 194.211, comm[1]: 1775.449, comm[2]: 196.794, force: 2889.626, rev_comm[0]: 191.114, rev_comm[1]: 1805.130, rev_comm[2]: 217.790, inte[1]: 138.931
[Rank 37] inte[0]: 205.236, comm[0]: 203.892, comm[1]: 1766.462, comm[2]: 203.332, force: 2840.605, rev_comm[0]: 199.348, rev_comm[1]: 1778.342, rev_comm[2]: 224.408, inte[1]: 139.325
[Rank 38] inte[0]: 205.404, comm[0]: 202.496, comm[1]: 1737.741, comm[2]: 202.552, force: 2865.722, rev_comm[0]: 199.735, rev_comm[1]: 1756.271, rev_comm[2]: 224.418, inte[1]: 139.862
[Rank 39] inte[0]: 205.483, comm[0]: 202.935, comm[1]: 1755.482, comm[2]: 200.625, force: 2881.632, rev_comm[0]: 195.827, rev_comm[1]: 1775.596, rev_comm[2]: 224.360, inte[1]: 139.766
[Rank 40] inte[0]: 207.117, comm[0]: 204.834, comm[1]: 1746.186, comm[2]: 203.956, force: 2843.321, rev_comm[0]: 195.147, rev_comm[1]: 1766.656, rev_comm[2]: 223.241, inte[1]: 139.473
[Rank 41] inte[0]: 203.441, comm[0]: 194.029, comm[1]: 1740.698, comm[2]: 194.896, force: 2875.847, rev_comm[0]: 189.058, rev_comm[1]: 1761.601, rev_comm[2]: 214.325, inte[1]: 138.896
[Rank 42] inte[0]: 204.932, comm[0]: 214.331, comm[1]: 1737.112, comm[2]: 211.342, force: 2848.390, rev_comm[0]: 208.175, rev_comm[1]: 1758.317, rev_comm[2]: 233.706, inte[1]: 139.506
[Rank 43] inte[0]: 204.518, comm[0]: 209.820, comm[1]: 1749.858, comm[2]: 210.815, force: 2896.383, rev_comm[0]: 205.062, rev_comm[1]: 1767.610, rev_comm[2]: 231.944, inte[1]: 140.481
[Rank 44] inte[0]: 205.102, comm[0]: 189.754, comm[1]: 1779.169, comm[2]: 189.955, force: 2856.286, rev_comm[0]: 185.676, rev_comm[1]: 1788.778, rev_comm[2]: 211.794, inte[1]: 138.468
[Rank 45] inte[0]: 203.847, comm[0]: 193.837, comm[1]: 1760.346, comm[2]: 193.775, force: 2865.563, rev_comm[0]: 188.100, rev_comm[1]: 1778.254, rev_comm[2]: 216.521, inte[1]: 139.321
[Rank 46] inte[0]: 205.588, comm[0]: 204.966, comm[1]: 1768.144, comm[2]: 203.975, force: 2843.362, rev_comm[0]: 199.160, rev_comm[1]: 1785.637, rev_comm[2]: 226.410, inte[1]: 138.897
[Rank 47] inte[0]: 205.533, comm[0]: 205.005, comm[1]: 1800.731, comm[2]: 204.571, force: 2855.634, rev_comm[0]: 198.905, rev_comm[1]: 1816.588, rev_comm[2]: 227.883, inte[1]: 138.539
[Rank 48] inte[0]: 206.182, comm[0]: 212.265, comm[1]: 1572.638, comm[2]: 213.025, force: 2861.607, rev_comm[0]: 207.163, rev_comm[1]: 1594.790, rev_comm[2]: 235.356, inte[1]: 140.292
[Rank 49] inte[0]: 205.498, comm[0]: 210.170, comm[1]: 1547.165, comm[2]: 209.783, force: 2869.200, rev_comm[0]: 204.085, rev_comm[1]: 1568.493, rev_comm[2]: 228.473, inte[1]: 139.639
[Rank 50] inte[0]: 203.244, comm[0]: 193.884, comm[1]: 1564.483, comm[2]: 193.239, force: 2838.447, rev_comm[0]: 190.143, rev_comm[1]: 1579.803, rev_comm[2]: 215.265, inte[1]: 138.355
[Rank 51] inte[0]: 204.142, comm[0]: 201.018, comm[1]: 1553.361, comm[2]: 199.479, force: 2837.949, rev_comm[0]: 196.071, rev_comm[1]: 1562.242, rev_comm[2]: 220.651, inte[1]: 138.928
[Rank 52] inte[0]: 205.840, comm[0]: 207.450, comm[1]: 1716.953, comm[2]: 203.473, force: 2839.673, rev_comm[0]: 197.329, rev_comm[1]: 1739.010, rev_comm[2]: 224.020, inte[1]: 139.185
[Rank 53] inte[0]: 204.274, comm[0]: 194.054, comm[1]: 1733.262, comm[2]: 194.715, force: 2841.073, rev_comm[0]: 188.957, rev_comm[1]: 1755.051, rev_comm[2]: 215.060, inte[1]: 138.127
[Rank 54] inte[0]: 206.045, comm[0]: 212.171, comm[1]: 1731.573, comm[2]: 210.831, force: 2880.562, rev_comm[0]: 205.505, rev_comm[1]: 1742.494, rev_comm[2]: 233.301, inte[1]: 140.097
[Rank 55] inte[0]: 205.561, comm[0]: 204.369, comm[1]: 1751.486, comm[2]: 206.290, force: 2840.486, rev_comm[0]: 199.827, rev_comm[1]: 1758.916, rev_comm[2]: 226.504, inte[1]: 139.451
[Rank 56] inte[0]: 203.386, comm[0]: 188.483, comm[1]: 1579.302, comm[2]: 189.498, force: 2848.528, rev_comm[0]: 183.360, rev_comm[1]: 1592.983, rev_comm[2]: 212.393, inte[1]: 138.179
[Rank 57] inte[0]: 205.542, comm[0]: 209.903, comm[1]: 1573.691, comm[2]: 209.665, force: 2829.738, rev_comm[0]: 203.310, rev_comm[1]: 1583.304, rev_comm[2]: 232.379, inte[1]: 138.847
[Rank 58] inte[0]: 205.368, comm[0]: 206.842, comm[1]: 1551.237, comm[2]: 205.941, force: 2884.631, rev_comm[0]: 200.520, rev_comm[1]: 1567.734, rev_comm[2]: 228.115, inte[1]: 139.452
[Rank 59] inte[0]: 203.764, comm[0]: 191.545, comm[1]: 1535.608, comm[2]: 192.325, force: 2873.841, rev_comm[0]: 186.114, rev_comm[1]: 1555.605, rev_comm[2]: 213.751, inte[1]: 138.744
[Rank 60] inte[0]: 205.137, comm[0]: 207.597, comm[1]: 1577.316, comm[2]: 208.958, force: 2878.162, rev_comm[0]: 201.243, rev_comm[1]: 1595.523, rev_comm[2]: 233.246, inte[1]: 138.853
[Rank 61] inte[0]: 205.533, comm[0]: 204.197, comm[1]: 1542.048, comm[2]: 203.904, force: 2842.665, rev_comm[0]: 200.340, rev_comm[1]: 1564.156, rev_comm[2]: 227.533, inte[1]: 139.722
[Rank 62] inte[0]: 204.612, comm[0]: 190.376, comm[1]: 1570.639, comm[2]: 191.216, force: 2897.845, rev_comm[0]: 186.771, rev_comm[1]: 1587.334, rev_comm[2]: 215.022, inte[1]: 138.917
[Rank 63] inte[0]: 205.174, comm[0]: 194.302, comm[1]: 1529.258, comm[2]: 193.787, force: 2842.122, rev_comm[0]: 189.407, rev_comm[1]: 1560.826, rev_comm[2]: 216.444, inte[1]: 138.641
[Max rank 17] inte[0]: 204.761, comm[0]: 202.036, comm[1]: 2011.944, comm[2]: 201.143, force: 2869.461, rev_comm[0]: 196.952, rev_comm[1]: 2029.852, rev_comm[2]: 225.033, inte[1]: 139.509


# Performance Summary:
# MPI_proc OMP_threads nsteps natoms t_total t_force t_neigh t_comm t_other performance perf/thread grep_string t_extra
64 1 100 67108864 0.843645 0.284241 0.000000 0.522981 0.036424 7954631438.292201 124291116.223316 PERF_SUMMARY 0.000000


