[Rank 62] xlo: 322.482469, xhi: 429.976625, ylo: 322.482469, yhi: 429.976625, zlo: 214.988312, zhi: 322.482469
[Rank 63] xlo: 322.482469, xhi: 429.976625, ylo: 322.482469, yhi: 429.976625, zlo: 322.482469, zhi: 429.976625
[Rank 61] xlo: 322.482469, xhi: 429.976625, ylo: 322.482469, yhi: 429.976625, zlo: 107.494156, zhi: 214.988312
[Rank 60] xlo: 322.482469, xhi: 429.976625, ylo: 322.482469, yhi: 429.976625, zlo: 0.000000, zhi: 107.494156
[Rank 46] xlo: 214.988312, xhi: 322.482469, ylo: 322.482469, yhi: 429.976625, zlo: 214.988312, zhi: 322.482469
[Rank 31] xlo: 107.494156, xhi: 214.988312, ylo: 322.482469, yhi: 429.976625, zlo: 322.482469, zhi: 429.976625
[Rank 5] xlo: 0.000000, xhi: 107.494156, ylo: 107.494156, yhi: 214.988312, zlo: 107.494156, zhi: 214.988312
[Rank 47] xlo: 214.988312, xhi: 322.482469, ylo: 322.482469, yhi: 429.976625, zlo: 322.482469, zhi: 429.976625
[Rank 30] xlo: 107.494156, xhi: 214.988312, ylo: 322.482469, yhi: 429.976625, zlo: 214.988312, zhi: 322.482469
[Rank 29] xlo: 107.494156, xhi: 214.988312, ylo: 322.482469, yhi: 429.976625, zlo: 107.494156, zhi: 214.988312
[Rank 28] xlo: 107.494156, xhi: 214.988312, ylo: 322.482469, yhi: 429.976625, zlo: 0.000000, zhi: 107.494156
[Rank 45] xlo: 214.988312, xhi: 322.482469, ylo: 322.482469, yhi: 429.976625, zlo: 107.494156, zhi: 214.988312
[Rank 44] xlo: 214.988312, xhi: 322.482469, ylo: 322.482469, yhi: 429.976625, zlo: 0.000000, zhi: 107.494156
[Rank 13] xlo: 0.000000, xhi: 107.494156, ylo: 322.482469, yhi: 429.976625, zlo: 107.494156, zhi: 214.988312
[Rank 14] xlo: 0.000000, xhi: 107.494156, ylo: 322.482469, yhi: 429.976625, zlo: 214.988312, zhi: 322.482469
[Rank 19] xlo: 107.494156, xhi: 214.988312, ylo: 0.000000, yhi: 107.494156, zlo: 322.482469, zhi: 429.976625
[Rank 18] xlo: 107.494156, xhi: 214.988312, ylo: 0.000000, yhi: 107.494156, zlo: 214.988312, zhi: 322.482469
[Rank 54] xlo: 322.482469, xhi: 429.976625, ylo: 107.494156, yhi: 214.988312, zlo: 214.988312, zhi: 322.482469
[Rank 55] xlo: 322.482469, xhi: 429.976625, ylo: 107.494156, yhi: 214.988312, zlo: 322.482469, zhi: 429.976625
[Rank 53] xlo: 322.482469, xhi: 429.976625, ylo: 107.494156, yhi: 214.988312, zlo: 107.494156, zhi: 214.988312
[Rank 52] xlo: 322.482469, xhi: 429.976625, ylo: 107.494156, yhi: 214.988312, zlo: 0.000000, zhi: 107.494156
[Rank 32] xlo: 214.988312, xhi: 322.482469, ylo: 0.000000, yhi: 107.494156, zlo: 0.000000, zhi: 107.494156
[Rank 24] xlo: 107.494156, xhi: 214.988312, ylo: 214.988312, yhi: 322.482469, zlo: 0.000000, zhi: 107.494156
[Rank 35] xlo: 214.988312, xhi: 322.482469, ylo: 0.000000, yhi: 107.494156, zlo: 322.482469, zhi: 429.976625
[Rank 27] xlo: 107.494156, xhi: 214.988312, ylo: 214.988312, yhi: 322.482469, zlo: 322.482469, zhi: 429.976625
[Rank 15] xlo: 0.000000, xhi: 107.494156, ylo: 322.482469, yhi: 429.976625, zlo: 322.482469, zhi: 429.976625
[Rank 12] xlo: 0.000000, xhi: 107.494156, ylo: 322.482469, yhi: 429.976625, zlo: 0.000000, zhi: 107.494156
[Rank 26] xlo: 107.494156, xhi: 214.988312, ylo: 214.988312, yhi: 322.482469, zlo: 214.988312, zhi: 322.482469
[Rank 9] xlo: 0.000000, xhi: 107.494156, ylo: 214.988312, yhi: 322.482469, zlo: 107.494156, zhi: 214.988312
[Rank 8] xlo: 0.000000, xhi: 107.494156, ylo: 214.988312, yhi: 322.482469, zlo: 0.000000, zhi: 107.494156
[Rank 25] xlo: 107.494156, xhi: 214.988312, ylo: 214.988312, yhi: 322.482469, zlo: 107.494156, zhi: 214.988312
[Rank 41] xlo: 214.988312, xhi: 322.482469, ylo: 214.988312, yhi: 322.482469, zlo: 107.494156, zhi: 214.988312
[Rank 34] xlo: 214.988312, xhi: 322.482469, ylo: 0.000000, yhi: 107.494156, zlo: 214.988312, zhi: 322.482469
[Rank 33] xlo: 214.988312, xhi: 322.482469, ylo: 0.000000, yhi: 107.494156, zlo: 107.494156, zhi: 214.988312
[Rank 21] xlo: 107.494156, xhi: 214.988312, ylo: 107.494156, yhi: 214.988312, zlo: 107.494156, zhi: 214.988312
[Rank 11] xlo: 0.000000, xhi: 107.494156, ylo: 214.988312, yhi: 322.482469, zlo: 322.482469, zhi: 429.976625
[Rank 10] xlo: 0.000000, xhi: 107.494156, ylo: 214.988312, yhi: 322.482469, zlo: 214.988312, zhi: 322.482469
[Rank 42] xlo: 214.988312, xhi: 322.482469, ylo: 214.988312, yhi: 322.482469, zlo: 214.988312, zhi: 322.482469
[Rank 43] xlo: 214.988312, xhi: 322.482469, ylo: 214.988312, yhi: 322.482469, zlo: 322.482469, zhi: 429.976625
[Rank 6] xlo: 0.000000, xhi: 107.494156, ylo: 107.494156, yhi: 214.988312, zlo: 214.988312, zhi: 322.482469
[Rank 7] xlo: 0.000000, xhi: 107.494156, ylo: 107.494156, yhi: 214.988312, zlo: 322.482469, zhi: 429.976625
[Rank 16] xlo: 107.494156, xhi: 214.988312, ylo: 0.000000, yhi: 107.494156, zlo: 0.000000, zhi: 107.494156
[Rank 17] xlo: 107.494156, xhi: 214.988312, ylo: 0.000000, yhi: 107.494156, zlo: 107.494156, zhi: 214.988312
[Rank 4] xlo: 0.000000, xhi: 107.494156, ylo: 107.494156, yhi: 214.988312, zlo: 0.000000, zhi: 107.494156
[Rank 2] xlo: 0.000000, xhi: 107.494156, ylo: 0.000000, yhi: 107.494156, zlo: 214.988312, zhi: 322.482469
[Rank 3] xlo: 0.000000, xhi: 107.494156, ylo: 0.000000, yhi: 107.494156, zlo: 322.482469, zhi: 429.976625
[Rank 50] xlo: 322.482469, xhi: 429.976625, ylo: 0.000000, yhi: 107.494156, zlo: 214.988312, zhi: 322.482469
[Rank 51] xlo: 322.482469, xhi: 429.976625, ylo: 0.000000, yhi: 107.494156, zlo: 322.482469, zhi: 429.976625
# Create System:
[Rank 0] xlo: 0.000000, xhi: 107.494156, ylo: 0.000000, yhi: 107.494156, zlo: 0.000000, zhi: 107.494156
# Done .... 
# miniMD-Reference 1.2 (MPI+OpenMP) output ...
# Run Settings: 
	# MPI processes: 64
	# Host Threads: 1
	# Inputfile: in.lj.miniMD
	# Datafile: None
# Physics Settings: 
	# ForceStyle: LJ
	# Force Parameters: 1.00 1.00
	# Units: LJ
	# Atoms: 67108864
	# Atom types: 8
	# System size: 429.98 429.98 429.98 (unit cells: 256 256 256)
	# Density: 0.844200
	# Force cutoff: 2.500000
	# Timestep size: 0.005000
# Technical Settings: 
	# Neigh cutoff: 2.800000
	# Half neighborlists: 1
	# Team neighborlist construction: 0
	# Neighbor bins: 153 153 153
	# Neighbor frequency: 1000
	# Sorting frequency: 1000
	# Thermo frequency: 100
	# Ghost Newton: 1
	# Use intrinsics: 0
	# Do safe exchange: 0
	# Size of float: 8

[Rank 1] xlo: 0.000000, xhi: 107.494156, ylo: 0.000000, yhi: 107.494156, zlo: 107.494156, zhi: 214.988312
[Rank 20] xlo: 107.494156, xhi: 214.988312, ylo: 107.494156, yhi: 214.988312, zlo: 0.000000, zhi: 107.494156
[Rank 40] xlo: 214.988312, xhi: 322.482469, ylo: 214.988312, yhi: 322.482469, zlo: 0.000000, zhi: 107.494156
[Rank 49] xlo: 322.482469, xhi: 429.976625, ylo: 0.000000, yhi: 107.494156, zlo: 107.494156, zhi: 214.988312
[Rank 48] xlo: 322.482469, xhi: 429.976625, ylo: 0.000000, yhi: 107.494156, zlo: 0.000000, zhi: 107.494156
[Rank 39] xlo: 214.988312, xhi: 322.482469, ylo: 107.494156, yhi: 214.988312, zlo: 322.482469, zhi: 429.976625
[Rank 38] xlo: 214.988312, xhi: 322.482469, ylo: 107.494156, yhi: 214.988312, zlo: 214.988312, zhi: 322.482469
[Rank 22] xlo: 107.494156, xhi: 214.988312, ylo: 107.494156, yhi: 214.988312, zlo: 214.988312, zhi: 322.482469
[Rank 23] xlo: 107.494156, xhi: 214.988312, ylo: 107.494156, yhi: 214.988312, zlo: 322.482469, zhi: 429.976625
[Rank 37] xlo: 214.988312, xhi: 322.482469, ylo: 107.494156, yhi: 214.988312, zlo: 107.494156, zhi: 214.988312
[Rank 36] xlo: 214.988312, xhi: 322.482469, ylo: 107.494156, yhi: 214.988312, zlo: 0.000000, zhi: 107.494156
[Rank 59] xlo: 322.482469, xhi: 429.976625, ylo: 214.988312, yhi: 322.482469, zlo: 322.482469, zhi: 429.976625
[Rank 58] xlo: 322.482469, xhi: 429.976625, ylo: 214.988312, yhi: 322.482469, zlo: 214.988312, zhi: 322.482469
[Rank 56] xlo: 322.482469, xhi: 429.976625, ylo: 214.988312, yhi: 322.482469, zlo: 0.000000, zhi: 107.494156
[Rank 57] xlo: 322.482469, xhi: 429.976625, ylo: 214.988312, yhi: 322.482469, zlo: 107.494156, zhi: 214.988312
# Starting dynamics ...
# Timestep T U P Time
0 1.440000e+00 -6.773368e+00 -5.019669e+00  0.000
100 8.112874e-01 -5.836199e+00 3.658783e-02  0.844
[Atom] pack_comm: 600, unpack_comm: 600, pack_comm_self: 0, pack_reverse: 606, unpack_reverse: 606
[Rank 0] inte[0]: 204.749, comm[0]: 208.896, comm[1]: 1782.496, comm[2]: 210.530, force: 2854.120, rev_comm[0]: 203.923, rev_comm[1]: 1806.148, rev_comm[2]: 233.540, inte[1]: 139.223
[Rank 1] inte[0]: 205.391, comm[0]: 208.691, comm[1]: 1768.374, comm[2]: 207.686, force: 2828.937, rev_comm[0]: 201.958, rev_comm[1]: 1778.851, rev_comm[2]: 227.224, inte[1]: 139.394
[Rank 2] inte[0]: 204.574, comm[0]: 193.004, comm[1]: 1763.934, comm[2]: 193.829, force: 2848.400, rev_comm[0]: 188.598, rev_comm[1]: 1789.965, rev_comm[2]: 216.305, inte[1]: 138.578
[Rank 3] inte[0]: 205.849, comm[0]: 203.327, comm[1]: 1773.367, comm[2]: 200.666, force: 2841.873, rev_comm[0]: 196.229, rev_comm[1]: 1788.010, rev_comm[2]: 224.334, inte[1]: 139.881
[Rank 4] inte[0]: 206.850, comm[0]: 205.876, comm[1]: 1741.001, comm[2]: 205.386, force: 2876.250, rev_comm[0]: 196.405, rev_comm[1]: 1762.784, rev_comm[2]: 223.766, inte[1]: 140.550
[Rank 5] inte[0]: 204.378, comm[0]: 194.856, comm[1]: 1743.094, comm[2]: 195.851, force: 2872.399, rev_comm[0]: 189.288, rev_comm[1]: 1757.599, rev_comm[2]: 215.346, inte[1]: 138.625
[Rank 6] inte[0]: 204.682, comm[0]: 211.096, comm[1]: 1734.315, comm[2]: 209.267, force: 2867.391, rev_comm[0]: 204.237, rev_comm[1]: 1743.818, rev_comm[2]: 230.156, inte[1]: 139.520
[Rank 7] inte[0]: 205.153, comm[0]: 212.090, comm[1]: 1749.612, comm[2]: 211.624, force: 2843.655, rev_comm[0]: 206.914, rev_comm[1]: 1758.672, rev_comm[2]: 231.300, inte[1]: 139.550
[Rank 8] inte[0]: 205.030, comm[0]: 191.859, comm[1]: 1730.448, comm[2]: 191.216, force: 2821.575, rev_comm[0]: 187.575, rev_comm[1]: 1727.403, rev_comm[2]: 213.054, inte[1]: 138.587
[Rank 9] inte[0]: 204.253, comm[0]: 206.612, comm[1]: 1721.401, comm[2]: 204.663, force: 2846.221, rev_comm[0]: 198.963, rev_comm[1]: 1728.855, rev_comm[2]: 227.353, inte[1]: 139.657
[Rank 10] inte[0]: 204.757, comm[0]: 209.099, comm[1]: 1757.864, comm[2]: 207.065, force: 2816.734, rev_comm[0]: 201.988, rev_comm[1]: 1772.365, rev_comm[2]: 228.607, inte[1]: 139.457
[Rank 11] inte[0]: 203.559, comm[0]: 191.182, comm[1]: 1766.254, comm[2]: 191.952, force: 2819.769, rev_comm[0]: 185.477, rev_comm[1]: 1779.818, rev_comm[2]: 214.592, inte[1]: 137.480
[Rank 12] inte[0]: 204.710, comm[0]: 205.858, comm[1]: 1803.492, comm[2]: 207.414, force: 2881.427, rev_comm[0]: 200.477, rev_comm[1]: 1818.418, rev_comm[2]: 231.280, inte[1]: 139.505
[Rank 13] inte[0]: 204.886, comm[0]: 206.619, comm[1]: 1767.920, comm[2]: 206.537, force: 2856.373, rev_comm[0]: 202.834, rev_comm[1]: 1782.437, rev_comm[2]: 230.804, inte[1]: 140.210
[Rank 14] inte[0]: 203.803, comm[0]: 191.799, comm[1]: 1810.318, comm[2]: 192.967, force: 2822.438, rev_comm[0]: 187.795, rev_comm[1]: 1825.974, rev_comm[2]: 215.024, inte[1]: 138.248
[Rank 15] inte[0]: 203.714, comm[0]: 189.891, comm[1]: 1789.103, comm[2]: 189.955, force: 2898.915, rev_comm[0]: 187.153, rev_comm[1]: 1798.873, rev_comm[2]: 213.098, inte[1]: 139.111
[Rank 16] inte[0]: 205.169, comm[0]: 207.832, comm[1]: 1992.089, comm[2]: 207.086, force: 2865.437, rev_comm[0]: 202.218, rev_comm[1]: 2007.101, rev_comm[2]: 227.310, inte[1]: 139.994
[Rank 17] inte[0]: 204.338, comm[0]: 206.113, comm[1]: 2015.094, comm[2]: 204.857, force: 2885.607, rev_comm[0]: 202.222, rev_comm[1]: 2031.182, rev_comm[2]: 228.190, inte[1]: 139.992
[Rank 18] inte[0]: 205.991, comm[0]: 209.885, comm[1]: 2008.910, comm[2]: 209.875, force: 2864.697, rev_comm[0]: 203.779, rev_comm[1]: 2018.043, rev_comm[2]: 230.546, inte[1]: 139.920
[Rank 19] inte[0]: 205.738, comm[0]: 206.943, comm[1]: 2005.432, comm[2]: 208.862, force: 2852.275, rev_comm[0]: 202.401, rev_comm[1]: 2015.934, rev_comm[2]: 228.721, inte[1]: 139.323
[Rank 20] inte[0]: 204.607, comm[0]: 187.328, comm[1]: 1748.065, comm[2]: 188.471, force: 2814.274, rev_comm[0]: 183.525, rev_comm[1]: 1770.973, rev_comm[2]: 211.311, inte[1]: 138.048
[Rank 21] inte[0]: 205.797, comm[0]: 206.631, comm[1]: 1775.481, comm[2]: 204.424, force: 2856.318, rev_comm[0]: 199.653, rev_comm[1]: 1788.440, rev_comm[2]: 227.054, inte[1]: 139.890
[Rank 22] inte[0]: 205.598, comm[0]: 207.144, comm[1]: 1517.880, comm[2]: 205.743, force: 2824.640, rev_comm[0]: 200.999, rev_comm[1]: 1533.377, rev_comm[2]: 227.808, inte[1]: 139.642
[Rank 23] inte[0]: 203.746, comm[0]: 192.887, comm[1]: 1534.745, comm[2]: 192.558, force: 2798.099, rev_comm[0]: 187.316, rev_comm[1]: 1552.721, rev_comm[2]: 213.869, inte[1]: 137.516
[Rank 24] inte[0]: 205.331, comm[0]: 207.972, comm[1]: 1529.457, comm[2]: 209.690, force: 2891.318, rev_comm[0]: 203.946, rev_comm[1]: 1545.027, rev_comm[2]: 230.900, inte[1]: 140.530
[Rank 25] inte[0]: 203.656, comm[0]: 206.517, comm[1]: 1513.826, comm[2]: 205.253, force: 2838.223, rev_comm[0]: 200.981, rev_comm[1]: 1520.569, rev_comm[2]: 225.617, inte[1]: 139.213
[Rank 26] inte[0]: 203.112, comm[0]: 189.640, comm[1]: 1759.087, comm[2]: 189.488, force: 2839.370, rev_comm[0]: 185.403, rev_comm[1]: 1767.661, rev_comm[2]: 211.505, inte[1]: 138.560
[Rank 27] inte[0]: 204.825, comm[0]: 203.847, comm[1]: 1774.310, comm[2]: 200.135, force: 2827.357, rev_comm[0]: 198.204, rev_comm[1]: 1786.006, rev_comm[2]: 222.488, inte[1]: 138.961
[Rank 28] inte[0]: 205.529, comm[0]: 208.743, comm[1]: 1998.514, comm[2]: 206.585, force: 2883.305, rev_comm[0]: 198.911, rev_comm[1]: 2020.164, rev_comm[2]: 225.995, inte[1]: 140.579
[Rank 29] inte[0]: 203.780, comm[0]: 190.436, comm[1]: 1998.267, comm[2]: 191.438, force: 2860.045, rev_comm[0]: 185.298, rev_comm[1]: 2020.296, rev_comm[2]: 210.587, inte[1]: 137.918
[Rank 30] inte[0]: 205.188, comm[0]: 204.696, comm[1]: 1998.566, comm[2]: 206.343, force: 2840.058, rev_comm[0]: 200.844, rev_comm[1]: 2007.705, rev_comm[2]: 229.139, inte[1]: 139.716
[Rank 31] inte[0]: 204.764, comm[0]: 206.938, comm[1]: 2006.408, comm[2]: 205.224, force: 2886.938, rev_comm[0]: 201.014, rev_comm[1]: 2017.003, rev_comm[2]: 228.296, inte[1]: 140.556
[Rank 32] inte[0]: 203.650, comm[0]: 189.070, comm[1]: 1809.473, comm[2]: 189.024, force: 2860.792, rev_comm[0]: 185.887, rev_comm[1]: 1822.350, rev_comm[2]: 211.402, inte[1]: 138.805
[Rank 33] inte[0]: 204.786, comm[0]: 208.970, comm[1]: 1803.833, comm[2]: 208.395, force: 2825.726, rev_comm[0]: 201.689, rev_comm[1]: 1816.280, rev_comm[2]: 230.581, inte[1]: 139.297
[Rank 34] inte[0]: 205.205, comm[0]: 206.964, comm[1]: 1783.514, comm[2]: 205.218, force: 2822.149, rev_comm[0]: 202.101, rev_comm[1]: 1796.654, rev_comm[2]: 227.491, inte[1]: 139.793
[Rank 35] inte[0]: 204.025, comm[0]: 196.568, comm[1]: 1795.992, comm[2]: 194.972, force: 2880.071, rev_comm[0]: 192.149, rev_comm[1]: 1809.167, rev_comm[2]: 217.130, inte[1]: 139.707
[Rank 36] inte[0]: 204.503, comm[0]: 191.841, comm[1]: 1771.111, comm[2]: 193.906, force: 2822.581, rev_comm[0]: 188.640, rev_comm[1]: 1799.122, rev_comm[2]: 217.020, inte[1]: 138.523
[Rank 37] inte[0]: 204.250, comm[0]: 203.751, comm[1]: 1756.788, comm[2]: 203.546, force: 2857.572, rev_comm[0]: 198.875, rev_comm[1]: 1774.239, rev_comm[2]: 223.267, inte[1]: 138.881
[Rank 38] inte[0]: 206.015, comm[0]: 202.472, comm[1]: 1732.337, comm[2]: 201.723, force: 2824.698, rev_comm[0]: 200.238, rev_comm[1]: 1760.752, rev_comm[2]: 226.559, inte[1]: 139.268
[Rank 39] inte[0]: 204.812, comm[0]: 201.648, comm[1]: 1743.104, comm[2]: 199.487, force: 2831.283, rev_comm[0]: 195.372, rev_comm[1]: 1769.316, rev_comm[2]: 221.972, inte[1]: 139.200
[Rank 40] inte[0]: 205.635, comm[0]: 205.479, comm[1]: 1737.004, comm[2]: 204.626, force: 2865.729, rev_comm[0]: 196.170, rev_comm[1]: 1757.853, rev_comm[2]: 224.566, inte[1]: 139.307
[Rank 41] inte[0]: 203.715, comm[0]: 193.744, comm[1]: 1735.275, comm[2]: 194.192, force: 2836.774, rev_comm[0]: 188.361, rev_comm[1]: 1759.137, rev_comm[2]: 215.340, inte[1]: 138.118
[Rank 42] inte[0]: 205.748, comm[0]: 214.355, comm[1]: 1738.116, comm[2]: 211.440, force: 2861.788, rev_comm[0]: 206.576, rev_comm[1]: 1751.314, rev_comm[2]: 233.105, inte[1]: 140.250
[Rank 43] inte[0]: 203.949, comm[0]: 204.669, comm[1]: 1740.609, comm[2]: 206.341, force: 2833.472, rev_comm[0]: 200.118, rev_comm[1]: 1754.282, rev_comm[2]: 227.146, inte[1]: 139.541
[Rank 44] inte[0]: 203.533, comm[0]: 188.458, comm[1]: 1777.551, comm[2]: 189.420, force: 2875.353, rev_comm[0]: 184.517, rev_comm[1]: 1788.544, rev_comm[2]: 211.801, inte[1]: 138.829
[Rank 45] inte[0]: 203.054, comm[0]: 195.147, comm[1]: 1770.312, comm[2]: 193.981, force: 2879.497, rev_comm[0]: 188.592, rev_comm[1]: 1783.793, rev_comm[2]: 217.417, inte[1]: 138.914
[Rank 46] inte[0]: 204.286, comm[0]: 205.451, comm[1]: 1779.348, comm[2]: 206.169, force: 2853.304, rev_comm[0]: 199.696, rev_comm[1]: 1794.102, rev_comm[2]: 227.926, inte[1]: 139.450
[Rank 47] inte[0]: 204.674, comm[0]: 208.544, comm[1]: 1801.900, comm[2]: 207.934, force: 2839.423, rev_comm[0]: 202.146, rev_comm[1]: 1815.275, rev_comm[2]: 229.688, inte[1]: 139.185
[Rank 48] inte[0]: 204.710, comm[0]: 210.797, comm[1]: 1578.174, comm[2]: 211.206, force: 2878.290, rev_comm[0]: 204.607, rev_comm[1]: 1595.221, rev_comm[2]: 232.140, inte[1]: 139.839
[Rank 49] inte[0]: 204.842, comm[0]: 206.297, comm[1]: 1551.282, comm[2]: 205.671, force: 2818.160, rev_comm[0]: 200.340, rev_comm[1]: 1566.575, rev_comm[2]: 225.361, inte[1]: 138.973
[Rank 50] inte[0]: 202.916, comm[0]: 186.843, comm[1]: 1568.567, comm[2]: 188.155, force: 2823.322, rev_comm[0]: 184.138, rev_comm[1]: 1582.781, rev_comm[2]: 210.542, inte[1]: 137.788
[Rank 51] inte[0]: 204.949, comm[0]: 202.192, comm[1]: 1550.465, comm[2]: 198.748, force: 2853.671, rev_comm[0]: 196.502, rev_comm[1]: 1562.841, rev_comm[2]: 220.781, inte[1]: 139.271
[Rank 52] inte[0]: 206.420, comm[0]: 208.026, comm[1]: 1705.857, comm[2]: 204.371, force: 2862.955, rev_comm[0]: 198.670, rev_comm[1]: 1733.378, rev_comm[2]: 223.118, inte[1]: 139.581
[Rank 53] inte[0]: 203.022, comm[0]: 194.064, comm[1]: 1728.209, comm[2]: 194.953, force: 2862.831, rev_comm[0]: 188.818, rev_comm[1]: 1752.041, rev_comm[2]: 217.162, inte[1]: 138.479
[Rank 54] inte[0]: 204.425, comm[0]: 210.578, comm[1]: 1715.791, comm[2]: 208.553, force: 2889.226, rev_comm[0]: 203.898, rev_comm[1]: 1731.939, rev_comm[2]: 231.528, inte[1]: 140.338
[Rank 55] inte[0]: 205.514, comm[0]: 204.484, comm[1]: 1737.064, comm[2]: 206.221, force: 2853.464, rev_comm[0]: 199.470, rev_comm[1]: 1753.304, rev_comm[2]: 226.623, inte[1]: 139.655
[Rank 56] inte[0]: 203.191, comm[0]: 187.129, comm[1]: 1579.578, comm[2]: 188.135, force: 2863.500, rev_comm[0]: 182.892, rev_comm[1]: 1590.747, rev_comm[2]: 210.598, inte[1]: 138.375
[Rank 57] inte[0]: 204.153, comm[0]: 206.776, comm[1]: 1572.574, comm[2]: 205.010, force: 2842.236, rev_comm[0]: 199.569, rev_comm[1]: 1577.959, rev_comm[2]: 227.358, inte[1]: 139.872
[Rank 58] inte[0]: 205.156, comm[0]: 210.463, comm[1]: 1557.320, comm[2]: 208.964, force: 2832.908, rev_comm[0]: 204.144, rev_comm[1]: 1569.686, rev_comm[2]: 230.490, inte[1]: 139.530
[Rank 59] inte[0]: 203.805, comm[0]: 191.112, comm[1]: 1537.353, comm[2]: 191.139, force: 2837.539, rev_comm[0]: 185.226, rev_comm[1]: 1557.064, rev_comm[2]: 214.178, inte[1]: 137.544
[Rank 60] inte[0]: 205.250, comm[0]: 204.896, comm[1]: 1589.147, comm[2]: 205.693, force: 2840.073, rev_comm[0]: 198.196, rev_comm[1]: 1599.356, rev_comm[2]: 229.852, inte[1]: 138.689
[Rank 61] inte[0]: 205.175, comm[0]: 202.237, comm[1]: 1550.570, comm[2]: 202.486, force: 2855.904, rev_comm[0]: 198.268, rev_comm[1]: 1571.280, rev_comm[2]: 227.106, inte[1]: 139.386
[Rank 62] inte[0]: 203.601, comm[0]: 189.978, comm[1]: 1589.530, comm[2]: 190.444, force: 2826.506, rev_comm[0]: 185.690, rev_comm[1]: 1600.547, rev_comm[2]: 213.032, inte[1]: 138.472
[Rank 63] inte[0]: 204.172, comm[0]: 194.950, comm[1]: 1555.936, comm[2]: 195.598, force: 2854.981, rev_comm[0]: 191.629, rev_comm[1]: 1577.456, rev_comm[2]: 218.757, inte[1]: 138.926
[Max rank 17] inte[0]: 204.338, comm[0]: 206.113, comm[1]: 2015.094, comm[2]: 204.857, force: 2885.607, rev_comm[0]: 202.222, rev_comm[1]: 2031.182, rev_comm[2]: 228.190, inte[1]: 139.992


# Performance Summary:
# MPI_proc OMP_threads nsteps natoms t_total t_force t_neigh t_comm t_other performance perf/thread grep_string t_extra
64 1 100 67108864 0.843975 0.285478 0.000000 0.522070 0.036427 7951523752.201860 124242558.628154 PERF_SUMMARY 0.000000


