[Rank 7] xlo: 107.494156, xhi: 214.988312, ylo: 107.494156, yhi: 214.988312, zlo: 107.494156, zhi: 214.988312
[Rank 6] xlo: 107.494156, xhi: 214.988312, ylo: 107.494156, yhi: 214.988312, zlo: 0.000000, zhi: 107.494156
[Rank 5] xlo: 107.494156, xhi: 214.988312, ylo: 0.000000, yhi: 107.494156, zlo: 107.494156, zhi: 214.988312
[Rank 4] xlo: 107.494156, xhi: 214.988312, ylo: 0.000000, yhi: 107.494156, zlo: 0.000000, zhi: 107.494156
[Rank 1] xlo: 0.000000, xhi: 107.494156, ylo: 0.000000, yhi: 107.494156, zlo: 107.494156, zhi: 214.988312
# Create System:
[Rank 0] xlo: 0.000000, xhi: 107.494156, ylo: 0.000000, yhi: 107.494156, zlo: 0.000000, zhi: 107.494156
# Done .... 
# miniMD-Reference 1.2 (MPI+OpenMP) output ...
# Run Settings: 
	# MPI processes: 8
	# Host Threads: 1
	# Inputfile: in.lj.miniMD
	# Datafile: None
# Physics Settings: 
	# ForceStyle: LJ
	# Force Parameters: 1.00 1.00
	# Units: LJ
	# Atoms: 8388608
	# Atom types: 8
	# System size: 214.99 214.99 214.99 (unit cells: 128 128 128)
	# Density: 0.844200
	# Force cutoff: 2.500000
	# Timestep size: 0.005000
# Technical Settings: 
	# Neigh cutoff: 2.800000
	# Half neighborlists: 1
	# Team neighborlist construction: 0
	# Neighbor bins: 76 76 76
	# Neighbor frequency: 1000
	# Sorting frequency: 1000
	# Thermo frequency: 100
	# Ghost Newton: 1
	# Use intrinsics: 0
	# Do safe exchange: 0
	# Size of float: 8

[Rank 2] xlo: 0.000000, xhi: 107.494156, ylo: 107.494156, yhi: 214.988312, zlo: 0.000000, zhi: 107.494156
[Rank 3] xlo: 0.000000, xhi: 107.494156, ylo: 107.494156, yhi: 214.988312, zlo: 107.494156, zhi: 214.988312
# Starting dynamics ...
# Timestep T U P Time
0 1.440000e+00 -6.773368e+00 -5.019669e+00  0.000
100 7.604485e-01 -5.763730e+00 1.092286e-01  0.599
[Atom] pack_comm: 600, unpack_comm: 600, pack_comm_self: 0, pack_reverse: 606, unpack_reverse: 606
[Rank 0] inte[0]: 204.339, comm[0]: 208.348, comm[1]: 286.009, comm[2]: 208.573, force: 2927.349, rev_comm[0]: 201.034, rev_comm[1]: 290.276, rev_comm[2]: 229.097, inte[1]: 140.574
[Rank 1] inte[0]: 204.020, comm[0]: 207.920, comm[1]: 318.803, comm[2]: 205.780, force: 2918.421, rev_comm[0]: 201.823, rev_comm[1]: 322.372, rev_comm[2]: 227.460, inte[1]: 140.070
[Rank 2] inte[0]: 203.939, comm[0]: 190.662, comm[1]: 561.506, comm[2]: 189.378, force: 2866.242, rev_comm[0]: 185.099, rev_comm[1]: 568.577, rev_comm[2]: 210.462, inte[1]: 139.124
[Rank 3] inte[0]: 203.409, comm[0]: 198.813, comm[1]: 593.934, comm[2]: 199.166, force: 2918.135, rev_comm[0]: 195.551, rev_comm[1]: 602.314, rev_comm[2]: 221.901, inte[1]: 140.331
[Rank 4] inte[0]: 204.565, comm[0]: 201.182, comm[1]: 604.325, comm[2]: 199.722, force: 2804.037, rev_comm[0]: 197.658, rev_comm[1]: 610.491, rev_comm[2]: 221.816, inte[1]: 137.972
[Rank 5] inte[0]: 204.521, comm[0]: 197.395, comm[1]: 604.025, comm[2]: 195.959, force: 2903.189, rev_comm[0]: 191.784, rev_comm[1]: 607.121, rev_comm[2]: 217.176, inte[1]: 139.289
[Rank 6] inte[0]: 205.488, comm[0]: 206.008, comm[1]: 842.929, comm[2]: 205.907, force: 2877.716, rev_comm[0]: 203.908, rev_comm[1]: 855.291, rev_comm[2]: 229.936, inte[1]: 140.886
[Rank 7] inte[0]: 206.656, comm[0]: 209.049, comm[1]: 841.595, comm[2]: 209.544, force: 2895.415, rev_comm[0]: 204.752, rev_comm[1]: 852.932, rev_comm[2]: 233.002, inte[1]: 141.167
[Max rank 6] inte[0]: 205.488, comm[0]: 206.008, comm[1]: 842.929, comm[2]: 205.907, force: 2877.716, rev_comm[0]: 203.908, rev_comm[1]: 855.291, rev_comm[2]: 229.936, inte[1]: 140.886


# Performance Summary:
# MPI_proc OMP_threads nsteps natoms t_total t_force t_neigh t_comm t_other performance perf/thread grep_string t_extra
8 1 100 8388608 0.599384 0.292802 0.000000 0.270326 0.036256 1399537272.570363 174942159.071295 PERF_SUMMARY 0.000000


