[Rank 7] xlo: 107.494156, xhi: 214.988312, ylo: 107.494156, yhi: 214.988312, zlo: 107.494156, zhi: 214.988312
[Rank 6] xlo: 107.494156, xhi: 214.988312, ylo: 107.494156, yhi: 214.988312, zlo: 0.000000, zhi: 107.494156
[Rank 5] xlo: 107.494156, xhi: 214.988312, ylo: 0.000000, yhi: 107.494156, zlo: 107.494156, zhi: 214.988312
[Rank 4] xlo: 107.494156, xhi: 214.988312, ylo: 0.000000, yhi: 107.494156, zlo: 0.000000, zhi: 107.494156
# Create System:
[Rank 0] xlo: 0.000000, xhi: 107.494156, ylo: 0.000000, yhi: 107.494156, zlo: 0.000000, zhi: 107.494156
# Done .... 
# miniMD-Reference 1.2 (MPI+OpenMP) output ...
# Run Settings: 
	# MPI processes: 8
	# Host Threads: 1
	# Inputfile: in.lj.miniMD
	# Datafile: None
# Physics Settings: 
	# ForceStyle: LJ
	# Force Parameters: 1.00 1.00
	# Units: LJ
	# Atoms: 8388608
	# Atom types: 8
	# System size: 214.99 214.99 214.99 (unit cells: 128 128 128)
	# Density: 0.844200
	# Force cutoff: 2.500000
	# Timestep size: 0.005000
# Technical Settings: 
	# Neigh cutoff: 2.800000
	# Half neighborlists: 1
	# Team neighborlist construction: 0
	# Neighbor bins: 76 76 76
	# Neighbor frequency: 1000
	# Sorting frequency: 1000
	# Thermo frequency: 100
	# Ghost Newton: 1
	# Use intrinsics: 0
	# Do safe exchange: 0
	# Size of float: 8

[Rank 1] xlo: 0.000000, xhi: 107.494156, ylo: 0.000000, yhi: 107.494156, zlo: 107.494156, zhi: 214.988312
[Rank 2] xlo: 0.000000, xhi: 107.494156, ylo: 107.494156, yhi: 214.988312, zlo: 0.000000, zhi: 107.494156
[Rank 3] xlo: 0.000000, xhi: 107.494156, ylo: 107.494156, yhi: 214.988312, zlo: 107.494156, zhi: 214.988312
# Starting dynamics ...
# Timestep T U P Time
0 1.440000e+00 -6.773368e+00 -5.019669e+00  0.000
100 7.604485e-01 -5.763730e+00 1.092286e-01  0.601
[Atom] pack_comm: 600, unpack_comm: 600, pack_comm_self: 0, pack_reverse: 606, unpack_reverse: 606
[Rank 0] inte[0]: 204.459, comm[0]: 207.113, comm[1]: 284.598, comm[2]: 207.197, force: 2875.344, rev_comm[0]: 200.387, rev_comm[1]: 288.401, rev_comm[2]: 228.144, inte[1]: 140.350
[Rank 1] inte[0]: 203.895, comm[0]: 207.619, comm[1]: 317.900, comm[2]: 204.667, force: 2875.893, rev_comm[0]: 201.926, rev_comm[1]: 321.715, rev_comm[2]: 226.775, inte[1]: 139.466
[Rank 2] inte[0]: 202.457, comm[0]: 192.059, comm[1]: 555.493, comm[2]: 189.928, force: 2929.513, rev_comm[0]: 185.485, rev_comm[1]: 563.418, rev_comm[2]: 212.066, inte[1]: 139.779
[Rank 3] inte[0]: 204.696, comm[0]: 196.476, comm[1]: 594.091, comm[2]: 195.466, force: 2866.871, rev_comm[0]: 193.850, rev_comm[1]: 603.122, rev_comm[2]: 218.199, inte[1]: 139.330
[Rank 4] inte[0]: 204.842, comm[0]: 200.931, comm[1]: 602.650, comm[2]: 199.620, force: 2898.463, rev_comm[0]: 198.659, rev_comm[1]: 610.255, rev_comm[2]: 222.693, inte[1]: 139.436
[Rank 5] inte[0]: 204.142, comm[0]: 192.616, comm[1]: 604.533, comm[2]: 190.301, force: 2888.457, rev_comm[0]: 187.374, rev_comm[1]: 608.177, rev_comm[2]: 212.333, inte[1]: 139.208
[Rank 6] inte[0]: 205.212, comm[0]: 207.171, comm[1]: 836.128, comm[2]: 206.316, force: 2941.022, rev_comm[0]: 203.783, rev_comm[1]: 850.881, rev_comm[2]: 229.167, inte[1]: 141.368
[Rank 7] inte[0]: 205.547, comm[0]: 208.067, comm[1]: 842.955, comm[2]: 206.990, force: 2964.848, rev_comm[0]: 204.785, rev_comm[1]: 854.705, rev_comm[2]: 231.338, inte[1]: 141.585
[Max rank 7] inte[0]: 205.547, comm[0]: 208.067, comm[1]: 842.955, comm[2]: 206.990, force: 2964.848, rev_comm[0]: 204.785, rev_comm[1]: 854.705, rev_comm[2]: 231.338, inte[1]: 141.585


# Performance Summary:
# MPI_proc OMP_threads nsteps natoms t_total t_force t_neigh t_comm t_other performance perf/thread grep_string t_extra
8 1 100 8388608 0.601256 0.287604 0.000000 0.277354 0.036298 1395180543.792612 174397567.974076 PERF_SUMMARY 0.000000


