[Rank 114] xlo: 322.482469, xhi: 429.976625, ylo: 429.976625, yhi: 537.470781, zlo: 214.988312, zhi: 322.482469
[Rank 113] xlo: 322.482469, xhi: 429.976625, ylo: 429.976625, yhi: 537.470781, zlo: 107.494156, zhi: 214.988312
[Rank 115] xlo: 322.482469, xhi: 429.976625, ylo: 429.976625, yhi: 537.470781, zlo: 322.482469, zhi: 429.976625
[Rank 210] xlo: 644.964937, xhi: 752.459094, ylo: 429.976625, yhi: 537.470781, zlo: 214.988312, zhi: 322.482469
[Rank 112] xlo: 322.482469, xhi: 429.976625, ylo: 429.976625, yhi: 537.470781, zlo: 0.000000, zhi: 107.494156
[Rank 53] xlo: 107.494156, xhi: 214.988312, ylo: 537.470781, yhi: 644.964937, zlo: 107.494156, zhi: 214.988312
[Rank 211] xlo: 644.964937, xhi: 752.459094, ylo: 429.976625, yhi: 537.470781, zlo: 322.482469, zhi: 429.976625
[Rank 225] xlo: 752.459094, xhi: 859.953250, ylo: 0.000000, yhi: 107.494156, zlo: 107.494156, zhi: 214.988312
[Rank 224] xlo: 752.459094, xhi: 859.953250, ylo: 0.000000, yhi: 107.494156, zlo: 0.000000, zhi: 107.494156
[Rank 179] xlo: 537.470781, xhi: 644.964937, ylo: 429.976625, yhi: 537.470781, zlo: 322.482469, zhi: 429.976625
[Rank 173] xlo: 537.470781, xhi: 644.964937, ylo: 322.482469, yhi: 429.976625, zlo: 107.494156, zhi: 214.988312
[Rank 178] xlo: 537.470781, xhi: 644.964937, ylo: 429.976625, yhi: 537.470781, zlo: 214.988312, zhi: 322.482469
[Rank 48] xlo: 107.494156, xhi: 214.988312, ylo: 429.976625, yhi: 537.470781, zlo: 0.000000, zhi: 107.494156
[Rank 49] xlo: 107.494156, xhi: 214.988312, ylo: 429.976625, yhi: 537.470781, zlo: 107.494156, zhi: 214.988312
[Rank 214] xlo: 644.964937, xhi: 752.459094, ylo: 537.470781, yhi: 644.964937, zlo: 214.988312, zhi: 322.482469
[Rank 215] xlo: 644.964937, xhi: 752.459094, ylo: 537.470781, yhi: 644.964937, zlo: 322.482469, zhi: 429.976625
[Rank 174] xlo: 537.470781, xhi: 644.964937, ylo: 322.482469, yhi: 429.976625, zlo: 214.988312, zhi: 322.482469
[Rank 147] xlo: 429.976625, xhi: 537.470781, ylo: 429.976625, yhi: 537.470781, zlo: 322.482469, zhi: 429.976625
[Rank 146] xlo: 429.976625, xhi: 537.470781, ylo: 429.976625, yhi: 537.470781, zlo: 214.988312, zhi: 322.482469
[Rank 241] xlo: 752.459094, xhi: 859.953250, ylo: 429.976625, yhi: 537.470781, zlo: 107.494156, zhi: 214.988312
[Rank 240] xlo: 752.459094, xhi: 859.953250, ylo: 429.976625, yhi: 537.470781, zlo: 0.000000, zhi: 107.494156
[Rank 208] xlo: 644.964937, xhi: 752.459094, ylo: 429.976625, yhi: 537.470781, zlo: 0.000000, zhi: 107.494156
[Rank 226] xlo: 752.459094, xhi: 859.953250, ylo: 0.000000, yhi: 107.494156, zlo: 214.988312, zhi: 322.482469
[Rank 176] xlo: 537.470781, xhi: 644.964937, ylo: 429.976625, yhi: 537.470781, zlo: 0.000000, zhi: 107.494156
[Rank 227] xlo: 752.459094, xhi: 859.953250, ylo: 0.000000, yhi: 107.494156, zlo: 322.482469, zhi: 429.976625
[Rank 209] xlo: 644.964937, xhi: 752.459094, ylo: 429.976625, yhi: 537.470781, zlo: 107.494156, zhi: 214.988312
[Rank 14] xlo: 0.000000, xhi: 107.494156, ylo: 322.482469, yhi: 429.976625, zlo: 214.988312, zhi: 322.482469
[Rank 177] xlo: 537.470781, xhi: 644.964937, ylo: 429.976625, yhi: 537.470781, zlo: 107.494156, zhi: 214.988312
[Rank 80] xlo: 214.988312, xhi: 322.482469, ylo: 429.976625, yhi: 537.470781, zlo: 0.000000, zhi: 107.494156
[Rank 21] xlo: 0.000000, xhi: 107.494156, ylo: 537.470781, yhi: 644.964937, zlo: 107.494156, zhi: 214.988312
[Rank 81] xlo: 214.988312, xhi: 322.482469, ylo: 429.976625, yhi: 537.470781, zlo: 107.494156, zhi: 214.988312
[Rank 50] xlo: 107.494156, xhi: 214.988312, ylo: 429.976625, yhi: 537.470781, zlo: 214.988312, zhi: 322.482469
[Rank 51] xlo: 107.494156, xhi: 214.988312, ylo: 429.976625, yhi: 537.470781, zlo: 322.482469, zhi: 429.976625
[Rank 213] xlo: 644.964937, xhi: 752.459094, ylo: 537.470781, yhi: 644.964937, zlo: 107.494156, zhi: 214.988312
[Rank 212] xlo: 644.964937, xhi: 752.459094, ylo: 537.470781, yhi: 644.964937, zlo: 0.000000, zhi: 107.494156
[Rank 20] xlo: 0.000000, xhi: 107.494156, ylo: 537.470781, yhi: 644.964937, zlo: 0.000000, zhi: 107.494156
[Rank 15] xlo: 0.000000, xhi: 107.494156, ylo: 322.482469, yhi: 429.976625, zlo: 322.482469, zhi: 429.976625
[Rank 195] xlo: 644.964937, xhi: 752.459094, ylo: 0.000000, yhi: 107.494156, zlo: 322.482469, zhi: 429.976625
[Rank 219] xlo: 644.964937, xhi: 752.459094, ylo: 644.964937, yhi: 752.459094, zlo: 322.482469, zhi: 429.976625
[Rank 222] xlo: 644.964937, xhi: 752.459094, ylo: 752.459094, yhi: 859.953250, zlo: 214.988312, zhi: 322.482469
[Rank 194] xlo: 644.964937, xhi: 752.459094, ylo: 0.000000, yhi: 107.494156, zlo: 214.988312, zhi: 322.482469
[Rank 218] xlo: 644.964937, xhi: 752.459094, ylo: 644.964937, yhi: 752.459094, zlo: 214.988312, zhi: 322.482469
[Rank 145] xlo: 429.976625, xhi: 537.470781, ylo: 429.976625, yhi: 537.470781, zlo: 107.494156, zhi: 214.988312
[Rank 223] xlo: 644.964937, xhi: 752.459094, ylo: 752.459094, yhi: 859.953250, zlo: 322.482469, zhi: 429.976625
[Rank 250] xlo: 752.459094, xhi: 859.953250, ylo: 644.964937, yhi: 752.459094, zlo: 214.988312, zhi: 322.482469
[Rank 144] xlo: 429.976625, xhi: 537.470781, ylo: 429.976625, yhi: 537.470781, zlo: 0.000000, zhi: 107.494156
[Rank 254] xlo: 752.459094, xhi: 859.953250, ylo: 752.459094, yhi: 859.953250, zlo: 214.988312, zhi: 322.482469
[Rank 172] xlo: 537.470781, xhi: 644.964937, ylo: 322.482469, yhi: 429.976625, zlo: 0.000000, zhi: 107.494156
[Rank 251] xlo: 752.459094, xhi: 859.953250, ylo: 644.964937, yhi: 752.459094, zlo: 322.482469, zhi: 429.976625
[Rank 255] xlo: 752.459094, xhi: 859.953250, ylo: 752.459094, yhi: 859.953250, zlo: 322.482469, zhi: 429.976625
[Rank 175] xlo: 537.470781, xhi: 644.964937, ylo: 322.482469, yhi: 429.976625, zlo: 322.482469, zhi: 429.976625
[Rank 83] xlo: 214.988312, xhi: 322.482469, ylo: 429.976625, yhi: 537.470781, zlo: 322.482469, zhi: 429.976625
[Rank 242] xlo: 752.459094, xhi: 859.953250, ylo: 429.976625, yhi: 537.470781, zlo: 214.988312, zhi: 322.482469
[Rank 243] xlo: 752.459094, xhi: 859.953250, ylo: 429.976625, yhi: 537.470781, zlo: 322.482469, zhi: 429.976625
[Rank 182] xlo: 537.470781, xhi: 644.964937, ylo: 537.470781, yhi: 644.964937, zlo: 214.988312, zhi: 322.482469
[Rank 183] xlo: 537.470781, xhi: 644.964937, ylo: 537.470781, yhi: 644.964937, zlo: 322.482469, zhi: 429.976625
[Rank 82] xlo: 214.988312, xhi: 322.482469, ylo: 429.976625, yhi: 537.470781, zlo: 214.988312, zhi: 322.482469
[Rank 17] xlo: 0.000000, xhi: 107.494156, ylo: 429.976625, yhi: 537.470781, zlo: 107.494156, zhi: 214.988312
[Rank 18] xlo: 0.000000, xhi: 107.494156, ylo: 429.976625, yhi: 537.470781, zlo: 214.988312, zhi: 322.482469
[Rank 30] xlo: 0.000000, xhi: 107.494156, ylo: 752.459094, yhi: 859.953250, zlo: 214.988312, zhi: 322.482469
[Rank 6] xlo: 0.000000, xhi: 107.494156, ylo: 107.494156, yhi: 214.988312, zlo: 214.988312, zhi: 322.482469
[Rank 31] xlo: 0.000000, xhi: 107.494156, ylo: 752.459094, yhi: 859.953250, zlo: 322.482469, zhi: 429.976625
[Rank 7] xlo: 0.000000, xhi: 107.494156, ylo: 107.494156, yhi: 214.988312, zlo: 322.482469, zhi: 429.976625
[Rank 162] xlo: 537.470781, xhi: 644.964937, ylo: 0.000000, yhi: 107.494156, zlo: 214.988312, zhi: 322.482469
[Rank 216] xlo: 644.964937, xhi: 752.459094, ylo: 644.964937, yhi: 752.459094, zlo: 0.000000, zhi: 107.494156
[Rank 220] xlo: 644.964937, xhi: 752.459094, ylo: 752.459094, yhi: 859.953250, zlo: 0.000000, zhi: 107.494156
[Rank 246] xlo: 752.459094, xhi: 859.953250, ylo: 537.470781, yhi: 644.964937, zlo: 214.988312, zhi: 322.482469
[Rank 217] xlo: 644.964937, xhi: 752.459094, ylo: 644.964937, yhi: 752.459094, zlo: 107.494156, zhi: 214.988312
[Rank 192] xlo: 644.964937, xhi: 752.459094, ylo: 0.000000, yhi: 107.494156, zlo: 0.000000, zhi: 107.494156
[Rank 23] xlo: 0.000000, xhi: 107.494156, ylo: 537.470781, yhi: 644.964937, zlo: 322.482469, zhi: 429.976625
[Rank 221] xlo: 644.964937, xhi: 752.459094, ylo: 752.459094, yhi: 859.953250, zlo: 107.494156, zhi: 214.988312
[Rank 248] xlo: 752.459094, xhi: 859.953250, ylo: 644.964937, yhi: 752.459094, zlo: 0.000000, zhi: 107.494156
[Rank 193] xlo: 644.964937, xhi: 752.459094, ylo: 0.000000, yhi: 107.494156, zlo: 107.494156, zhi: 214.988312
[Rank 22] xlo: 0.000000, xhi: 107.494156, ylo: 537.470781, yhi: 644.964937, zlo: 214.988312, zhi: 322.482469
[Rank 249] xlo: 752.459094, xhi: 859.953250, ylo: 644.964937, yhi: 752.459094, zlo: 107.494156, zhi: 214.988312
[Rank 198] xlo: 644.964937, xhi: 752.459094, ylo: 107.494156, yhi: 214.988312, zlo: 214.988312, zhi: 322.482469
[Rank 199] xlo: 644.964937, xhi: 752.459094, ylo: 107.494156, yhi: 214.988312, zlo: 322.482469, zhi: 429.976625
[Rank 12] xlo: 0.000000, xhi: 107.494156, ylo: 322.482469, yhi: 429.976625, zlo: 0.000000, zhi: 107.494156
[Rank 13] xlo: 0.000000, xhi: 107.494156, ylo: 322.482469, yhi: 429.976625, zlo: 107.494156, zhi: 214.988312
[Rank 170] xlo: 537.470781, xhi: 644.964937, ylo: 214.988312, yhi: 322.482469, zlo: 214.988312, zhi: 322.482469
[Rank 171] xlo: 537.470781, xhi: 644.964937, ylo: 214.988312, yhi: 322.482469, zlo: 322.482469, zhi: 429.976625
[Rank 247] xlo: 752.459094, xhi: 859.953250, ylo: 537.470781, yhi: 644.964937, zlo: 322.482469, zhi: 429.976625
[Rank 26] xlo: 0.000000, xhi: 107.494156, ylo: 644.964937, yhi: 752.459094, zlo: 214.988312, zhi: 322.482469
[Rank 27] xlo: 0.000000, xhi: 107.494156, ylo: 644.964937, yhi: 752.459094, zlo: 322.482469, zhi: 429.976625
[Rank 180] xlo: 537.470781, xhi: 644.964937, ylo: 537.470781, yhi: 644.964937, zlo: 0.000000, zhi: 107.494156
[Rank 253] xlo: 752.459094, xhi: 859.953250, ylo: 752.459094, yhi: 859.953250, zlo: 107.494156, zhi: 214.988312
[Rank 2] xlo: 0.000000, xhi: 107.494156, ylo: 0.000000, yhi: 107.494156, zlo: 214.988312, zhi: 322.482469
[Rank 181] xlo: 537.470781, xhi: 644.964937, ylo: 537.470781, yhi: 644.964937, zlo: 107.494156, zhi: 214.988312
[Rank 231] xlo: 752.459094, xhi: 859.953250, ylo: 107.494156, yhi: 214.988312, zlo: 322.482469, zhi: 429.976625
[Rank 228] xlo: 752.459094, xhi: 859.953250, ylo: 107.494156, yhi: 214.988312, zlo: 0.000000, zhi: 107.494156
[Rank 252] xlo: 752.459094, xhi: 859.953250, ylo: 752.459094, yhi: 859.953250, zlo: 0.000000, zhi: 107.494156
[Rank 3] xlo: 0.000000, xhi: 107.494156, ylo: 0.000000, yhi: 107.494156, zlo: 322.482469, zhi: 429.976625
[Rank 236] xlo: 752.459094, xhi: 859.953250, ylo: 322.482469, yhi: 429.976625, zlo: 0.000000, zhi: 107.494156
[Rank 4] xlo: 0.000000, xhi: 107.494156, ylo: 107.494156, yhi: 214.988312, zlo: 0.000000, zhi: 107.494156
[Rank 232] xlo: 752.459094, xhi: 859.953250, ylo: 214.988312, yhi: 322.482469, zlo: 0.000000, zhi: 107.494156
[Rank 237] xlo: 752.459094, xhi: 859.953250, ylo: 322.482469, yhi: 429.976625, zlo: 107.494156, zhi: 214.988312
[Rank 19] xlo: 0.000000, xhi: 107.494156, ylo: 429.976625, yhi: 537.470781, zlo: 322.482469, zhi: 429.976625
[Rank 5] xlo: 0.000000, xhi: 107.494156, ylo: 107.494156, yhi: 214.988312, zlo: 107.494156, zhi: 214.988312
[Rank 233] xlo: 752.459094, xhi: 859.953250, ylo: 214.988312, yhi: 322.482469, zlo: 107.494156, zhi: 214.988312
[Rank 16] xlo: 0.000000, xhi: 107.494156, ylo: 429.976625, yhi: 537.470781, zlo: 0.000000, zhi: 107.494156
[Rank 28] xlo: 0.000000, xhi: 107.494156, ylo: 752.459094, yhi: 859.953250, zlo: 0.000000, zhi: 107.494156
[Rank 29] xlo: 0.000000, xhi: 107.494156, ylo: 752.459094, yhi: 859.953250, zlo: 107.494156, zhi: 214.988312
[Rank 196] xlo: 644.964937, xhi: 752.459094, ylo: 107.494156, yhi: 214.988312, zlo: 0.000000, zhi: 107.494156
[Rank 197] xlo: 644.964937, xhi: 752.459094, ylo: 107.494156, yhi: 214.988312, zlo: 107.494156, zhi: 214.988312
[Rank 168] xlo: 537.470781, xhi: 644.964937, ylo: 214.988312, yhi: 322.482469, zlo: 0.000000, zhi: 107.494156
[Rank 169] xlo: 537.470781, xhi: 644.964937, ylo: 214.988312, yhi: 322.482469, zlo: 107.494156, zhi: 214.988312
[Rank 10] xlo: 0.000000, xhi: 107.494156, ylo: 214.988312, yhi: 322.482469, zlo: 214.988312, zhi: 322.482469
[Rank 11] xlo: 0.000000, xhi: 107.494156, ylo: 214.988312, yhi: 322.482469, zlo: 322.482469, zhi: 429.976625
[Rank 25] xlo: 0.000000, xhi: 107.494156, ylo: 644.964937, yhi: 752.459094, zlo: 107.494156, zhi: 214.988312
[Rank 207] xlo: 644.964937, xhi: 752.459094, ylo: 322.482469, yhi: 429.976625, zlo: 322.482469, zhi: 429.976625
[Rank 24] xlo: 0.000000, xhi: 107.494156, ylo: 644.964937, yhi: 752.459094, zlo: 0.000000, zhi: 107.494156
# Create System:
[Rank 0] xlo: 0.000000, xhi: 107.494156, ylo: 0.000000, yhi: 107.494156, zlo: 0.000000, zhi: 107.494156
# Done .... 
# miniMD-Reference 1.2 (MPI+OpenMP) output ...
# Run Settings: 
	# MPI processes: 256
	# Host Threads: 1
	# Inputfile: in.lj.miniMD
	# Datafile: None
# Physics Settings: 
	# ForceStyle: LJ
	# Force Parameters: 1.00 1.00
	# Units: LJ
	# Atoms: 268435456
	# Atom types: 8
	# System size: 859.95 859.95 429.98 (unit cells: 512 512 256)
	# Density: 0.844200
	# Force cutoff: 2.500000
	# Timestep size: 0.005000
# Technical Settings: 
	# Neigh cutoff: 2.800000
	# Half neighborlists: 1
	# Team neighborlist construction: 0
	# Neighbor bins: 307 307 153
	# Neighbor frequency: 1000
	# Sorting frequency: 1000
	# Thermo frequency: 100
	# Ghost Newton: 1
	# Use intrinsics: 0
	# Do safe exchange: 0
	# Size of float: 8

[Rank 204] xlo: 644.964937, xhi: 752.459094, ylo: 322.482469, yhi: 429.976625, zlo: 0.000000, zhi: 107.494156
[Rank 1] xlo: 0.000000, xhi: 107.494156, ylo: 0.000000, yhi: 107.494156, zlo: 107.494156, zhi: 214.988312
[Rank 206] xlo: 644.964937, xhi: 752.459094, ylo: 322.482469, yhi: 429.976625, zlo: 214.988312, zhi: 322.482469
[Rank 229] xlo: 752.459094, xhi: 859.953250, ylo: 107.494156, yhi: 214.988312, zlo: 107.494156, zhi: 214.988312
[Rank 230] xlo: 752.459094, xhi: 859.953250, ylo: 107.494156, yhi: 214.988312, zlo: 214.988312, zhi: 322.482469
[Rank 245] xlo: 752.459094, xhi: 859.953250, ylo: 537.470781, yhi: 644.964937, zlo: 107.494156, zhi: 214.988312
[Rank 239] xlo: 752.459094, xhi: 859.953250, ylo: 322.482469, yhi: 429.976625, zlo: 322.482469, zhi: 429.976625
[Rank 187] xlo: 537.470781, xhi: 644.964937, ylo: 644.964937, yhi: 752.459094, zlo: 322.482469, zhi: 429.976625
[Rank 244] xlo: 752.459094, xhi: 859.953250, ylo: 537.470781, yhi: 644.964937, zlo: 0.000000, zhi: 107.494156
[Rank 238] xlo: 752.459094, xhi: 859.953250, ylo: 322.482469, yhi: 429.976625, zlo: 214.988312, zhi: 322.482469
[Rank 186] xlo: 537.470781, xhi: 644.964937, ylo: 644.964937, yhi: 752.459094, zlo: 214.988312, zhi: 322.482469
[Rank 235] xlo: 752.459094, xhi: 859.953250, ylo: 214.988312, yhi: 322.482469, zlo: 322.482469, zhi: 429.976625
[Rank 234] xlo: 752.459094, xhi: 859.953250, ylo: 214.988312, yhi: 322.482469, zlo: 214.988312, zhi: 322.482469
[Rank 205] xlo: 644.964937, xhi: 752.459094, ylo: 322.482469, yhi: 429.976625, zlo: 107.494156, zhi: 214.988312
[Rank 52] xlo: 107.494156, xhi: 214.988312, ylo: 537.470781, yhi: 644.964937, zlo: 0.000000, zhi: 107.494156
[Rank 8] xlo: 0.000000, xhi: 107.494156, ylo: 214.988312, yhi: 322.482469, zlo: 0.000000, zhi: 107.494156
[Rank 9] xlo: 0.000000, xhi: 107.494156, ylo: 214.988312, yhi: 322.482469, zlo: 107.494156, zhi: 214.988312
[Rank 167] xlo: 537.470781, xhi: 644.964937, ylo: 107.494156, yhi: 214.988312, zlo: 322.482469, zhi: 429.976625
[Rank 166] xlo: 537.470781, xhi: 644.964937, ylo: 107.494156, yhi: 214.988312, zlo: 214.988312, zhi: 322.482469
[Rank 185] xlo: 537.470781, xhi: 644.964937, ylo: 644.964937, yhi: 752.459094, zlo: 107.494156, zhi: 214.988312
[Rank 184] xlo: 537.470781, xhi: 644.964937, ylo: 644.964937, yhi: 752.459094, zlo: 0.000000, zhi: 107.494156
[Rank 163] xlo: 537.470781, xhi: 644.964937, ylo: 0.000000, yhi: 107.494156, zlo: 322.482469, zhi: 429.976625
[Rank 203] xlo: 644.964937, xhi: 752.459094, ylo: 214.988312, yhi: 322.482469, zlo: 322.482469, zhi: 429.976625
[Rank 202] xlo: 644.964937, xhi: 752.459094, ylo: 214.988312, yhi: 322.482469, zlo: 214.988312, zhi: 322.482469
[Rank 165] xlo: 537.470781, xhi: 644.964937, ylo: 107.494156, yhi: 214.988312, zlo: 107.494156, zhi: 214.988312
[Rank 54] xlo: 107.494156, xhi: 214.988312, ylo: 537.470781, yhi: 644.964937, zlo: 214.988312, zhi: 322.482469
[Rank 164] xlo: 537.470781, xhi: 644.964937, ylo: 107.494156, yhi: 214.988312, zlo: 0.000000, zhi: 107.494156
[Rank 55] xlo: 107.494156, xhi: 214.988312, ylo: 537.470781, yhi: 644.964937, zlo: 322.482469, zhi: 429.976625
[Rank 101] xlo: 322.482469, xhi: 429.976625, ylo: 107.494156, yhi: 214.988312, zlo: 107.494156, zhi: 214.988312
[Rank 160] xlo: 537.470781, xhi: 644.964937, ylo: 0.000000, yhi: 107.494156, zlo: 0.000000, zhi: 107.494156
[Rank 58] xlo: 107.494156, xhi: 214.988312, ylo: 644.964937, yhi: 752.459094, zlo: 214.988312, zhi: 322.482469
[Rank 161] xlo: 537.470781, xhi: 644.964937, ylo: 0.000000, yhi: 107.494156, zlo: 107.494156, zhi: 214.988312
[Rank 59] xlo: 107.494156, xhi: 214.988312, ylo: 644.964937, yhi: 752.459094, zlo: 322.482469, zhi: 429.976625
[Rank 73] xlo: 214.988312, xhi: 322.482469, ylo: 214.988312, yhi: 322.482469, zlo: 107.494156, zhi: 214.988312
[Rank 100] xlo: 322.482469, xhi: 429.976625, ylo: 107.494156, yhi: 214.988312, zlo: 0.000000, zhi: 107.494156
[Rank 201] xlo: 644.964937, xhi: 752.459094, ylo: 214.988312, yhi: 322.482469, zlo: 107.494156, zhi: 214.988312
[Rank 200] xlo: 644.964937, xhi: 752.459094, ylo: 214.988312, yhi: 322.482469, zlo: 0.000000, zhi: 107.494156
[Rank 142] xlo: 429.976625, xhi: 537.470781, ylo: 322.482469, yhi: 429.976625, zlo: 214.988312, zhi: 322.482469
[Rank 109] xlo: 322.482469, xhi: 429.976625, ylo: 322.482469, yhi: 429.976625, zlo: 107.494156, zhi: 214.988312
[Rank 110] xlo: 322.482469, xhi: 429.976625, ylo: 322.482469, yhi: 429.976625, zlo: 214.988312, zhi: 322.482469
[Rank 111] xlo: 322.482469, xhi: 429.976625, ylo: 322.482469, yhi: 429.976625, zlo: 322.482469, zhi: 429.976625
[Rank 56] xlo: 107.494156, xhi: 214.988312, ylo: 644.964937, yhi: 752.459094, zlo: 0.000000, zhi: 107.494156
[Rank 57] xlo: 107.494156, xhi: 214.988312, ylo: 644.964937, yhi: 752.459094, zlo: 107.494156, zhi: 214.988312
[Rank 117] xlo: 322.482469, xhi: 429.976625, ylo: 537.470781, yhi: 644.964937, zlo: 107.494156, zhi: 214.988312
[Rank 125] xlo: 322.482469, xhi: 429.976625, ylo: 752.459094, yhi: 859.953250, zlo: 107.494156, zhi: 214.988312
[Rank 126] xlo: 322.482469, xhi: 429.976625, ylo: 752.459094, yhi: 859.953250, zlo: 214.988312, zhi: 322.482469
[Rank 118] xlo: 322.482469, xhi: 429.976625, ylo: 537.470781, yhi: 644.964937, zlo: 214.988312, zhi: 322.482469
[Rank 108] xlo: 322.482469, xhi: 429.976625, ylo: 322.482469, yhi: 429.976625, zlo: 0.000000, zhi: 107.494156
[Rank 102] xlo: 322.482469, xhi: 429.976625, ylo: 107.494156, yhi: 214.988312, zlo: 214.988312, zhi: 322.482469
[Rank 103] xlo: 322.482469, xhi: 429.976625, ylo: 107.494156, yhi: 214.988312, zlo: 322.482469, zhi: 429.976625
[Rank 89] xlo: 214.988312, xhi: 322.482469, ylo: 644.964937, yhi: 752.459094, zlo: 107.494156, zhi: 214.988312
[Rank 93] xlo: 214.988312, xhi: 322.482469, ylo: 752.459094, yhi: 859.953250, zlo: 107.494156, zhi: 214.988312
[Rank 45] xlo: 107.494156, xhi: 214.988312, ylo: 322.482469, yhi: 429.976625, zlo: 107.494156, zhi: 214.988312
[Rank 44] xlo: 107.494156, xhi: 214.988312, ylo: 322.482469, yhi: 429.976625, zlo: 0.000000, zhi: 107.494156
[Rank 84] xlo: 214.988312, xhi: 322.482469, ylo: 537.470781, yhi: 644.964937, zlo: 0.000000, zhi: 107.494156
[Rank 116] xlo: 322.482469, xhi: 429.976625, ylo: 537.470781, yhi: 644.964937, zlo: 0.000000, zhi: 107.494156
[Rank 87] xlo: 214.988312, xhi: 322.482469, ylo: 537.470781, yhi: 644.964937, zlo: 322.482469, zhi: 429.976625
[Rank 141] xlo: 429.976625, xhi: 537.470781, ylo: 322.482469, yhi: 429.976625, zlo: 107.494156, zhi: 214.988312
[Rank 85] xlo: 214.988312, xhi: 322.482469, ylo: 537.470781, yhi: 644.964937, zlo: 107.494156, zhi: 214.988312
[Rank 143] xlo: 429.976625, xhi: 537.470781, ylo: 322.482469, yhi: 429.976625, zlo: 322.482469, zhi: 429.976625
[Rank 92] xlo: 214.988312, xhi: 322.482469, ylo: 752.459094, yhi: 859.953250, zlo: 0.000000, zhi: 107.494156
[Rank 140] xlo: 429.976625, xhi: 537.470781, ylo: 322.482469, yhi: 429.976625, zlo: 0.000000, zhi: 107.494156
[Rank 124] xlo: 322.482469, xhi: 429.976625, ylo: 752.459094, yhi: 859.953250, zlo: 0.000000, zhi: 107.494156
[Rank 119] xlo: 322.482469, xhi: 429.976625, ylo: 537.470781, yhi: 644.964937, zlo: 322.482469, zhi: 429.976625
[Rank 77] xlo: 214.988312, xhi: 322.482469, ylo: 322.482469, yhi: 429.976625, zlo: 107.494156, zhi: 214.988312
[Rank 127] xlo: 322.482469, xhi: 429.976625, ylo: 752.459094, yhi: 859.953250, zlo: 322.482469, zhi: 429.976625
[Rank 90] xlo: 214.988312, xhi: 322.482469, ylo: 644.964937, yhi: 752.459094, zlo: 214.988312, zhi: 322.482469
[Rank 76] xlo: 214.988312, xhi: 322.482469, ylo: 322.482469, yhi: 429.976625, zlo: 0.000000, zhi: 107.494156
[Rank 88] xlo: 214.988312, xhi: 322.482469, ylo: 644.964937, yhi: 752.459094, zlo: 0.000000, zhi: 107.494156
[Rank 41] xlo: 107.494156, xhi: 214.988312, ylo: 214.988312, yhi: 322.482469, zlo: 107.494156, zhi: 214.988312
[Rank 42] xlo: 107.494156, xhi: 214.988312, ylo: 214.988312, yhi: 322.482469, zlo: 214.988312, zhi: 322.482469
[Rank 86] xlo: 214.988312, xhi: 322.482469, ylo: 537.470781, yhi: 644.964937, zlo: 214.988312, zhi: 322.482469
[Rank 69] xlo: 214.988312, xhi: 322.482469, ylo: 107.494156, yhi: 214.988312, zlo: 107.494156, zhi: 214.988312
[Rank 68] xlo: 214.988312, xhi: 322.482469, ylo: 107.494156, yhi: 214.988312, zlo: 0.000000, zhi: 107.494156
[Rank 32] xlo: 107.494156, xhi: 214.988312, ylo: 0.000000, yhi: 107.494156, zlo: 0.000000, zhi: 107.494156
[Rank 46] xlo: 107.494156, xhi: 214.988312, ylo: 322.482469, yhi: 429.976625, zlo: 214.988312, zhi: 322.482469
[Rank 104] xlo: 322.482469, xhi: 429.976625, ylo: 214.988312, yhi: 322.482469, zlo: 0.000000, zhi: 107.494156
[Rank 39] xlo: 107.494156, xhi: 214.988312, ylo: 107.494156, yhi: 214.988312, zlo: 322.482469, zhi: 429.976625
[Rank 72] xlo: 214.988312, xhi: 322.482469, ylo: 214.988312, yhi: 322.482469, zlo: 0.000000, zhi: 107.494156
[Rank 47] xlo: 107.494156, xhi: 214.988312, ylo: 322.482469, yhi: 429.976625, zlo: 322.482469, zhi: 429.976625
[Rank 38] xlo: 107.494156, xhi: 214.988312, ylo: 107.494156, yhi: 214.988312, zlo: 214.988312, zhi: 322.482469
[Rank 91] xlo: 214.988312, xhi: 322.482469, ylo: 644.964937, yhi: 752.459094, zlo: 322.482469, zhi: 429.976625
[Rank 97] xlo: 322.482469, xhi: 429.976625, ylo: 0.000000, yhi: 107.494156, zlo: 107.494156, zhi: 214.988312
[Rank 96] xlo: 322.482469, xhi: 429.976625, ylo: 0.000000, yhi: 107.494156, zlo: 0.000000, zhi: 107.494156
[Rank 156] xlo: 429.976625, xhi: 537.470781, ylo: 752.459094, yhi: 859.953250, zlo: 0.000000, zhi: 107.494156
[Rank 129] xlo: 429.976625, xhi: 537.470781, ylo: 0.000000, yhi: 107.494156, zlo: 107.494156, zhi: 214.988312
[Rank 35] xlo: 107.494156, xhi: 214.988312, ylo: 0.000000, yhi: 107.494156, zlo: 322.482469, zhi: 429.976625
[Rank 157] xlo: 429.976625, xhi: 537.470781, ylo: 752.459094, yhi: 859.953250, zlo: 107.494156, zhi: 214.988312
[Rank 128] xlo: 429.976625, xhi: 537.470781, ylo: 0.000000, yhi: 107.494156, zlo: 0.000000, zhi: 107.494156
[Rank 95] xlo: 214.988312, xhi: 322.482469, ylo: 752.459094, yhi: 859.953250, zlo: 322.482469, zhi: 429.976625
[Rank 132] xlo: 429.976625, xhi: 537.470781, ylo: 107.494156, yhi: 214.988312, zlo: 0.000000, zhi: 107.494156
[Rank 130] xlo: 429.976625, xhi: 537.470781, ylo: 0.000000, yhi: 107.494156, zlo: 214.988312, zhi: 322.482469
[Rank 133] xlo: 429.976625, xhi: 537.470781, ylo: 107.494156, yhi: 214.988312, zlo: 107.494156, zhi: 214.988312
[Rank 79] xlo: 214.988312, xhi: 322.482469, ylo: 322.482469, yhi: 429.976625, zlo: 322.482469, zhi: 429.976625
[Rank 94] xlo: 214.988312, xhi: 322.482469, ylo: 752.459094, yhi: 859.953250, zlo: 214.988312, zhi: 322.482469
[Rank 78] xlo: 214.988312, xhi: 322.482469, ylo: 322.482469, yhi: 429.976625, zlo: 214.988312, zhi: 322.482469
[Rank 190] xlo: 537.470781, xhi: 644.964937, ylo: 752.459094, yhi: 859.953250, zlo: 214.988312, zhi: 322.482469
[Rank 43] xlo: 107.494156, xhi: 214.988312, ylo: 214.988312, yhi: 322.482469, zlo: 322.482469, zhi: 429.976625
[Rank 40] xlo: 107.494156, xhi: 214.988312, ylo: 214.988312, yhi: 322.482469, zlo: 0.000000, zhi: 107.494156
[Rank 71] xlo: 214.988312, xhi: 322.482469, ylo: 107.494156, yhi: 214.988312, zlo: 322.482469, zhi: 429.976625
[Rank 70] xlo: 214.988312, xhi: 322.482469, ylo: 107.494156, yhi: 214.988312, zlo: 214.988312, zhi: 322.482469
[Rank 131] xlo: 429.976625, xhi: 537.470781, ylo: 0.000000, yhi: 107.494156, zlo: 322.482469, zhi: 429.976625
[Rank 36] xlo: 107.494156, xhi: 214.988312, ylo: 107.494156, yhi: 214.988312, zlo: 0.000000, zhi: 107.494156
[Rank 37] xlo: 107.494156, xhi: 214.988312, ylo: 107.494156, yhi: 214.988312, zlo: 107.494156, zhi: 214.988312
[Rank 61] xlo: 107.494156, xhi: 214.988312, ylo: 752.459094, yhi: 859.953250, zlo: 107.494156, zhi: 214.988312
[Rank 60] xlo: 107.494156, xhi: 214.988312, ylo: 752.459094, yhi: 859.953250, zlo: 0.000000, zhi: 107.494156
[Rank 98] xlo: 322.482469, xhi: 429.976625, ylo: 0.000000, yhi: 107.494156, zlo: 214.988312, zhi: 322.482469
[Rank 99] xlo: 322.482469, xhi: 429.976625, ylo: 0.000000, yhi: 107.494156, zlo: 322.482469, zhi: 429.976625
[Rank 107] xlo: 322.482469, xhi: 429.976625, ylo: 214.988312, yhi: 322.482469, zlo: 322.482469, zhi: 429.976625
[Rank 74] xlo: 214.988312, xhi: 322.482469, ylo: 214.988312, yhi: 322.482469, zlo: 214.988312, zhi: 322.482469
[Rank 159] xlo: 429.976625, xhi: 537.470781, ylo: 752.459094, yhi: 859.953250, zlo: 322.482469, zhi: 429.976625
[Rank 75] xlo: 214.988312, xhi: 322.482469, ylo: 214.988312, yhi: 322.482469, zlo: 322.482469, zhi: 429.976625
[Rank 158] xlo: 429.976625, xhi: 537.470781, ylo: 752.459094, yhi: 859.953250, zlo: 214.988312, zhi: 322.482469
[Rank 34] xlo: 107.494156, xhi: 214.988312, ylo: 0.000000, yhi: 107.494156, zlo: 214.988312, zhi: 322.482469
[Rank 134] xlo: 429.976625, xhi: 537.470781, ylo: 107.494156, yhi: 214.988312, zlo: 214.988312, zhi: 322.482469
[Rank 33] xlo: 107.494156, xhi: 214.988312, ylo: 0.000000, yhi: 107.494156, zlo: 107.494156, zhi: 214.988312
[Rank 135] xlo: 429.976625, xhi: 537.470781, ylo: 107.494156, yhi: 214.988312, zlo: 322.482469, zhi: 429.976625
[Rank 106] xlo: 322.482469, xhi: 429.976625, ylo: 214.988312, yhi: 322.482469, zlo: 214.988312, zhi: 322.482469
[Rank 105] xlo: 322.482469, xhi: 429.976625, ylo: 214.988312, yhi: 322.482469, zlo: 107.494156, zhi: 214.988312
[Rank 62] xlo: 107.494156, xhi: 214.988312, ylo: 752.459094, yhi: 859.953250, zlo: 214.988312, zhi: 322.482469
[Rank 63] xlo: 107.494156, xhi: 214.988312, ylo: 752.459094, yhi: 859.953250, zlo: 322.482469, zhi: 429.976625
[Rank 137] xlo: 429.976625, xhi: 537.470781, ylo: 214.988312, yhi: 322.482469, zlo: 107.494156, zhi: 214.988312
[Rank 136] xlo: 429.976625, xhi: 537.470781, ylo: 214.988312, yhi: 322.482469, zlo: 0.000000, zhi: 107.494156
[Rank 191] xlo: 537.470781, xhi: 644.964937, ylo: 752.459094, yhi: 859.953250, zlo: 322.482469, zhi: 429.976625
[Rank 189] xlo: 537.470781, xhi: 644.964937, ylo: 752.459094, yhi: 859.953250, zlo: 107.494156, zhi: 214.988312
[Rank 139] xlo: 429.976625, xhi: 537.470781, ylo: 214.988312, yhi: 322.482469, zlo: 322.482469, zhi: 429.976625
[Rank 65] xlo: 214.988312, xhi: 322.482469, ylo: 0.000000, yhi: 107.494156, zlo: 107.494156, zhi: 214.988312
[Rank 64] xlo: 214.988312, xhi: 322.482469, ylo: 0.000000, yhi: 107.494156, zlo: 0.000000, zhi: 107.494156
[Rank 138] xlo: 429.976625, xhi: 537.470781, ylo: 214.988312, yhi: 322.482469, zlo: 214.988312, zhi: 322.482469
[Rank 149] xlo: 429.976625, xhi: 537.470781, ylo: 537.470781, yhi: 644.964937, zlo: 107.494156, zhi: 214.988312
[Rank 153] xlo: 429.976625, xhi: 537.470781, ylo: 644.964937, yhi: 752.459094, zlo: 107.494156, zhi: 214.988312
[Rank 154] xlo: 429.976625, xhi: 537.470781, ylo: 644.964937, yhi: 752.459094, zlo: 214.988312, zhi: 322.482469
[Rank 152] xlo: 429.976625, xhi: 537.470781, ylo: 644.964937, yhi: 752.459094, zlo: 0.000000, zhi: 107.494156
[Rank 148] xlo: 429.976625, xhi: 537.470781, ylo: 537.470781, yhi: 644.964937, zlo: 0.000000, zhi: 107.494156
[Rank 121] xlo: 322.482469, xhi: 429.976625, ylo: 644.964937, yhi: 752.459094, zlo: 107.494156, zhi: 214.988312
[Rank 188] xlo: 537.470781, xhi: 644.964937, ylo: 752.459094, yhi: 859.953250, zlo: 0.000000, zhi: 107.494156
[Rank 120] xlo: 322.482469, xhi: 429.976625, ylo: 644.964937, yhi: 752.459094, zlo: 0.000000, zhi: 107.494156
[Rank 155] xlo: 429.976625, xhi: 537.470781, ylo: 644.964937, yhi: 752.459094, zlo: 322.482469, zhi: 429.976625
[Rank 66] xlo: 214.988312, xhi: 322.482469, ylo: 0.000000, yhi: 107.494156, zlo: 214.988312, zhi: 322.482469
[Rank 67] xlo: 214.988312, xhi: 322.482469, ylo: 0.000000, yhi: 107.494156, zlo: 322.482469, zhi: 429.976625
[Rank 123] xlo: 322.482469, xhi: 429.976625, ylo: 644.964937, yhi: 752.459094, zlo: 322.482469, zhi: 429.976625
[Rank 122] xlo: 322.482469, xhi: 429.976625, ylo: 644.964937, yhi: 752.459094, zlo: 214.988312, zhi: 322.482469
[Rank 150] xlo: 429.976625, xhi: 537.470781, ylo: 537.470781, yhi: 644.964937, zlo: 214.988312, zhi: 322.482469
[Rank 151] xlo: 429.976625, xhi: 537.470781, ylo: 537.470781, yhi: 644.964937, zlo: 322.482469, zhi: 429.976625
# Starting dynamics ...
# Timestep T U P Time
0 1.440000e+00 -6.773368e+00 -5.019669e+00  0.000
100 7.341298e-01 -5.721656e+00 4.609505e-01  1.224
[Atom] pack_comm: 600, unpack_comm: 600, pack_comm_self: 0, pack_reverse: 606, unpack_reverse: 606
[Rank 0] inte[0]: 208.673, comm[0]: 224.135, comm[1]: 1741.400, comm[2]: 223.926, force: 3205.177, rev_comm[0]: 217.585, rev_comm[1]: 1628.259, rev_comm[2]: 247.312, inte[1]: 146.262
[Rank 1] inte[0]: 206.263, comm[0]: 221.170, comm[1]: 1813.958, comm[2]: 220.170, force: 3182.540, rev_comm[0]: 214.686, rev_comm[1]: 1689.717, rev_comm[2]: 245.644, inte[1]: 144.653
[Rank 2] inte[0]: 206.524, comm[0]: 225.216, comm[1]: 1801.349, comm[2]: 224.825, force: 3182.900, rev_comm[0]: 220.066, rev_comm[1]: 1681.687, rev_comm[2]: 248.639, inte[1]: 145.725
[Rank 3] inte[0]: 206.739, comm[0]: 225.057, comm[1]: 1814.057, comm[2]: 222.066, force: 3195.728, rev_comm[0]: 218.269, rev_comm[1]: 1693.008, rev_comm[2]: 246.787, inte[1]: 145.414
[Rank 4] inte[0]: 206.279, comm[0]: 217.329, comm[1]: 1600.291, comm[2]: 218.103, force: 3194.391, rev_comm[0]: 210.935, rev_comm[1]: 1678.741, rev_comm[2]: 242.513, inte[1]: 144.653
[Rank 5] inte[0]: 206.618, comm[0]: 216.839, comm[1]: 1647.370, comm[2]: 217.609, force: 3189.793, rev_comm[0]: 211.074, rev_comm[1]: 1730.242, rev_comm[2]: 241.845, inte[1]: 144.590
[Rank 6] inte[0]: 206.609, comm[0]: 224.907, comm[1]: 1615.945, comm[2]: 224.241, force: 3189.757, rev_comm[0]: 218.145, rev_comm[1]: 1696.292, rev_comm[2]: 248.606, inte[1]: 145.941
[Rank 7] inte[0]: 207.516, comm[0]: 224.069, comm[1]: 1650.602, comm[2]: 222.454, force: 3204.055, rev_comm[0]: 217.873, rev_comm[1]: 1731.707, rev_comm[2]: 247.166, inte[1]: 145.259
[Rank 8] inte[0]: 206.446, comm[0]: 220.435, comm[1]: 1973.172, comm[2]: 220.332, force: 3203.265, rev_comm[0]: 213.847, rev_comm[1]: 1940.331, rev_comm[2]: 244.665, inte[1]: 145.845
[Rank 9] inte[0]: 206.968, comm[0]: 223.229, comm[1]: 2026.504, comm[2]: 223.527, force: 3197.242, rev_comm[0]: 217.773, rev_comm[1]: 2013.155, rev_comm[2]: 248.636, inte[1]: 145.504
[Rank 10] inte[0]: 206.516, comm[0]: 224.190, comm[1]: 1985.177, comm[2]: 222.201, force: 3195.056, rev_comm[0]: 219.226, rev_comm[1]: 1964.445, rev_comm[2]: 248.220, inte[1]: 145.758
[Rank 11] inte[0]: 205.641, comm[0]: 220.196, comm[1]: 2030.139, comm[2]: 218.997, force: 3204.488, rev_comm[0]: 215.886, rev_comm[1]: 2010.988, rev_comm[2]: 245.240, inte[1]: 144.936
[Rank 12] inte[0]: 205.106, comm[0]: 220.004, comm[1]: 1759.142, comm[2]: 220.702, force: 3190.787, rev_comm[0]: 213.298, rev_comm[1]: 1797.947, rev_comm[2]: 245.487, inte[1]: 144.924
[Rank 13] inte[0]: 205.919, comm[0]: 218.708, comm[1]: 1813.626, comm[2]: 220.296, force: 3182.014, rev_comm[0]: 212.442, rev_comm[1]: 1851.367, rev_comm[2]: 244.533, inte[1]: 144.494
[Rank 14] inte[0]: 206.338, comm[0]: 224.183, comm[1]: 1773.256, comm[2]: 223.086, force: 3184.100, rev_comm[0]: 218.543, rev_comm[1]: 1812.844, rev_comm[2]: 247.763, inte[1]: 145.881
[Rank 15] inte[0]: 206.244, comm[0]: 221.522, comm[1]: 1816.013, comm[2]: 221.531, force: 3196.533, rev_comm[0]: 216.224, rev_comm[1]: 1851.668, rev_comm[2]: 245.246, inte[1]: 144.333
[Rank 16] inte[0]: 206.002, comm[0]: 221.888, comm[1]: 2112.767, comm[2]: 220.248, force: 3185.769, rev_comm[0]: 214.823, rev_comm[1]: 2152.067, rev_comm[2]: 245.319, inte[1]: 144.489
[Rank 17] inte[0]: 207.378, comm[0]: 218.303, comm[1]: 2189.778, comm[2]: 218.945, force: 3193.407, rev_comm[0]: 212.354, rev_comm[1]: 2227.415, rev_comm[2]: 243.208, inte[1]: 144.879
[Rank 18] inte[0]: 206.444, comm[0]: 225.995, comm[1]: 2166.686, comm[2]: 225.540, force: 3180.330, rev_comm[0]: 219.991, rev_comm[1]: 2192.968, rev_comm[2]: 249.390, inte[1]: 145.006
[Rank 19] inte[0]: 207.180, comm[0]: 222.414, comm[1]: 2193.155, comm[2]: 220.633, force: 3188.730, rev_comm[0]: 215.938, rev_comm[1]: 2236.707, rev_comm[2]: 245.269, inte[1]: 145.580
[Rank 20] inte[0]: 206.988, comm[0]: 221.993, comm[1]: 1612.070, comm[2]: 222.268, force: 3192.833, rev_comm[0]: 214.996, rev_comm[1]: 1636.581, rev_comm[2]: 245.501, inte[1]: 145.945
[Rank 21] inte[0]: 205.208, comm[0]: 218.712, comm[1]: 1651.301, comm[2]: 217.739, force: 3183.442, rev_comm[0]: 211.942, rev_comm[1]: 1676.578, rev_comm[2]: 242.039, inte[1]: 144.745
[Rank 22] inte[0]: 205.672, comm[0]: 221.906, comm[1]: 1620.100, comm[2]: 220.163, force: 3184.177, rev_comm[0]: 215.038, rev_comm[1]: 1637.113, rev_comm[2]: 245.604, inte[1]: 144.632
[Rank 23] inte[0]: 205.461, comm[0]: 219.823, comm[1]: 1657.503, comm[2]: 218.892, force: 3197.754, rev_comm[0]: 213.189, rev_comm[1]: 1681.283, rev_comm[2]: 242.457, inte[1]: 144.803
[Rank 24] inte[0]: 206.550, comm[0]: 219.638, comm[1]: 1463.090, comm[2]: 219.366, force: 3174.694, rev_comm[0]: 212.532, rev_comm[1]: 1450.984, rev_comm[2]: 243.313, inte[1]: 145.501
[Rank 25] inte[0]: 205.401, comm[0]: 218.316, comm[1]: 1491.268, comm[2]: 219.185, force: 3168.696, rev_comm[0]: 212.385, rev_comm[1]: 1478.632, rev_comm[2]: 244.416, inte[1]: 144.919
[Rank 26] inte[0]: 207.054, comm[0]: 223.951, comm[1]: 1460.355, comm[2]: 221.941, force: 3172.419, rev_comm[0]: 217.308, rev_comm[1]: 1441.088, rev_comm[2]: 246.209, inte[1]: 145.273
[Rank 27] inte[0]: 206.563, comm[0]: 219.813, comm[1]: 1494.931, comm[2]: 219.821, force: 3197.427, rev_comm[0]: 213.623, rev_comm[1]: 1477.094, rev_comm[2]: 245.563, inte[1]: 144.908
[Rank 28] inte[0]: 206.581, comm[0]: 217.992, comm[1]: 1806.260, comm[2]: 219.630, force: 3207.408, rev_comm[0]: 212.494, rev_comm[1]: 1862.465, rev_comm[2]: 244.161, inte[1]: 145.332
[Rank 29] inte[0]: 205.578, comm[0]: 218.486, comm[1]: 1862.756, comm[2]: 218.624, force: 3187.542, rev_comm[0]: 212.104, rev_comm[1]: 1924.668, rev_comm[2]: 242.216, inte[1]: 144.951
[Rank 30] inte[0]: 207.150, comm[0]: 223.952, comm[1]: 1837.970, comm[2]: 223.724, force: 3185.155, rev_comm[0]: 217.665, rev_comm[1]: 1895.121, rev_comm[2]: 249.501, inte[1]: 145.718
[Rank 31] inte[0]: 205.114, comm[0]: 220.591, comm[1]: 1868.477, comm[2]: 218.964, force: 3198.431, rev_comm[0]: 214.217, rev_comm[1]: 1926.461, rev_comm[2]: 244.295, inte[1]: 144.710
[Rank 32] inte[0]: 206.140, comm[0]: 224.427, comm[1]: 1805.205, comm[2]: 222.348, force: 3196.284, rev_comm[0]: 218.614, rev_comm[1]: 1753.448, rev_comm[2]: 246.490, inte[1]: 145.138
[Rank 33] inte[0]: 206.929, comm[0]: 220.907, comm[1]: 1862.116, comm[2]: 220.480, force: 3202.840, rev_comm[0]: 215.036, rev_comm[1]: 1817.985, rev_comm[2]: 244.445, inte[1]: 144.914
[Rank 34] inte[0]: 205.890, comm[0]: 224.662, comm[1]: 1819.257, comm[2]: 222.352, force: 3189.673, rev_comm[0]: 217.930, rev_comm[1]: 1775.295, rev_comm[2]: 248.430, inte[1]: 144.687
[Rank 35] inte[0]: 206.598, comm[0]: 221.643, comm[1]: 1863.893, comm[2]: 221.101, force: 3200.027, rev_comm[0]: 216.446, rev_comm[1]: 1816.277, rev_comm[2]: 246.880, inte[1]: 144.998
[Rank 36] inte[0]: 206.441, comm[0]: 221.966, comm[1]: 1818.752, comm[2]: 221.809, force: 3201.597, rev_comm[0]: 214.885, rev_comm[1]: 1832.019, rev_comm[2]: 246.332, inte[1]: 145.418
[Rank 37] inte[0]: 207.103, comm[0]: 217.960, comm[1]: 1861.088, comm[2]: 217.935, force: 3192.025, rev_comm[0]: 212.702, rev_comm[1]: 1875.745, rev_comm[2]: 242.428, inte[1]: 145.386
[Rank 38] inte[0]: 206.458, comm[0]: 224.568, comm[1]: 1825.026, comm[2]: 222.687, force: 3190.907, rev_comm[0]: 217.644, rev_comm[1]: 1851.376, rev_comm[2]: 247.827, inte[1]: 145.824
[Rank 39] inte[0]: 206.128, comm[0]: 222.319, comm[1]: 1864.670, comm[2]: 220.334, force: 3203.934, rev_comm[0]: 216.388, rev_comm[1]: 1877.786, rev_comm[2]: 245.065, inte[1]: 145.261
[Rank 40] inte[0]: 206.512, comm[0]: 217.325, comm[1]: 2219.561, comm[2]: 216.952, force: 3209.159, rev_comm[0]: 211.071, rev_comm[1]: 2143.363, rev_comm[2]: 241.419, inte[1]: 144.801
[Rank 41] inte[0]: 205.584, comm[0]: 218.166, comm[1]: 2275.171, comm[2]: 216.283, force: 3198.509, rev_comm[0]: 211.972, rev_comm[1]: 2215.687, rev_comm[2]: 241.329, inte[1]: 144.669
[Rank 42] inte[0]: 206.193, comm[0]: 224.815, comm[1]: 2227.295, comm[2]: 221.967, force: 3200.279, rev_comm[0]: 218.768, rev_comm[1]: 2169.673, rev_comm[2]: 248.050, inte[1]: 145.439
[Rank 43] inte[0]: 206.335, comm[0]: 221.718, comm[1]: 2280.844, comm[2]: 220.398, force: 3211.623, rev_comm[0]: 217.030, rev_comm[1]: 2212.112, rev_comm[2]: 247.260, inte[1]: 145.551
[Rank 44] inte[0]: 205.300, comm[0]: 219.100, comm[1]: 1538.720, comm[2]: 218.950, force: 3193.868, rev_comm[0]: 211.533, rev_comm[1]: 1517.563, rev_comm[2]: 245.129, inte[1]: 144.331
[Rank 45] inte[0]: 206.605, comm[0]: 217.994, comm[1]: 1581.128, comm[2]: 218.234, force: 3187.130, rev_comm[0]: 213.253, rev_comm[1]: 1557.413, rev_comm[2]: 242.312, inte[1]: 144.523
[Rank 46] inte[0]: 206.570, comm[0]: 223.202, comm[1]: 1565.319, comm[2]: 223.304, force: 3187.824, rev_comm[0]: 217.669, rev_comm[1]: 1540.258, rev_comm[2]: 246.373, inte[1]: 145.237
[Rank 47] inte[0]: 206.848, comm[0]: 223.110, comm[1]: 1583.306, comm[2]: 220.969, force: 3199.901, rev_comm[0]: 216.330, rev_comm[1]: 1556.739, rev_comm[2]: 246.137, inte[1]: 145.384
[Rank 48] inte[0]: 205.359, comm[0]: 217.276, comm[1]: 1956.607, comm[2]: 218.268, force: 3190.298, rev_comm[0]: 212.269, rev_comm[1]: 2014.283, rev_comm[2]: 244.287, inte[1]: 144.859
[Rank 49] inte[0]: 206.352, comm[0]: 216.138, comm[1]: 1988.742, comm[2]: 218.607, force: 3184.676, rev_comm[0]: 212.297, rev_comm[1]: 2049.013, rev_comm[2]: 241.399, inte[1]: 144.358
[Rank 50] inte[0]: 206.508, comm[0]: 223.561, comm[1]: 1981.512, comm[2]: 223.866, force: 3184.872, rev_comm[0]: 217.403, rev_comm[1]: 2037.078, rev_comm[2]: 248.142, inte[1]: 144.812
[Rank 51] inte[0]: 205.142, comm[0]: 221.993, comm[1]: 1995.400, comm[2]: 221.181, force: 3193.011, rev_comm[0]: 216.285, rev_comm[1]: 2060.601, rev_comm[2]: 246.090, inte[1]: 144.513
[Rank 52] inte[0]: 206.086, comm[0]: 204.381, comm[1]: 1590.340, comm[2]: 205.694, force: 3191.769, rev_comm[0]: 197.298, rev_comm[1]: 1605.002, rev_comm[2]: 228.333, inte[1]: 143.989
[Rank 53] inte[0]: 204.252, comm[0]: 205.457, comm[1]: 1617.647, comm[2]: 207.505, force: 3185.634, rev_comm[0]: 198.679, rev_comm[1]: 1628.106, rev_comm[2]: 229.980, inte[1]: 143.601
[Rank 54] inte[0]: 205.712, comm[0]: 222.070, comm[1]: 1608.840, comm[2]: 222.490, force: 3191.789, rev_comm[0]: 216.560, rev_comm[1]: 1619.441, rev_comm[2]: 247.464, inte[1]: 144.819
[Rank 55] inte[0]: 206.124, comm[0]: 220.683, comm[1]: 1627.864, comm[2]: 221.516, force: 3203.183, rev_comm[0]: 215.095, rev_comm[1]: 1636.604, rev_comm[2]: 245.204, inte[1]: 145.156
[Rank 56] inte[0]: 205.960, comm[0]: 218.343, comm[1]: 1649.614, comm[2]: 218.525, force: 3184.024, rev_comm[0]: 212.290, rev_comm[1]: 1680.669, rev_comm[2]: 243.864, inte[1]: 144.417
[Rank 57] inte[0]: 205.917, comm[0]: 220.073, comm[1]: 1693.540, comm[2]: 220.237, force: 3176.266, rev_comm[0]: 213.953, rev_comm[1]: 1720.706, rev_comm[2]: 243.820, inte[1]: 144.869
[Rank 58] inte[0]: 205.493, comm[0]: 207.852, comm[1]: 1667.585, comm[2]: 209.237, force: 3170.167, rev_comm[0]: 203.615, rev_comm[1]: 1696.723, rev_comm[2]: 231.984, inte[1]: 144.827
[Rank 59] inte[0]: 206.180, comm[0]: 208.296, comm[1]: 1696.610, comm[2]: 208.897, force: 3194.245, rev_comm[0]: 201.804, rev_comm[1]: 1717.445, rev_comm[2]: 230.380, inte[1]: 143.925
[Rank 60] inte[0]: 207.218, comm[0]: 222.078, comm[1]: 1785.846, comm[2]: 221.802, force: 3199.221, rev_comm[0]: 215.155, rev_comm[1]: 1722.676, rev_comm[2]: 245.461, inte[1]: 145.185
[Rank 61] inte[0]: 205.860, comm[0]: 218.751, comm[1]: 1842.395, comm[2]: 218.782, force: 3187.530, rev_comm[0]: 213.216, rev_comm[1]: 1789.421, rev_comm[2]: 242.238, inte[1]: 144.823
[Rank 62] inte[0]: 206.856, comm[0]: 225.443, comm[1]: 1804.364, comm[2]: 223.196, force: 3190.847, rev_comm[0]: 217.903, rev_comm[1]: 1748.939, rev_comm[2]: 249.257, inte[1]: 145.921
[Rank 63] inte[0]: 205.272, comm[0]: 222.825, comm[1]: 1843.483, comm[2]: 220.978, force: 3202.548, rev_comm[0]: 216.394, rev_comm[1]: 1786.115, rev_comm[2]: 245.357, inte[1]: 144.805
[Rank 64] inte[0]: 205.623, comm[0]: 218.431, comm[1]: 1823.049, comm[2]: 218.167, force: 3200.899, rev_comm[0]: 213.369, rev_comm[1]: 1791.038, rev_comm[2]: 243.947, inte[1]: 145.151
[Rank 65] inte[0]: 207.333, comm[0]: 221.325, comm[1]: 1865.331, comm[2]: 220.339, force: 3192.297, rev_comm[0]: 215.982, rev_comm[1]: 1833.829, rev_comm[2]: 245.650, inte[1]: 145.050
[Rank 66] inte[0]: 206.690, comm[0]: 225.786, comm[1]: 1834.581, comm[2]: 224.374, force: 3194.694, rev_comm[0]: 219.518, rev_comm[1]: 1805.275, rev_comm[2]: 249.601, inte[1]: 145.809
[Rank 67] inte[0]: 207.294, comm[0]: 223.202, comm[1]: 1875.382, comm[2]: 220.698, force: 3217.210, rev_comm[0]: 216.935, rev_comm[1]: 1838.630, rev_comm[2]: 246.347, inte[1]: 144.920
[Rank 68] inte[0]: 207.720, comm[0]: 220.117, comm[1]: 1886.393, comm[2]: 220.596, force: 3204.886, rev_comm[0]: 214.414, rev_comm[1]: 1879.942, rev_comm[2]: 244.211, inte[1]: 145.337
[Rank 69] inte[0]: 207.674, comm[0]: 221.200, comm[1]: 1913.269, comm[2]: 221.124, force: 3199.164, rev_comm[0]: 214.791, rev_comm[1]: 1902.615, rev_comm[2]: 245.567, inte[1]: 145.801
[Rank 70] inte[0]: 208.115, comm[0]: 223.727, comm[1]: 1889.035, comm[2]: 224.576, force: 3198.870, rev_comm[0]: 217.434, rev_comm[1]: 1880.936, rev_comm[2]: 248.807, inte[1]: 145.823
[Rank 71] inte[0]: 206.976, comm[0]: 221.321, comm[1]: 1925.446, comm[2]: 220.686, force: 3209.057, rev_comm[0]: 215.255, rev_comm[1]: 1912.283, rev_comm[2]: 245.299, inte[1]: 144.735
[Rank 72] inte[0]: 207.522, comm[0]: 219.365, comm[1]: 1581.196, comm[2]: 221.350, force: 3209.895, rev_comm[0]: 213.380, rev_comm[1]: 1610.932, rev_comm[2]: 246.032, inte[1]: 145.138
[Rank 73] inte[0]: 205.368, comm[0]: 217.570, comm[1]: 1609.883, comm[2]: 219.275, force: 3204.868, rev_comm[0]: 211.733, rev_comm[1]: 1646.538, rev_comm[2]: 242.663, inte[1]: 144.831
[Rank 74] inte[0]: 207.496, comm[0]: 224.964, comm[1]: 1573.221, comm[2]: 223.879, force: 3206.103, rev_comm[0]: 218.757, rev_comm[1]: 1598.188, rev_comm[2]: 248.270, inte[1]: 145.863
[Rank 75] inte[0]: 207.377, comm[0]: 221.103, comm[1]: 1614.105, comm[2]: 219.907, force: 3217.411, rev_comm[0]: 215.029, rev_comm[1]: 1649.296, rev_comm[2]: 244.529, inte[1]: 145.637
[Rank 76] inte[0]: 205.963, comm[0]: 220.533, comm[1]: 1550.405, comm[2]: 219.480, force: 3198.404, rev_comm[0]: 215.215, rev_comm[1]: 1563.839, rev_comm[2]: 243.884, inte[1]: 144.881
[Rank 77] inte[0]: 205.851, comm[0]: 220.330, comm[1]: 1594.792, comm[2]: 220.811, force: 3193.632, rev_comm[0]: 214.658, rev_comm[1]: 1611.502, rev_comm[2]: 245.432, inte[1]: 144.744
[Rank 78] inte[0]: 206.319, comm[0]: 224.361, comm[1]: 1563.263, comm[2]: 223.349, force: 3191.578, rev_comm[0]: 218.671, rev_comm[1]: 1572.101, rev_comm[2]: 247.662, inte[1]: 145.402
[Rank 79] inte[0]: 206.294, comm[0]: 221.952, comm[1]: 1598.569, comm[2]: 220.942, force: 3204.637, rev_comm[0]: 216.705, rev_comm[1]: 1614.237, rev_comm[2]: 246.485, inte[1]: 144.318
[Rank 80] inte[0]: 206.126, comm[0]: 222.914, comm[1]: 1603.149, comm[2]: 221.854, force: 3195.939, rev_comm[0]: 216.621, rev_comm[1]: 1680.108, rev_comm[2]: 247.385, inte[1]: 144.874
[Rank 81] inte[0]: 207.113, comm[0]: 218.735, comm[1]: 1658.922, comm[2]: 219.596, force: 3188.159, rev_comm[0]: 214.250, rev_comm[1]: 1732.602, rev_comm[2]: 244.339, inte[1]: 144.583
[Rank 82] inte[0]: 205.700, comm[0]: 224.019, comm[1]: 1632.019, comm[2]: 222.408, force: 3188.083, rev_comm[0]: 217.079, rev_comm[1]: 1710.359, rev_comm[2]: 247.159, inte[1]: 145.560
[Rank 83] inte[0]: 207.046, comm[0]: 221.888, comm[1]: 1660.964, comm[2]: 221.302, force: 3213.977, rev_comm[0]: 215.775, rev_comm[1]: 1733.801, rev_comm[2]: 245.831, inte[1]: 144.899
[Rank 84] inte[0]: 207.613, comm[0]: 222.836, comm[1]: 1447.004, comm[2]: 222.272, force: 3204.999, rev_comm[0]: 216.839, rev_comm[1]: 1450.187, rev_comm[2]: 246.965, inte[1]: 145.397
[Rank 85] inte[0]: 207.825, comm[0]: 219.988, comm[1]: 1480.865, comm[2]: 219.661, force: 3196.059, rev_comm[0]: 214.558, rev_comm[1]: 1485.354, rev_comm[2]: 244.462, inte[1]: 145.492
[Rank 86] inte[0]: 206.426, comm[0]: 226.916, comm[1]: 1470.422, comm[2]: 225.765, force: 3197.549, rev_comm[0]: 221.242, rev_comm[1]: 1469.200, rev_comm[2]: 250.654, inte[1]: 145.682
[Rank 87] inte[0]: 206.723, comm[0]: 224.285, comm[1]: 1489.086, comm[2]: 222.630, force: 3209.180, rev_comm[0]: 216.947, rev_comm[1]: 1491.163, rev_comm[2]: 246.734, inte[1]: 146.229
[Rank 88] inte[0]: 205.754, comm[0]: 222.110, comm[1]: 2046.978, comm[2]: 221.607, force: 3188.427, rev_comm[0]: 215.588, rev_comm[1]: 2000.653, rev_comm[2]: 246.715, inte[1]: 145.275
[Rank 89] inte[0]: 207.177, comm[0]: 220.430, comm[1]: 2090.929, comm[2]: 219.030, force: 3179.933, rev_comm[0]: 215.990, rev_comm[1]: 2050.540, rev_comm[2]: 244.841, inte[1]: 145.536
[Rank 90] inte[0]: 206.613, comm[0]: 222.046, comm[1]: 2068.229, comm[2]: 221.170, force: 3180.594, rev_comm[0]: 216.467, rev_comm[1]: 2051.304, rev_comm[2]: 246.842, inte[1]: 145.055
[Rank 91] inte[0]: 206.304, comm[0]: 218.986, comm[1]: 2106.337, comm[2]: 217.896, force: 3191.551, rev_comm[0]: 212.943, rev_comm[1]: 2057.514, rev_comm[2]: 243.910, inte[1]: 145.221
[Rank 92] inte[0]: 204.824, comm[0]: 206.515, comm[1]: 1782.621, comm[2]: 210.124, force: 3198.684, rev_comm[0]: 200.806, rev_comm[1]: 1805.354, rev_comm[2]: 233.064, inte[1]: 143.027
[Rank 93] inte[0]: 204.480, comm[0]: 206.313, comm[1]: 1808.234, comm[2]: 206.753, force: 3188.816, rev_comm[0]: 200.570, rev_comm[1]: 1833.006, rev_comm[2]: 228.303, inte[1]: 142.898
[Rank 94] inte[0]: 205.559, comm[0]: 222.285, comm[1]: 1797.697, comm[2]: 223.427, force: 3194.896, rev_comm[0]: 216.568, rev_comm[1]: 1827.825, rev_comm[2]: 245.937, inte[1]: 145.067
[Rank 95] inte[0]: 205.343, comm[0]: 220.835, comm[1]: 1825.333, comm[2]: 220.917, force: 3208.606, rev_comm[0]: 214.743, rev_comm[1]: 1847.591, rev_comm[2]: 246.047, inte[1]: 144.895
[Rank 96] inte[0]: 205.781, comm[0]: 222.470, comm[1]: 1864.677, comm[2]: 223.333, force: 3191.382, rev_comm[0]: 215.962, rev_comm[1]: 1817.871, rev_comm[2]: 247.246, inte[1]: 145.427
[Rank 97] inte[0]: 207.049, comm[0]: 221.781, comm[1]: 1883.342, comm[2]: 223.912, force: 3185.321, rev_comm[0]: 216.863, rev_comm[1]: 1845.552, rev_comm[2]: 247.773, inte[1]: 145.317
[Rank 98] inte[0]: 206.801, comm[0]: 222.958, comm[1]: 1864.775, comm[2]: 222.494, force: 3182.646, rev_comm[0]: 215.962, rev_comm[1]: 1823.285, rev_comm[2]: 247.219, inte[1]: 144.969
[Rank 99] inte[0]: 206.494, comm[0]: 220.577, comm[1]: 1896.294, comm[2]: 221.118, force: 3195.511, rev_comm[0]: 215.099, rev_comm[1]: 1852.797, rev_comm[2]: 246.594, inte[1]: 144.529
[Rank 100] inte[0]: 205.789, comm[0]: 218.185, comm[1]: 1725.875, comm[2]: 216.865, force: 3197.794, rev_comm[0]: 212.132, rev_comm[1]: 1820.513, rev_comm[2]: 242.325, inte[1]: 144.536
[Rank 101] inte[0]: 206.405, comm[0]: 217.696, comm[1]: 1788.975, comm[2]: 216.948, force: 3189.257, rev_comm[0]: 212.729, rev_comm[1]: 1883.796, rev_comm[2]: 242.403, inte[1]: 144.425
[Rank 102] inte[0]: 204.389, comm[0]: 205.003, comm[1]: 1756.210, comm[2]: 206.579, force: 3184.671, rev_comm[0]: 198.338, rev_comm[1]: 1843.064, rev_comm[2]: 227.945, inte[1]: 143.894
[Rank 103] inte[0]: 205.712, comm[0]: 206.696, comm[1]: 1789.597, comm[2]: 207.237, force: 3197.270, rev_comm[0]: 198.895, rev_comm[1]: 1883.978, rev_comm[2]: 227.980, inte[1]: 144.589
[Rank 104] inte[0]: 206.215, comm[0]: 224.927, comm[1]: 1602.052, comm[2]: 224.923, force: 3202.287, rev_comm[0]: 217.974, rev_comm[1]: 1611.280, rev_comm[2]: 247.217, inte[1]: 144.813
[Rank 105] inte[0]: 207.346, comm[0]: 220.926, comm[1]: 1642.230, comm[2]: 221.447, force: 3193.992, rev_comm[0]: 214.326, rev_comm[1]: 1657.338, rev_comm[2]: 244.498, inte[1]: 145.090
[Rank 106] inte[0]: 205.774, comm[0]: 222.147, comm[1]: 1621.139, comm[2]: 222.623, force: 3195.889, rev_comm[0]: 215.916, rev_comm[1]: 1627.035, rev_comm[2]: 247.527, inte[1]: 144.631
[Rank 107] inte[0]: 206.444, comm[0]: 220.938, comm[1]: 1645.839, comm[2]: 220.425, force: 3209.637, rev_comm[0]: 214.938, rev_comm[1]: 1657.976, rev_comm[2]: 244.489, inte[1]: 144.496
[Rank 108] inte[0]: 207.142, comm[0]: 222.721, comm[1]: 1523.297, comm[2]: 221.995, force: 3193.181, rev_comm[0]: 216.440, rev_comm[1]: 1531.279, rev_comm[2]: 246.274, inte[1]: 146.095
[Rank 109] inte[0]: 206.096, comm[0]: 220.525, comm[1]: 1558.506, comm[2]: 219.905, force: 3183.025, rev_comm[0]: 215.044, rev_comm[1]: 1565.441, rev_comm[2]: 244.516, inte[1]: 144.782
[Rank 110] inte[0]: 206.595, comm[0]: 223.094, comm[1]: 1543.523, comm[2]: 222.743, force: 3185.783, rev_comm[0]: 217.607, rev_comm[1]: 1545.236, rev_comm[2]: 248.805, inte[1]: 146.053
[Rank 111] inte[0]: 206.551, comm[0]: 222.272, comm[1]: 1556.638, comm[2]: 220.996, force: 3196.855, rev_comm[0]: 216.593, rev_comm[1]: 1563.704, rev_comm[2]: 247.446, inte[1]: 145.111
[Rank 112] inte[0]: 206.992, comm[0]: 219.679, comm[1]: 1594.247, comm[2]: 219.298, force: 3185.220, rev_comm[0]: 211.722, rev_comm[1]: 1680.455, rev_comm[2]: 244.718, inte[1]: 145.148
[Rank 113] inte[0]: 207.135, comm[0]: 218.868, comm[1]: 1632.359, comm[2]: 220.288, force: 3179.944, rev_comm[0]: 213.986, rev_comm[1]: 1720.927, rev_comm[2]: 243.484, inte[1]: 145.157
[Rank 114] inte[0]: 205.429, comm[0]: 205.853, comm[1]: 1603.387, comm[2]: 206.925, force: 3175.134, rev_comm[0]: 199.015, rev_comm[1]: 1692.703, rev_comm[2]: 229.840, inte[1]: 144.161
[Rank 115] inte[0]: 206.345, comm[0]: 205.763, comm[1]: 1631.970, comm[2]: 206.459, force: 3183.255, rev_comm[0]: 198.406, rev_comm[1]: 1717.501, rev_comm[2]: 228.636, inte[1]: 144.467
[Rank 116] inte[0]: 205.870, comm[0]: 221.111, comm[1]: 1440.954, comm[2]: 220.762, force: 3193.869, rev_comm[0]: 214.966, rev_comm[1]: 1437.674, rev_comm[2]: 245.292, inte[1]: 145.039
[Rank 117] inte[0]: 207.721, comm[0]: 223.071, comm[1]: 1470.660, comm[2]: 222.317, force: 3188.727, rev_comm[0]: 217.390, rev_comm[1]: 1466.428, rev_comm[2]: 246.706, inte[1]: 145.599
[Rank 118] inte[0]: 207.121, comm[0]: 225.717, comm[1]: 1446.990, comm[2]: 223.820, force: 3189.240, rev_comm[0]: 219.131, rev_comm[1]: 1446.045, rev_comm[2]: 251.219, inte[1]: 145.293
[Rank 119] inte[0]: 207.095, comm[0]: 223.576, comm[1]: 1477.378, comm[2]: 221.560, force: 3200.928, rev_comm[0]: 217.589, rev_comm[1]: 1472.517, rev_comm[2]: 246.751, inte[1]: 145.346
[Rank 120] inte[0]: 205.572, comm[0]: 202.832, comm[1]: 1879.317, comm[2]: 206.172, force: 3173.789, rev_comm[0]: 197.191, rev_comm[1]: 1853.758, rev_comm[2]: 228.697, inte[1]: 143.265
[Rank 121] inte[0]: 205.284, comm[0]: 205.477, comm[1]: 1907.026, comm[2]: 205.434, force: 3166.435, rev_comm[0]: 199.412, rev_comm[1]: 1886.309, rev_comm[2]: 228.906, inte[1]: 144.229
[Rank 122] inte[0]: 205.779, comm[0]: 221.961, comm[1]: 1883.449, comm[2]: 221.623, force: 3171.818, rev_comm[0]: 215.580, rev_comm[1]: 1884.497, rev_comm[2]: 245.288, inte[1]: 145.331
[Rank 123] inte[0]: 206.313, comm[0]: 220.338, comm[1]: 1922.916, comm[2]: 219.972, force: 3184.673, rev_comm[0]: 214.964, rev_comm[1]: 1895.252, rev_comm[2]: 245.747, inte[1]: 145.419
[Rank 124] inte[0]: 206.628, comm[0]: 220.472, comm[1]: 1746.637, comm[2]: 220.914, force: 3195.141, rev_comm[0]: 214.467, rev_comm[1]: 1845.697, rev_comm[2]: 244.064, inte[1]: 144.942
[Rank 125] inte[0]: 206.555, comm[0]: 222.211, comm[1]: 1765.247, comm[2]: 222.514, force: 3187.105, rev_comm[0]: 215.478, rev_comm[1]: 1863.483, rev_comm[2]: 244.845, inte[1]: 145.462
[Rank 126] inte[0]: 206.818, comm[0]: 222.646, comm[1]: 1751.903, comm[2]: 223.168, force: 3185.170, rev_comm[0]: 216.757, rev_comm[1]: 1842.552, rev_comm[2]: 247.181, inte[1]: 146.039
[Rank 127] inte[0]: 205.873, comm[0]: 221.732, comm[1]: 1777.087, comm[2]: 220.442, force: 3198.366, rev_comm[0]: 215.200, rev_comm[1]: 1875.591, rev_comm[2]: 245.118, inte[1]: 144.746
[Rank 128] inte[0]: 207.580, comm[0]: 221.795, comm[1]: 1871.209, comm[2]: 220.831, force: 3189.163, rev_comm[0]: 215.741, rev_comm[1]: 1764.564, rev_comm[2]: 244.671, inte[1]: 145.277
[Rank 129] inte[0]: 205.753, comm[0]: 222.202, comm[1]: 1899.888, comm[2]: 220.909, force: 3181.985, rev_comm[0]: 215.946, rev_comm[1]: 1802.652, rev_comm[2]: 245.735, inte[1]: 144.477
[Rank 130] inte[0]: 205.749, comm[0]: 223.977, comm[1]: 1879.917, comm[2]: 221.621, force: 3180.266, rev_comm[0]: 217.049, rev_comm[1]: 1774.643, rev_comm[2]: 246.872, inte[1]: 145.572
[Rank 131] inte[0]: 206.470, comm[0]: 222.236, comm[1]: 1910.962, comm[2]: 220.632, force: 3192.894, rev_comm[0]: 215.233, rev_comm[1]: 1805.161, rev_comm[2]: 245.590, inte[1]: 144.877
[Rank 132] inte[0]: 205.927, comm[0]: 224.308, comm[1]: 1676.963, comm[2]: 223.230, force: 3193.725, rev_comm[0]: 216.952, rev_comm[1]: 1755.489, rev_comm[2]: 248.176, inte[1]: 145.358
[Rank 133] inte[0]: 207.042, comm[0]: 221.140, comm[1]: 1723.684, comm[2]: 219.917, force: 3189.576, rev_comm[0]: 214.128, rev_comm[1]: 1805.215, rev_comm[2]: 244.155, inte[1]: 145.554
[Rank 134] inte[0]: 206.444, comm[0]: 222.979, comm[1]: 1698.129, comm[2]: 222.803, force: 3185.543, rev_comm[0]: 217.183, rev_comm[1]: 1774.986, rev_comm[2]: 247.055, inte[1]: 145.738
[Rank 135] inte[0]: 205.342, comm[0]: 221.961, comm[1]: 1725.138, comm[2]: 220.698, force: 3199.416, rev_comm[0]: 216.016, rev_comm[1]: 1809.320, rev_comm[2]: 246.071, inte[1]: 144.091
[Rank 136] inte[0]: 205.325, comm[0]: 221.655, comm[1]: 1745.097, comm[2]: 223.063, force: 3199.811, rev_comm[0]: 215.098, rev_comm[1]: 1722.066, rev_comm[2]: 246.920, inte[1]: 144.975
[Rank 137] inte[0]: 207.391, comm[0]: 223.418, comm[1]: 1762.317, comm[2]: 223.748, force: 3193.118, rev_comm[0]: 216.670, rev_comm[1]: 1745.717, rev_comm[2]: 247.577, inte[1]: 145.583
[Rank 138] inte[0]: 207.729, comm[0]: 222.662, comm[1]: 1730.720, comm[2]: 222.120, force: 3194.141, rev_comm[0]: 216.557, rev_comm[1]: 1717.077, rev_comm[2]: 247.285, inte[1]: 145.341
[Rank 139] inte[0]: 206.126, comm[0]: 220.197, comm[1]: 1765.460, comm[2]: 220.052, force: 3202.616, rev_comm[0]: 213.806, rev_comm[1]: 1747.993, rev_comm[2]: 245.085, inte[1]: 144.377
[Rank 140] inte[0]: 205.819, comm[0]: 224.741, comm[1]: 1506.068, comm[2]: 222.150, force: 3189.105, rev_comm[0]: 215.285, rev_comm[1]: 1498.770, rev_comm[2]: 247.703, inte[1]: 144.820
[Rank 141] inte[0]: 205.969, comm[0]: 219.641, comm[1]: 1534.221, comm[2]: 220.490, force: 3181.946, rev_comm[0]: 213.375, rev_comm[1]: 1530.662, rev_comm[2]: 244.454, inte[1]: 144.880
[Rank 142] inte[0]: 205.625, comm[0]: 207.153, comm[1]: 1496.278, comm[2]: 208.590, force: 3175.564, rev_comm[0]: 200.589, rev_comm[1]: 1489.748, rev_comm[2]: 230.604, inte[1]: 143.707
[Rank 143] inte[0]: 206.394, comm[0]: 208.404, comm[1]: 1531.664, comm[2]: 208.265, force: 3188.538, rev_comm[0]: 199.851, rev_comm[1]: 1527.986, rev_comm[2]: 230.564, inte[1]: 144.737
[Rank 144] inte[0]: 207.672, comm[0]: 222.540, comm[1]: 1463.449, comm[2]: 222.461, force: 3186.433, rev_comm[0]: 216.207, rev_comm[1]: 1458.724, rev_comm[2]: 247.982, inte[1]: 145.913
[Rank 145] inte[0]: 205.659, comm[0]: 221.642, comm[1]: 1500.921, comm[2]: 221.343, force: 3178.619, rev_comm[0]: 215.366, rev_comm[1]: 1500.941, rev_comm[2]: 244.680, inte[1]: 145.119
[Rank 146] inte[0]: 206.542, comm[0]: 221.736, comm[1]: 1470.453, comm[2]: 220.933, force: 3175.101, rev_comm[0]: 214.279, rev_comm[1]: 1466.338, rev_comm[2]: 246.336, inte[1]: 144.856
[Rank 147] inte[0]: 205.903, comm[0]: 220.332, comm[1]: 1500.315, comm[2]: 219.307, force: 3187.821, rev_comm[0]: 213.429, rev_comm[1]: 1497.640, rev_comm[2]: 243.594, inte[1]: 144.526
[Rank 148] inte[0]: 206.256, comm[0]: 220.887, comm[1]: 1420.164, comm[2]: 221.252, force: 3191.444, rev_comm[0]: 215.127, rev_comm[1]: 1445.685, rev_comm[2]: 244.483, inte[1]: 145.207
[Rank 149] inte[0]: 207.452, comm[0]: 220.711, comm[1]: 1468.578, comm[2]: 219.923, force: 3186.268, rev_comm[0]: 214.623, rev_comm[1]: 1499.226, rev_comm[2]: 243.701, inte[1]: 144.923
[Rank 150] inte[0]: 206.683, comm[0]: 223.887, comm[1]: 1454.945, comm[2]: 223.619, force: 3183.856, rev_comm[0]: 218.096, rev_comm[1]: 1486.321, rev_comm[2]: 247.838, inte[1]: 145.322
[Rank 151] inte[0]: 206.259, comm[0]: 222.982, comm[1]: 1467.437, comm[2]: 221.485, force: 3197.983, rev_comm[0]: 216.249, rev_comm[1]: 1494.915, rev_comm[2]: 245.734, inte[1]: 145.201
[Rank 152] inte[0]: 207.093, comm[0]: 220.128, comm[1]: 1456.780, comm[2]: 222.252, force: 3178.839, rev_comm[0]: 214.230, rev_comm[1]: 1457.099, rev_comm[2]: 246.089, inte[1]: 145.330
[Rank 153] inte[0]: 205.981, comm[0]: 218.759, comm[1]: 1482.369, comm[2]: 220.509, force: 3168.173, rev_comm[0]: 213.627, rev_comm[1]: 1483.326, rev_comm[2]: 244.589, inte[1]: 144.484
[Rank 154] inte[0]: 206.440, comm[0]: 219.469, comm[1]: 1448.099, comm[2]: 221.221, force: 3167.042, rev_comm[0]: 214.646, rev_comm[1]: 1441.113, rev_comm[2]: 244.258, inte[1]: 145.126
[Rank 155] inte[0]: 206.008, comm[0]: 218.688, comm[1]: 1487.145, comm[2]: 218.631, force: 3180.413, rev_comm[0]: 213.444, rev_comm[1]: 1483.452, rev_comm[2]: 243.392, inte[1]: 144.103
[Rank 156] inte[0]: 208.143, comm[0]: 220.651, comm[1]: 1524.559, comm[2]: 219.639, force: 3193.382, rev_comm[0]: 214.324, rev_comm[1]: 1533.180, rev_comm[2]: 244.321, inte[1]: 145.522
[Rank 157] inte[0]: 207.287, comm[0]: 220.248, comm[1]: 1549.600, comm[2]: 219.903, force: 3186.653, rev_comm[0]: 214.807, rev_comm[1]: 1563.572, rev_comm[2]: 244.918, inte[1]: 145.179
[Rank 158] inte[0]: 205.709, comm[0]: 222.727, comm[1]: 1507.203, comm[2]: 221.198, force: 3182.684, rev_comm[0]: 215.261, rev_comm[1]: 1520.271, rev_comm[2]: 245.219, inte[1]: 145.177
[Rank 159] inte[0]: 206.435, comm[0]: 220.754, comm[1]: 1553.527, comm[2]: 219.164, force: 3193.510, rev_comm[0]: 213.824, rev_comm[1]: 1564.695, rev_comm[2]: 243.859, inte[1]: 144.258
[Rank 160] inte[0]: 205.557, comm[0]: 219.104, comm[1]: 1843.714, comm[2]: 218.181, force: 3189.655, rev_comm[0]: 212.964, rev_comm[1]: 1827.817, rev_comm[2]: 242.066, inte[1]: 144.264
[Rank 161] inte[0]: 206.183, comm[0]: 218.812, comm[1]: 1924.360, comm[2]: 217.626, force: 3197.160, rev_comm[0]: 212.815, rev_comm[1]: 1907.707, rev_comm[2]: 242.557, inte[1]: 144.672
[Rank 162] inte[0]: 206.035, comm[0]: 222.719, comm[1]: 1885.712, comm[2]: 220.633, force: 3182.977, rev_comm[0]: 216.091, rev_comm[1]: 1875.629, rev_comm[2]: 246.636, inte[1]: 145.408
[Rank 163] inte[0]: 205.729, comm[0]: 220.395, comm[1]: 1929.037, comm[2]: 220.157, force: 3195.064, rev_comm[0]: 214.695, rev_comm[1]: 1905.888, rev_comm[2]: 244.898, inte[1]: 144.669
[Rank 164] inte[0]: 206.015, comm[0]: 219.486, comm[1]: 1597.180, comm[2]: 219.516, force: 3197.777, rev_comm[0]: 213.461, rev_comm[1]: 1583.440, rev_comm[2]: 247.630, inte[1]: 144.694
[Rank 165] inte[0]: 207.276, comm[0]: 219.025, comm[1]: 1633.910, comm[2]: 218.997, force: 3190.365, rev_comm[0]: 213.993, rev_comm[1]: 1628.556, rev_comm[2]: 243.663, inte[1]: 145.018
[Rank 166] inte[0]: 205.825, comm[0]: 222.010, comm[1]: 1590.367, comm[2]: 221.564, force: 3189.835, rev_comm[0]: 215.729, rev_comm[1]: 1587.394, rev_comm[2]: 246.344, inte[1]: 144.410
[Rank 167] inte[0]: 207.558, comm[0]: 220.890, comm[1]: 1638.477, comm[2]: 219.990, force: 3213.649, rev_comm[0]: 214.372, rev_comm[1]: 1630.242, rev_comm[2]: 244.427, inte[1]: 144.843
[Rank 168] inte[0]: 207.620, comm[0]: 218.713, comm[1]: 1891.223, comm[2]: 219.775, force: 3204.027, rev_comm[0]: 212.659, rev_comm[1]: 1882.472, rev_comm[2]: 243.719, inte[1]: 145.801
[Rank 169] inte[0]: 205.578, comm[0]: 219.738, comm[1]: 1930.413, comm[2]: 219.560, force: 3195.094, rev_comm[0]: 213.896, rev_comm[1]: 1927.531, rev_comm[2]: 244.425, inte[1]: 143.790
[Rank 170] inte[0]: 207.217, comm[0]: 220.329, comm[1]: 1855.710, comm[2]: 219.607, force: 3207.202, rev_comm[0]: 215.159, rev_comm[1]: 1866.239, rev_comm[2]: 244.779, inte[1]: 145.173
[Rank 171] inte[0]: 206.891, comm[0]: 219.458, comm[1]: 1934.117, comm[2]: 218.830, force: 3220.552, rev_comm[0]: 212.896, rev_comm[1]: 1931.255, rev_comm[2]: 243.384, inte[1]: 144.611
[Rank 172] inte[0]: 205.837, comm[0]: 220.215, comm[1]: 1398.413, comm[2]: 220.819, force: 3191.416, rev_comm[0]: 214.232, rev_comm[1]: 1412.747, rev_comm[2]: 245.997, inte[1]: 145.122
[Rank 173] inte[0]: 206.095, comm[0]: 220.365, comm[1]: 1428.529, comm[2]: 219.978, force: 3183.785, rev_comm[0]: 214.018, rev_comm[1]: 1449.248, rev_comm[2]: 245.120, inte[1]: 144.956
[Rank 174] inte[0]: 205.643, comm[0]: 221.040, comm[1]: 1382.578, comm[2]: 220.882, force: 3181.242, rev_comm[0]: 215.011, rev_comm[1]: 1402.424, rev_comm[2]: 245.953, inte[1]: 144.891
[Rank 175] inte[0]: 206.103, comm[0]: 218.865, comm[1]: 1431.416, comm[2]: 218.924, force: 3195.231, rev_comm[0]: 213.539, rev_comm[1]: 1448.384, rev_comm[2]: 242.682, inte[1]: 144.751
[Rank 176] inte[0]: 206.603, comm[0]: 223.883, comm[1]: 1363.514, comm[2]: 223.441, force: 3189.258, rev_comm[0]: 216.467, rev_comm[1]: 1372.438, rev_comm[2]: 249.542, inte[1]: 145.446
[Rank 177] inte[0]: 205.749, comm[0]: 220.424, comm[1]: 1395.258, comm[2]: 220.739, force: 3178.468, rev_comm[0]: 215.307, rev_comm[1]: 1399.024, rev_comm[2]: 244.965, inte[1]: 144.365
[Rank 178] inte[0]: 205.996, comm[0]: 222.491, comm[1]: 1382.800, comm[2]: 224.098, force: 3179.254, rev_comm[0]: 215.709, rev_comm[1]: 1391.053, rev_comm[2]: 247.276, inte[1]: 145.653
[Rank 179] inte[0]: 206.470, comm[0]: 219.322, comm[1]: 1393.353, comm[2]: 219.772, force: 3189.551, rev_comm[0]: 212.987, rev_comm[1]: 1395.345, rev_comm[2]: 245.826, inte[1]: 144.575
[Rank 180] inte[0]: 207.140, comm[0]: 220.795, comm[1]: 1463.833, comm[2]: 220.832, force: 3194.943, rev_comm[0]: 214.146, rev_comm[1]: 1501.173, rev_comm[2]: 245.095, inte[1]: 145.452
[Rank 181] inte[0]: 206.052, comm[0]: 218.632, comm[1]: 1490.706, comm[2]: 219.374, force: 3192.673, rev_comm[0]: 212.973, rev_comm[1]: 1530.586, rev_comm[2]: 243.245, inte[1]: 144.631
[Rank 182] inte[0]: 206.918, comm[0]: 221.793, comm[1]: 1484.958, comm[2]: 222.762, force: 3187.388, rev_comm[0]: 215.126, rev_comm[1]: 1527.581, rev_comm[2]: 247.068, inte[1]: 145.352
[Rank 183] inte[0]: 207.032, comm[0]: 221.030, comm[1]: 1492.032, comm[2]: 222.207, force: 3201.068, rev_comm[0]: 214.781, rev_comm[1]: 1531.212, rev_comm[2]: 246.010, inte[1]: 145.267
[Rank 184] inte[0]: 206.113, comm[0]: 219.332, comm[1]: 1490.612, comm[2]: 220.239, force: 3177.950, rev_comm[0]: 213.060, rev_comm[1]: 1511.775, rev_comm[2]: 243.656, inte[1]: 144.965
[Rank 185] inte[0]: 206.019, comm[0]: 219.361, comm[1]: 1517.477, comm[2]: 220.219, force: 3188.349, rev_comm[0]: 213.650, rev_comm[1]: 1544.507, rev_comm[2]: 244.553, inte[1]: 144.178
[Rank 186] inte[0]: 206.054, comm[0]: 223.409, comm[1]: 1497.135, comm[2]: 222.817, force: 3171.717, rev_comm[0]: 216.360, rev_comm[1]: 1519.180, rev_comm[2]: 247.350, inte[1]: 144.741
[Rank 187] inte[0]: 205.734, comm[0]: 221.627, comm[1]: 1521.807, comm[2]: 220.615, force: 3194.403, rev_comm[0]: 214.695, rev_comm[1]: 1545.293, rev_comm[2]: 244.901, inte[1]: 144.235
[Rank 188] inte[0]: 206.994, comm[0]: 218.187, comm[1]: 1501.250, comm[2]: 218.249, force: 3192.585, rev_comm[0]: 211.857, rev_comm[1]: 1489.571, rev_comm[2]: 243.292, inte[1]: 145.241
[Rank 189] inte[0]: 206.222, comm[0]: 219.022, comm[1]: 1538.080, comm[2]: 219.160, force: 3185.218, rev_comm[0]: 213.121, rev_comm[1]: 1525.201, rev_comm[2]: 244.556, inte[1]: 145.452
[Rank 190] inte[0]: 206.844, comm[0]: 224.682, comm[1]: 1504.367, comm[2]: 223.723, force: 3186.173, rev_comm[0]: 217.585, rev_comm[1]: 1492.612, rev_comm[2]: 248.320, inte[1]: 145.648
[Rank 191] inte[0]: 207.236, comm[0]: 222.295, comm[1]: 1541.756, comm[2]: 220.605, force: 3210.740, rev_comm[0]: 215.449, rev_comm[1]: 1524.727, rev_comm[2]: 245.522, inte[1]: 144.797
[Rank 192] inte[0]: 205.274, comm[0]: 220.114, comm[1]: 1755.543, comm[2]: 219.433, force: 3181.993, rev_comm[0]: 212.949, rev_comm[1]: 1785.334, rev_comm[2]: 242.978, inte[1]: 144.579
[Rank 193] inte[0]: 207.281, comm[0]: 220.020, comm[1]: 1818.597, comm[2]: 218.838, force: 3178.786, rev_comm[0]: 213.093, rev_comm[1]: 1858.199, rev_comm[2]: 243.469, inte[1]: 145.483
[Rank 194] inte[0]: 205.490, comm[0]: 224.152, comm[1]: 1786.682, comm[2]: 222.333, force: 3175.963, rev_comm[0]: 217.162, rev_comm[1]: 1823.877, rev_comm[2]: 247.882, inte[1]: 144.811
[Rank 195] inte[0]: 206.053, comm[0]: 222.685, comm[1]: 1820.133, comm[2]: 220.789, force: 3187.947, rev_comm[0]: 216.124, rev_comm[1]: 1857.448, rev_comm[2]: 245.921, inte[1]: 144.886
[Rank 196] inte[0]: 207.290, comm[0]: 218.522, comm[1]: 1641.082, comm[2]: 221.595, force: 3189.560, rev_comm[0]: 213.821, rev_comm[1]: 1616.604, rev_comm[2]: 244.780, inte[1]: 145.549
[Rank 197] inte[0]: 205.915, comm[0]: 217.805, comm[1]: 1670.515, comm[2]: 219.287, force: 3179.999, rev_comm[0]: 212.954, rev_comm[1]: 1654.501, rev_comm[2]: 244.211, inte[1]: 144.626
[Rank 198] inte[0]: 206.169, comm[0]: 222.515, comm[1]: 1618.415, comm[2]: 220.908, force: 3179.504, rev_comm[0]: 215.721, rev_comm[1]: 1604.329, rev_comm[2]: 245.051, inte[1]: 144.673
[Rank 199] inte[0]: 205.711, comm[0]: 220.185, comm[1]: 1677.480, comm[2]: 219.265, force: 3190.295, rev_comm[0]: 213.812, rev_comm[1]: 1657.600, rev_comm[2]: 243.995, inte[1]: 145.388
[Rank 200] inte[0]: 205.613, comm[0]: 218.172, comm[1]: 1715.188, comm[2]: 218.422, force: 3191.683, rev_comm[0]: 212.298, rev_comm[1]: 1807.108, rev_comm[2]: 242.849, inte[1]: 145.104
[Rank 201] inte[0]: 206.927, comm[0]: 218.359, comm[1]: 1766.777, comm[2]: 218.047, force: 3184.328, rev_comm[0]: 213.323, rev_comm[1]: 1856.943, rev_comm[2]: 243.163, inte[1]: 145.416
[Rank 202] inte[0]: 206.020, comm[0]: 221.062, comm[1]: 1728.850, comm[2]: 220.637, force: 3183.195, rev_comm[0]: 215.152, rev_comm[1]: 1813.735, rev_comm[2]: 246.371, inte[1]: 145.605
[Rank 203] inte[0]: 206.402, comm[0]: 218.649, comm[1]: 1771.865, comm[2]: 219.340, force: 3195.629, rev_comm[0]: 213.097, rev_comm[1]: 1860.136, rev_comm[2]: 241.926, inte[1]: 144.847
[Rank 204] inte[0]: 205.942, comm[0]: 224.223, comm[1]: 1715.855, comm[2]: 223.605, force: 3186.094, rev_comm[0]: 217.591, rev_comm[1]: 1680.172, rev_comm[2]: 247.241, inte[1]: 144.897
[Rank 205] inte[0]: 206.271, comm[0]: 220.856, comm[1]: 1778.805, comm[2]: 219.423, force: 3174.606, rev_comm[0]: 215.179, rev_comm[1]: 1737.862, rev_comm[2]: 244.312, inte[1]: 145.105
[Rank 206] inte[0]: 205.570, comm[0]: 221.503, comm[1]: 1747.559, comm[2]: 221.166, force: 3174.935, rev_comm[0]: 215.570, rev_comm[1]: 1708.528, rev_comm[2]: 246.833, inte[1]: 145.152
[Rank 207] inte[0]: 205.842, comm[0]: 219.516, comm[1]: 1781.962, comm[2]: 219.972, force: 3185.289, rev_comm[0]: 214.079, rev_comm[1]: 1737.611, rev_comm[2]: 243.470, inte[1]: 144.814
[Rank 208] inte[0]: 206.429, comm[0]: 219.005, comm[1]: 1540.056, comm[2]: 219.673, force: 3177.766, rev_comm[0]: 212.473, rev_comm[1]: 1498.732, rev_comm[2]: 244.421, inte[1]: 144.689
[Rank 209] inte[0]: 206.156, comm[0]: 219.500, comm[1]: 1581.792, comm[2]: 221.691, force: 3171.067, rev_comm[0]: 214.778, rev_comm[1]: 1534.460, rev_comm[2]: 245.938, inte[1]: 143.946
[Rank 210] inte[0]: 207.239, comm[0]: 222.652, comm[1]: 1558.507, comm[2]: 222.705, force: 3172.130, rev_comm[0]: 216.952, rev_comm[1]: 1520.662, rev_comm[2]: 247.856, inte[1]: 145.104
[Rank 211] inte[0]: 206.657, comm[0]: 221.745, comm[1]: 1578.967, comm[2]: 221.090, force: 3183.835, rev_comm[0]: 215.458, rev_comm[1]: 1535.192, rev_comm[2]: 247.330, inte[1]: 145.452
[Rank 212] inte[0]: 207.428, comm[0]: 220.087, comm[1]: 1398.153, comm[2]: 218.989, force: 3186.909, rev_comm[0]: 212.994, rev_comm[1]: 1433.748, rev_comm[2]: 244.339, inte[1]: 144.989
[Rank 213] inte[0]: 206.001, comm[0]: 220.342, comm[1]: 1422.261, comm[2]: 219.713, force: 3177.137, rev_comm[0]: 213.678, rev_comm[1]: 1461.252, rev_comm[2]: 244.636, inte[1]: 144.182
[Rank 214] inte[0]: 205.609, comm[0]: 209.736, comm[1]: 1400.262, comm[2]: 210.211, force: 3176.285, rev_comm[0]: 203.650, rev_comm[1]: 1435.927, rev_comm[2]: 232.079, inte[1]: 143.829
[Rank 215] inte[0]: 205.485, comm[0]: 208.713, comm[1]: 1421.049, comm[2]: 210.082, force: 3188.639, rev_comm[0]: 202.075, rev_comm[1]: 1459.573, rev_comm[2]: 231.152, inte[1]: 144.133
[Rank 216] inte[0]: 205.756, comm[0]: 219.908, comm[1]: 1453.889, comm[2]: 220.003, force: 3169.122, rev_comm[0]: 212.644, rev_comm[1]: 1473.856, rev_comm[2]: 245.830, inte[1]: 144.412
[Rank 217] inte[0]: 207.260, comm[0]: 218.667, comm[1]: 1464.444, comm[2]: 221.164, force: 3160.075, rev_comm[0]: 213.581, rev_comm[1]: 1486.289, rev_comm[2]: 243.666, inte[1]: 145.344
[Rank 218] inte[0]: 206.345, comm[0]: 223.550, comm[1]: 1455.586, comm[2]: 222.387, force: 3161.499, rev_comm[0]: 216.032, rev_comm[1]: 1479.764, rev_comm[2]: 247.678, inte[1]: 145.651
[Rank 219] inte[0]: 205.147, comm[0]: 222.617, comm[1]: 1468.681, comm[2]: 221.458, force: 3174.438, rev_comm[0]: 215.457, rev_comm[1]: 1491.548, rev_comm[2]: 246.152, inte[1]: 144.977
[Rank 220] inte[0]: 206.182, comm[0]: 221.382, comm[1]: 1398.367, comm[2]: 220.862, force: 3191.054, rev_comm[0]: 214.353, rev_comm[1]: 1407.742, rev_comm[2]: 246.357, inte[1]: 145.377
[Rank 221] inte[0]: 206.211, comm[0]: 218.753, comm[1]: 1429.478, comm[2]: 219.810, force: 3178.443, rev_comm[0]: 213.639, rev_comm[1]: 1442.689, rev_comm[2]: 242.589, inte[1]: 144.797
[Rank 222] inte[0]: 206.596, comm[0]: 222.184, comm[1]: 1403.296, comm[2]: 221.293, force: 3175.938, rev_comm[0]: 215.572, rev_comm[1]: 1416.044, rev_comm[2]: 247.304, inte[1]: 144.945
[Rank 223] inte[0]: 205.516, comm[0]: 217.642, comm[1]: 1431.901, comm[2]: 217.944, force: 3185.668, rev_comm[0]: 212.342, rev_comm[1]: 1441.671, rev_comm[2]: 242.949, inte[1]: 144.485
[Rank 224] inte[0]: 204.509, comm[0]: 205.254, comm[1]: 1568.584, comm[2]: 207.559, force: 3183.312, rev_comm[0]: 199.106, rev_comm[1]: 1556.167, rev_comm[2]: 230.041, inte[1]: 143.516
[Rank 225] inte[0]: 205.707, comm[0]: 204.663, comm[1]: 1617.026, comm[2]: 205.137, force: 3178.269, rev_comm[0]: 199.544, rev_comm[1]: 1598.497, rev_comm[2]: 228.074, inte[1]: 143.732
[Rank 226] inte[0]: 206.624, comm[0]: 225.789, comm[1]: 1612.304, comm[2]: 225.848, force: 3184.302, rev_comm[0]: 219.450, rev_comm[1]: 1594.062, rev_comm[2]: 249.417, inte[1]: 145.735
[Rank 227] inte[0]: 207.330, comm[0]: 224.962, comm[1]: 1624.974, comm[2]: 222.486, force: 3198.148, rev_comm[0]: 218.097, rev_comm[1]: 1604.448, rev_comm[2]: 247.536, inte[1]: 145.328
[Rank 228] inte[0]: 206.919, comm[0]: 219.255, comm[1]: 1551.739, comm[2]: 218.424, force: 3195.281, rev_comm[0]: 212.621, rev_comm[1]: 1654.714, rev_comm[2]: 242.740, inte[1]: 144.961
[Rank 229] inte[0]: 207.221, comm[0]: 219.028, comm[1]: 1597.210, comm[2]: 218.676, force: 3189.742, rev_comm[0]: 212.844, rev_comm[1]: 1697.540, rev_comm[2]: 243.649, inte[1]: 145.294
[Rank 230] inte[0]: 207.519, comm[0]: 224.450, comm[1]: 1564.886, comm[2]: 222.026, force: 3192.432, rev_comm[0]: 217.778, rev_comm[1]: 1670.037, rev_comm[2]: 246.906, inte[1]: 145.625
[Rank 231] inte[0]: 206.907, comm[0]: 223.256, comm[1]: 1601.692, comm[2]: 222.176, force: 3207.146, rev_comm[0]: 217.022, rev_comm[1]: 1702.264, rev_comm[2]: 246.931, inte[1]: 146.081
[Rank 232] inte[0]: 205.668, comm[0]: 222.581, comm[1]: 1655.503, comm[2]: 221.526, force: 3201.770, rev_comm[0]: 215.469, rev_comm[1]: 1617.028, rev_comm[2]: 245.614, inte[1]: 145.717
[Rank 233] inte[0]: 205.480, comm[0]: 219.832, comm[1]: 1698.063, comm[2]: 219.985, force: 3200.958, rev_comm[0]: 213.328, rev_comm[1]: 1654.805, rev_comm[2]: 245.676, inte[1]: 144.521
[Rank 234] inte[0]: 207.013, comm[0]: 221.134, comm[1]: 1670.048, comm[2]: 221.483, force: 3198.254, rev_comm[0]: 214.840, rev_comm[1]: 1624.092, rev_comm[2]: 245.802, inte[1]: 144.990
[Rank 235] inte[0]: 206.124, comm[0]: 220.674, comm[1]: 1699.123, comm[2]: 219.069, force: 3207.750, rev_comm[0]: 213.440, rev_comm[1]: 1657.515, rev_comm[2]: 242.951, inte[1]: 144.289
[Rank 236] inte[0]: 205.657, comm[0]: 219.592, comm[1]: 1799.317, comm[2]: 218.773, force: 3193.369, rev_comm[0]: 213.355, rev_comm[1]: 1839.056, rev_comm[2]: 242.899, inte[1]: 144.802
[Rank 237] inte[0]: 206.104, comm[0]: 219.126, comm[1]: 1858.665, comm[2]: 218.421, force: 3182.578, rev_comm[0]: 213.780, rev_comm[1]: 1899.057, rev_comm[2]: 242.578, inte[1]: 144.284
[Rank 238] inte[0]: 205.859, comm[0]: 224.420, comm[1]: 1814.367, comm[2]: 222.667, force: 3186.270, rev_comm[0]: 217.507, rev_comm[1]: 1853.335, rev_comm[2]: 246.990, inte[1]: 145.457
[Rank 239] inte[0]: 205.761, comm[0]: 223.473, comm[1]: 1862.965, comm[2]: 221.031, force: 3199.106, rev_comm[0]: 216.415, rev_comm[1]: 1899.092, rev_comm[2]: 246.434, inte[1]: 145.299
[Rank 240] inte[0]: 206.215, comm[0]: 206.730, comm[1]: 1625.969, comm[2]: 208.464, force: 3183.216, rev_comm[0]: 199.034, rev_comm[1]: 1620.795, rev_comm[2]: 229.876, inte[1]: 144.524
[Rank 241] inte[0]: 205.293, comm[0]: 205.987, comm[1]: 1704.039, comm[2]: 205.829, force: 3171.906, rev_comm[0]: 199.256, rev_comm[1]: 1704.499, rev_comm[2]: 227.475, inte[1]: 143.731
[Rank 242] inte[0]: 206.720, comm[0]: 220.374, comm[1]: 1690.882, comm[2]: 221.121, force: 3181.322, rev_comm[0]: 214.410, rev_comm[1]: 1693.924, rev_comm[2]: 247.333, inte[1]: 144.674
[Rank 243] inte[0]: 206.952, comm[0]: 216.965, comm[1]: 1708.145, comm[2]: 217.570, force: 3190.054, rev_comm[0]: 211.643, rev_comm[1]: 1710.141, rev_comm[2]: 242.388, inte[1]: 144.446
[Rank 244] inte[0]: 205.912, comm[0]: 222.032, comm[1]: 1493.221, comm[2]: 222.795, force: 3198.454, rev_comm[0]: 216.045, rev_comm[1]: 1516.184, rev_comm[2]: 247.236, inte[1]: 144.908
[Rank 245] inte[0]: 205.312, comm[0]: 219.473, comm[1]: 1528.644, comm[2]: 221.430, force: 3188.418, rev_comm[0]: 214.258, rev_comm[1]: 1570.204, rev_comm[2]: 245.584, inte[1]: 144.670
[Rank 246] inte[0]: 206.617, comm[0]: 221.887, comm[1]: 1501.875, comm[2]: 222.198, force: 3187.418, rev_comm[0]: 215.249, rev_comm[1]: 1539.264, rev_comm[2]: 246.310, inte[1]: 144.623
[Rank 247] inte[0]: 205.102, comm[0]: 219.282, comm[1]: 1535.886, comm[2]: 219.833, force: 3199.868, rev_comm[0]: 214.245, rev_comm[1]: 1571.697, rev_comm[2]: 245.139, inte[1]: 144.583
[Rank 248] inte[0]: 207.057, comm[0]: 218.173, comm[1]: 1453.738, comm[2]: 219.545, force: 3179.360, rev_comm[0]: 212.415, rev_comm[1]: 1479.540, rev_comm[2]: 244.398, inte[1]: 145.260
[Rank 249] inte[0]: 206.955, comm[0]: 217.986, comm[1]: 1463.204, comm[2]: 219.680, force: 3172.181, rev_comm[0]: 213.154, rev_comm[1]: 1487.314, rev_comm[2]: 243.727, inte[1]: 145.664
[Rank 250] inte[0]: 206.154, comm[0]: 222.335, comm[1]: 1436.902, comm[2]: 219.923, force: 3172.701, rev_comm[0]: 214.209, rev_comm[1]: 1464.057, rev_comm[2]: 244.673, inte[1]: 145.917
[Rank 251] inte[0]: 206.245, comm[0]: 219.898, comm[1]: 1470.348, comm[2]: 220.288, force: 3182.282, rev_comm[0]: 213.593, rev_comm[1]: 1497.912, rev_comm[2]: 244.310, inte[1]: 144.336
[Rank 252] inte[0]: 207.456, comm[0]: 222.810, comm[1]: 1599.230, comm[2]: 222.868, force: 3196.702, rev_comm[0]: 216.212, rev_comm[1]: 1744.692, rev_comm[2]: 246.901, inte[1]: 145.368
[Rank 253] inte[0]: 206.642, comm[0]: 219.462, comm[1]: 1625.970, comm[2]: 218.609, force: 3188.482, rev_comm[0]: 213.622, rev_comm[1]: 1778.036, rev_comm[2]: 243.488, inte[1]: 144.698
[Rank 254] inte[0]: 206.372, comm[0]: 220.554, comm[1]: 1608.373, comm[2]: 220.593, force: 3188.617, rev_comm[0]: 214.904, rev_comm[1]: 1749.519, rev_comm[2]: 244.639, inte[1]: 144.959
[Rank 255] inte[0]: 205.855, comm[0]: 218.566, comm[1]: 1639.131, comm[2]: 216.743, force: 3197.411, rev_comm[0]: 213.002, rev_comm[1]: 1786.129, rev_comm[2]: 242.416, inte[1]: 144.792
[Max rank 43] inte[0]: 206.335, comm[0]: 221.718, comm[1]: 2280.844, comm[2]: 220.398, force: 3211.623, rev_comm[0]: 217.030, rev_comm[1]: 2212.112, rev_comm[2]: 247.260, inte[1]: 145.551


# Performance Summary:
# MPI_proc OMP_threads nsteps natoms t_total t_force t_neigh t_comm t_other performance perf/thread grep_string t_extra
256 1 100 268435456 1.224908 0.320574 0.000000 0.864930 0.039403 21914748244.896236 85604485.331626 PERF_SUMMARY 0.000000


