[Rank 111] xlo: 322.482469, xhi: 429.976625, ylo: 322.482469, yhi: 429.976625, zlo: 322.482469, zhi: 429.976625
[Rank 93] xlo: 214.988312, xhi: 322.482469, ylo: 752.459094, yhi: 859.953250, zlo: 107.494156, zhi: 214.988312
[Rank 134] xlo: 429.976625, xhi: 537.470781, ylo: 107.494156, yhi: 214.988312, zlo: 214.988312, zhi: 322.482469
[Rank 148] xlo: 429.976625, xhi: 537.470781, ylo: 537.470781, yhi: 644.964937, zlo: 0.000000, zhi: 107.494156
[Rank 94] xlo: 214.988312, xhi: 322.482469, ylo: 752.459094, yhi: 859.953250, zlo: 214.988312, zhi: 322.482469
[Rank 92] xlo: 214.988312, xhi: 322.482469, ylo: 752.459094, yhi: 859.953250, zlo: 0.000000, zhi: 107.494156
[Rank 224] xlo: 752.459094, xhi: 859.953250, ylo: 0.000000, yhi: 107.494156, zlo: 0.000000, zhi: 107.494156
[Rank 227] xlo: 752.459094, xhi: 859.953250, ylo: 0.000000, yhi: 107.494156, zlo: 322.482469, zhi: 429.976625
[Rank 95] xlo: 214.988312, xhi: 322.482469, ylo: 752.459094, yhi: 859.953250, zlo: 322.482469, zhi: 429.976625
[Rank 17] xlo: 0.000000, xhi: 107.494156, ylo: 429.976625, yhi: 537.470781, zlo: 107.494156, zhi: 214.988312
[Rank 241] xlo: 752.459094, xhi: 859.953250, ylo: 429.976625, yhi: 537.470781, zlo: 107.494156, zhi: 214.988312
[Rank 226] xlo: 752.459094, xhi: 859.953250, ylo: 0.000000, yhi: 107.494156, zlo: 214.988312, zhi: 322.482469
[Rank 225] xlo: 752.459094, xhi: 859.953250, ylo: 0.000000, yhi: 107.494156, zlo: 107.494156, zhi: 214.988312
[Rank 58] xlo: 107.494156, xhi: 214.988312, ylo: 644.964937, yhi: 752.459094, zlo: 214.988312, zhi: 322.482469
[Rank 53] xlo: 107.494156, xhi: 214.988312, ylo: 537.470781, yhi: 644.964937, zlo: 107.494156, zhi: 214.988312
[Rank 52] xlo: 107.494156, xhi: 214.988312, ylo: 537.470781, yhi: 644.964937, zlo: 0.000000, zhi: 107.494156
[Rank 57] xlo: 107.494156, xhi: 214.988312, ylo: 644.964937, yhi: 752.459094, zlo: 107.494156, zhi: 214.988312
[Rank 169] xlo: 537.470781, xhi: 644.964937, ylo: 214.988312, yhi: 322.482469, zlo: 107.494156, zhi: 214.988312
[Rank 48] xlo: 107.494156, xhi: 214.988312, ylo: 429.976625, yhi: 537.470781, zlo: 0.000000, zhi: 107.494156
[Rank 49] xlo: 107.494156, xhi: 214.988312, ylo: 429.976625, yhi: 537.470781, zlo: 107.494156, zhi: 214.988312
[Rank 255] xlo: 752.459094, xhi: 859.953250, ylo: 752.459094, yhi: 859.953250, zlo: 322.482469, zhi: 429.976625
[Rank 254] xlo: 752.459094, xhi: 859.953250, ylo: 752.459094, yhi: 859.953250, zlo: 214.988312, zhi: 322.482469
[Rank 139] xlo: 429.976625, xhi: 537.470781, ylo: 214.988312, yhi: 322.482469, zlo: 322.482469, zhi: 429.976625
[Rank 59] xlo: 107.494156, xhi: 214.988312, ylo: 644.964937, yhi: 752.459094, zlo: 322.482469, zhi: 429.976625
[Rank 138] xlo: 429.976625, xhi: 537.470781, ylo: 214.988312, yhi: 322.482469, zlo: 214.988312, zhi: 322.482469
[Rank 56] xlo: 107.494156, xhi: 214.988312, ylo: 644.964937, yhi: 752.459094, zlo: 0.000000, zhi: 107.494156
[Rank 55] xlo: 107.494156, xhi: 214.988312, ylo: 537.470781, yhi: 644.964937, zlo: 322.482469, zhi: 429.976625
[Rank 130] xlo: 429.976625, xhi: 537.470781, ylo: 0.000000, yhi: 107.494156, zlo: 214.988312, zhi: 322.482469
[Rank 54] xlo: 107.494156, xhi: 214.988312, ylo: 537.470781, yhi: 644.964937, zlo: 214.988312, zhi: 322.482469
[Rank 62] xlo: 107.494156, xhi: 214.988312, ylo: 752.459094, yhi: 859.953250, zlo: 214.988312, zhi: 322.482469
[Rank 89] xlo: 214.988312, xhi: 322.482469, ylo: 644.964937, yhi: 752.459094, zlo: 107.494156, zhi: 214.988312
[Rank 51] xlo: 107.494156, xhi: 214.988312, ylo: 429.976625, yhi: 537.470781, zlo: 322.482469, zhi: 429.976625
[Rank 162] xlo: 537.470781, xhi: 644.964937, ylo: 0.000000, yhi: 107.494156, zlo: 214.988312, zhi: 322.482469
[Rank 50] xlo: 107.494156, xhi: 214.988312, ylo: 429.976625, yhi: 537.470781, zlo: 214.988312, zhi: 322.482469
[Rank 163] xlo: 537.470781, xhi: 644.964937, ylo: 0.000000, yhi: 107.494156, zlo: 322.482469, zhi: 429.976625
[Rank 90] xlo: 214.988312, xhi: 322.482469, ylo: 644.964937, yhi: 752.459094, zlo: 214.988312, zhi: 322.482469
[Rank 131] xlo: 429.976625, xhi: 537.470781, ylo: 0.000000, yhi: 107.494156, zlo: 322.482469, zhi: 429.976625
[Rank 253] xlo: 752.459094, xhi: 859.953250, ylo: 752.459094, yhi: 859.953250, zlo: 107.494156, zhi: 214.988312
[Rank 240] xlo: 752.459094, xhi: 859.953250, ylo: 429.976625, yhi: 537.470781, zlo: 0.000000, zhi: 107.494156
[Rank 30] xlo: 0.000000, xhi: 107.494156, ylo: 752.459094, yhi: 859.953250, zlo: 214.988312, zhi: 322.482469
[Rank 129] xlo: 429.976625, xhi: 537.470781, ylo: 0.000000, yhi: 107.494156, zlo: 107.494156, zhi: 214.988312
[Rank 252] xlo: 752.459094, xhi: 859.953250, ylo: 752.459094, yhi: 859.953250, zlo: 0.000000, zhi: 107.494156
[Rank 230] xlo: 752.459094, xhi: 859.953250, ylo: 107.494156, yhi: 214.988312, zlo: 214.988312, zhi: 322.482469
[Rank 231] xlo: 752.459094, xhi: 859.953250, ylo: 107.494156, yhi: 214.988312, zlo: 322.482469, zhi: 429.976625
[Rank 110] xlo: 322.482469, xhi: 429.976625, ylo: 322.482469, yhi: 429.976625, zlo: 214.988312, zhi: 322.482469
[Rank 84] xlo: 214.988312, xhi: 322.482469, ylo: 537.470781, yhi: 644.964937, zlo: 0.000000, zhi: 107.494156
[Rank 136] xlo: 429.976625, xhi: 537.470781, ylo: 214.988312, yhi: 322.482469, zlo: 0.000000, zhi: 107.494156
[Rank 190] xlo: 537.470781, xhi: 644.964937, ylo: 752.459094, yhi: 859.953250, zlo: 214.988312, zhi: 322.482469
[Rank 9] xlo: 0.000000, xhi: 107.494156, ylo: 214.988312, yhi: 322.482469, zlo: 107.494156, zhi: 214.988312
[Rank 81] xlo: 214.988312, xhi: 322.482469, ylo: 429.976625, yhi: 537.470781, zlo: 107.494156, zhi: 214.988312
[Rank 87] xlo: 214.988312, xhi: 322.482469, ylo: 537.470781, yhi: 644.964937, zlo: 322.482469, zhi: 429.976625
[Rank 137] xlo: 429.976625, xhi: 537.470781, ylo: 214.988312, yhi: 322.482469, zlo: 107.494156, zhi: 214.988312
[Rank 191] xlo: 537.470781, xhi: 644.964937, ylo: 752.459094, yhi: 859.953250, zlo: 322.482469, zhi: 429.976625
[Rank 8] xlo: 0.000000, xhi: 107.494156, ylo: 214.988312, yhi: 322.482469, zlo: 0.000000, zhi: 107.494156
[Rank 80] xlo: 214.988312, xhi: 322.482469, ylo: 429.976625, yhi: 537.470781, zlo: 0.000000, zhi: 107.494156
[Rank 31] xlo: 0.000000, xhi: 107.494156, ylo: 752.459094, yhi: 859.953250, zlo: 322.482469, zhi: 429.976625
[Rank 244] xlo: 752.459094, xhi: 859.953250, ylo: 537.470781, yhi: 644.964937, zlo: 0.000000, zhi: 107.494156
[Rank 247] xlo: 752.459094, xhi: 859.953250, ylo: 537.470781, yhi: 644.964937, zlo: 322.482469, zhi: 429.976625
[Rank 128] xlo: 429.976625, xhi: 537.470781, ylo: 0.000000, yhi: 107.494156, zlo: 0.000000, zhi: 107.494156
[Rank 121] xlo: 322.482469, xhi: 429.976625, ylo: 644.964937, yhi: 752.459094, zlo: 107.494156, zhi: 214.988312
[Rank 161] xlo: 537.470781, xhi: 644.964937, ylo: 0.000000, yhi: 107.494156, zlo: 107.494156, zhi: 214.988312
[Rank 160] xlo: 537.470781, xhi: 644.964937, ylo: 0.000000, yhi: 107.494156, zlo: 0.000000, zhi: 107.494156
[Rank 135] xlo: 429.976625, xhi: 537.470781, ylo: 107.494156, yhi: 214.988312, zlo: 322.482469, zhi: 429.976625
[Rank 61] xlo: 107.494156, xhi: 214.988312, ylo: 752.459094, yhi: 859.953250, zlo: 107.494156, zhi: 214.988312
[Rank 106] xlo: 322.482469, xhi: 429.976625, ylo: 214.988312, yhi: 322.482469, zlo: 214.988312, zhi: 322.482469
[Rank 68] xlo: 214.988312, xhi: 322.482469, ylo: 107.494156, yhi: 214.988312, zlo: 0.000000, zhi: 107.494156
[Rank 37] xlo: 107.494156, xhi: 214.988312, ylo: 107.494156, yhi: 214.988312, zlo: 107.494156, zhi: 214.988312
[Rank 149] xlo: 429.976625, xhi: 537.470781, ylo: 537.470781, yhi: 644.964937, zlo: 107.494156, zhi: 214.988312
[Rank 107] xlo: 322.482469, xhi: 429.976625, ylo: 214.988312, yhi: 322.482469, zlo: 322.482469, zhi: 429.976625
[Rank 86] xlo: 214.988312, xhi: 322.482469, ylo: 537.470781, yhi: 644.964937, zlo: 214.988312, zhi: 322.482469
[Rank 36] xlo: 107.494156, xhi: 214.988312, ylo: 107.494156, yhi: 214.988312, zlo: 0.000000, zhi: 107.494156
[Rank 120] xlo: 322.482469, xhi: 429.976625, ylo: 644.964937, yhi: 752.459094, zlo: 0.000000, zhi: 107.494156
[Rank 46] xlo: 107.494156, xhi: 214.988312, ylo: 322.482469, yhi: 429.976625, zlo: 214.988312, zhi: 322.482469
[Rank 34] xlo: 107.494156, xhi: 214.988312, ylo: 0.000000, yhi: 107.494156, zlo: 214.988312, zhi: 322.482469
[Rank 142] xlo: 429.976625, xhi: 537.470781, ylo: 322.482469, yhi: 429.976625, zlo: 214.988312, zhi: 322.482469
[Rank 85] xlo: 214.988312, xhi: 322.482469, ylo: 537.470781, yhi: 644.964937, zlo: 107.494156, zhi: 214.988312
[Rank 228] xlo: 752.459094, xhi: 859.953250, ylo: 107.494156, yhi: 214.988312, zlo: 0.000000, zhi: 107.494156
[Rank 229] xlo: 752.459094, xhi: 859.953250, ylo: 107.494156, yhi: 214.988312, zlo: 107.494156, zhi: 214.988312
[Rank 63] xlo: 107.494156, xhi: 214.988312, ylo: 752.459094, yhi: 859.953250, zlo: 322.482469, zhi: 429.976625
[Rank 88] xlo: 214.988312, xhi: 322.482469, ylo: 644.964937, yhi: 752.459094, zlo: 0.000000, zhi: 107.494156
[Rank 243] xlo: 752.459094, xhi: 859.953250, ylo: 429.976625, yhi: 537.470781, zlo: 322.482469, zhi: 429.976625
[Rank 35] xlo: 107.494156, xhi: 214.988312, ylo: 0.000000, yhi: 107.494156, zlo: 322.482469, zhi: 429.976625
[Rank 77] xlo: 214.988312, xhi: 322.482469, ylo: 322.482469, yhi: 429.976625, zlo: 107.494156, zhi: 214.988312
[Rank 236] xlo: 752.459094, xhi: 859.953250, ylo: 322.482469, yhi: 429.976625, zlo: 0.000000, zhi: 107.494156
[Rank 91] xlo: 214.988312, xhi: 322.482469, ylo: 644.964937, yhi: 752.459094, zlo: 322.482469, zhi: 429.976625
[Rank 60] xlo: 107.494156, xhi: 214.988312, ylo: 752.459094, yhi: 859.953250, zlo: 0.000000, zhi: 107.494156
[Rank 76] xlo: 214.988312, xhi: 322.482469, ylo: 322.482469, yhi: 429.976625, zlo: 0.000000, zhi: 107.494156
[Rank 242] xlo: 752.459094, xhi: 859.953250, ylo: 429.976625, yhi: 537.470781, zlo: 214.988312, zhi: 322.482469
[Rank 188] xlo: 537.470781, xhi: 644.964937, ylo: 752.459094, yhi: 859.953250, zlo: 0.000000, zhi: 107.494156
[Rank 1] xlo: 0.000000, xhi: 107.494156, ylo: 0.000000, yhi: 107.494156, zlo: 107.494156, zhi: 214.988312
[Rank 47] xlo: 107.494156, xhi: 214.988312, ylo: 322.482469, yhi: 429.976625, zlo: 322.482469, zhi: 429.976625
[Rank 237] xlo: 752.459094, xhi: 859.953250, ylo: 322.482469, yhi: 429.976625, zlo: 107.494156, zhi: 214.988312
[Rank 246] xlo: 752.459094, xhi: 859.953250, ylo: 537.470781, yhi: 644.964937, zlo: 214.988312, zhi: 322.482469
# Create System:
[Rank 0] xlo: 0.000000, xhi: 107.494156, ylo: 0.000000, yhi: 107.494156, zlo: 0.000000, zhi: 107.494156
# Done .... 
# miniMD-Reference 1.2 (MPI+OpenMP) output ...
# Run Settings: 
	# MPI processes: 256
	# Host Threads: 1
	# Inputfile: in.lj.miniMD
	# Datafile: None
# Physics Settings: 
	# ForceStyle: LJ
	# Force Parameters: 1.00 1.00
	# Units: LJ
	# Atoms: 268435456
	# Atom types: 8
	# System size: 859.95 859.95 429.98 (unit cells: 512 512 256)
	# Density: 0.844200
	# Force cutoff: 2.500000
	# Timestep size: 0.005000
# Technical Settings: 
	# Neigh cutoff: 2.800000
	# Half neighborlists: 1
	# Team neighborlist construction: 0
	# Neighbor bins: 307 307 153
	# Neighbor frequency: 1000
	# Sorting frequency: 1000
	# Thermo frequency: 100
	# Ghost Newton: 1
	# Use intrinsics: 0
	# Do safe exchange: 0
	# Size of float: 8

[Rank 65] xlo: 214.988312, xhi: 322.482469, ylo: 0.000000, yhi: 107.494156, zlo: 107.494156, zhi: 214.988312
[Rank 245] xlo: 752.459094, xhi: 859.953250, ylo: 537.470781, yhi: 644.964937, zlo: 107.494156, zhi: 214.988312
[Rank 45] xlo: 107.494156, xhi: 214.988312, ylo: 322.482469, yhi: 429.976625, zlo: 107.494156, zhi: 214.988312
[Rank 166] xlo: 537.470781, xhi: 644.964937, ylo: 107.494156, yhi: 214.988312, zlo: 214.988312, zhi: 322.482469
[Rank 189] xlo: 537.470781, xhi: 644.964937, ylo: 752.459094, yhi: 859.953250, zlo: 107.494156, zhi: 214.988312
[Rank 21] xlo: 0.000000, xhi: 107.494156, ylo: 537.470781, yhi: 644.964937, zlo: 107.494156, zhi: 214.988312
[Rank 83] xlo: 214.988312, xhi: 322.482469, ylo: 429.976625, yhi: 537.470781, zlo: 322.482469, zhi: 429.976625
[Rank 28] xlo: 0.000000, xhi: 107.494156, ylo: 752.459094, yhi: 859.953250, zlo: 0.000000, zhi: 107.494156
[Rank 115] xlo: 322.482469, xhi: 429.976625, ylo: 429.976625, yhi: 537.470781, zlo: 322.482469, zhi: 429.976625
[Rank 232] xlo: 752.459094, xhi: 859.953250, ylo: 214.988312, yhi: 322.482469, zlo: 0.000000, zhi: 107.494156
[Rank 64] xlo: 214.988312, xhi: 322.482469, ylo: 0.000000, yhi: 107.494156, zlo: 0.000000, zhi: 107.494156
[Rank 20] xlo: 0.000000, xhi: 107.494156, ylo: 537.470781, yhi: 644.964937, zlo: 0.000000, zhi: 107.494156
[Rank 32] xlo: 107.494156, xhi: 214.988312, ylo: 0.000000, yhi: 107.494156, zlo: 0.000000, zhi: 107.494156
[Rank 29] xlo: 0.000000, xhi: 107.494156, ylo: 752.459094, yhi: 859.953250, zlo: 107.494156, zhi: 214.988312
[Rank 82] xlo: 214.988312, xhi: 322.482469, ylo: 429.976625, yhi: 537.470781, zlo: 214.988312, zhi: 322.482469
[Rank 168] xlo: 537.470781, xhi: 644.964937, ylo: 214.988312, yhi: 322.482469, zlo: 0.000000, zhi: 107.494156
[Rank 108] xlo: 322.482469, xhi: 429.976625, ylo: 322.482469, yhi: 429.976625, zlo: 0.000000, zhi: 107.494156
[Rank 167] xlo: 537.470781, xhi: 644.964937, ylo: 107.494156, yhi: 214.988312, zlo: 322.482469, zhi: 429.976625
[Rank 114] xlo: 322.482469, xhi: 429.976625, ylo: 429.976625, yhi: 537.470781, zlo: 214.988312, zhi: 322.482469
[Rank 16] xlo: 0.000000, xhi: 107.494156, ylo: 429.976625, yhi: 537.470781, zlo: 0.000000, zhi: 107.494156
[Rank 38] xlo: 107.494156, xhi: 214.988312, ylo: 107.494156, yhi: 214.988312, zlo: 214.988312, zhi: 322.482469
[Rank 109] xlo: 322.482469, xhi: 429.976625, ylo: 322.482469, yhi: 429.976625, zlo: 107.494156, zhi: 214.988312
[Rank 33] xlo: 107.494156, xhi: 214.988312, ylo: 0.000000, yhi: 107.494156, zlo: 107.494156, zhi: 214.988312
[Rank 24] xlo: 0.000000, xhi: 107.494156, ylo: 644.964937, yhi: 752.459094, zlo: 0.000000, zhi: 107.494156
[Rank 11] xlo: 0.000000, xhi: 107.494156, ylo: 214.988312, yhi: 322.482469, zlo: 322.482469, zhi: 429.976625
[Rank 71] xlo: 214.988312, xhi: 322.482469, ylo: 107.494156, yhi: 214.988312, zlo: 322.482469, zhi: 429.976625
[Rank 132] xlo: 429.976625, xhi: 537.470781, ylo: 107.494156, yhi: 214.988312, zlo: 0.000000, zhi: 107.494156
[Rank 44] xlo: 107.494156, xhi: 214.988312, ylo: 322.482469, yhi: 429.976625, zlo: 0.000000, zhi: 107.494156
[Rank 151] xlo: 429.976625, xhi: 537.470781, ylo: 537.470781, yhi: 644.964937, zlo: 322.482469, zhi: 429.976625
[Rank 39] xlo: 107.494156, xhi: 214.988312, ylo: 107.494156, yhi: 214.988312, zlo: 322.482469, zhi: 429.976625
[Rank 12] xlo: 0.000000, xhi: 107.494156, ylo: 322.482469, yhi: 429.976625, zlo: 0.000000, zhi: 107.494156
[Rank 69] xlo: 214.988312, xhi: 322.482469, ylo: 107.494156, yhi: 214.988312, zlo: 107.494156, zhi: 214.988312
[Rank 78] xlo: 214.988312, xhi: 322.482469, ylo: 322.482469, yhi: 429.976625, zlo: 214.988312, zhi: 322.482469
[Rank 4] xlo: 0.000000, xhi: 107.494156, ylo: 107.494156, yhi: 214.988312, zlo: 0.000000, zhi: 107.494156
[Rank 10] xlo: 0.000000, xhi: 107.494156, ylo: 214.988312, yhi: 322.482469, zlo: 214.988312, zhi: 322.482469
[Rank 150] xlo: 429.976625, xhi: 537.470781, ylo: 537.470781, yhi: 644.964937, zlo: 214.988312, zhi: 322.482469
[Rank 251] xlo: 752.459094, xhi: 859.953250, ylo: 644.964937, yhi: 752.459094, zlo: 322.482469, zhi: 429.976625
[Rank 133] xlo: 429.976625, xhi: 537.470781, ylo: 107.494156, yhi: 214.988312, zlo: 107.494156, zhi: 214.988312
[Rank 164] xlo: 537.470781, xhi: 644.964937, ylo: 107.494156, yhi: 214.988312, zlo: 0.000000, zhi: 107.494156
[Rank 13] xlo: 0.000000, xhi: 107.494156, ylo: 322.482469, yhi: 429.976625, zlo: 107.494156, zhi: 214.988312
[Rank 113] xlo: 322.482469, xhi: 429.976625, ylo: 429.976625, yhi: 537.470781, zlo: 107.494156, zhi: 214.988312
[Rank 22] xlo: 0.000000, xhi: 107.494156, ylo: 537.470781, yhi: 644.964937, zlo: 214.988312, zhi: 322.482469
[Rank 70] xlo: 214.988312, xhi: 322.482469, ylo: 107.494156, yhi: 214.988312, zlo: 214.988312, zhi: 322.482469
[Rank 79] xlo: 214.988312, xhi: 322.482469, ylo: 322.482469, yhi: 429.976625, zlo: 322.482469, zhi: 429.976625
[Rank 7] xlo: 0.000000, xhi: 107.494156, ylo: 107.494156, yhi: 214.988312, zlo: 322.482469, zhi: 429.976625
[Rank 112] xlo: 322.482469, xhi: 429.976625, ylo: 429.976625, yhi: 537.470781, zlo: 0.000000, zhi: 107.494156
[Rank 14] xlo: 0.000000, xhi: 107.494156, ylo: 322.482469, yhi: 429.976625, zlo: 214.988312, zhi: 322.482469
[Rank 23] xlo: 0.000000, xhi: 107.494156, ylo: 537.470781, yhi: 644.964937, zlo: 322.482469, zhi: 429.976625
[Rank 165] xlo: 537.470781, xhi: 644.964937, ylo: 107.494156, yhi: 214.988312, zlo: 107.494156, zhi: 214.988312
[Rank 5] xlo: 0.000000, xhi: 107.494156, ylo: 107.494156, yhi: 214.988312, zlo: 107.494156, zhi: 214.988312
[Rank 15] xlo: 0.000000, xhi: 107.494156, ylo: 322.482469, yhi: 429.976625, zlo: 322.482469, zhi: 429.976625
[Rank 250] xlo: 752.459094, xhi: 859.953250, ylo: 644.964937, yhi: 752.459094, zlo: 214.988312, zhi: 322.482469
[Rank 238] xlo: 752.459094, xhi: 859.953250, ylo: 322.482469, yhi: 429.976625, zlo: 214.988312, zhi: 322.482469
[Rank 158] xlo: 429.976625, xhi: 537.470781, ylo: 752.459094, yhi: 859.953250, zlo: 214.988312, zhi: 322.482469
[Rank 235] xlo: 752.459094, xhi: 859.953250, ylo: 214.988312, yhi: 322.482469, zlo: 322.482469, zhi: 429.976625
[Rank 147] xlo: 429.976625, xhi: 537.470781, ylo: 429.976625, yhi: 537.470781, zlo: 322.482469, zhi: 429.976625
[Rank 66] xlo: 214.988312, xhi: 322.482469, ylo: 0.000000, yhi: 107.494156, zlo: 214.988312, zhi: 322.482469
[Rank 239] xlo: 752.459094, xhi: 859.953250, ylo: 322.482469, yhi: 429.976625, zlo: 322.482469, zhi: 429.976625
[Rank 144] xlo: 429.976625, xhi: 537.470781, ylo: 429.976625, yhi: 537.470781, zlo: 0.000000, zhi: 107.494156
[Rank 118] xlo: 322.482469, xhi: 429.976625, ylo: 537.470781, yhi: 644.964937, zlo: 214.988312, zhi: 322.482469
[Rank 146] xlo: 429.976625, xhi: 537.470781, ylo: 429.976625, yhi: 537.470781, zlo: 214.988312, zhi: 322.482469
[Rank 119] xlo: 322.482469, xhi: 429.976625, ylo: 537.470781, yhi: 644.964937, zlo: 322.482469, zhi: 429.976625
[Rank 27] xlo: 0.000000, xhi: 107.494156, ylo: 644.964937, yhi: 752.459094, zlo: 322.482469, zhi: 429.976625
[Rank 67] xlo: 214.988312, xhi: 322.482469, ylo: 0.000000, yhi: 107.494156, zlo: 322.482469, zhi: 429.976625
[Rank 141] xlo: 429.976625, xhi: 537.470781, ylo: 322.482469, yhi: 429.976625, zlo: 107.494156, zhi: 214.988312
[Rank 206] xlo: 644.964937, xhi: 752.459094, ylo: 322.482469, yhi: 429.976625, zlo: 214.988312, zhi: 322.482469
[Rank 41] xlo: 107.494156, xhi: 214.988312, ylo: 214.988312, yhi: 322.482469, zlo: 107.494156, zhi: 214.988312
[Rank 104] xlo: 322.482469, xhi: 429.976625, ylo: 214.988312, yhi: 322.482469, zlo: 0.000000, zhi: 107.494156
[Rank 72] xlo: 214.988312, xhi: 322.482469, ylo: 214.988312, yhi: 322.482469, zlo: 0.000000, zhi: 107.494156
[Rank 40] xlo: 107.494156, xhi: 214.988312, ylo: 214.988312, yhi: 322.482469, zlo: 0.000000, zhi: 107.494156
[Rank 145] xlo: 429.976625, xhi: 537.470781, ylo: 429.976625, yhi: 537.470781, zlo: 107.494156, zhi: 214.988312
[Rank 207] xlo: 644.964937, xhi: 752.459094, ylo: 322.482469, yhi: 429.976625, zlo: 322.482469, zhi: 429.976625
[Rank 122] xlo: 322.482469, xhi: 429.976625, ylo: 644.964937, yhi: 752.459094, zlo: 214.988312, zhi: 322.482469
[Rank 105] xlo: 322.482469, xhi: 429.976625, ylo: 214.988312, yhi: 322.482469, zlo: 107.494156, zhi: 214.988312
[Rank 6] xlo: 0.000000, xhi: 107.494156, ylo: 107.494156, yhi: 214.988312, zlo: 214.988312, zhi: 322.482469
[Rank 25] xlo: 0.000000, xhi: 107.494156, ylo: 644.964937, yhi: 752.459094, zlo: 107.494156, zhi: 214.988312
[Rank 143] xlo: 429.976625, xhi: 537.470781, ylo: 322.482469, yhi: 429.976625, zlo: 322.482469, zhi: 429.976625
[Rank 73] xlo: 214.988312, xhi: 322.482469, ylo: 214.988312, yhi: 322.482469, zlo: 107.494156, zhi: 214.988312
[Rank 2] xlo: 0.000000, xhi: 107.494156, ylo: 0.000000, yhi: 107.494156, zlo: 214.988312, zhi: 322.482469
[Rank 18] xlo: 0.000000, xhi: 107.494156, ylo: 429.976625, yhi: 537.470781, zlo: 214.988312, zhi: 322.482469
[Rank 203] xlo: 644.964937, xhi: 752.459094, ylo: 214.988312, yhi: 322.482469, zlo: 322.482469, zhi: 429.976625
[Rank 171] xlo: 537.470781, xhi: 644.964937, ylo: 214.988312, yhi: 322.482469, zlo: 322.482469, zhi: 429.976625
[Rank 3] xlo: 0.000000, xhi: 107.494156, ylo: 0.000000, yhi: 107.494156, zlo: 322.482469, zhi: 429.976625
[Rank 26] xlo: 0.000000, xhi: 107.494156, ylo: 644.964937, yhi: 752.459094, zlo: 214.988312, zhi: 322.482469
[Rank 19] xlo: 0.000000, xhi: 107.494156, ylo: 429.976625, yhi: 537.470781, zlo: 322.482469, zhi: 429.976625
[Rank 42] xlo: 107.494156, xhi: 214.988312, ylo: 214.988312, yhi: 322.482469, zlo: 214.988312, zhi: 322.482469
[Rank 74] xlo: 214.988312, xhi: 322.482469, ylo: 214.988312, yhi: 322.482469, zlo: 214.988312, zhi: 322.482469
[Rank 103] xlo: 322.482469, xhi: 429.976625, ylo: 107.494156, yhi: 214.988312, zlo: 322.482469, zhi: 429.976625
[Rank 157] xlo: 429.976625, xhi: 537.470781, ylo: 752.459094, yhi: 859.953250, zlo: 107.494156, zhi: 214.988312
[Rank 155] xlo: 429.976625, xhi: 537.470781, ylo: 644.964937, yhi: 752.459094, zlo: 322.482469, zhi: 429.976625
[Rank 170] xlo: 537.470781, xhi: 644.964937, ylo: 214.988312, yhi: 322.482469, zlo: 214.988312, zhi: 322.482469
[Rank 205] xlo: 644.964937, xhi: 752.459094, ylo: 322.482469, yhi: 429.976625, zlo: 107.494156, zhi: 214.988312
[Rank 123] xlo: 322.482469, xhi: 429.976625, ylo: 644.964937, yhi: 752.459094, zlo: 322.482469, zhi: 429.976625
[Rank 202] xlo: 644.964937, xhi: 752.459094, ylo: 214.988312, yhi: 322.482469, zlo: 214.988312, zhi: 322.482469
[Rank 233] xlo: 752.459094, xhi: 859.953250, ylo: 214.988312, yhi: 322.482469, zlo: 107.494156, zhi: 214.988312
[Rank 75] xlo: 214.988312, xhi: 322.482469, ylo: 214.988312, yhi: 322.482469, zlo: 322.482469, zhi: 429.976625
[Rank 204] xlo: 644.964937, xhi: 752.459094, ylo: 322.482469, yhi: 429.976625, zlo: 0.000000, zhi: 107.494156
[Rank 234] xlo: 752.459094, xhi: 859.953250, ylo: 214.988312, yhi: 322.482469, zlo: 214.988312, zhi: 322.482469
[Rank 159] xlo: 429.976625, xhi: 537.470781, ylo: 752.459094, yhi: 859.953250, zlo: 322.482469, zhi: 429.976625
[Rank 102] xlo: 322.482469, xhi: 429.976625, ylo: 107.494156, yhi: 214.988312, zlo: 214.988312, zhi: 322.482469
[Rank 117] xlo: 322.482469, xhi: 429.976625, ylo: 537.470781, yhi: 644.964937, zlo: 107.494156, zhi: 214.988312
[Rank 140] xlo: 429.976625, xhi: 537.470781, ylo: 322.482469, yhi: 429.976625, zlo: 0.000000, zhi: 107.494156
[Rank 154] xlo: 429.976625, xhi: 537.470781, ylo: 644.964937, yhi: 752.459094, zlo: 214.988312, zhi: 322.482469
[Rank 43] xlo: 107.494156, xhi: 214.988312, ylo: 214.988312, yhi: 322.482469, zlo: 322.482469, zhi: 429.976625
[Rank 248] xlo: 752.459094, xhi: 859.953250, ylo: 644.964937, yhi: 752.459094, zlo: 0.000000, zhi: 107.494156
[Rank 201] xlo: 644.964937, xhi: 752.459094, ylo: 214.988312, yhi: 322.482469, zlo: 107.494156, zhi: 214.988312
[Rank 153] xlo: 429.976625, xhi: 537.470781, ylo: 644.964937, yhi: 752.459094, zlo: 107.494156, zhi: 214.988312
[Rank 156] xlo: 429.976625, xhi: 537.470781, ylo: 752.459094, yhi: 859.953250, zlo: 0.000000, zhi: 107.494156
[Rank 249] xlo: 752.459094, xhi: 859.953250, ylo: 644.964937, yhi: 752.459094, zlo: 107.494156, zhi: 214.988312
[Rank 116] xlo: 322.482469, xhi: 429.976625, ylo: 537.470781, yhi: 644.964937, zlo: 0.000000, zhi: 107.494156
[Rank 200] xlo: 644.964937, xhi: 752.459094, ylo: 214.988312, yhi: 322.482469, zlo: 0.000000, zhi: 107.494156
[Rank 152] xlo: 429.976625, xhi: 537.470781, ylo: 644.964937, yhi: 752.459094, zlo: 0.000000, zhi: 107.494156
[Rank 96] xlo: 322.482469, xhi: 429.976625, ylo: 0.000000, yhi: 107.494156, zlo: 0.000000, zhi: 107.494156
[Rank 100] xlo: 322.482469, xhi: 429.976625, ylo: 107.494156, yhi: 214.988312, zlo: 0.000000, zhi: 107.494156
[Rank 101] xlo: 322.482469, xhi: 429.976625, ylo: 107.494156, yhi: 214.988312, zlo: 107.494156, zhi: 214.988312
[Rank 126] xlo: 322.482469, xhi: 429.976625, ylo: 752.459094, yhi: 859.953250, zlo: 214.988312, zhi: 322.482469
[Rank 125] xlo: 322.482469, xhi: 429.976625, ylo: 752.459094, yhi: 859.953250, zlo: 107.494156, zhi: 214.988312
[Rank 219] xlo: 644.964937, xhi: 752.459094, ylo: 644.964937, yhi: 752.459094, zlo: 322.482469, zhi: 429.976625
[Rank 218] xlo: 644.964937, xhi: 752.459094, ylo: 644.964937, yhi: 752.459094, zlo: 214.988312, zhi: 322.482469
[Rank 197] xlo: 644.964937, xhi: 752.459094, ylo: 107.494156, yhi: 214.988312, zlo: 107.494156, zhi: 214.988312
[Rank 196] xlo: 644.964937, xhi: 752.459094, ylo: 107.494156, yhi: 214.988312, zlo: 0.000000, zhi: 107.494156
[Rank 99] xlo: 322.482469, xhi: 429.976625, ylo: 0.000000, yhi: 107.494156, zlo: 322.482469, zhi: 429.976625
[Rank 210] xlo: 644.964937, xhi: 752.459094, ylo: 429.976625, yhi: 537.470781, zlo: 214.988312, zhi: 322.482469
[Rank 211] xlo: 644.964937, xhi: 752.459094, ylo: 429.976625, yhi: 537.470781, zlo: 322.482469, zhi: 429.976625
[Rank 127] xlo: 322.482469, xhi: 429.976625, ylo: 752.459094, yhi: 859.953250, zlo: 322.482469, zhi: 429.976625
[Rank 193] xlo: 644.964937, xhi: 752.459094, ylo: 0.000000, yhi: 107.494156, zlo: 107.494156, zhi: 214.988312
[Rank 98] xlo: 322.482469, xhi: 429.976625, ylo: 0.000000, yhi: 107.494156, zlo: 214.988312, zhi: 322.482469
[Rank 192] xlo: 644.964937, xhi: 752.459094, ylo: 0.000000, yhi: 107.494156, zlo: 0.000000, zhi: 107.494156
[Rank 97] xlo: 322.482469, xhi: 429.976625, ylo: 0.000000, yhi: 107.494156, zlo: 107.494156, zhi: 214.988312
[Rank 124] xlo: 322.482469, xhi: 429.976625, ylo: 752.459094, yhi: 859.953250, zlo: 0.000000, zhi: 107.494156
[Rank 195] xlo: 644.964937, xhi: 752.459094, ylo: 0.000000, yhi: 107.494156, zlo: 322.482469, zhi: 429.976625
[Rank 216] xlo: 644.964937, xhi: 752.459094, ylo: 644.964937, yhi: 752.459094, zlo: 0.000000, zhi: 107.494156
[Rank 217] xlo: 644.964937, xhi: 752.459094, ylo: 644.964937, yhi: 752.459094, zlo: 107.494156, zhi: 214.988312
[Rank 198] xlo: 644.964937, xhi: 752.459094, ylo: 107.494156, yhi: 214.988312, zlo: 214.988312, zhi: 322.482469
[Rank 199] xlo: 644.964937, xhi: 752.459094, ylo: 107.494156, yhi: 214.988312, zlo: 322.482469, zhi: 429.976625
[Rank 194] xlo: 644.964937, xhi: 752.459094, ylo: 0.000000, yhi: 107.494156, zlo: 214.988312, zhi: 322.482469
[Rank 208] xlo: 644.964937, xhi: 752.459094, ylo: 429.976625, yhi: 537.470781, zlo: 0.000000, zhi: 107.494156
[Rank 209] xlo: 644.964937, xhi: 752.459094, ylo: 429.976625, yhi: 537.470781, zlo: 107.494156, zhi: 214.988312
[Rank 178] xlo: 537.470781, xhi: 644.964937, ylo: 429.976625, yhi: 537.470781, zlo: 214.988312, zhi: 322.482469
[Rank 179] xlo: 537.470781, xhi: 644.964937, ylo: 429.976625, yhi: 537.470781, zlo: 322.482469, zhi: 429.976625
[Rank 176] xlo: 537.470781, xhi: 644.964937, ylo: 429.976625, yhi: 537.470781, zlo: 0.000000, zhi: 107.494156
[Rank 174] xlo: 537.470781, xhi: 644.964937, ylo: 322.482469, yhi: 429.976625, zlo: 214.988312, zhi: 322.482469
[Rank 177] xlo: 537.470781, xhi: 644.964937, ylo: 429.976625, yhi: 537.470781, zlo: 107.494156, zhi: 214.988312
[Rank 175] xlo: 537.470781, xhi: 644.964937, ylo: 322.482469, yhi: 429.976625, zlo: 322.482469, zhi: 429.976625
[Rank 221] xlo: 644.964937, xhi: 752.459094, ylo: 752.459094, yhi: 859.953250, zlo: 107.494156, zhi: 214.988312
[Rank 220] xlo: 644.964937, xhi: 752.459094, ylo: 752.459094, yhi: 859.953250, zlo: 0.000000, zhi: 107.494156
[Rank 187] xlo: 537.470781, xhi: 644.964937, ylo: 644.964937, yhi: 752.459094, zlo: 322.482469, zhi: 429.976625
[Rank 186] xlo: 537.470781, xhi: 644.964937, ylo: 644.964937, yhi: 752.459094, zlo: 214.988312, zhi: 322.482469
[Rank 173] xlo: 537.470781, xhi: 644.964937, ylo: 322.482469, yhi: 429.976625, zlo: 107.494156, zhi: 214.988312
[Rank 172] xlo: 537.470781, xhi: 644.964937, ylo: 322.482469, yhi: 429.976625, zlo: 0.000000, zhi: 107.494156
[Rank 222] xlo: 644.964937, xhi: 752.459094, ylo: 752.459094, yhi: 859.953250, zlo: 214.988312, zhi: 322.482469
[Rank 223] xlo: 644.964937, xhi: 752.459094, ylo: 752.459094, yhi: 859.953250, zlo: 322.482469, zhi: 429.976625
[Rank 182] xlo: 537.470781, xhi: 644.964937, ylo: 537.470781, yhi: 644.964937, zlo: 214.988312, zhi: 322.482469
[Rank 185] xlo: 537.470781, xhi: 644.964937, ylo: 644.964937, yhi: 752.459094, zlo: 107.494156, zhi: 214.988312
[Rank 183] xlo: 537.470781, xhi: 644.964937, ylo: 537.470781, yhi: 644.964937, zlo: 322.482469, zhi: 429.976625
[Rank 184] xlo: 537.470781, xhi: 644.964937, ylo: 644.964937, yhi: 752.459094, zlo: 0.000000, zhi: 107.494156
[Rank 180] xlo: 537.470781, xhi: 644.964937, ylo: 537.470781, yhi: 644.964937, zlo: 0.000000, zhi: 107.494156
[Rank 181] xlo: 537.470781, xhi: 644.964937, ylo: 537.470781, yhi: 644.964937, zlo: 107.494156, zhi: 214.988312
[Rank 214] xlo: 644.964937, xhi: 752.459094, ylo: 537.470781, yhi: 644.964937, zlo: 214.988312, zhi: 322.482469
[Rank 215] xlo: 644.964937, xhi: 752.459094, ylo: 537.470781, yhi: 644.964937, zlo: 322.482469, zhi: 429.976625
[Rank 213] xlo: 644.964937, xhi: 752.459094, ylo: 537.470781, yhi: 644.964937, zlo: 107.494156, zhi: 214.988312
[Rank 212] xlo: 644.964937, xhi: 752.459094, ylo: 537.470781, yhi: 644.964937, zlo: 0.000000, zhi: 107.494156
# Starting dynamics ...
# Timestep T U P Time
0 1.440000e+00 -6.773368e+00 -5.019669e+00  0.000
100 7.341298e-01 -5.721656e+00 4.609505e-01  1.145
[Atom] pack_comm: 600, unpack_comm: 600, pack_comm_self: 0, pack_reverse: 606, unpack_reverse: 606
[Rank 0] inte[0]: 207.240, comm[0]: 224.628, comm[1]: 1665.523, comm[2]: 222.973, force: 3207.258, rev_comm[0]: 217.501, rev_comm[1]: 1622.322, rev_comm[2]: 246.625, inte[1]: 144.896
[Rank 1] inte[0]: 205.220, comm[0]: 222.035, comm[1]: 1714.414, comm[2]: 221.353, force: 3183.999, rev_comm[0]: 215.858, rev_comm[1]: 1666.624, rev_comm[2]: 245.781, inte[1]: 145.176
[Rank 2] inte[0]: 206.130, comm[0]: 226.685, comm[1]: 1701.237, comm[2]: 225.338, force: 3184.017, rev_comm[0]: 219.543, rev_comm[1]: 1657.136, rev_comm[2]: 252.032, inte[1]: 145.601
[Rank 3] inte[0]: 206.607, comm[0]: 225.260, comm[1]: 1718.572, comm[2]: 223.826, force: 3195.106, rev_comm[0]: 218.893, rev_comm[1]: 1670.409, rev_comm[2]: 248.150, inte[1]: 145.572
[Rank 4] inte[0]: 205.817, comm[0]: 219.632, comm[1]: 1630.738, comm[2]: 219.831, force: 3196.739, rev_comm[0]: 213.679, rev_comm[1]: 1725.220, rev_comm[2]: 243.950, inte[1]: 144.763
[Rank 5] inte[0]: 207.000, comm[0]: 219.294, comm[1]: 1682.758, comm[2]: 218.819, force: 3190.284, rev_comm[0]: 213.105, rev_comm[1]: 1775.001, rev_comm[2]: 243.777, inte[1]: 145.199
[Rank 6] inte[0]: 206.384, comm[0]: 226.577, comm[1]: 1656.471, comm[2]: 226.216, force: 3189.442, rev_comm[0]: 218.987, rev_comm[1]: 1745.896, rev_comm[2]: 249.924, inte[1]: 145.924
[Rank 7] inte[0]: 207.905, comm[0]: 225.207, comm[1]: 1684.592, comm[2]: 223.651, force: 3204.299, rev_comm[0]: 219.059, rev_comm[1]: 1776.231, rev_comm[2]: 247.841, inte[1]: 145.063
[Rank 8] inte[0]: 206.002, comm[0]: 223.006, comm[1]: 1843.135, comm[2]: 222.352, force: 3203.898, rev_comm[0]: 217.219, rev_comm[1]: 1865.859, rev_comm[2]: 246.759, inte[1]: 145.518
[Rank 9] inte[0]: 205.838, comm[0]: 220.454, comm[1]: 1902.078, comm[2]: 220.583, force: 3204.699, rev_comm[0]: 215.496, rev_comm[1]: 1923.263, rev_comm[2]: 245.228, inte[1]: 144.752
[Rank 10] inte[0]: 206.254, comm[0]: 222.744, comm[1]: 1860.321, comm[2]: 221.636, force: 3195.423, rev_comm[0]: 216.568, rev_comm[1]: 1883.973, rev_comm[2]: 246.371, inte[1]: 145.496
[Rank 11] inte[0]: 205.648, comm[0]: 218.700, comm[1]: 1903.043, comm[2]: 218.824, force: 3204.030, rev_comm[0]: 213.340, rev_comm[1]: 1921.766, rev_comm[2]: 242.744, inte[1]: 144.736
[Rank 12] inte[0]: 205.977, comm[0]: 225.595, comm[1]: 1747.051, comm[2]: 224.966, force: 3195.548, rev_comm[0]: 218.358, rev_comm[1]: 1778.149, rev_comm[2]: 247.981, inte[1]: 144.724
[Rank 13] inte[0]: 206.596, comm[0]: 221.582, comm[1]: 1801.690, comm[2]: 220.493, force: 3185.726, rev_comm[0]: 215.120, rev_comm[1]: 1835.715, rev_comm[2]: 245.085, inte[1]: 144.765
[Rank 14] inte[0]: 206.932, comm[0]: 225.480, comm[1]: 1763.067, comm[2]: 224.499, force: 3183.480, rev_comm[0]: 219.053, rev_comm[1]: 1801.124, rev_comm[2]: 248.065, inte[1]: 145.855
[Rank 15] inte[0]: 206.492, comm[0]: 221.695, comm[1]: 1803.821, comm[2]: 220.261, force: 3200.540, rev_comm[0]: 216.330, rev_comm[1]: 1834.863, rev_comm[2]: 245.776, inte[1]: 145.196
[Rank 16] inte[0]: 206.519, comm[0]: 224.453, comm[1]: 1845.786, comm[2]: 222.681, force: 3189.071, rev_comm[0]: 218.322, rev_comm[1]: 1857.393, rev_comm[2]: 247.242, inte[1]: 145.131
[Rank 17] inte[0]: 206.691, comm[0]: 221.232, comm[1]: 1901.826, comm[2]: 221.279, force: 3192.829, rev_comm[0]: 215.695, rev_comm[1]: 1902.234, rev_comm[2]: 245.737, inte[1]: 145.109
[Rank 18] inte[0]: 206.281, comm[0]: 227.478, comm[1]: 1861.575, comm[2]: 225.312, force: 3185.716, rev_comm[0]: 220.923, rev_comm[1]: 1865.869, rev_comm[2]: 248.876, inte[1]: 146.081
[Rank 19] inte[0]: 205.920, comm[0]: 224.251, comm[1]: 1902.603, comm[2]: 222.214, force: 3190.858, rev_comm[0]: 217.499, rev_comm[1]: 1903.876, rev_comm[2]: 246.101, inte[1]: 144.177
[Rank 20] inte[0]: 205.986, comm[0]: 223.070, comm[1]: 1518.393, comm[2]: 222.075, force: 3194.267, rev_comm[0]: 216.231, rev_comm[1]: 1558.147, rev_comm[2]: 245.732, inte[1]: 145.142
[Rank 21] inte[0]: 205.922, comm[0]: 221.018, comm[1]: 1549.600, comm[2]: 220.482, force: 3190.547, rev_comm[0]: 215.567, rev_comm[1]: 1588.273, rev_comm[2]: 244.594, inte[1]: 144.943
[Rank 22] inte[0]: 206.373, comm[0]: 224.530, comm[1]: 1515.726, comm[2]: 222.788, force: 3188.808, rev_comm[0]: 217.918, rev_comm[1]: 1555.242, rev_comm[2]: 247.606, inte[1]: 144.914
[Rank 23] inte[0]: 205.864, comm[0]: 223.622, comm[1]: 1554.193, comm[2]: 221.817, force: 3200.899, rev_comm[0]: 216.803, rev_comm[1]: 1593.731, rev_comm[2]: 246.862, inte[1]: 144.776
[Rank 24] inte[0]: 205.980, comm[0]: 225.627, comm[1]: 1523.192, comm[2]: 224.274, force: 3182.334, rev_comm[0]: 218.550, rev_comm[1]: 1491.942, rev_comm[2]: 249.066, inte[1]: 145.794
[Rank 25] inte[0]: 207.181, comm[0]: 222.897, comm[1]: 1564.820, comm[2]: 222.347, force: 3169.993, rev_comm[0]: 217.172, rev_comm[1]: 1528.089, rev_comm[2]: 246.810, inte[1]: 145.161
[Rank 26] inte[0]: 206.410, comm[0]: 225.804, comm[1]: 1545.792, comm[2]: 225.349, force: 3175.427, rev_comm[0]: 218.995, rev_comm[1]: 1508.291, rev_comm[2]: 249.719, inte[1]: 145.412
[Rank 27] inte[0]: 207.352, comm[0]: 225.175, comm[1]: 1563.515, comm[2]: 224.265, force: 3201.361, rev_comm[0]: 219.297, rev_comm[1]: 1526.647, rev_comm[2]: 248.005, inte[1]: 144.920
[Rank 28] inte[0]: 206.252, comm[0]: 221.311, comm[1]: 1638.450, comm[2]: 222.193, force: 3209.939, rev_comm[0]: 214.682, rev_comm[1]: 1673.588, rev_comm[2]: 243.514, inte[1]: 144.567
[Rank 29] inte[0]: 206.660, comm[0]: 221.382, comm[1]: 1692.198, comm[2]: 220.495, force: 3189.128, rev_comm[0]: 216.027, rev_comm[1]: 1727.982, rev_comm[2]: 244.794, inte[1]: 144.531
[Rank 30] inte[0]: 206.003, comm[0]: 224.256, comm[1]: 1670.224, comm[2]: 224.165, force: 3186.392, rev_comm[0]: 217.403, rev_comm[1]: 1709.177, rev_comm[2]: 249.401, inte[1]: 145.202
[Rank 31] inte[0]: 207.288, comm[0]: 220.092, comm[1]: 1692.856, comm[2]: 219.701, force: 3198.788, rev_comm[0]: 213.875, rev_comm[1]: 1726.747, rev_comm[2]: 244.053, inte[1]: 145.599
[Rank 32] inte[0]: 205.793, comm[0]: 220.277, comm[1]: 1802.764, comm[2]: 220.250, force: 3197.277, rev_comm[0]: 214.552, rev_comm[1]: 1804.463, rev_comm[2]: 243.675, inte[1]: 145.079
[Rank 33] inte[0]: 206.697, comm[0]: 220.735, comm[1]: 1864.419, comm[2]: 219.951, force: 3200.040, rev_comm[0]: 214.293, rev_comm[1]: 1868.014, rev_comm[2]: 243.437, inte[1]: 144.537
[Rank 34] inte[0]: 206.641, comm[0]: 223.025, comm[1]: 1820.560, comm[2]: 222.535, force: 3188.121, rev_comm[0]: 216.001, rev_comm[1]: 1816.548, rev_comm[2]: 246.670, inte[1]: 145.338
[Rank 35] inte[0]: 206.390, comm[0]: 221.489, comm[1]: 1866.869, comm[2]: 220.919, force: 3200.539, rev_comm[0]: 214.730, rev_comm[1]: 1868.839, rev_comm[2]: 245.947, inte[1]: 145.025
[Rank 36] inte[0]: 207.455, comm[0]: 222.749, comm[1]: 1899.542, comm[2]: 222.531, force: 3204.437, rev_comm[0]: 216.936, rev_comm[1]: 1724.740, rev_comm[2]: 246.392, inte[1]: 145.736
[Rank 37] inte[0]: 206.750, comm[0]: 221.022, comm[1]: 1944.637, comm[2]: 222.473, force: 3197.134, rev_comm[0]: 216.028, rev_comm[1]: 1765.125, rev_comm[2]: 246.169, inte[1]: 145.104
[Rank 38] inte[0]: 206.814, comm[0]: 226.570, comm[1]: 1903.272, comm[2]: 224.601, force: 3193.690, rev_comm[0]: 219.874, rev_comm[1]: 1735.791, rev_comm[2]: 248.632, inte[1]: 145.388
[Rank 39] inte[0]: 206.626, comm[0]: 224.231, comm[1]: 1948.278, comm[2]: 223.863, force: 3207.071, rev_comm[0]: 218.735, rev_comm[1]: 1766.341, rev_comm[2]: 248.520, inte[1]: 144.499
[Rank 40] inte[0]: 206.626, comm[0]: 220.447, comm[1]: 2057.790, comm[2]: 220.452, force: 3209.395, rev_comm[0]: 214.880, rev_comm[1]: 1928.747, rev_comm[2]: 243.511, inte[1]: 145.169
[Rank 41] inte[0]: 207.162, comm[0]: 221.162, comm[1]: 2117.064, comm[2]: 220.446, force: 3202.570, rev_comm[0]: 216.128, rev_comm[1]: 1985.536, rev_comm[2]: 244.607, inte[1]: 144.944
[Rank 42] inte[0]: 206.063, comm[0]: 223.543, comm[1]: 2057.076, comm[2]: 222.756, force: 3198.648, rev_comm[0]: 218.606, rev_comm[1]: 1933.311, rev_comm[2]: 246.849, inte[1]: 145.588
[Rank 43] inte[0]: 206.038, comm[0]: 222.293, comm[1]: 2117.943, comm[2]: 220.415, force: 3214.096, rev_comm[0]: 216.765, rev_comm[1]: 1985.724, rev_comm[2]: 246.267, inte[1]: 144.400
[Rank 44] inte[0]: 207.403, comm[0]: 223.007, comm[1]: 1526.449, comm[2]: 223.238, force: 3197.791, rev_comm[0]: 217.248, rev_comm[1]: 1493.929, rev_comm[2]: 246.699, inte[1]: 145.640
[Rank 45] inte[0]: 207.722, comm[0]: 221.760, comm[1]: 1595.773, comm[2]: 220.910, force: 3194.040, rev_comm[0]: 216.034, rev_comm[1]: 1551.567, rev_comm[2]: 245.759, inte[1]: 145.409
[Rank 46] inte[0]: 206.234, comm[0]: 225.391, comm[1]: 1572.864, comm[2]: 224.546, force: 3192.861, rev_comm[0]: 217.120, rev_comm[1]: 1534.920, rev_comm[2]: 249.531, inte[1]: 145.594
[Rank 47] inte[0]: 206.179, comm[0]: 224.812, comm[1]: 1597.174, comm[2]: 225.082, force: 3200.092, rev_comm[0]: 217.134, rev_comm[1]: 1550.804, rev_comm[2]: 248.923, inte[1]: 145.090
[Rank 48] inte[0]: 205.963, comm[0]: 220.999, comm[1]: 1830.389, comm[2]: 222.362, force: 3196.185, rev_comm[0]: 215.366, rev_comm[1]: 1845.074, rev_comm[2]: 245.135, inte[1]: 144.824
[Rank 49] inte[0]: 206.382, comm[0]: 222.156, comm[1]: 1860.987, comm[2]: 223.067, force: 3185.348, rev_comm[0]: 216.146, rev_comm[1]: 1864.849, rev_comm[2]: 245.701, inte[1]: 145.330
[Rank 50] inte[0]: 205.018, comm[0]: 222.019, comm[1]: 1853.362, comm[2]: 223.305, force: 3185.236, rev_comm[0]: 215.451, rev_comm[1]: 1860.529, rev_comm[2]: 247.224, inte[1]: 144.461
[Rank 51] inte[0]: 206.546, comm[0]: 220.510, comm[1]: 1864.292, comm[2]: 221.297, force: 3196.224, rev_comm[0]: 215.587, rev_comm[1]: 1868.284, rev_comm[2]: 246.495, inte[1]: 145.362
[Rank 52] inte[0]: 204.705, comm[0]: 204.449, comm[1]: 1418.785, comm[2]: 207.948, force: 3192.591, rev_comm[0]: 198.227, rev_comm[1]: 1462.662, rev_comm[2]: 230.121, inte[1]: 143.752
[Rank 53] inte[0]: 205.491, comm[0]: 207.717, comm[1]: 1439.845, comm[2]: 209.012, force: 3187.089, rev_comm[0]: 201.209, rev_comm[1]: 1478.337, rev_comm[2]: 229.175, inte[1]: 143.900
[Rank 54] inte[0]: 205.768, comm[0]: 225.221, comm[1]: 1429.740, comm[2]: 225.088, force: 3197.730, rev_comm[0]: 219.248, rev_comm[1]: 1469.438, rev_comm[2]: 248.235, inte[1]: 145.116
[Rank 55] inte[0]: 206.557, comm[0]: 223.581, comm[1]: 1448.643, comm[2]: 222.224, force: 3205.909, rev_comm[0]: 216.766, rev_comm[1]: 1488.660, rev_comm[2]: 246.284, inte[1]: 144.796
[Rank 56] inte[0]: 207.780, comm[0]: 223.307, comm[1]: 1629.850, comm[2]: 223.406, force: 3185.238, rev_comm[0]: 216.807, rev_comm[1]: 1669.832, rev_comm[2]: 247.010, inte[1]: 145.535
[Rank 57] inte[0]: 205.471, comm[0]: 222.421, comm[1]: 1679.886, comm[2]: 221.840, force: 3176.010, rev_comm[0]: 216.131, rev_comm[1]: 1713.285, rev_comm[2]: 246.711, inte[1]: 144.395
[Rank 58] inte[0]: 205.970, comm[0]: 208.010, comm[1]: 1639.458, comm[2]: 208.828, force: 3169.924, rev_comm[0]: 202.198, rev_comm[1]: 1674.189, rev_comm[2]: 232.195, inte[1]: 143.879
[Rank 59] inte[0]: 205.961, comm[0]: 209.306, comm[1]: 1680.935, comm[2]: 209.028, force: 3196.090, rev_comm[0]: 201.597, rev_comm[1]: 1714.309, rev_comm[2]: 230.629, inte[1]: 143.601
[Rank 60] inte[0]: 205.561, comm[0]: 220.466, comm[1]: 1770.661, comm[2]: 220.903, force: 3201.001, rev_comm[0]: 214.563, rev_comm[1]: 1738.864, rev_comm[2]: 244.351, inte[1]: 145.085
[Rank 61] inte[0]: 206.471, comm[0]: 222.435, comm[1]: 1819.840, comm[2]: 222.224, force: 3191.454, rev_comm[0]: 215.972, rev_comm[1]: 1794.918, rev_comm[2]: 244.603, inte[1]: 144.628
[Rank 62] inte[0]: 206.274, comm[0]: 222.493, comm[1]: 1778.729, comm[2]: 221.464, force: 3189.859, rev_comm[0]: 215.908, rev_comm[1]: 1752.473, rev_comm[2]: 246.965, inte[1]: 144.818
[Rank 63] inte[0]: 206.763, comm[0]: 221.462, comm[1]: 1820.166, comm[2]: 220.443, force: 3202.905, rev_comm[0]: 214.218, rev_comm[1]: 1795.232, rev_comm[2]: 244.086, inte[1]: 145.092
[Rank 64] inte[0]: 207.185, comm[0]: 221.254, comm[1]: 1792.520, comm[2]: 221.137, force: 3204.355, rev_comm[0]: 215.138, rev_comm[1]: 1792.544, rev_comm[2]: 245.597, inte[1]: 145.775
[Rank 65] inte[0]: 207.854, comm[0]: 221.771, comm[1]: 1835.598, comm[2]: 220.992, force: 3202.254, rev_comm[0]: 215.632, rev_comm[1]: 1838.259, rev_comm[2]: 244.870, inte[1]: 145.271
[Rank 66] inte[0]: 205.942, comm[0]: 225.139, comm[1]: 1809.169, comm[2]: 223.388, force: 3192.925, rev_comm[0]: 217.525, rev_comm[1]: 1811.943, rev_comm[2]: 248.222, inte[1]: 145.292
[Rank 67] inte[0]: 208.397, comm[0]: 221.805, comm[1]: 1842.625, comm[2]: 222.322, force: 3220.562, rev_comm[0]: 215.410, rev_comm[1]: 1841.965, rev_comm[2]: 245.994, inte[1]: 145.532
[Rank 68] inte[0]: 206.504, comm[0]: 221.816, comm[1]: 1889.856, comm[2]: 222.576, force: 3207.532, rev_comm[0]: 215.888, rev_comm[1]: 1791.228, rev_comm[2]: 245.039, inte[1]: 145.101
[Rank 69] inte[0]: 206.653, comm[0]: 222.239, comm[1]: 1915.534, comm[2]: 222.794, force: 3201.757, rev_comm[0]: 216.148, rev_comm[1]: 1817.053, rev_comm[2]: 245.709, inte[1]: 145.846
[Rank 70] inte[0]: 206.594, comm[0]: 222.438, comm[1]: 1886.084, comm[2]: 221.577, force: 3197.666, rev_comm[0]: 216.241, rev_comm[1]: 1794.237, rev_comm[2]: 247.080, inte[1]: 145.049
[Rank 71] inte[0]: 207.796, comm[0]: 221.021, comm[1]: 1924.115, comm[2]: 219.642, force: 3210.179, rev_comm[0]: 214.298, rev_comm[1]: 1822.619, rev_comm[2]: 244.653, inte[1]: 145.609
[Rank 72] inte[0]: 208.121, comm[0]: 222.796, comm[1]: 1489.597, comm[2]: 221.801, force: 3216.402, rev_comm[0]: 216.583, rev_comm[1]: 1473.157, rev_comm[2]: 246.137, inte[1]: 145.968
[Rank 73] inte[0]: 205.761, comm[0]: 221.606, comm[1]: 1532.502, comm[2]: 221.105, force: 3208.497, rev_comm[0]: 215.483, rev_comm[1]: 1524.478, rev_comm[2]: 245.299, inte[1]: 145.202
[Rank 74] inte[0]: 206.661, comm[0]: 222.961, comm[1]: 1509.292, comm[2]: 222.803, force: 3204.562, rev_comm[0]: 216.651, rev_comm[1]: 1503.333, rev_comm[2]: 247.348, inte[1]: 145.010
[Rank 75] inte[0]: 206.610, comm[0]: 220.707, comm[1]: 1535.040, comm[2]: 219.924, force: 3216.551, rev_comm[0]: 214.791, rev_comm[1]: 1527.057, rev_comm[2]: 244.884, inte[1]: 145.347
[Rank 76] inte[0]: 206.839, comm[0]: 222.530, comm[1]: 1487.432, comm[2]: 222.425, force: 3201.152, rev_comm[0]: 217.443, rev_comm[1]: 1467.207, rev_comm[2]: 244.949, inte[1]: 145.471
[Rank 77] inte[0]: 205.709, comm[0]: 222.324, comm[1]: 1539.402, comm[2]: 222.225, force: 3195.526, rev_comm[0]: 216.345, rev_comm[1]: 1524.798, rev_comm[2]: 246.581, inte[1]: 145.568
[Rank 78] inte[0]: 206.699, comm[0]: 228.642, comm[1]: 1510.422, comm[2]: 224.980, force: 3197.386, rev_comm[0]: 220.662, rev_comm[1]: 1495.434, rev_comm[2]: 250.351, inte[1]: 145.423
[Rank 79] inte[0]: 207.543, comm[0]: 225.699, comm[1]: 1541.734, comm[2]: 224.426, force: 3211.940, rev_comm[0]: 219.039, rev_comm[1]: 1527.222, rev_comm[2]: 249.014, inte[1]: 146.206
[Rank 80] inte[0]: 206.305, comm[0]: 222.362, comm[1]: 1571.563, comm[2]: 221.946, force: 3195.684, rev_comm[0]: 215.768, rev_comm[1]: 1644.930, rev_comm[2]: 246.477, inte[1]: 145.071
[Rank 81] inte[0]: 205.922, comm[0]: 220.098, comm[1]: 1624.389, comm[2]: 220.847, force: 3189.445, rev_comm[0]: 214.469, rev_comm[1]: 1694.509, rev_comm[2]: 244.527, inte[1]: 144.796
[Rank 82] inte[0]: 207.548, comm[0]: 224.306, comm[1]: 1610.643, comm[2]: 226.317, force: 3191.998, rev_comm[0]: 218.675, rev_comm[1]: 1680.603, rev_comm[2]: 250.465, inte[1]: 145.846
[Rank 83] inte[0]: 207.206, comm[0]: 225.659, comm[1]: 1623.408, comm[2]: 225.765, force: 3214.912, rev_comm[0]: 217.165, rev_comm[1]: 1690.694, rev_comm[2]: 249.413, inte[1]: 145.389
[Rank 84] inte[0]: 207.021, comm[0]: 225.617, comm[1]: 1416.746, comm[2]: 227.869, force: 3205.097, rev_comm[0]: 219.816, rev_comm[1]: 1423.698, rev_comm[2]: 251.250, inte[1]: 145.110
[Rank 85] inte[0]: 206.458, comm[0]: 218.817, comm[1]: 1454.644, comm[2]: 219.534, force: 3199.200, rev_comm[0]: 212.339, rev_comm[1]: 1450.560, rev_comm[2]: 243.277, inte[1]: 145.144
[Rank 86] inte[0]: 206.652, comm[0]: 226.604, comm[1]: 1442.264, comm[2]: 226.948, force: 3200.027, rev_comm[0]: 220.048, rev_comm[1]: 1433.461, rev_comm[2]: 249.821, inte[1]: 145.173
[Rank 87] inte[0]: 206.021, comm[0]: 225.963, comm[1]: 1459.835, comm[2]: 224.685, force: 3210.246, rev_comm[0]: 219.461, rev_comm[1]: 1454.629, rev_comm[2]: 249.313, inte[1]: 145.512
[Rank 88] inte[0]: 207.784, comm[0]: 218.297, comm[1]: 1859.727, comm[2]: 219.172, force: 3186.826, rev_comm[0]: 212.475, rev_comm[1]: 1841.563, rev_comm[2]: 242.649, inte[1]: 145.167
[Rank 89] inte[0]: 205.598, comm[0]: 221.334, comm[1]: 1919.453, comm[2]: 220.673, force: 3182.069, rev_comm[0]: 215.863, rev_comm[1]: 1895.699, rev_comm[2]: 245.104, inte[1]: 144.752
[Rank 90] inte[0]: 206.933, comm[0]: 223.367, comm[1]: 1889.645, comm[2]: 222.918, force: 3183.474, rev_comm[0]: 216.808, rev_comm[1]: 1894.172, rev_comm[2]: 247.126, inte[1]: 145.258
[Rank 91] inte[0]: 206.842, comm[0]: 223.324, comm[1]: 1924.860, comm[2]: 221.831, force: 3194.347, rev_comm[0]: 218.206, rev_comm[1]: 1911.245, rev_comm[2]: 247.346, inte[1]: 144.897
[Rank 92] inte[0]: 205.227, comm[0]: 206.763, comm[1]: 1598.850, comm[2]: 210.392, force: 3199.656, rev_comm[0]: 201.084, rev_comm[1]: 1688.755, rev_comm[2]: 231.811, inte[1]: 143.859
[Rank 93] inte[0]: 205.631, comm[0]: 205.647, comm[1]: 1628.780, comm[2]: 207.500, force: 3188.999, rev_comm[0]: 199.309, rev_comm[1]: 1718.268, rev_comm[2]: 228.845, inte[1]: 144.204
[Rank 94] inte[0]: 206.846, comm[0]: 223.893, comm[1]: 1638.944, comm[2]: 224.358, force: 3197.322, rev_comm[0]: 217.916, rev_comm[1]: 1727.436, rev_comm[2]: 248.832, inte[1]: 145.143
[Rank 95] inte[0]: 207.071, comm[0]: 224.359, comm[1]: 1640.105, comm[2]: 223.706, force: 3208.852, rev_comm[0]: 217.533, rev_comm[1]: 1730.789, rev_comm[2]: 246.475, inte[1]: 145.389
[Rank 96] inte[0]: 205.901, comm[0]: 222.229, comm[1]: 1871.325, comm[2]: 220.952, force: 3193.572, rev_comm[0]: 214.917, rev_comm[1]: 1777.535, rev_comm[2]: 246.352, inte[1]: 144.889
[Rank 97] inte[0]: 206.930, comm[0]: 221.023, comm[1]: 1925.175, comm[2]: 221.187, force: 3185.974, rev_comm[0]: 214.487, rev_comm[1]: 1842.903, rev_comm[2]: 245.606, inte[1]: 145.403
[Rank 98] inte[0]: 206.259, comm[0]: 226.504, comm[1]: 1893.812, comm[2]: 226.202, force: 3187.286, rev_comm[0]: 220.564, rev_comm[1]: 1813.424, rev_comm[2]: 248.549, inte[1]: 145.125
[Rank 99] inte[0]: 206.713, comm[0]: 223.819, comm[1]: 1929.148, comm[2]: 223.049, force: 3198.943, rev_comm[0]: 217.580, rev_comm[1]: 1838.410, rev_comm[2]: 247.808, inte[1]: 145.724
[Rank 100] inte[0]: 206.019, comm[0]: 218.909, comm[1]: 1702.640, comm[2]: 219.094, force: 3196.661, rev_comm[0]: 212.894, rev_comm[1]: 1805.754, rev_comm[2]: 243.091, inte[1]: 144.795
[Rank 101] inte[0]: 205.179, comm[0]: 219.155, comm[1]: 1739.542, comm[2]: 219.570, force: 3192.152, rev_comm[0]: 213.969, rev_comm[1]: 1843.149, rev_comm[2]: 243.998, inte[1]: 143.979
[Rank 102] inte[0]: 205.059, comm[0]: 208.134, comm[1]: 1684.914, comm[2]: 210.421, force: 3186.794, rev_comm[0]: 202.515, rev_comm[1]: 1788.852, rev_comm[2]: 231.548, inte[1]: 144.468
[Rank 103] inte[0]: 206.015, comm[0]: 207.849, comm[1]: 1740.485, comm[2]: 209.605, force: 3199.490, rev_comm[0]: 201.136, rev_comm[1]: 1842.448, rev_comm[2]: 229.706, inte[1]: 143.798
[Rank 104] inte[0]: 207.531, comm[0]: 224.712, comm[1]: 1554.367, comm[2]: 225.736, force: 3209.221, rev_comm[0]: 218.403, rev_comm[1]: 1596.873, rev_comm[2]: 250.570, inte[1]: 145.258
[Rank 105] inte[0]: 207.948, comm[0]: 220.904, comm[1]: 1573.036, comm[2]: 221.727, force: 3199.920, rev_comm[0]: 215.714, rev_comm[1]: 1615.184, rev_comm[2]: 245.941, inte[1]: 145.570
[Rank 106] inte[0]: 205.974, comm[0]: 225.724, comm[1]: 1553.535, comm[2]: 224.581, force: 3203.914, rev_comm[0]: 218.749, rev_comm[1]: 1593.550, rev_comm[2]: 249.203, inte[1]: 145.491
[Rank 107] inte[0]: 208.106, comm[0]: 223.952, comm[1]: 1579.704, comm[2]: 222.929, force: 3211.234, rev_comm[0]: 218.815, rev_comm[1]: 1618.694, rev_comm[2]: 248.296, inte[1]: 145.713
[Rank 108] inte[0]: 207.888, comm[0]: 225.550, comm[1]: 1458.722, comm[2]: 224.702, force: 3196.031, rev_comm[0]: 219.541, rev_comm[1]: 1496.140, rev_comm[2]: 248.585, inte[1]: 145.528
[Rank 109] inte[0]: 206.986, comm[0]: 222.902, comm[1]: 1496.902, comm[2]: 222.815, force: 3188.108, rev_comm[0]: 216.817, rev_comm[1]: 1533.021, rev_comm[2]: 245.987, inte[1]: 145.410
[Rank 110] inte[0]: 207.264, comm[0]: 225.343, comm[1]: 1485.344, comm[2]: 225.278, force: 3185.775, rev_comm[0]: 218.357, rev_comm[1]: 1512.260, rev_comm[2]: 248.488, inte[1]: 146.049
[Rank 111] inte[0]: 207.784, comm[0]: 223.765, comm[1]: 1497.152, comm[2]: 223.178, force: 3198.171, rev_comm[0]: 217.544, rev_comm[1]: 1530.169, rev_comm[2]: 248.233, inte[1]: 145.175
[Rank 112] inte[0]: 206.175, comm[0]: 218.302, comm[1]: 1539.259, comm[2]: 218.893, force: 3188.212, rev_comm[0]: 212.217, rev_comm[1]: 1595.603, rev_comm[2]: 244.291, inte[1]: 144.980
[Rank 113] inte[0]: 205.266, comm[0]: 218.668, comm[1]: 1596.820, comm[2]: 219.998, force: 3180.370, rev_comm[0]: 214.189, rev_comm[1]: 1659.282, rev_comm[2]: 244.473, inte[1]: 144.070
[Rank 114] inte[0]: 205.167, comm[0]: 206.891, comm[1]: 1581.896, comm[2]: 209.472, force: 3176.302, rev_comm[0]: 200.720, rev_comm[1]: 1645.131, rev_comm[2]: 231.254, inte[1]: 144.579
[Rank 115] inte[0]: 204.933, comm[0]: 208.473, comm[1]: 1589.678, comm[2]: 208.674, force: 3188.898, rev_comm[0]: 200.244, rev_comm[1]: 1649.821, rev_comm[2]: 230.490, inte[1]: 143.724
[Rank 116] inte[0]: 207.017, comm[0]: 221.065, comm[1]: 1478.045, comm[2]: 221.454, force: 3194.706, rev_comm[0]: 214.858, rev_comm[1]: 1468.161, rev_comm[2]: 245.615, inte[1]: 145.110
[Rank 117] inte[0]: 205.136, comm[0]: 218.980, comm[1]: 1511.185, comm[2]: 221.805, force: 3187.520, rev_comm[0]: 214.999, rev_comm[1]: 1503.374, rev_comm[2]: 244.461, inte[1]: 144.028
[Rank 118] inte[0]: 206.810, comm[0]: 225.849, comm[1]: 1497.346, comm[2]: 225.307, force: 3192.244, rev_comm[0]: 219.809, rev_comm[1]: 1491.468, rev_comm[2]: 251.207, inte[1]: 145.660
[Rank 119] inte[0]: 205.996, comm[0]: 226.583, comm[1]: 1517.795, comm[2]: 226.878, force: 3201.807, rev_comm[0]: 218.983, rev_comm[1]: 1509.109, rev_comm[2]: 248.742, inte[1]: 145.579
[Rank 120] inte[0]: 204.562, comm[0]: 201.771, comm[1]: 1814.445, comm[2]: 203.634, force: 3173.929, rev_comm[0]: 194.969, rev_comm[1]: 1794.116, rev_comm[2]: 225.620, inte[1]: 143.523
[Rank 121] inte[0]: 204.524, comm[0]: 206.612, comm[1]: 1866.940, comm[2]: 206.247, force: 3165.633, rev_comm[0]: 201.838, rev_comm[1]: 1839.012, rev_comm[2]: 229.370, inte[1]: 143.854
[Rank 122] inte[0]: 207.170, comm[0]: 227.061, comm[1]: 1839.927, comm[2]: 228.551, force: 3174.945, rev_comm[0]: 221.196, rev_comm[1]: 1836.630, rev_comm[2]: 250.741, inte[1]: 145.872
[Rank 123] inte[0]: 206.747, comm[0]: 223.061, comm[1]: 1878.720, comm[2]: 222.461, force: 3187.139, rev_comm[0]: 217.164, rev_comm[1]: 1857.562, rev_comm[2]: 246.853, inte[1]: 144.725
[Rank 124] inte[0]: 206.687, comm[0]: 225.796, comm[1]: 1783.127, comm[2]: 223.215, force: 3199.038, rev_comm[0]: 219.077, rev_comm[1]: 1827.944, rev_comm[2]: 247.848, inte[1]: 145.279
[Rank 125] inte[0]: 206.631, comm[0]: 222.611, comm[1]: 1820.374, comm[2]: 222.405, force: 3189.974, rev_comm[0]: 217.076, rev_comm[1]: 1879.969, rev_comm[2]: 246.281, inte[1]: 145.268
[Rank 126] inte[0]: 207.995, comm[0]: 221.016, comm[1]: 1815.694, comm[2]: 220.783, force: 3186.009, rev_comm[0]: 215.335, rev_comm[1]: 1873.308, rev_comm[2]: 245.729, inte[1]: 145.478
[Rank 127] inte[0]: 205.881, comm[0]: 220.017, comm[1]: 1829.656, comm[2]: 220.135, force: 3201.769, rev_comm[0]: 213.990, rev_comm[1]: 1881.460, rev_comm[2]: 244.322, inte[1]: 144.528
[Rank 128] inte[0]: 206.214, comm[0]: 224.207, comm[1]: 1825.906, comm[2]: 223.348, force: 3192.570, rev_comm[0]: 216.836, rev_comm[1]: 1749.647, rev_comm[2]: 246.369, inte[1]: 145.552
[Rank 129] inte[0]: 207.447, comm[0]: 221.599, comm[1]: 1884.329, comm[2]: 220.655, force: 3183.116, rev_comm[0]: 215.078, rev_comm[1]: 1811.611, rev_comm[2]: 243.756, inte[1]: 144.451
[Rank 130] inte[0]: 207.409, comm[0]: 226.851, comm[1]: 1844.449, comm[2]: 224.415, force: 3183.519, rev_comm[0]: 219.843, rev_comm[1]: 1763.552, rev_comm[2]: 249.636, inte[1]: 146.278
[Rank 131] inte[0]: 205.907, comm[0]: 224.866, comm[1]: 1894.499, comm[2]: 223.277, force: 3195.950, rev_comm[0]: 218.294, rev_comm[1]: 1815.078, rev_comm[2]: 248.907, inte[1]: 144.111
[Rank 132] inte[0]: 206.451, comm[0]: 220.855, comm[1]: 1608.804, comm[2]: 221.823, force: 3196.071, rev_comm[0]: 215.813, rev_comm[1]: 1678.428, rev_comm[2]: 245.817, inte[1]: 144.655
[Rank 133] inte[0]: 207.258, comm[0]: 220.433, comm[1]: 1662.727, comm[2]: 221.186, force: 3189.710, rev_comm[0]: 215.913, rev_comm[1]: 1732.900, rev_comm[2]: 244.364, inte[1]: 145.376
[Rank 134] inte[0]: 207.014, comm[0]: 225.298, comm[1]: 1619.595, comm[2]: 224.106, force: 3190.724, rev_comm[0]: 218.754, rev_comm[1]: 1685.173, rev_comm[2]: 248.498, inte[1]: 145.582
[Rank 135] inte[0]: 206.444, comm[0]: 224.061, comm[1]: 1663.161, comm[2]: 223.107, force: 3200.777, rev_comm[0]: 218.108, rev_comm[1]: 1733.819, rev_comm[2]: 247.848, inte[1]: 145.097
[Rank 136] inte[0]: 207.291, comm[0]: 224.628, comm[1]: 1782.516, comm[2]: 224.110, force: 3200.697, rev_comm[0]: 218.217, rev_comm[1]: 1771.276, rev_comm[2]: 247.659, inte[1]: 145.572
[Rank 137] inte[0]: 205.801, comm[0]: 220.895, comm[1]: 1839.784, comm[2]: 220.856, force: 3195.164, rev_comm[0]: 215.687, rev_comm[1]: 1824.425, rev_comm[2]: 245.205, inte[1]: 144.949
[Rank 138] inte[0]: 207.156, comm[0]: 225.319, comm[1]: 1807.853, comm[2]: 224.277, force: 3196.734, rev_comm[0]: 219.100, rev_comm[1]: 1792.258, rev_comm[2]: 249.178, inte[1]: 145.522
[Rank 139] inte[0]: 205.928, comm[0]: 221.826, comm[1]: 1841.279, comm[2]: 220.460, force: 3207.722, rev_comm[0]: 214.691, rev_comm[1]: 1824.923, rev_comm[2]: 244.737, inte[1]: 144.880
[Rank 140] inte[0]: 205.836, comm[0]: 221.585, comm[1]: 1436.736, comm[2]: 222.332, force: 3191.021, rev_comm[0]: 216.711, rev_comm[1]: 1444.750, rev_comm[2]: 246.460, inte[1]: 145.148
[Rank 141] inte[0]: 207.197, comm[0]: 222.246, comm[1]: 1476.168, comm[2]: 221.611, force: 3185.772, rev_comm[0]: 217.129, rev_comm[1]: 1483.263, rev_comm[2]: 246.023, inte[1]: 144.914
[Rank 142] inte[0]: 205.248, comm[0]: 208.863, comm[1]: 1444.138, comm[2]: 209.632, force: 3181.167, rev_comm[0]: 203.699, rev_comm[1]: 1451.732, rev_comm[2]: 232.966, inte[1]: 145.032
[Rank 143] inte[0]: 204.754, comm[0]: 210.307, comm[1]: 1474.399, comm[2]: 210.840, force: 3191.823, rev_comm[0]: 203.347, rev_comm[1]: 1479.644, rev_comm[2]: 232.205, inte[1]: 143.851
[Rank 144] inte[0]: 206.943, comm[0]: 224.330, comm[1]: 1449.443, comm[2]: 224.368, force: 3187.228, rev_comm[0]: 218.117, rev_comm[1]: 1445.281, rev_comm[2]: 247.291, inte[1]: 145.514
[Rank 145] inte[0]: 206.396, comm[0]: 220.958, comm[1]: 1491.718, comm[2]: 220.992, force: 3178.326, rev_comm[0]: 215.277, rev_comm[1]: 1482.799, rev_comm[2]: 244.554, inte[1]: 144.260
[Rank 146] inte[0]: 205.615, comm[0]: 221.867, comm[1]: 1469.842, comm[2]: 220.994, force: 3174.453, rev_comm[0]: 215.113, rev_comm[1]: 1462.131, rev_comm[2]: 247.901, inte[1]: 145.369
[Rank 147] inte[0]: 206.303, comm[0]: 219.382, comm[1]: 1491.385, comm[2]: 219.058, force: 3187.709, rev_comm[0]: 213.268, rev_comm[1]: 1481.613, rev_comm[2]: 245.105, inte[1]: 144.564
[Rank 148] inte[0]: 206.087, comm[0]: 219.845, comm[1]: 1461.225, comm[2]: 220.607, force: 3193.456, rev_comm[0]: 212.998, rev_comm[1]: 1490.798, rev_comm[2]: 244.735, inte[1]: 144.988
[Rank 149] inte[0]: 205.551, comm[0]: 219.978, comm[1]: 1485.325, comm[2]: 219.768, force: 3186.625, rev_comm[0]: 214.295, rev_comm[1]: 1517.308, rev_comm[2]: 245.029, inte[1]: 144.852
[Rank 150] inte[0]: 206.776, comm[0]: 224.994, comm[1]: 1478.760, comm[2]: 224.043, force: 3186.896, rev_comm[0]: 219.815, rev_comm[1]: 1510.334, rev_comm[2]: 248.732, inte[1]: 145.672
[Rank 151] inte[0]: 205.070, comm[0]: 223.941, comm[1]: 1489.785, comm[2]: 222.206, force: 3200.850, rev_comm[0]: 217.146, rev_comm[1]: 1517.909, rev_comm[2]: 247.937, inte[1]: 145.203
[Rank 152] inte[0]: 207.082, comm[0]: 218.997, comm[1]: 1428.686, comm[2]: 219.313, force: 3179.958, rev_comm[0]: 212.539, rev_comm[1]: 1442.662, rev_comm[2]: 244.508, inte[1]: 144.934
[Rank 153] inte[0]: 206.598, comm[0]: 218.186, comm[1]: 1469.926, comm[2]: 220.864, force: 3170.509, rev_comm[0]: 213.770, rev_comm[1]: 1492.133, rev_comm[2]: 243.234, inte[1]: 144.761
[Rank 154] inte[0]: 205.861, comm[0]: 222.404, comm[1]: 1454.916, comm[2]: 223.573, force: 3169.782, rev_comm[0]: 216.114, rev_comm[1]: 1475.331, rev_comm[2]: 245.981, inte[1]: 145.566
[Rank 155] inte[0]: 206.880, comm[0]: 221.172, comm[1]: 1471.856, comm[2]: 220.843, force: 3186.839, rev_comm[0]: 213.841, rev_comm[1]: 1493.195, rev_comm[2]: 245.088, inte[1]: 145.169
[Rank 156] inte[0]: 206.662, comm[0]: 223.443, comm[1]: 1551.099, comm[2]: 221.711, force: 3192.690, rev_comm[0]: 217.358, rev_comm[1]: 1582.933, rev_comm[2]: 246.780, inte[1]: 145.123
[Rank 157] inte[0]: 205.857, comm[0]: 219.904, comm[1]: 1592.646, comm[2]: 219.847, force: 3185.571, rev_comm[0]: 215.461, rev_comm[1]: 1632.209, rev_comm[2]: 244.259, inte[1]: 144.578
[Rank 158] inte[0]: 206.376, comm[0]: 225.519, comm[1]: 1557.461, comm[2]: 223.105, force: 3186.079, rev_comm[0]: 218.786, rev_comm[1]: 1599.221, rev_comm[2]: 247.758, inte[1]: 145.518
[Rank 159] inte[0]: 205.867, comm[0]: 224.322, comm[1]: 1596.304, comm[2]: 221.239, force: 3201.325, rev_comm[0]: 216.478, rev_comm[1]: 1637.017, rev_comm[2]: 247.507, inte[1]: 144.408
[Rank 160] inte[0]: 206.063, comm[0]: 220.983, comm[1]: 1889.646, comm[2]: 220.277, force: 3191.660, rev_comm[0]: 214.178, rev_comm[1]: 1906.308, rev_comm[2]: 246.511, inte[1]: 144.759
[Rank 161] inte[0]: 206.918, comm[0]: 221.956, comm[1]: 1942.651, comm[2]: 220.909, force: 3198.705, rev_comm[0]: 215.781, rev_comm[1]: 1956.484, rev_comm[2]: 244.917, inte[1]: 144.497
[Rank 162] inte[0]: 206.319, comm[0]: 223.822, comm[1]: 1872.514, comm[2]: 220.055, force: 3185.654, rev_comm[0]: 217.589, rev_comm[1]: 1885.787, rev_comm[2]: 244.747, inte[1]: 145.290
[Rank 163] inte[0]: 205.370, comm[0]: 219.840, comm[1]: 1950.530, comm[2]: 218.833, force: 3197.275, rev_comm[0]: 213.659, rev_comm[1]: 1955.879, rev_comm[2]: 245.847, inte[1]: 144.860
[Rank 164] inte[0]: 206.914, comm[0]: 220.580, comm[1]: 1556.220, comm[2]: 221.094, force: 3205.664, rev_comm[0]: 214.726, rev_comm[1]: 1540.205, rev_comm[2]: 245.118, inte[1]: 144.565
[Rank 165] inte[0]: 205.951, comm[0]: 220.029, comm[1]: 1606.444, comm[2]: 220.221, force: 3190.651, rev_comm[0]: 214.639, rev_comm[1]: 1575.647, rev_comm[2]: 243.630, inte[1]: 145.105
[Rank 166] inte[0]: 207.060, comm[0]: 224.505, comm[1]: 1576.187, comm[2]: 220.791, force: 3189.653, rev_comm[0]: 217.168, rev_comm[1]: 1544.699, rev_comm[2]: 246.760, inte[1]: 145.082
[Rank 167] inte[0]: 207.209, comm[0]: 222.400, comm[1]: 1607.677, comm[2]: 220.611, force: 3215.725, rev_comm[0]: 215.890, rev_comm[1]: 1576.187, rev_comm[2]: 245.883, inte[1]: 145.308
[Rank 168] inte[0]: 206.516, comm[0]: 219.282, comm[1]: 1950.795, comm[2]: 221.244, force: 3203.058, rev_comm[0]: 213.701, rev_comm[1]: 1962.503, rev_comm[2]: 244.996, inte[1]: 145.300
[Rank 169] inte[0]: 205.562, comm[0]: 219.252, comm[1]: 1994.602, comm[2]: 219.844, force: 3197.521, rev_comm[0]: 213.742, rev_comm[1]: 2002.638, rev_comm[2]: 244.685, inte[1]: 144.090
[Rank 170] inte[0]: 206.772, comm[0]: 224.428, comm[1]: 1924.739, comm[2]: 222.554, force: 3211.136, rev_comm[0]: 218.353, rev_comm[1]: 1943.300, rev_comm[2]: 247.920, inte[1]: 145.219
[Rank 171] inte[0]: 206.552, comm[0]: 222.841, comm[1]: 1995.265, comm[2]: 222.293, force: 3223.346, rev_comm[0]: 216.921, rev_comm[1]: 2005.227, rev_comm[2]: 246.961, inte[1]: 145.008
[Rank 172] inte[0]: 207.784, comm[0]: 223.218, comm[1]: 1413.798, comm[2]: 222.561, force: 3193.523, rev_comm[0]: 216.072, rev_comm[1]: 1435.536, rev_comm[2]: 248.139, inte[1]: 145.523
[Rank 173] inte[0]: 206.283, comm[0]: 217.140, comm[1]: 1444.438, comm[2]: 220.131, force: 3184.076, rev_comm[0]: 212.674, rev_comm[1]: 1467.347, rev_comm[2]: 244.673, inte[1]: 144.884
[Rank 174] inte[0]: 206.960, comm[0]: 229.672, comm[1]: 1405.247, comm[2]: 228.847, force: 3184.112, rev_comm[0]: 221.146, rev_comm[1]: 1429.681, rev_comm[2]: 252.253, inte[1]: 145.871
[Rank 175] inte[0]: 207.008, comm[0]: 219.446, comm[1]: 1444.972, comm[2]: 219.641, force: 3195.245, rev_comm[0]: 213.690, rev_comm[1]: 1469.616, rev_comm[2]: 243.748, inte[1]: 144.448
[Rank 176] inte[0]: 207.704, comm[0]: 222.069, comm[1]: 1376.960, comm[2]: 222.410, force: 3194.491, rev_comm[0]: 214.542, rev_comm[1]: 1379.985, rev_comm[2]: 247.071, inte[1]: 145.622
[Rank 177] inte[0]: 206.781, comm[0]: 220.416, comm[1]: 1399.084, comm[2]: 221.381, force: 3182.631, rev_comm[0]: 215.028, rev_comm[1]: 1404.033, rev_comm[2]: 245.696, inte[1]: 145.245
[Rank 178] inte[0]: 206.663, comm[0]: 224.491, comm[1]: 1392.945, comm[2]: 225.315, force: 3180.871, rev_comm[0]: 218.188, rev_comm[1]: 1399.196, rev_comm[2]: 249.116, inte[1]: 145.088
[Rank 179] inte[0]: 206.330, comm[0]: 223.827, comm[1]: 1406.547, comm[2]: 223.156, force: 3191.061, rev_comm[0]: 217.839, rev_comm[1]: 1405.958, rev_comm[2]: 248.046, inte[1]: 145.134
[Rank 180] inte[0]: 207.102, comm[0]: 219.991, comm[1]: 1423.940, comm[2]: 221.215, force: 3194.910, rev_comm[0]: 214.027, rev_comm[1]: 1450.660, rev_comm[2]: 244.968, inte[1]: 145.196
[Rank 181] inte[0]: 206.458, comm[0]: 220.473, comm[1]: 1436.743, comm[2]: 220.691, force: 3186.679, rev_comm[0]: 215.176, rev_comm[1]: 1464.596, rev_comm[2]: 244.589, inte[1]: 144.916
[Rank 182] inte[0]: 206.705, comm[0]: 222.299, comm[1]: 1434.345, comm[2]: 222.418, force: 3193.103, rev_comm[0]: 215.601, rev_comm[1]: 1461.189, rev_comm[2]: 246.303, inte[1]: 145.251
[Rank 183] inte[0]: 206.671, comm[0]: 221.473, comm[1]: 1441.024, comm[2]: 220.827, force: 3199.870, rev_comm[0]: 215.588, rev_comm[1]: 1465.215, rev_comm[2]: 246.246, inte[1]: 144.963
[Rank 184] inte[0]: 207.373, comm[0]: 219.885, comm[1]: 1510.742, comm[2]: 221.883, force: 3177.549, rev_comm[0]: 215.441, rev_comm[1]: 1509.038, rev_comm[2]: 244.326, inte[1]: 145.255
[Rank 185] inte[0]: 207.851, comm[0]: 221.094, comm[1]: 1541.754, comm[2]: 220.975, force: 3185.428, rev_comm[0]: 215.549, rev_comm[1]: 1537.273, rev_comm[2]: 245.811, inte[1]: 145.295
[Rank 186] inte[0]: 206.414, comm[0]: 222.935, comm[1]: 1509.670, comm[2]: 222.156, force: 3171.149, rev_comm[0]: 215.847, rev_comm[1]: 1502.722, rev_comm[2]: 247.642, inte[1]: 145.248
[Rank 187] inte[0]: 206.259, comm[0]: 221.066, comm[1]: 1544.337, comm[2]: 221.017, force: 3202.432, rev_comm[0]: 214.529, rev_comm[1]: 1538.122, rev_comm[2]: 245.264, inte[1]: 144.404
[Rank 188] inte[0]: 206.742, comm[0]: 219.472, comm[1]: 1590.485, comm[2]: 219.651, force: 3198.544, rev_comm[0]: 212.217, rev_comm[1]: 1569.138, rev_comm[2]: 244.885, inte[1]: 144.879
[Rank 189] inte[0]: 206.099, comm[0]: 218.912, comm[1]: 1614.453, comm[2]: 219.715, force: 3187.563, rev_comm[0]: 213.381, rev_comm[1]: 1593.948, rev_comm[2]: 244.893, inte[1]: 144.862
[Rank 190] inte[0]: 206.086, comm[0]: 225.944, comm[1]: 1570.109, comm[2]: 222.983, force: 3188.829, rev_comm[0]: 218.081, rev_comm[1]: 1551.138, rev_comm[2]: 247.030, inte[1]: 145.381
[Rank 191] inte[0]: 207.384, comm[0]: 223.346, comm[1]: 1619.773, comm[2]: 222.718, force: 3211.570, rev_comm[0]: 216.194, rev_comm[1]: 1599.074, rev_comm[2]: 247.519, inte[1]: 145.709
[Rank 192] inte[0]: 206.865, comm[0]: 220.092, comm[1]: 1774.074, comm[2]: 221.482, force: 3182.087, rev_comm[0]: 214.703, rev_comm[1]: 1803.366, rev_comm[2]: 245.728, inte[1]: 145.363
[Rank 193] inte[0]: 205.260, comm[0]: 220.308, comm[1]: 1832.215, comm[2]: 220.910, force: 3181.848, rev_comm[0]: 214.311, rev_comm[1]: 1852.163, rev_comm[2]: 246.294, inte[1]: 144.650
[Rank 194] inte[0]: 206.220, comm[0]: 222.489, comm[1]: 1780.456, comm[2]: 220.808, force: 3176.679, rev_comm[0]: 216.837, rev_comm[1]: 1803.906, rev_comm[2]: 245.919, inte[1]: 145.045
[Rank 195] inte[0]: 205.836, comm[0]: 222.205, comm[1]: 1834.941, comm[2]: 219.734, force: 3186.350, rev_comm[0]: 214.461, rev_comm[1]: 1851.515, rev_comm[2]: 244.242, inte[1]: 144.536
[Rank 196] inte[0]: 207.813, comm[0]: 220.114, comm[1]: 1626.639, comm[2]: 219.685, force: 3188.490, rev_comm[0]: 213.334, rev_comm[1]: 1665.883, rev_comm[2]: 243.438, inte[1]: 145.373
[Rank 197] inte[0]: 207.483, comm[0]: 219.472, comm[1]: 1671.711, comm[2]: 219.336, force: 3179.072, rev_comm[0]: 213.470, rev_comm[1]: 1705.864, rev_comm[2]: 243.029, inte[1]: 145.127
[Rank 198] inte[0]: 206.574, comm[0]: 224.832, comm[1]: 1652.866, comm[2]: 223.825, force: 3180.387, rev_comm[0]: 218.450, rev_comm[1]: 1685.339, rev_comm[2]: 249.284, inte[1]: 144.731
[Rank 199] inte[0]: 205.679, comm[0]: 221.938, comm[1]: 1675.636, comm[2]: 221.067, force: 3193.414, rev_comm[0]: 215.765, rev_comm[1]: 1707.311, rev_comm[2]: 244.813, inte[1]: 144.933
[Rank 200] inte[0]: 207.884, comm[0]: 225.168, comm[1]: 1732.826, comm[2]: 224.613, force: 3195.601, rev_comm[0]: 218.602, rev_comm[1]: 1837.409, rev_comm[2]: 250.041, inte[1]: 146.258
[Rank 201] inte[0]: 206.486, comm[0]: 220.443, comm[1]: 1761.278, comm[2]: 220.025, force: 3187.090, rev_comm[0]: 215.286, rev_comm[1]: 1881.209, rev_comm[2]: 243.811, inte[1]: 145.224
[Rank 202] inte[0]: 207.547, comm[0]: 224.167, comm[1]: 1713.013, comm[2]: 222.271, force: 3187.568, rev_comm[0]: 217.924, rev_comm[1]: 1833.641, rev_comm[2]: 248.175, inte[1]: 145.741
[Rank 203] inte[0]: 206.215, comm[0]: 223.281, comm[1]: 1765.843, comm[2]: 221.053, force: 3197.230, rev_comm[0]: 216.586, rev_comm[1]: 1883.908, rev_comm[2]: 245.922, inte[1]: 145.255
[Rank 204] inte[0]: 207.894, comm[0]: 223.517, comm[1]: 1611.911, comm[2]: 222.577, force: 3181.217, rev_comm[0]: 216.174, rev_comm[1]: 1592.266, rev_comm[2]: 247.821, inte[1]: 145.886
[Rank 205] inte[0]: 206.025, comm[0]: 219.829, comm[1]: 1663.549, comm[2]: 221.631, force: 3173.263, rev_comm[0]: 214.563, rev_comm[1]: 1649.608, rev_comm[2]: 244.896, inte[1]: 145.125
[Rank 206] inte[0]: 206.358, comm[0]: 221.781, comm[1]: 1635.039, comm[2]: 221.025, force: 3173.041, rev_comm[0]: 214.708, rev_comm[1]: 1615.607, rev_comm[2]: 246.582, inte[1]: 145.051
[Rank 207] inte[0]: 206.347, comm[0]: 219.129, comm[1]: 1666.342, comm[2]: 218.427, force: 3185.109, rev_comm[0]: 212.814, rev_comm[1]: 1648.743, rev_comm[2]: 243.454, inte[1]: 145.147
[Rank 208] inte[0]: 207.402, comm[0]: 217.869, comm[1]: 1469.946, comm[2]: 218.988, force: 3176.414, rev_comm[0]: 211.708, rev_comm[1]: 1460.734, rev_comm[2]: 244.523, inte[1]: 145.377
[Rank 209] inte[0]: 206.756, comm[0]: 218.633, comm[1]: 1515.000, comm[2]: 220.111, force: 3168.379, rev_comm[0]: 212.832, rev_comm[1]: 1501.701, rev_comm[2]: 244.741, inte[1]: 144.988
[Rank 210] inte[0]: 206.651, comm[0]: 224.332, comm[1]: 1497.941, comm[2]: 222.719, force: 3168.560, rev_comm[0]: 217.678, rev_comm[1]: 1485.722, rev_comm[2]: 247.874, inte[1]: 145.762
[Rank 211] inte[0]: 205.670, comm[0]: 222.396, comm[1]: 1519.835, comm[2]: 220.283, force: 3182.189, rev_comm[0]: 215.772, rev_comm[1]: 1503.257, rev_comm[2]: 245.925, inte[1]: 145.620
[Rank 212] inte[0]: 206.272, comm[0]: 219.758, comm[1]: 1367.886, comm[2]: 221.199, force: 3184.603, rev_comm[0]: 213.163, rev_comm[1]: 1387.244, rev_comm[2]: 244.768, inte[1]: 144.781
[Rank 213] inte[0]: 206.329, comm[0]: 219.531, comm[1]: 1396.255, comm[2]: 220.401, force: 3176.566, rev_comm[0]: 213.842, rev_comm[1]: 1416.347, rev_comm[2]: 243.875, inte[1]: 144.829
[Rank 214] inte[0]: 205.588, comm[0]: 208.579, comm[1]: 1374.013, comm[2]: 210.849, force: 3175.114, rev_comm[0]: 202.650, rev_comm[1]: 1392.758, rev_comm[2]: 232.819, inte[1]: 144.075
[Rank 215] inte[0]: 206.421, comm[0]: 210.400, comm[1]: 1394.815, comm[2]: 210.525, force: 3188.139, rev_comm[0]: 203.865, rev_comm[1]: 1412.578, rev_comm[2]: 231.759, inte[1]: 144.173
[Rank 216] inte[0]: 207.090, comm[0]: 221.128, comm[1]: 1413.372, comm[2]: 221.922, force: 3177.008, rev_comm[0]: 214.300, rev_comm[1]: 1440.685, rev_comm[2]: 244.889, inte[1]: 144.547
[Rank 217] inte[0]: 206.976, comm[0]: 219.574, comm[1]: 1452.755, comm[2]: 220.856, force: 3163.443, rev_comm[0]: 214.393, rev_comm[1]: 1485.454, rev_comm[2]: 244.504, inte[1]: 144.356
[Rank 218] inte[0]: 206.681, comm[0]: 224.645, comm[1]: 1433.753, comm[2]: 223.546, force: 3163.017, rev_comm[0]: 217.894, rev_comm[1]: 1468.404, rev_comm[2]: 247.952, inte[1]: 144.502
[Rank 219] inte[0]: 206.435, comm[0]: 221.113, comm[1]: 1453.224, comm[2]: 219.907, force: 3173.605, rev_comm[0]: 214.953, rev_comm[1]: 1482.167, rev_comm[2]: 245.130, inte[1]: 144.568
[Rank 220] inte[0]: 206.596, comm[0]: 221.334, comm[1]: 1397.724, comm[2]: 221.818, force: 3189.354, rev_comm[0]: 214.331, rev_comm[1]: 1417.511, rev_comm[2]: 245.934, inte[1]: 145.407
[Rank 221] inte[0]: 206.420, comm[0]: 218.529, comm[1]: 1440.517, comm[2]: 220.111, force: 3177.671, rev_comm[0]: 212.931, rev_comm[1]: 1462.711, rev_comm[2]: 243.096, inte[1]: 144.907
[Rank 222] inte[0]: 206.692, comm[0]: 225.282, comm[1]: 1424.053, comm[2]: 224.992, force: 3178.115, rev_comm[0]: 218.912, rev_comm[1]: 1441.274, rev_comm[2]: 248.534, inte[1]: 145.946
[Rank 223] inte[0]: 207.475, comm[0]: 221.054, comm[1]: 1440.106, comm[2]: 221.089, force: 3187.733, rev_comm[0]: 215.291, rev_comm[1]: 1461.707, rev_comm[2]: 245.136, inte[1]: 145.173
[Rank 224] inte[0]: 204.608, comm[0]: 208.659, comm[1]: 1592.568, comm[2]: 211.262, force: 3187.148, rev_comm[0]: 201.152, rev_comm[1]: 1576.449, rev_comm[2]: 233.265, inte[1]: 143.628
[Rank 225] inte[0]: 205.607, comm[0]: 203.753, comm[1]: 1655.348, comm[2]: 204.880, force: 3180.455, rev_comm[0]: 198.535, rev_comm[1]: 1637.944, rev_comm[2]: 228.230, inte[1]: 144.155
[Rank 226] inte[0]: 206.469, comm[0]: 225.219, comm[1]: 1641.574, comm[2]: 224.801, force: 3185.153, rev_comm[0]: 218.708, rev_comm[1]: 1626.361, rev_comm[2]: 248.559, inte[1]: 145.614
[Rank 227] inte[0]: 206.008, comm[0]: 223.352, comm[1]: 1662.151, comm[2]: 222.264, force: 3197.583, rev_comm[0]: 217.130, rev_comm[1]: 1643.303, rev_comm[2]: 247.720, inte[1]: 144.917
[Rank 228] inte[0]: 205.868, comm[0]: 221.499, comm[1]: 1554.436, comm[2]: 219.831, force: 3199.621, rev_comm[0]: 214.777, rev_comm[1]: 1668.369, rev_comm[2]: 244.823, inte[1]: 144.974
[Rank 229] inte[0]: 207.040, comm[0]: 218.778, comm[1]: 1604.334, comm[2]: 218.080, force: 3194.819, rev_comm[0]: 212.810, rev_comm[1]: 1720.848, rev_comm[2]: 243.015, inte[1]: 144.322
[Rank 230] inte[0]: 206.879, comm[0]: 224.245, comm[1]: 1562.448, comm[2]: 222.218, force: 3192.773, rev_comm[0]: 218.115, rev_comm[1]: 1682.644, rev_comm[2]: 246.886, inte[1]: 145.492
[Rank 231] inte[0]: 205.321, comm[0]: 223.215, comm[1]: 1608.677, comm[2]: 222.401, force: 3204.014, rev_comm[0]: 217.306, rev_comm[1]: 1722.808, rev_comm[2]: 247.068, inte[1]: 144.410
[Rank 232] inte[0]: 206.096, comm[0]: 223.170, comm[1]: 1647.577, comm[2]: 223.330, force: 3210.383, rev_comm[0]: 217.210, rev_comm[1]: 1631.760, rev_comm[2]: 247.646, inte[1]: 145.377
[Rank 233] inte[0]: 206.534, comm[0]: 221.369, comm[1]: 1685.056, comm[2]: 221.375, force: 3203.378, rev_comm[0]: 214.457, rev_comm[1]: 1672.411, rev_comm[2]: 244.256, inte[1]: 144.964
[Rank 234] inte[0]: 207.091, comm[0]: 222.814, comm[1]: 1643.058, comm[2]: 222.415, force: 3199.090, rev_comm[0]: 216.539, rev_comm[1]: 1620.273, rev_comm[2]: 247.481, inte[1]: 145.178
[Rank 235] inte[0]: 206.665, comm[0]: 222.561, comm[1]: 1688.914, comm[2]: 220.717, force: 3208.171, rev_comm[0]: 215.328, rev_comm[1]: 1672.850, rev_comm[2]: 245.351, inte[1]: 144.563
[Rank 236] inte[0]: 205.864, comm[0]: 221.318, comm[1]: 1793.561, comm[2]: 221.803, force: 3194.251, rev_comm[0]: 214.683, rev_comm[1]: 1856.715, rev_comm[2]: 246.218, inte[1]: 145.226
[Rank 237] inte[0]: 205.902, comm[0]: 221.442, comm[1]: 1853.237, comm[2]: 220.518, force: 3187.860, rev_comm[0]: 215.934, rev_comm[1]: 1913.175, rev_comm[2]: 244.912, inte[1]: 144.260
[Rank 238] inte[0]: 207.344, comm[0]: 224.807, comm[1]: 1804.811, comm[2]: 223.323, force: 3187.741, rev_comm[0]: 218.588, rev_comm[1]: 1862.924, rev_comm[2]: 248.121, inte[1]: 145.911
[Rank 239] inte[0]: 205.884, comm[0]: 222.717, comm[1]: 1858.345, comm[2]: 221.482, force: 3197.475, rev_comm[0]: 216.947, rev_comm[1]: 1914.881, rev_comm[2]: 246.888, inte[1]: 144.029
[Rank 240] inte[0]: 205.284, comm[0]: 205.813, comm[1]: 1480.904, comm[2]: 208.198, force: 3181.354, rev_comm[0]: 198.329, rev_comm[1]: 1466.872, rev_comm[2]: 230.004, inte[1]: 143.799
[Rank 241] inte[0]: 204.950, comm[0]: 205.284, comm[1]: 1530.130, comm[2]: 206.600, force: 3177.419, rev_comm[0]: 198.667, rev_comm[1]: 1523.976, rev_comm[2]: 228.568, inte[1]: 143.894
[Rank 242] inte[0]: 206.294, comm[0]: 224.820, comm[1]: 1498.351, comm[2]: 223.587, force: 3183.114, rev_comm[0]: 218.295, rev_comm[1]: 1490.320, rev_comm[2]: 247.911, inte[1]: 145.694
[Rank 243] inte[0]: 206.431, comm[0]: 221.129, comm[1]: 1531.785, comm[2]: 220.501, force: 3194.424, rev_comm[0]: 215.181, rev_comm[1]: 1524.434, rev_comm[2]: 244.171, inte[1]: 144.834
[Rank 244] inte[0]: 205.660, comm[0]: 221.023, comm[1]: 1523.156, comm[2]: 221.445, force: 3198.206, rev_comm[0]: 213.882, rev_comm[1]: 1554.956, rev_comm[2]: 246.118, inte[1]: 144.564
[Rank 245] inte[0]: 207.547, comm[0]: 219.263, comm[1]: 1556.932, comm[2]: 219.757, force: 3190.640, rev_comm[0]: 213.011, rev_comm[1]: 1596.840, rev_comm[2]: 244.911, inte[1]: 145.131
[Rank 246] inte[0]: 206.371, comm[0]: 222.228, comm[1]: 1518.809, comm[2]: 222.931, force: 3187.784, rev_comm[0]: 216.291, rev_comm[1]: 1559.636, rev_comm[2]: 247.111, inte[1]: 145.206
[Rank 247] inte[0]: 207.219, comm[0]: 220.718, comm[1]: 1561.321, comm[2]: 220.598, force: 3201.892, rev_comm[0]: 214.247, rev_comm[1]: 1600.439, rev_comm[2]: 245.121, inte[1]: 145.288
[Rank 248] inte[0]: 205.797, comm[0]: 223.346, comm[1]: 1435.223, comm[2]: 223.991, force: 3182.293, rev_comm[0]: 218.521, rev_comm[1]: 1448.823, rev_comm[2]: 247.286, inte[1]: 145.158
[Rank 249] inte[0]: 206.377, comm[0]: 221.815, comm[1]: 1461.183, comm[2]: 222.719, force: 3176.908, rev_comm[0]: 217.016, rev_comm[1]: 1477.988, rev_comm[2]: 246.391, inte[1]: 144.953
[Rank 250] inte[0]: 206.824, comm[0]: 225.201, comm[1]: 1446.398, comm[2]: 225.339, force: 3175.359, rev_comm[0]: 218.237, rev_comm[1]: 1463.792, rev_comm[2]: 248.433, inte[1]: 145.198
[Rank 251] inte[0]: 207.374, comm[0]: 223.567, comm[1]: 1466.134, comm[2]: 221.184, force: 3184.963, rev_comm[0]: 216.500, rev_comm[1]: 1479.853, rev_comm[2]: 246.835, inte[1]: 144.917
[Rank 252] inte[0]: 205.639, comm[0]: 219.785, comm[1]: 1440.448, comm[2]: 220.049, force: 3197.982, rev_comm[0]: 214.487, rev_comm[1]: 1485.115, rev_comm[2]: 243.669, inte[1]: 144.759
[Rank 253] inte[0]: 205.546, comm[0]: 220.100, comm[1]: 1504.915, comm[2]: 219.169, force: 3189.320, rev_comm[0]: 214.573, rev_comm[1]: 1538.677, rev_comm[2]: 244.092, inte[1]: 144.767
[Rank 254] inte[0]: 206.700, comm[0]: 224.861, comm[1]: 1493.065, comm[2]: 224.160, force: 3186.485, rev_comm[0]: 218.791, rev_comm[1]: 1528.614, rev_comm[2]: 248.209, inte[1]: 144.965
[Rank 255] inte[0]: 205.851, comm[0]: 223.529, comm[1]: 1508.258, comm[2]: 221.931, force: 3199.707, rev_comm[0]: 216.191, rev_comm[1]: 1539.995, rev_comm[2]: 247.114, inte[1]: 144.584
[Max rank 43] inte[0]: 206.038, comm[0]: 222.293, comm[1]: 2117.943, comm[2]: 220.415, force: 3214.096, rev_comm[0]: 216.765, rev_comm[1]: 1985.724, rev_comm[2]: 246.267, inte[1]: 144.400


# Performance Summary:
# MPI_proc OMP_threads nsteps natoms t_total t_force t_neigh t_comm t_other performance perf/thread grep_string t_extra
256 1 100 268435456 1.146733 0.320788 0.000000 0.787497 0.038447 23408720467.690922 91440314.326918 PERF_SUMMARY 0.000000


