[Rank 54] xlo: 322.482469, xhi: 429.976625, ylo: 107.494156, yhi: 214.988312, zlo: 214.988312, zhi: 322.482469
[Rank 55] xlo: 322.482469, xhi: 429.976625, ylo: 107.494156, yhi: 214.988312, zlo: 322.482469, zhi: 429.976625
[Rank 26] xlo: 107.494156, xhi: 214.988312, ylo: 214.988312, yhi: 322.482469, zlo: 214.988312, zhi: 322.482469
[Rank 33] xlo: 214.988312, xhi: 322.482469, ylo: 0.000000, yhi: 107.494156, zlo: 107.494156, zhi: 214.988312
[Rank 32] xlo: 214.988312, xhi: 322.482469, ylo: 0.000000, yhi: 107.494156, zlo: 0.000000, zhi: 107.494156
[Rank 27] xlo: 107.494156, xhi: 214.988312, ylo: 214.988312, yhi: 322.482469, zlo: 322.482469, zhi: 429.976625
[Rank 42] xlo: 214.988312, xhi: 322.482469, ylo: 214.988312, yhi: 322.482469, zlo: 214.988312, zhi: 322.482469
[Rank 43] xlo: 214.988312, xhi: 322.482469, ylo: 214.988312, yhi: 322.482469, zlo: 322.482469, zhi: 429.976625
[Rank 53] xlo: 322.482469, xhi: 429.976625, ylo: 107.494156, yhi: 214.988312, zlo: 107.494156, zhi: 214.988312
[Rank 15] xlo: 0.000000, xhi: 107.494156, ylo: 322.482469, yhi: 429.976625, zlo: 322.482469, zhi: 429.976625
[Rank 12] xlo: 0.000000, xhi: 107.494156, ylo: 322.482469, yhi: 429.976625, zlo: 0.000000, zhi: 107.494156
[Rank 49] xlo: 322.482469, xhi: 429.976625, ylo: 0.000000, yhi: 107.494156, zlo: 107.494156, zhi: 214.988312
[Rank 52] xlo: 322.482469, xhi: 429.976625, ylo: 107.494156, yhi: 214.988312, zlo: 0.000000, zhi: 107.494156
[Rank 14] xlo: 0.000000, xhi: 107.494156, ylo: 322.482469, yhi: 429.976625, zlo: 214.988312, zhi: 322.482469
[Rank 48] xlo: 322.482469, xhi: 429.976625, ylo: 0.000000, yhi: 107.494156, zlo: 0.000000, zhi: 107.494156
[Rank 5] xlo: 0.000000, xhi: 107.494156, ylo: 107.494156, yhi: 214.988312, zlo: 107.494156, zhi: 214.988312
[Rank 4] xlo: 0.000000, xhi: 107.494156, ylo: 107.494156, yhi: 214.988312, zlo: 0.000000, zhi: 107.494156
[Rank 57] xlo: 322.482469, xhi: 429.976625, ylo: 214.988312, yhi: 322.482469, zlo: 107.494156, zhi: 214.988312
[Rank 56] xlo: 322.482469, xhi: 429.976625, ylo: 214.988312, yhi: 322.482469, zlo: 0.000000, zhi: 107.494156
[Rank 47] xlo: 214.988312, xhi: 322.482469, ylo: 322.482469, yhi: 429.976625, zlo: 322.482469, zhi: 429.976625
[Rank 44] xlo: 214.988312, xhi: 322.482469, ylo: 322.482469, yhi: 429.976625, zlo: 0.000000, zhi: 107.494156
[Rank 46] xlo: 214.988312, xhi: 322.482469, ylo: 322.482469, yhi: 429.976625, zlo: 214.988312, zhi: 322.482469
[Rank 13] xlo: 0.000000, xhi: 107.494156, ylo: 322.482469, yhi: 429.976625, zlo: 107.494156, zhi: 214.988312
[Rank 41] xlo: 214.988312, xhi: 322.482469, ylo: 214.988312, yhi: 322.482469, zlo: 107.494156, zhi: 214.988312
[Rank 40] xlo: 214.988312, xhi: 322.482469, ylo: 214.988312, yhi: 322.482469, zlo: 0.000000, zhi: 107.494156
[Rank 51] xlo: 322.482469, xhi: 429.976625, ylo: 0.000000, yhi: 107.494156, zlo: 322.482469, zhi: 429.976625
[Rank 25] xlo: 107.494156, xhi: 214.988312, ylo: 214.988312, yhi: 322.482469, zlo: 107.494156, zhi: 214.988312
[Rank 35] xlo: 214.988312, xhi: 322.482469, ylo: 0.000000, yhi: 107.494156, zlo: 322.482469, zhi: 429.976625
[Rank 24] xlo: 107.494156, xhi: 214.988312, ylo: 214.988312, yhi: 322.482469, zlo: 0.000000, zhi: 107.494156
[Rank 34] xlo: 214.988312, xhi: 322.482469, ylo: 0.000000, yhi: 107.494156, zlo: 214.988312, zhi: 322.482469
[Rank 50] xlo: 322.482469, xhi: 429.976625, ylo: 0.000000, yhi: 107.494156, zlo: 214.988312, zhi: 322.482469
[Rank 45] xlo: 214.988312, xhi: 322.482469, ylo: 322.482469, yhi: 429.976625, zlo: 107.494156, zhi: 214.988312
[Rank 61] xlo: 322.482469, xhi: 429.976625, ylo: 322.482469, yhi: 429.976625, zlo: 107.494156, zhi: 214.988312
[Rank 60] xlo: 322.482469, xhi: 429.976625, ylo: 322.482469, yhi: 429.976625, zlo: 0.000000, zhi: 107.494156
[Rank 6] xlo: 0.000000, xhi: 107.494156, ylo: 107.494156, yhi: 214.988312, zlo: 214.988312, zhi: 322.482469
[Rank 7] xlo: 0.000000, xhi: 107.494156, ylo: 107.494156, yhi: 214.988312, zlo: 322.482469, zhi: 429.976625
[Rank 36] xlo: 214.988312, xhi: 322.482469, ylo: 107.494156, yhi: 214.988312, zlo: 0.000000, zhi: 107.494156
[Rank 17] xlo: 107.494156, xhi: 214.988312, ylo: 0.000000, yhi: 107.494156, zlo: 107.494156, zhi: 214.988312
[Rank 58] xlo: 322.482469, xhi: 429.976625, ylo: 214.988312, yhi: 322.482469, zlo: 214.988312, zhi: 322.482469
[Rank 59] xlo: 322.482469, xhi: 429.976625, ylo: 214.988312, yhi: 322.482469, zlo: 322.482469, zhi: 429.976625
[Rank 21] xlo: 107.494156, xhi: 214.988312, ylo: 107.494156, yhi: 214.988312, zlo: 107.494156, zhi: 214.988312
[Rank 20] xlo: 107.494156, xhi: 214.988312, ylo: 107.494156, yhi: 214.988312, zlo: 0.000000, zhi: 107.494156
[Rank 16] xlo: 107.494156, xhi: 214.988312, ylo: 0.000000, yhi: 107.494156, zlo: 0.000000, zhi: 107.494156
[Rank 62] xlo: 322.482469, xhi: 429.976625, ylo: 322.482469, yhi: 429.976625, zlo: 214.988312, zhi: 322.482469
[Rank 9] xlo: 0.000000, xhi: 107.494156, ylo: 214.988312, yhi: 322.482469, zlo: 107.494156, zhi: 214.988312
[Rank 8] xlo: 0.000000, xhi: 107.494156, ylo: 214.988312, yhi: 322.482469, zlo: 0.000000, zhi: 107.494156
[Rank 63] xlo: 322.482469, xhi: 429.976625, ylo: 322.482469, yhi: 429.976625, zlo: 322.482469, zhi: 429.976625
[Rank 23] xlo: 107.494156, xhi: 214.988312, ylo: 107.494156, yhi: 214.988312, zlo: 322.482469, zhi: 429.976625
[Rank 39] xlo: 214.988312, xhi: 322.482469, ylo: 107.494156, yhi: 214.988312, zlo: 322.482469, zhi: 429.976625
[Rank 22] xlo: 107.494156, xhi: 214.988312, ylo: 107.494156, yhi: 214.988312, zlo: 214.988312, zhi: 322.482469
[Rank 19] xlo: 107.494156, xhi: 214.988312, ylo: 0.000000, yhi: 107.494156, zlo: 322.482469, zhi: 429.976625
[Rank 37] xlo: 214.988312, xhi: 322.482469, ylo: 107.494156, yhi: 214.988312, zlo: 107.494156, zhi: 214.988312
[Rank 29] xlo: 107.494156, xhi: 214.988312, ylo: 322.482469, yhi: 429.976625, zlo: 107.494156, zhi: 214.988312
[Rank 38] xlo: 214.988312, xhi: 322.482469, ylo: 107.494156, yhi: 214.988312, zlo: 214.988312, zhi: 322.482469
[Rank 28] xlo: 107.494156, xhi: 214.988312, ylo: 322.482469, yhi: 429.976625, zlo: 0.000000, zhi: 107.494156
[Rank 18] xlo: 107.494156, xhi: 214.988312, ylo: 0.000000, yhi: 107.494156, zlo: 214.988312, zhi: 322.482469
[Rank 10] xlo: 0.000000, xhi: 107.494156, ylo: 214.988312, yhi: 322.482469, zlo: 214.988312, zhi: 322.482469
[Rank 11] xlo: 0.000000, xhi: 107.494156, ylo: 214.988312, yhi: 322.482469, zlo: 322.482469, zhi: 429.976625
# Create System:
[Rank 0] xlo: 0.000000, xhi: 107.494156, ylo: 0.000000, yhi: 107.494156, zlo: 0.000000, zhi: 107.494156
# Done .... 
# miniMD-Reference 1.2 (MPI+OpenMP) output ...
# Run Settings: 
	# MPI processes: 64
	# Host Threads: 1
	# Inputfile: in.lj.miniMD
	# Datafile: None
# Physics Settings: 
	# ForceStyle: LJ
	# Force Parameters: 1.00 1.00
	# Units: LJ
	# Atoms: 67108864
	# Atom types: 8
	# System size: 429.98 429.98 429.98 (unit cells: 256 256 256)
	# Density: 0.844200
	# Force cutoff: 2.500000
	# Timestep size: 0.005000
# Technical Settings: 
	# Neigh cutoff: 2.800000
	# Half neighborlists: 1
	# Team neighborlist construction: 0
	# Neighbor bins: 153 153 153
	# Neighbor frequency: 1000
	# Sorting frequency: 1000
	# Thermo frequency: 100
	# Ghost Newton: 1
	# Use intrinsics: 0
	# Do safe exchange: 0
	# Size of float: 8

[Rank 3] xlo: 0.000000, xhi: 107.494156, ylo: 0.000000, yhi: 107.494156, zlo: 322.482469, zhi: 429.976625
[Rank 2] xlo: 0.000000, xhi: 107.494156, ylo: 0.000000, yhi: 107.494156, zlo: 214.988312, zhi: 322.482469
[Rank 30] xlo: 107.494156, xhi: 214.988312, ylo: 322.482469, yhi: 429.976625, zlo: 214.988312, zhi: 322.482469
[Rank 31] xlo: 107.494156, xhi: 214.988312, ylo: 322.482469, yhi: 429.976625, zlo: 322.482469, zhi: 429.976625
[Rank 1] xlo: 0.000000, xhi: 107.494156, ylo: 0.000000, yhi: 107.494156, zlo: 107.494156, zhi: 214.988312
# Starting dynamics ...
# Timestep T U P Time
0 1.440000e+00 -6.773368e+00 -5.019669e+00  0.000
100 8.112874e-01 -5.836199e+00 3.658783e-02  0.962
[Atom] pack_comm: 600, unpack_comm: 600, pack_comm_self: 0, pack_reverse: 606, unpack_reverse: 606
[Rank 0] inte[0]: 205.607, comm[0]: 218.304, comm[1]: 1895.477, comm[2]: 219.643, force: 2829.294, rev_comm[0]: 209.448, rev_comm[1]: 1927.986, rev_comm[2]: 241.797, inte[1]: 140.518
[Rank 1] inte[0]: 204.938, comm[0]: 217.376, comm[1]: 1948.044, comm[2]: 218.082, force: 2791.068, rev_comm[0]: 208.778, rev_comm[1]: 1981.494, rev_comm[2]: 239.763, inte[1]: 140.951
[Rank 2] inte[0]: 205.265, comm[0]: 223.242, comm[1]: 1909.642, comm[2]: 221.565, force: 2791.389, rev_comm[0]: 213.563, rev_comm[1]: 1945.399, rev_comm[2]: 243.020, inte[1]: 140.713
[Rank 3] inte[0]: 205.893, comm[0]: 219.813, comm[1]: 1955.407, comm[2]: 220.098, force: 2756.342, rev_comm[0]: 211.788, rev_comm[1]: 1985.504, rev_comm[2]: 242.944, inte[1]: 139.862
[Rank 4] inte[0]: 204.134, comm[0]: 207.599, comm[1]: 1759.980, comm[2]: 208.333, force: 2808.812, rev_comm[0]: 200.644, rev_comm[1]: 1859.515, rev_comm[2]: 231.784, inte[1]: 139.908
[Rank 5] inte[0]: 203.560, comm[0]: 202.111, comm[1]: 1837.117, comm[2]: 201.074, force: 2812.037, rev_comm[0]: 196.489, rev_comm[1]: 1926.302, rev_comm[2]: 225.343, inte[1]: 139.476
[Rank 6] inte[0]: 205.221, comm[0]: 221.827, comm[1]: 1807.512, comm[2]: 223.069, force: 2889.015, rev_comm[0]: 212.812, rev_comm[1]: 1898.045, rev_comm[2]: 244.694, inte[1]: 142.706
[Rank 7] inte[0]: 206.439, comm[0]: 219.993, comm[1]: 1838.227, comm[2]: 220.392, force: 2813.493, rev_comm[0]: 212.419, rev_comm[1]: 1926.564, rev_comm[2]: 242.272, inte[1]: 141.050
[Rank 8] inte[0]: 205.570, comm[0]: 219.075, comm[1]: 1544.831, comm[2]: 220.206, force: 2813.573, rev_comm[0]: 210.201, rev_comm[1]: 1628.253, rev_comm[2]: 242.318, inte[1]: 140.753
[Rank 9] inte[0]: 204.420, comm[0]: 218.174, comm[1]: 1574.126, comm[2]: 219.178, force: 2807.182, rev_comm[0]: 211.302, rev_comm[1]: 1659.671, rev_comm[2]: 239.685, inte[1]: 140.112
[Rank 10] inte[0]: 205.498, comm[0]: 220.821, comm[1]: 1538.642, comm[2]: 220.412, force: 2743.510, rev_comm[0]: 214.178, rev_comm[1]: 1622.434, rev_comm[2]: 243.343, inte[1]: 138.932
[Rank 11] inte[0]: 206.974, comm[0]: 219.176, comm[1]: 1575.347, comm[2]: 219.727, force: 2750.598, rev_comm[0]: 212.437, rev_comm[1]: 1659.046, rev_comm[2]: 241.455, inte[1]: 139.599
[Rank 12] inte[0]: 205.459, comm[0]: 220.565, comm[1]: 1811.852, comm[2]: 220.663, force: 2802.189, rev_comm[0]: 213.191, rev_comm[1]: 1895.231, rev_comm[2]: 241.967, inte[1]: 140.758
[Rank 13] inte[0]: 205.402, comm[0]: 216.840, comm[1]: 1839.433, comm[2]: 217.965, force: 2811.567, rev_comm[0]: 208.668, rev_comm[1]: 1932.880, rev_comm[2]: 238.903, inte[1]: 140.765
[Rank 14] inte[0]: 203.628, comm[0]: 204.584, comm[1]: 1804.907, comm[2]: 203.510, force: 2863.287, rev_comm[0]: 198.941, rev_comm[1]: 1895.715, rev_comm[2]: 227.170, inte[1]: 140.542
[Rank 15] inte[0]: 204.714, comm[0]: 205.478, comm[1]: 1836.853, comm[2]: 202.282, force: 2813.971, rev_comm[0]: 198.522, rev_comm[1]: 1932.948, rev_comm[2]: 225.681, inte[1]: 139.525
[Rank 16] inte[0]: 205.724, comm[0]: 218.210, comm[1]: 1734.612, comm[2]: 220.270, force: 2814.033, rev_comm[0]: 209.791, rev_comm[1]: 1688.116, rev_comm[2]: 241.213, inte[1]: 140.885
[Rank 17] inte[0]: 205.217, comm[0]: 213.826, comm[1]: 1768.936, comm[2]: 216.729, force: 2806.069, rev_comm[0]: 207.661, rev_comm[1]: 1711.054, rev_comm[2]: 238.100, inte[1]: 139.563
[Rank 18] inte[0]: 205.440, comm[0]: 219.361, comm[1]: 1735.637, comm[2]: 220.014, force: 2736.323, rev_comm[0]: 214.320, rev_comm[1]: 1681.976, rev_comm[2]: 241.866, inte[1]: 139.386
[Rank 19] inte[0]: 205.508, comm[0]: 218.961, comm[1]: 1773.538, comm[2]: 219.664, force: 2754.953, rev_comm[0]: 211.649, rev_comm[1]: 1717.142, rev_comm[2]: 240.558, inte[1]: 138.793
[Rank 20] inte[0]: 204.850, comm[0]: 217.913, comm[1]: 1801.821, comm[2]: 218.852, force: 2813.419, rev_comm[0]: 210.675, rev_comm[1]: 1808.078, rev_comm[2]: 242.143, inte[1]: 140.039
[Rank 21] inte[0]: 205.222, comm[0]: 217.809, comm[1]: 1857.501, comm[2]: 221.324, force: 2805.322, rev_comm[0]: 211.953, rev_comm[1]: 1859.155, rev_comm[2]: 241.529, inte[1]: 140.199
[Rank 22] inte[0]: 206.705, comm[0]: 221.610, comm[1]: 1819.665, comm[2]: 221.498, force: 2803.869, rev_comm[0]: 213.754, rev_comm[1]: 1836.913, rev_comm[2]: 244.217, inte[1]: 141.452
[Rank 23] inte[0]: 205.451, comm[0]: 219.772, comm[1]: 1858.473, comm[2]: 220.735, force: 2812.312, rev_comm[0]: 212.937, rev_comm[1]: 1864.125, rev_comm[2]: 241.468, inte[1]: 140.628
[Rank 24] inte[0]: 205.914, comm[0]: 217.123, comm[1]: 1661.627, comm[2]: 217.837, force: 2812.002, rev_comm[0]: 207.330, rev_comm[1]: 1747.236, rev_comm[2]: 240.075, inte[1]: 139.829
[Rank 25] inte[0]: 205.469, comm[0]: 215.419, comm[1]: 1711.865, comm[2]: 217.103, force: 2749.254, rev_comm[0]: 208.071, rev_comm[1]: 1801.178, rev_comm[2]: 237.870, inte[1]: 139.468
[Rank 26] inte[0]: 203.983, comm[0]: 204.619, comm[1]: 1684.600, comm[2]: 204.160, force: 2800.973, rev_comm[0]: 198.176, rev_comm[1]: 1770.592, rev_comm[2]: 227.823, inte[1]: 139.588
[Rank 27] inte[0]: 204.253, comm[0]: 206.803, comm[1]: 1708.397, comm[2]: 203.926, force: 2759.996, rev_comm[0]: 199.366, rev_comm[1]: 1792.184, rev_comm[2]: 226.997, inte[1]: 138.525
[Rank 28] inte[0]: 205.311, comm[0]: 220.500, comm[1]: 1723.436, comm[2]: 220.089, force: 2799.026, rev_comm[0]: 211.892, rev_comm[1]: 1805.834, rev_comm[2]: 241.175, inte[1]: 140.671
[Rank 29] inte[0]: 205.384, comm[0]: 217.642, comm[1]: 1759.865, comm[2]: 219.255, force: 2789.154, rev_comm[0]: 211.601, rev_comm[1]: 1850.364, rev_comm[2]: 239.618, inte[1]: 139.789
[Rank 30] inte[0]: 205.685, comm[0]: 222.042, comm[1]: 1717.833, comm[2]: 222.088, force: 2812.779, rev_comm[0]: 213.174, rev_comm[1]: 1810.167, rev_comm[2]: 244.953, inte[1]: 140.836
[Rank 31] inte[0]: 206.492, comm[0]: 219.600, comm[1]: 1758.052, comm[2]: 221.859, force: 2811.094, rev_comm[0]: 212.869, rev_comm[1]: 1846.195, rev_comm[2]: 242.988, inte[1]: 140.482
[Rank 32] inte[0]: 205.231, comm[0]: 217.667, comm[1]: 1937.176, comm[2]: 219.064, force: 2818.296, rev_comm[0]: 208.677, rev_comm[1]: 1970.202, rev_comm[2]: 240.185, inte[1]: 140.789
[Rank 33] inte[0]: 205.738, comm[0]: 215.758, comm[1]: 1996.739, comm[2]: 218.048, force: 2750.049, rev_comm[0]: 210.160, rev_comm[1]: 2028.617, rev_comm[2]: 240.942, inte[1]: 138.747
[Rank 34] inte[0]: 205.262, comm[0]: 220.202, comm[1]: 1958.032, comm[2]: 220.592, force: 2854.898, rev_comm[0]: 210.644, rev_comm[1]: 2001.480, rev_comm[2]: 241.692, inte[1]: 141.133
[Rank 35] inte[0]: 206.053, comm[0]: 214.539, comm[1]: 1995.751, comm[2]: 214.797, force: 2744.140, rev_comm[0]: 206.880, rev_comm[1]: 2026.187, rev_comm[2]: 236.962, inte[1]: 139.071
[Rank 36] inte[0]: 204.102, comm[0]: 217.632, comm[1]: 1687.551, comm[2]: 219.242, force: 2815.280, rev_comm[0]: 210.336, rev_comm[1]: 1634.478, rev_comm[2]: 242.021, inte[1]: 140.944
[Rank 37] inte[0]: 206.305, comm[0]: 216.504, comm[1]: 1718.884, comm[2]: 218.599, force: 2809.496, rev_comm[0]: 211.016, rev_comm[1]: 1663.246, rev_comm[2]: 239.872, inte[1]: 140.449
[Rank 38] inte[0]: 206.602, comm[0]: 224.007, comm[1]: 1699.162, comm[2]: 225.376, force: 2784.528, rev_comm[0]: 217.880, rev_comm[1]: 1648.365, rev_comm[2]: 247.496, inte[1]: 140.733
[Rank 39] inte[0]: 206.419, comm[0]: 215.793, comm[1]: 1721.879, comm[2]: 215.775, force: 2756.787, rev_comm[0]: 208.674, rev_comm[1]: 1664.314, rev_comm[2]: 238.381, inte[1]: 139.197
[Rank 40] inte[0]: 205.112, comm[0]: 218.058, comm[1]: 1586.439, comm[2]: 219.533, force: 2871.399, rev_comm[0]: 208.280, rev_comm[1]: 1542.240, rev_comm[2]: 240.669, inte[1]: 141.673
[Rank 41] inte[0]: 204.221, comm[0]: 214.132, comm[1]: 1643.184, comm[2]: 218.285, force: 2794.266, rev_comm[0]: 207.842, rev_comm[1]: 1612.169, rev_comm[2]: 238.750, inte[1]: 139.689
[Rank 42] inte[0]: 207.360, comm[0]: 219.471, comm[1]: 1622.004, comm[2]: 221.171, force: 2796.199, rev_comm[0]: 212.343, rev_comm[1]: 1592.086, rev_comm[2]: 243.817, inte[1]: 140.087
[Rank 43] inte[0]: 206.901, comm[0]: 219.144, comm[1]: 1643.120, comm[2]: 221.144, force: 2823.316, rev_comm[0]: 210.098, rev_comm[1]: 1610.167, rev_comm[2]: 244.307, inte[1]: 140.810
[Rank 44] inte[0]: 205.175, comm[0]: 220.169, comm[1]: 1947.652, comm[2]: 219.700, force: 2750.858, rev_comm[0]: 212.909, rev_comm[1]: 1976.786, rev_comm[2]: 242.197, inte[1]: 139.473
[Rank 45] inte[0]: 204.488, comm[0]: 215.587, comm[1]: 2017.295, comm[2]: 218.470, force: 2817.189, rev_comm[0]: 207.448, rev_comm[1]: 2033.005, rev_comm[2]: 238.469, inte[1]: 140.296
[Rank 46] inte[0]: 206.440, comm[0]: 219.163, comm[1]: 1979.041, comm[2]: 219.810, force: 2743.044, rev_comm[0]: 213.318, rev_comm[1]: 1988.549, rev_comm[2]: 242.506, inte[1]: 138.674
[Rank 47] inte[0]: 205.076, comm[0]: 217.945, comm[1]: 2020.871, comm[2]: 219.429, force: 2766.128, rev_comm[0]: 211.096, rev_comm[1]: 2031.462, rev_comm[2]: 240.306, inte[1]: 139.448
[Rank 48] inte[0]: 205.677, comm[0]: 216.974, comm[1]: 1700.022, comm[2]: 218.900, force: 2794.820, rev_comm[0]: 210.120, rev_comm[1]: 1825.700, rev_comm[2]: 241.321, inte[1]: 140.257
[Rank 49] inte[0]: 205.797, comm[0]: 217.719, comm[1]: 1725.168, comm[2]: 218.906, force: 2820.970, rev_comm[0]: 209.802, rev_comm[1]: 1864.885, rev_comm[2]: 240.288, inte[1]: 139.958
[Rank 50] inte[0]: 206.484, comm[0]: 221.729, comm[1]: 1703.586, comm[2]: 222.808, force: 2814.481, rev_comm[0]: 215.197, rev_comm[1]: 1856.132, rev_comm[2]: 245.780, inte[1]: 140.597
[Rank 51] inte[0]: 205.339, comm[0]: 221.441, comm[1]: 1730.220, comm[2]: 222.148, force: 2823.679, rev_comm[0]: 214.417, rev_comm[1]: 1861.655, rev_comm[2]: 244.424, inte[1]: 140.582
[Rank 52] inte[0]: 205.736, comm[0]: 221.638, comm[1]: 1770.753, comm[2]: 220.536, force: 2813.953, rev_comm[0]: 212.596, rev_comm[1]: 1796.915, rev_comm[2]: 242.863, inte[1]: 140.970
[Rank 53] inte[0]: 206.707, comm[0]: 216.777, comm[1]: 1809.822, comm[2]: 218.719, force: 2810.939, rev_comm[0]: 210.403, rev_comm[1]: 1832.027, rev_comm[2]: 241.610, inte[1]: 140.216
[Rank 54] inte[0]: 203.917, comm[0]: 205.401, comm[1]: 1793.569, comm[2]: 204.793, force: 2789.516, rev_comm[0]: 198.325, rev_comm[1]: 1814.383, rev_comm[2]: 228.288, inte[1]: 138.847
[Rank 55] inte[0]: 204.734, comm[0]: 204.947, comm[1]: 1802.664, comm[2]: 203.326, force: 2829.027, rev_comm[0]: 198.345, rev_comm[1]: 1818.879, rev_comm[2]: 227.923, inte[1]: 139.650
[Rank 56] inte[0]: 204.686, comm[0]: 217.186, comm[1]: 1528.752, comm[2]: 219.204, force: 2830.351, rev_comm[0]: 207.319, rev_comm[1]: 1522.560, rev_comm[2]: 242.827, inte[1]: 140.792
[Rank 57] inte[0]: 204.884, comm[0]: 213.974, comm[1]: 1558.171, comm[2]: 216.387, force: 2737.985, rev_comm[0]: 207.295, rev_comm[1]: 1547.691, rev_comm[2]: 238.025, inte[1]: 138.479
[Rank 58] inte[0]: 204.982, comm[0]: 219.870, comm[1]: 1536.581, comm[2]: 220.776, force: 2878.399, rev_comm[0]: 210.422, rev_comm[1]: 1533.083, rev_comm[2]: 242.764, inte[1]: 141.910
[Rank 59] inte[0]: 206.524, comm[0]: 219.296, comm[1]: 1559.595, comm[2]: 219.718, force: 2757.041, rev_comm[0]: 211.130, rev_comm[1]: 1547.177, rev_comm[2]: 243.248, inte[1]: 139.132
[Rank 60] inte[0]: 205.855, comm[0]: 220.522, comm[1]: 1822.456, comm[2]: 220.441, force: 2768.436, rev_comm[0]: 212.947, rev_comm[1]: 1875.353, rev_comm[2]: 243.177, inte[1]: 140.050
[Rank 61] inte[0]: 206.909, comm[0]: 217.421, comm[1]: 1853.713, comm[2]: 218.882, force: 2753.842, rev_comm[0]: 211.964, rev_comm[1]: 1898.970, rev_comm[2]: 241.071, inte[1]: 138.885
[Rank 62] inte[0]: 205.090, comm[0]: 220.610, comm[1]: 1844.263, comm[2]: 223.026, force: 2814.463, rev_comm[0]: 211.819, rev_comm[1]: 1887.906, rev_comm[2]: 244.091, inte[1]: 140.336
[Rank 63] inte[0]: 205.294, comm[0]: 216.114, comm[1]: 1859.272, comm[2]: 217.194, force: 2753.820, rev_comm[0]: 209.190, rev_comm[1]: 1898.413, rev_comm[2]: 238.731, inte[1]: 139.187
[Max rank 47] inte[0]: 205.076, comm[0]: 217.945, comm[1]: 2020.871, comm[2]: 219.429, force: 2766.128, rev_comm[0]: 211.096, rev_comm[1]: 2031.462, rev_comm[2]: 240.306, inte[1]: 139.448


# Performance Summary:
# MPI_proc OMP_threads nsteps natoms t_total t_force t_neigh t_comm t_other performance perf/thread grep_string t_extra
64 1 100 67108864 0.962445 0.282993 0.000000 0.642649 0.036803 6972745261.403518 108949144.709430 PERF_SUMMARY 0.000000


