[Rank 53] xlo: 322.482469, xhi: 429.976625, ylo: 107.494156, yhi: 214.988312, zlo: 107.494156, zhi: 214.988312
[Rank 52] xlo: 322.482469, xhi: 429.976625, ylo: 107.494156, yhi: 214.988312, zlo: 0.000000, zhi: 107.494156
[Rank 55] xlo: 322.482469, xhi: 429.976625, ylo: 107.494156, yhi: 214.988312, zlo: 322.482469, zhi: 429.976625
[Rank 26] xlo: 107.494156, xhi: 214.988312, ylo: 214.988312, yhi: 322.482469, zlo: 214.988312, zhi: 322.482469
[Rank 27] xlo: 107.494156, xhi: 214.988312, ylo: 214.988312, yhi: 322.482469, zlo: 322.482469, zhi: 429.976625
[Rank 54] xlo: 322.482469, xhi: 429.976625, ylo: 107.494156, yhi: 214.988312, zlo: 214.988312, zhi: 322.482469
[Rank 42] xlo: 214.988312, xhi: 322.482469, ylo: 214.988312, yhi: 322.482469, zlo: 214.988312, zhi: 322.482469
[Rank 44] xlo: 214.988312, xhi: 322.482469, ylo: 322.482469, yhi: 429.976625, zlo: 0.000000, zhi: 107.494156
[Rank 41] xlo: 214.988312, xhi: 322.482469, ylo: 214.988312, yhi: 322.482469, zlo: 107.494156, zhi: 214.988312
[Rank 49] xlo: 322.482469, xhi: 429.976625, ylo: 0.000000, yhi: 107.494156, zlo: 107.494156, zhi: 214.988312
[Rank 48] xlo: 322.482469, xhi: 429.976625, ylo: 0.000000, yhi: 107.494156, zlo: 0.000000, zhi: 107.494156
[Rank 25] xlo: 107.494156, xhi: 214.988312, ylo: 214.988312, yhi: 322.482469, zlo: 107.494156, zhi: 214.988312
[Rank 24] xlo: 107.494156, xhi: 214.988312, ylo: 214.988312, yhi: 322.482469, zlo: 0.000000, zhi: 107.494156
[Rank 47] xlo: 214.988312, xhi: 322.482469, ylo: 322.482469, yhi: 429.976625, zlo: 322.482469, zhi: 429.976625
[Rank 45] xlo: 214.988312, xhi: 322.482469, ylo: 322.482469, yhi: 429.976625, zlo: 107.494156, zhi: 214.988312
[Rank 32] xlo: 214.988312, xhi: 322.482469, ylo: 0.000000, yhi: 107.494156, zlo: 0.000000, zhi: 107.494156
[Rank 35] xlo: 214.988312, xhi: 322.482469, ylo: 0.000000, yhi: 107.494156, zlo: 322.482469, zhi: 429.976625
[Rank 5] xlo: 0.000000, xhi: 107.494156, ylo: 107.494156, yhi: 214.988312, zlo: 107.494156, zhi: 214.988312
[Rank 4] xlo: 0.000000, xhi: 107.494156, ylo: 107.494156, yhi: 214.988312, zlo: 0.000000, zhi: 107.494156
[Rank 20] xlo: 107.494156, xhi: 214.988312, ylo: 107.494156, yhi: 214.988312, zlo: 0.000000, zhi: 107.494156
[Rank 34] xlo: 214.988312, xhi: 322.482469, ylo: 0.000000, yhi: 107.494156, zlo: 214.988312, zhi: 322.482469
[Rank 40] xlo: 214.988312, xhi: 322.482469, ylo: 214.988312, yhi: 322.482469, zlo: 0.000000, zhi: 107.494156
[Rank 14] xlo: 0.000000, xhi: 107.494156, ylo: 322.482469, yhi: 429.976625, zlo: 214.988312, zhi: 322.482469
[Rank 43] xlo: 214.988312, xhi: 322.482469, ylo: 214.988312, yhi: 322.482469, zlo: 322.482469, zhi: 429.976625
[Rank 15] xlo: 0.000000, xhi: 107.494156, ylo: 322.482469, yhi: 429.976625, zlo: 322.482469, zhi: 429.976625
[Rank 50] xlo: 322.482469, xhi: 429.976625, ylo: 0.000000, yhi: 107.494156, zlo: 214.988312, zhi: 322.482469
[Rank 51] xlo: 322.482469, xhi: 429.976625, ylo: 0.000000, yhi: 107.494156, zlo: 322.482469, zhi: 429.976625
[Rank 46] xlo: 214.988312, xhi: 322.482469, ylo: 322.482469, yhi: 429.976625, zlo: 214.988312, zhi: 322.482469
[Rank 33] xlo: 214.988312, xhi: 322.482469, ylo: 0.000000, yhi: 107.494156, zlo: 107.494156, zhi: 214.988312
[Rank 56] xlo: 322.482469, xhi: 429.976625, ylo: 214.988312, yhi: 322.482469, zlo: 0.000000, zhi: 107.494156
[Rank 6] xlo: 0.000000, xhi: 107.494156, ylo: 107.494156, yhi: 214.988312, zlo: 214.988312, zhi: 322.482469
[Rank 7] xlo: 0.000000, xhi: 107.494156, ylo: 107.494156, yhi: 214.988312, zlo: 322.482469, zhi: 429.976625
[Rank 16] xlo: 107.494156, xhi: 214.988312, ylo: 0.000000, yhi: 107.494156, zlo: 0.000000, zhi: 107.494156
[Rank 63] xlo: 322.482469, xhi: 429.976625, ylo: 322.482469, yhi: 429.976625, zlo: 322.482469, zhi: 429.976625
[Rank 60] xlo: 322.482469, xhi: 429.976625, ylo: 322.482469, yhi: 429.976625, zlo: 0.000000, zhi: 107.494156
[Rank 12] xlo: 0.000000, xhi: 107.494156, ylo: 322.482469, yhi: 429.976625, zlo: 0.000000, zhi: 107.494156
[Rank 13] xlo: 0.000000, xhi: 107.494156, ylo: 322.482469, yhi: 429.976625, zlo: 107.494156, zhi: 214.988312
[Rank 19] xlo: 107.494156, xhi: 214.988312, ylo: 0.000000, yhi: 107.494156, zlo: 322.482469, zhi: 429.976625
[Rank 17] xlo: 107.494156, xhi: 214.988312, ylo: 0.000000, yhi: 107.494156, zlo: 107.494156, zhi: 214.988312
[Rank 23] xlo: 107.494156, xhi: 214.988312, ylo: 107.494156, yhi: 214.988312, zlo: 322.482469, zhi: 429.976625
[Rank 22] xlo: 107.494156, xhi: 214.988312, ylo: 107.494156, yhi: 214.988312, zlo: 214.988312, zhi: 322.482469
[Rank 21] xlo: 107.494156, xhi: 214.988312, ylo: 107.494156, yhi: 214.988312, zlo: 107.494156, zhi: 214.988312
[Rank 18] xlo: 107.494156, xhi: 214.988312, ylo: 0.000000, yhi: 107.494156, zlo: 214.988312, zhi: 322.482469
[Rank 62] xlo: 322.482469, xhi: 429.976625, ylo: 322.482469, yhi: 429.976625, zlo: 214.988312, zhi: 322.482469
[Rank 61] xlo: 322.482469, xhi: 429.976625, ylo: 322.482469, yhi: 429.976625, zlo: 107.494156, zhi: 214.988312
[Rank 59] xlo: 322.482469, xhi: 429.976625, ylo: 214.988312, yhi: 322.482469, zlo: 322.482469, zhi: 429.976625
[Rank 31] xlo: 107.494156, xhi: 214.988312, ylo: 322.482469, yhi: 429.976625, zlo: 322.482469, zhi: 429.976625
[Rank 28] xlo: 107.494156, xhi: 214.988312, ylo: 322.482469, yhi: 429.976625, zlo: 0.000000, zhi: 107.494156
[Rank 30] xlo: 107.494156, xhi: 214.988312, ylo: 322.482469, yhi: 429.976625, zlo: 214.988312, zhi: 322.482469
[Rank 58] xlo: 322.482469, xhi: 429.976625, ylo: 214.988312, yhi: 322.482469, zlo: 214.988312, zhi: 322.482469
[Rank 57] xlo: 322.482469, xhi: 429.976625, ylo: 214.988312, yhi: 322.482469, zlo: 107.494156, zhi: 214.988312
[Rank 29] xlo: 107.494156, xhi: 214.988312, ylo: 322.482469, yhi: 429.976625, zlo: 107.494156, zhi: 214.988312
[Rank 3] xlo: 0.000000, xhi: 107.494156, ylo: 0.000000, yhi: 107.494156, zlo: 322.482469, zhi: 429.976625
[Rank 2] xlo: 0.000000, xhi: 107.494156, ylo: 0.000000, yhi: 107.494156, zlo: 214.988312, zhi: 322.482469
# Create System:
[Rank 0] xlo: 0.000000, xhi: 107.494156, ylo: 0.000000, yhi: 107.494156, zlo: 0.000000, zhi: 107.494156
# Done .... 
# miniMD-Reference 1.2 (MPI+OpenMP) output ...
# Run Settings: 
	# MPI processes: 64
	# Host Threads: 1
	# Inputfile: in.lj.miniMD
	# Datafile: None
# Physics Settings: 
	# ForceStyle: LJ
	# Force Parameters: 1.00 1.00
	# Units: LJ
	# Atoms: 67108864
	# Atom types: 8
	# System size: 429.98 429.98 429.98 (unit cells: 256 256 256)
	# Density: 0.844200
	# Force cutoff: 2.500000
	# Timestep size: 0.005000
# Technical Settings: 
	# Neigh cutoff: 2.800000
	# Half neighborlists: 1
	# Team neighborlist construction: 0
	# Neighbor bins: 153 153 153
	# Neighbor frequency: 1000
	# Sorting frequency: 1000
	# Thermo frequency: 100
	# Ghost Newton: 1
	# Use intrinsics: 0
	# Do safe exchange: 0
	# Size of float: 8

[Rank 1] xlo: 0.000000, xhi: 107.494156, ylo: 0.000000, yhi: 107.494156, zlo: 107.494156, zhi: 214.988312
[Rank 36] xlo: 214.988312, xhi: 322.482469, ylo: 107.494156, yhi: 214.988312, zlo: 0.000000, zhi: 107.494156
[Rank 39] xlo: 214.988312, xhi: 322.482469, ylo: 107.494156, yhi: 214.988312, zlo: 322.482469, zhi: 429.976625
[Rank 37] xlo: 214.988312, xhi: 322.482469, ylo: 107.494156, yhi: 214.988312, zlo: 107.494156, zhi: 214.988312
[Rank 38] xlo: 214.988312, xhi: 322.482469, ylo: 107.494156, yhi: 214.988312, zlo: 214.988312, zhi: 322.482469
[Rank 10] xlo: 0.000000, xhi: 107.494156, ylo: 214.988312, yhi: 322.482469, zlo: 214.988312, zhi: 322.482469
[Rank 11] xlo: 0.000000, xhi: 107.494156, ylo: 214.988312, yhi: 322.482469, zlo: 322.482469, zhi: 429.976625
[Rank 9] xlo: 0.000000, xhi: 107.494156, ylo: 214.988312, yhi: 322.482469, zlo: 107.494156, zhi: 214.988312
[Rank 8] xlo: 0.000000, xhi: 107.494156, ylo: 214.988312, yhi: 322.482469, zlo: 0.000000, zhi: 107.494156
# Starting dynamics ...
# Timestep T U P Time
0 1.440000e+00 -6.773368e+00 -5.019669e+00  0.000
100 8.112874e-01 -5.836199e+00 3.658783e-02  0.943
[Atom] pack_comm: 600, unpack_comm: 600, pack_comm_self: 0, pack_reverse: 606, unpack_reverse: 606
[Rank 0] inte[0]: 206.070, comm[0]: 218.376, comm[1]: 1748.695, comm[2]: 219.594, force: 3046.559, rev_comm[0]: 211.312, rev_comm[1]: 1871.590, rev_comm[2]: 242.987, inte[1]: 143.458
[Rank 1] inte[0]: 204.577, comm[0]: 218.463, comm[1]: 1808.086, comm[2]: 219.573, force: 3016.528, rev_comm[0]: 211.417, rev_comm[1]: 1929.261, rev_comm[2]: 241.802, inte[1]: 142.772
[Rank 2] inte[0]: 206.257, comm[0]: 222.897, comm[1]: 1779.129, comm[2]: 222.406, force: 3031.880, rev_comm[0]: 215.121, rev_comm[1]: 1901.385, rev_comm[2]: 245.656, inte[1]: 143.733
[Rank 3] inte[0]: 205.602, comm[0]: 220.167, comm[1]: 1810.006, comm[2]: 219.965, force: 3029.607, rev_comm[0]: 212.836, rev_comm[1]: 1933.646, rev_comm[2]: 242.801, inte[1]: 143.506
[Rank 4] inte[0]: 204.043, comm[0]: 208.474, comm[1]: 1722.557, comm[2]: 209.654, force: 3008.141, rev_comm[0]: 203.336, rev_comm[1]: 1814.049, rev_comm[2]: 234.915, inte[1]: 142.435
[Rank 5] inte[0]: 204.596, comm[0]: 203.839, comm[1]: 1770.857, comm[2]: 203.620, force: 2999.874, rev_comm[0]: 198.788, rev_comm[1]: 1870.191, rev_comm[2]: 227.154, inte[1]: 142.411
[Rank 6] inte[0]: 206.794, comm[0]: 223.369, comm[1]: 1746.530, comm[2]: 223.520, force: 3049.248, rev_comm[0]: 215.591, rev_comm[1]: 1835.327, rev_comm[2]: 246.693, inte[1]: 144.307
[Rank 7] inte[0]: 205.694, comm[0]: 221.527, comm[1]: 1776.448, comm[2]: 221.673, force: 3028.630, rev_comm[0]: 214.242, rev_comm[1]: 1874.243, rev_comm[2]: 243.931, inte[1]: 143.690
[Rank 8] inte[0]: 206.236, comm[0]: 219.270, comm[1]: 1493.498, comm[2]: 221.319, force: 3000.815, rev_comm[0]: 212.415, rev_comm[1]: 1573.505, rev_comm[2]: 244.057, inte[1]: 143.310
[Rank 9] inte[0]: 206.649, comm[0]: 220.092, comm[1]: 1546.768, comm[2]: 221.640, force: 3007.372, rev_comm[0]: 213.340, rev_comm[1]: 1623.578, rev_comm[2]: 242.877, inte[1]: 142.721
[Rank 10] inte[0]: 205.608, comm[0]: 225.104, comm[1]: 1539.166, comm[2]: 225.041, force: 3046.689, rev_comm[0]: 216.896, rev_comm[1]: 1616.064, rev_comm[2]: 248.225, inte[1]: 143.994
[Rank 11] inte[0]: 205.636, comm[0]: 224.353, comm[1]: 1544.004, comm[2]: 224.353, force: 3007.852, rev_comm[0]: 216.155, rev_comm[1]: 1619.870, rev_comm[2]: 246.290, inte[1]: 143.233
[Rank 12] inte[0]: 205.283, comm[0]: 218.289, comm[1]: 1718.905, comm[2]: 219.807, force: 3032.404, rev_comm[0]: 210.571, rev_comm[1]: 1830.836, rev_comm[2]: 241.530, inte[1]: 143.011
[Rank 13] inte[0]: 206.432, comm[0]: 218.753, comm[1]: 1772.007, comm[2]: 220.190, force: 3036.285, rev_comm[0]: 211.911, rev_comm[1]: 1895.434, rev_comm[2]: 242.164, inte[1]: 143.096
[Rank 14] inte[0]: 203.921, comm[0]: 207.140, comm[1]: 1737.713, comm[2]: 206.667, force: 3031.274, rev_comm[0]: 201.219, rev_comm[1]: 1857.748, rev_comm[2]: 230.462, inte[1]: 142.559
[Rank 15] inte[0]: 204.571, comm[0]: 208.744, comm[1]: 1766.347, comm[2]: 206.097, force: 3015.851, rev_comm[0]: 201.160, rev_comm[1]: 1888.963, rev_comm[2]: 228.203, inte[1]: 141.895
[Rank 16] inte[0]: 206.540, comm[0]: 224.421, comm[1]: 1695.541, comm[2]: 225.039, force: 3003.679, rev_comm[0]: 215.470, rev_comm[1]: 1642.453, rev_comm[2]: 247.763, inte[1]: 143.551
[Rank 17] inte[0]: 204.967, comm[0]: 220.652, comm[1]: 1727.443, comm[2]: 221.347, force: 3001.687, rev_comm[0]: 213.339, rev_comm[1]: 1681.173, rev_comm[2]: 242.692, inte[1]: 143.044
[Rank 18] inte[0]: 206.381, comm[0]: 222.395, comm[1]: 1687.141, comm[2]: 222.030, force: 3050.074, rev_comm[0]: 214.695, rev_comm[1]: 1654.115, rev_comm[2]: 245.475, inte[1]: 144.014
[Rank 19] inte[0]: 204.847, comm[0]: 221.061, comm[1]: 1730.163, comm[2]: 218.458, force: 3024.062, rev_comm[0]: 212.896, rev_comm[1]: 1686.497, rev_comm[2]: 242.207, inte[1]: 142.816
[Rank 20] inte[0]: 205.209, comm[0]: 224.307, comm[1]: 1818.259, comm[2]: 224.719, force: 3037.682, rev_comm[0]: 216.369, rev_comm[1]: 1829.886, rev_comm[2]: 246.974, inte[1]: 143.457
[Rank 21] inte[0]: 205.957, comm[0]: 220.260, comm[1]: 1877.185, comm[2]: 222.389, force: 2997.961, rev_comm[0]: 214.041, rev_comm[1]: 1881.260, rev_comm[2]: 244.689, inte[1]: 143.207
[Rank 22] inte[0]: 205.976, comm[0]: 223.411, comm[1]: 1857.239, comm[2]: 224.578, force: 3024.914, rev_comm[0]: 216.108, rev_comm[1]: 1868.335, rev_comm[2]: 246.445, inte[1]: 144.317
[Rank 23] inte[0]: 205.684, comm[0]: 222.892, comm[1]: 1878.777, comm[2]: 223.471, force: 3028.307, rev_comm[0]: 215.685, rev_comm[1]: 1880.905, rev_comm[2]: 245.522, inte[1]: 142.908
[Rank 24] inte[0]: 206.361, comm[0]: 219.085, comm[1]: 1611.422, comm[2]: 221.194, force: 3009.928, rev_comm[0]: 211.794, rev_comm[1]: 1711.812, rev_comm[2]: 243.056, inte[1]: 143.671
[Rank 25] inte[0]: 204.953, comm[0]: 220.131, comm[1]: 1642.068, comm[2]: 221.381, force: 3014.948, rev_comm[0]: 212.699, rev_comm[1]: 1744.629, rev_comm[2]: 242.737, inte[1]: 142.301
[Rank 26] inte[0]: 204.493, comm[0]: 205.895, comm[1]: 1627.033, comm[2]: 206.214, force: 3000.046, rev_comm[0]: 200.228, rev_comm[1]: 1727.346, rev_comm[2]: 229.501, inte[1]: 141.707
[Rank 27] inte[0]: 204.374, comm[0]: 206.707, comm[1]: 1633.103, comm[2]: 205.622, force: 3011.100, rev_comm[0]: 201.258, rev_comm[1]: 1736.659, rev_comm[2]: 229.149, inte[1]: 142.297
[Rank 28] inte[0]: 205.263, comm[0]: 223.088, comm[1]: 1641.609, comm[2]: 222.367, force: 3034.374, rev_comm[0]: 215.096, rev_comm[1]: 1756.933, rev_comm[2]: 244.781, inte[1]: 142.805
[Rank 29] inte[0]: 205.046, comm[0]: 220.186, comm[1]: 1680.248, comm[2]: 221.804, force: 2999.219, rev_comm[0]: 212.839, rev_comm[1]: 1806.996, rev_comm[2]: 243.406, inte[1]: 142.876
[Rank 30] inte[0]: 205.131, comm[0]: 223.993, comm[1]: 1653.228, comm[2]: 224.639, force: 3035.271, rev_comm[0]: 216.534, rev_comm[1]: 1773.223, rev_comm[2]: 246.261, inte[1]: 143.695
[Rank 31] inte[0]: 205.099, comm[0]: 222.974, comm[1]: 1680.339, comm[2]: 222.820, force: 3033.110, rev_comm[0]: 215.423, rev_comm[1]: 1803.789, rev_comm[2]: 245.333, inte[1]: 142.999
[Rank 32] inte[0]: 206.520, comm[0]: 220.604, comm[1]: 1935.667, comm[2]: 221.730, force: 3016.290, rev_comm[0]: 212.388, rev_comm[1]: 1931.694, rev_comm[2]: 245.426, inte[1]: 143.400
[Rank 33] inte[0]: 206.643, comm[0]: 220.961, comm[1]: 1943.138, comm[2]: 221.134, force: 3033.390, rev_comm[0]: 213.604, rev_comm[1]: 1933.105, rev_comm[2]: 243.640, inte[1]: 143.884
[Rank 34] inte[0]: 205.968, comm[0]: 223.290, comm[1]: 1893.247, comm[2]: 220.938, force: 3038.054, rev_comm[0]: 215.162, rev_comm[1]: 1903.619, rev_comm[2]: 245.121, inte[1]: 143.627
[Rank 35] inte[0]: 204.847, comm[0]: 218.805, comm[1]: 1958.230, comm[2]: 218.601, force: 2998.602, rev_comm[0]: 212.447, rev_comm[1]: 1952.584, rev_comm[2]: 241.374, inte[1]: 142.668
[Rank 36] inte[0]: 205.236, comm[0]: 219.501, comm[1]: 1644.809, comm[2]: 221.309, force: 3001.580, rev_comm[0]: 212.383, rev_comm[1]: 1608.071, rev_comm[2]: 244.184, inte[1]: 142.425
[Rank 37] inte[0]: 205.266, comm[0]: 218.855, comm[1]: 1686.767, comm[2]: 220.133, force: 3002.522, rev_comm[0]: 212.965, rev_comm[1]: 1640.572, rev_comm[2]: 242.761, inte[1]: 143.116
[Rank 38] inte[0]: 205.622, comm[0]: 223.855, comm[1]: 1683.724, comm[2]: 224.592, force: 3010.482, rev_comm[0]: 215.683, rev_comm[1]: 1641.094, rev_comm[2]: 247.915, inte[1]: 143.620
[Rank 39] inte[0]: 206.112, comm[0]: 219.400, comm[1]: 1685.932, comm[2]: 219.651, force: 3001.605, rev_comm[0]: 211.191, rev_comm[1]: 1638.667, rev_comm[2]: 243.382, inte[1]: 142.456
[Rank 40] inte[0]: 205.749, comm[0]: 219.239, comm[1]: 1579.227, comm[2]: 220.297, force: 3043.660, rev_comm[0]: 211.244, rev_comm[1]: 1602.684, rev_comm[2]: 242.320, inte[1]: 143.353
[Rank 41] inte[0]: 205.338, comm[0]: 219.850, comm[1]: 1618.271, comm[2]: 221.319, force: 3023.423, rev_comm[0]: 211.808, rev_comm[1]: 1638.666, rev_comm[2]: 244.540, inte[1]: 143.183
[Rank 42] inte[0]: 206.992, comm[0]: 222.291, comm[1]: 1607.592, comm[2]: 224.828, force: 3009.277, rev_comm[0]: 214.468, rev_comm[1]: 1633.090, rev_comm[2]: 245.441, inte[1]: 143.144
[Rank 43] inte[0]: 206.206, comm[0]: 222.639, comm[1]: 1618.039, comm[2]: 223.125, force: 3039.272, rev_comm[0]: 213.875, rev_comm[1]: 1641.871, rev_comm[2]: 246.516, inte[1]: 143.782
[Rank 44] inte[0]: 205.674, comm[0]: 219.470, comm[1]: 1908.409, comm[2]: 220.353, force: 3028.346, rev_comm[0]: 210.978, rev_comm[1]: 1938.564, rev_comm[2]: 243.240, inte[1]: 143.338
[Rank 45] inte[0]: 206.197, comm[0]: 219.323, comm[1]: 1941.033, comm[2]: 220.441, force: 2994.704, rev_comm[0]: 212.366, rev_comm[1]: 1963.256, rev_comm[2]: 241.861, inte[1]: 142.978
[Rank 46] inte[0]: 206.471, comm[0]: 223.190, comm[1]: 1924.583, comm[2]: 223.705, force: 3029.778, rev_comm[0]: 214.962, rev_comm[1]: 1954.437, rev_comm[2]: 245.638, inte[1]: 143.995
[Rank 47] inte[0]: 205.706, comm[0]: 222.767, comm[1]: 1950.995, comm[2]: 221.577, force: 2999.150, rev_comm[0]: 214.080, rev_comm[1]: 1969.640, rev_comm[2]: 245.281, inte[1]: 143.281
[Rank 48] inte[0]: 205.790, comm[0]: 220.557, comm[1]: 1642.260, comm[2]: 221.780, force: 3022.579, rev_comm[0]: 213.148, rev_comm[1]: 1774.273, rev_comm[2]: 244.626, inte[1]: 143.082
[Rank 49] inte[0]: 204.625, comm[0]: 218.387, comm[1]: 1668.739, comm[2]: 219.054, force: 3031.135, rev_comm[0]: 211.598, rev_comm[1]: 1802.496, rev_comm[2]: 242.472, inte[1]: 142.675
[Rank 50] inte[0]: 205.596, comm[0]: 221.419, comm[1]: 1654.564, comm[2]: 222.374, force: 3028.719, rev_comm[0]: 214.500, rev_comm[1]: 1786.978, rev_comm[2]: 245.142, inte[1]: 144.056
[Rank 51] inte[0]: 205.268, comm[0]: 220.481, comm[1]: 1680.018, comm[2]: 220.392, force: 3026.387, rev_comm[0]: 212.896, rev_comm[1]: 1809.079, rev_comm[2]: 243.891, inte[1]: 143.296
[Rank 52] inte[0]: 205.652, comm[0]: 220.659, comm[1]: 1796.531, comm[2]: 221.405, force: 3028.825, rev_comm[0]: 212.204, rev_comm[1]: 1813.993, rev_comm[2]: 244.487, inte[1]: 142.476
[Rank 53] inte[0]: 205.558, comm[0]: 220.737, comm[1]: 1806.174, comm[2]: 221.974, force: 3020.803, rev_comm[0]: 213.070, rev_comm[1]: 1825.855, rev_comm[2]: 243.948, inte[1]: 143.736
[Rank 54] inte[0]: 205.241, comm[0]: 206.973, comm[1]: 1780.015, comm[2]: 207.228, force: 3015.569, rev_comm[0]: 200.959, rev_comm[1]: 1805.712, rev_comm[2]: 231.000, inte[1]: 142.395
[Rank 55] inte[0]: 203.434, comm[0]: 208.307, comm[1]: 1810.163, comm[2]: 207.184, force: 3037.608, rev_comm[0]: 202.046, rev_comm[1]: 1828.577, rev_comm[2]: 229.838, inte[1]: 142.702
[Rank 56] inte[0]: 204.851, comm[0]: 219.262, comm[1]: 1437.781, comm[2]: 218.817, force: 3031.693, rev_comm[0]: 211.209, rev_comm[1]: 1464.565, rev_comm[2]: 241.987, inte[1]: 143.115
[Rank 57] inte[0]: 206.391, comm[0]: 217.972, comm[1]: 1493.043, comm[2]: 218.893, force: 2997.700, rev_comm[0]: 211.105, rev_comm[1]: 1508.551, rev_comm[2]: 242.124, inte[1]: 142.244
[Rank 58] inte[0]: 205.579, comm[0]: 224.590, comm[1]: 1483.482, comm[2]: 224.297, force: 3035.103, rev_comm[0]: 215.494, rev_comm[1]: 1499.058, rev_comm[2]: 245.740, inte[1]: 143.531
[Rank 59] inte[0]: 206.404, comm[0]: 222.654, comm[1]: 1491.303, comm[2]: 222.752, force: 3025.085, rev_comm[0]: 214.910, rev_comm[1]: 1507.017, rev_comm[2]: 244.715, inte[1]: 143.716
[Rank 60] inte[0]: 206.400, comm[0]: 223.650, comm[1]: 1747.180, comm[2]: 222.123, force: 3053.655, rev_comm[0]: 215.481, rev_comm[1]: 1781.729, rev_comm[2]: 246.355, inte[1]: 143.884
[Rank 61] inte[0]: 205.351, comm[0]: 220.053, comm[1]: 1813.545, comm[2]: 219.778, force: 3005.648, rev_comm[0]: 212.686, rev_comm[1]: 1839.787, rev_comm[2]: 242.607, inte[1]: 143.313
[Rank 62] inte[0]: 205.860, comm[0]: 223.908, comm[1]: 1791.910, comm[2]: 223.808, force: 3013.589, rev_comm[0]: 215.191, rev_comm[1]: 1828.620, rev_comm[2]: 247.618, inte[1]: 144.559
[Rank 63] inte[0]: 206.960, comm[0]: 218.743, comm[1]: 1814.829, comm[2]: 219.815, force: 3013.244, rev_comm[0]: 212.490, rev_comm[1]: 1837.863, rev_comm[2]: 242.241, inte[1]: 142.865
[Max rank 35] inte[0]: 204.847, comm[0]: 218.805, comm[1]: 1958.230, comm[2]: 218.601, force: 2998.602, rev_comm[0]: 212.447, rev_comm[1]: 1952.584, rev_comm[2]: 241.374, inte[1]: 142.668


# Performance Summary:
# MPI_proc OMP_threads nsteps natoms t_total t_force t_neigh t_comm t_other performance perf/thread grep_string t_extra
64 1 100 67108864 0.943579 0.304719 0.000000 0.601445 0.037414 7112165254.078879 111127582.094982 PERF_SUMMARY 0.000000


