[Rank 12] xlo: 0.000000, xhi: 107.494156, ylo: 322.482469, yhi: 429.976625, zlo: 0.000000, zhi: 107.494156
[Rank 27] xlo: 107.494156, xhi: 214.988312, ylo: 214.988312, yhi: 322.482469, zlo: 322.482469, zhi: 429.976625
[Rank 26] xlo: 107.494156, xhi: 214.988312, ylo: 214.988312, yhi: 322.482469, zlo: 214.988312, zhi: 322.482469
[Rank 15] xlo: 0.000000, xhi: 107.494156, ylo: 322.482469, yhi: 429.976625, zlo: 322.482469, zhi: 429.976625
[Rank 5] xlo: 0.000000, xhi: 107.494156, ylo: 107.494156, yhi: 214.988312, zlo: 107.494156, zhi: 214.988312
[Rank 4] xlo: 0.000000, xhi: 107.494156, ylo: 107.494156, yhi: 214.988312, zlo: 0.000000, zhi: 107.494156
[Rank 23] xlo: 107.494156, xhi: 214.988312, ylo: 107.494156, yhi: 214.988312, zlo: 322.482469, zhi: 429.976625
[Rank 22] xlo: 107.494156, xhi: 214.988312, ylo: 107.494156, yhi: 214.988312, zlo: 214.988312, zhi: 322.482469
[Rank 24] xlo: 107.494156, xhi: 214.988312, ylo: 214.988312, yhi: 322.482469, zlo: 0.000000, zhi: 107.494156
[Rank 25] xlo: 107.494156, xhi: 214.988312, ylo: 214.988312, yhi: 322.482469, zlo: 107.494156, zhi: 214.988312
[Rank 14] xlo: 0.000000, xhi: 107.494156, ylo: 322.482469, yhi: 429.976625, zlo: 214.988312, zhi: 322.482469
[Rank 13] xlo: 0.000000, xhi: 107.494156, ylo: 322.482469, yhi: 429.976625, zlo: 107.494156, zhi: 214.988312
[Rank 6] xlo: 0.000000, xhi: 107.494156, ylo: 107.494156, yhi: 214.988312, zlo: 214.988312, zhi: 322.482469
[Rank 7] xlo: 0.000000, xhi: 107.494156, ylo: 107.494156, yhi: 214.988312, zlo: 322.482469, zhi: 429.976625
[Rank 20] xlo: 107.494156, xhi: 214.988312, ylo: 107.494156, yhi: 214.988312, zlo: 0.000000, zhi: 107.494156
[Rank 21] xlo: 107.494156, xhi: 214.988312, ylo: 107.494156, yhi: 214.988312, zlo: 107.494156, zhi: 214.988312
[Rank 41] xlo: 214.988312, xhi: 322.482469, ylo: 214.988312, yhi: 322.482469, zlo: 107.494156, zhi: 214.988312
[Rank 40] xlo: 214.988312, xhi: 322.482469, ylo: 214.988312, yhi: 322.482469, zlo: 0.000000, zhi: 107.494156
[Rank 16] xlo: 107.494156, xhi: 214.988312, ylo: 0.000000, yhi: 107.494156, zlo: 0.000000, zhi: 107.494156
[Rank 19] xlo: 107.494156, xhi: 214.988312, ylo: 0.000000, yhi: 107.494156, zlo: 322.482469, zhi: 429.976625
[Rank 47] xlo: 214.988312, xhi: 322.482469, ylo: 322.482469, yhi: 429.976625, zlo: 322.482469, zhi: 429.976625
[Rank 55] xlo: 322.482469, xhi: 429.976625, ylo: 107.494156, yhi: 214.988312, zlo: 322.482469, zhi: 429.976625
[Rank 44] xlo: 214.988312, xhi: 322.482469, ylo: 322.482469, yhi: 429.976625, zlo: 0.000000, zhi: 107.494156
[Rank 52] xlo: 322.482469, xhi: 429.976625, ylo: 107.494156, yhi: 214.988312, zlo: 0.000000, zhi: 107.494156
[Rank 54] xlo: 322.482469, xhi: 429.976625, ylo: 107.494156, yhi: 214.988312, zlo: 214.988312, zhi: 322.482469
[Rank 48] xlo: 322.482469, xhi: 429.976625, ylo: 0.000000, yhi: 107.494156, zlo: 0.000000, zhi: 107.494156
[Rank 51] xlo: 322.482469, xhi: 429.976625, ylo: 0.000000, yhi: 107.494156, zlo: 322.482469, zhi: 429.976625
[Rank 37] xlo: 214.988312, xhi: 322.482469, ylo: 107.494156, yhi: 214.988312, zlo: 107.494156, zhi: 214.988312
[Rank 36] xlo: 214.988312, xhi: 322.482469, ylo: 107.494156, yhi: 214.988312, zlo: 0.000000, zhi: 107.494156
[Rank 50] xlo: 322.482469, xhi: 429.976625, ylo: 0.000000, yhi: 107.494156, zlo: 214.988312, zhi: 322.482469
[Rank 10] xlo: 0.000000, xhi: 107.494156, ylo: 214.988312, yhi: 322.482469, zlo: 214.988312, zhi: 322.482469
[Rank 42] xlo: 214.988312, xhi: 322.482469, ylo: 214.988312, yhi: 322.482469, zlo: 214.988312, zhi: 322.482469
[Rank 43] xlo: 214.988312, xhi: 322.482469, ylo: 214.988312, yhi: 322.482469, zlo: 322.482469, zhi: 429.976625
[Rank 57] xlo: 322.482469, xhi: 429.976625, ylo: 214.988312, yhi: 322.482469, zlo: 107.494156, zhi: 214.988312
[Rank 56] xlo: 322.482469, xhi: 429.976625, ylo: 214.988312, yhi: 322.482469, zlo: 0.000000, zhi: 107.494156
[Rank 60] xlo: 322.482469, xhi: 429.976625, ylo: 322.482469, yhi: 429.976625, zlo: 0.000000, zhi: 107.494156
[Rank 53] xlo: 322.482469, xhi: 429.976625, ylo: 107.494156, yhi: 214.988312, zlo: 107.494156, zhi: 214.988312
[Rank 17] xlo: 107.494156, xhi: 214.988312, ylo: 0.000000, yhi: 107.494156, zlo: 107.494156, zhi: 214.988312
[Rank 18] xlo: 107.494156, xhi: 214.988312, ylo: 0.000000, yhi: 107.494156, zlo: 214.988312, zhi: 322.482469
[Rank 32] xlo: 214.988312, xhi: 322.482469, ylo: 0.000000, yhi: 107.494156, zlo: 0.000000, zhi: 107.494156
[Rank 1] xlo: 0.000000, xhi: 107.494156, ylo: 0.000000, yhi: 107.494156, zlo: 107.494156, zhi: 214.988312
[Rank 45] xlo: 214.988312, xhi: 322.482469, ylo: 322.482469, yhi: 429.976625, zlo: 107.494156, zhi: 214.988312
[Rank 46] xlo: 214.988312, xhi: 322.482469, ylo: 322.482469, yhi: 429.976625, zlo: 214.988312, zhi: 322.482469
[Rank 2] xlo: 0.000000, xhi: 107.494156, ylo: 0.000000, yhi: 107.494156, zlo: 214.988312, zhi: 322.482469
[Rank 49] xlo: 322.482469, xhi: 429.976625, ylo: 0.000000, yhi: 107.494156, zlo: 107.494156, zhi: 214.988312
[Rank 39] xlo: 214.988312, xhi: 322.482469, ylo: 107.494156, yhi: 214.988312, zlo: 322.482469, zhi: 429.976625
# Create System:
[Rank 0] xlo: 0.000000, xhi: 107.494156, ylo: 0.000000, yhi: 107.494156, zlo: 0.000000, zhi: 107.494156
# Done .... 
# miniMD-Reference 1.2 (MPI+OpenMP) output ...
# Run Settings: 
	# MPI processes: 64
	# Host Threads: 1
	# Inputfile: in.lj.miniMD
	# Datafile: None
# Physics Settings: 
	# ForceStyle: LJ
	# Force Parameters: 1.00 1.00
	# Units: LJ
	# Atoms: 67108864
	# Atom types: 8
	# System size: 429.98 429.98 429.98 (unit cells: 256 256 256)
	# Density: 0.844200
	# Force cutoff: 2.500000
	# Timestep size: 0.005000
# Technical Settings: 
	# Neigh cutoff: 2.800000
	# Half neighborlists: 1
	# Team neighborlist construction: 0
	# Neighbor bins: 153 153 153
	# Neighbor frequency: 1000
	# Sorting frequency: 1000
	# Thermo frequency: 100
	# Ghost Newton: 1
	# Use intrinsics: 0
	# Do safe exchange: 0
	# Size of float: 8

[Rank 38] xlo: 214.988312, xhi: 322.482469, ylo: 107.494156, yhi: 214.988312, zlo: 214.988312, zhi: 322.482469
[Rank 28] xlo: 107.494156, xhi: 214.988312, ylo: 322.482469, yhi: 429.976625, zlo: 0.000000, zhi: 107.494156
[Rank 58] xlo: 322.482469, xhi: 429.976625, ylo: 214.988312, yhi: 322.482469, zlo: 214.988312, zhi: 322.482469
[Rank 59] xlo: 322.482469, xhi: 429.976625, ylo: 214.988312, yhi: 322.482469, zlo: 322.482469, zhi: 429.976625
[Rank 9] xlo: 0.000000, xhi: 107.494156, ylo: 214.988312, yhi: 322.482469, zlo: 107.494156, zhi: 214.988312
[Rank 11] xlo: 0.000000, xhi: 107.494156, ylo: 214.988312, yhi: 322.482469, zlo: 322.482469, zhi: 429.976625
[Rank 8] xlo: 0.000000, xhi: 107.494156, ylo: 214.988312, yhi: 322.482469, zlo: 0.000000, zhi: 107.494156
[Rank 63] xlo: 322.482469, xhi: 429.976625, ylo: 322.482469, yhi: 429.976625, zlo: 322.482469, zhi: 429.976625
[Rank 3] xlo: 0.000000, xhi: 107.494156, ylo: 0.000000, yhi: 107.494156, zlo: 322.482469, zhi: 429.976625
[Rank 35] xlo: 214.988312, xhi: 322.482469, ylo: 0.000000, yhi: 107.494156, zlo: 322.482469, zhi: 429.976625
[Rank 62] xlo: 322.482469, xhi: 429.976625, ylo: 322.482469, yhi: 429.976625, zlo: 214.988312, zhi: 322.482469
[Rank 61] xlo: 322.482469, xhi: 429.976625, ylo: 322.482469, yhi: 429.976625, zlo: 107.494156, zhi: 214.988312
[Rank 34] xlo: 214.988312, xhi: 322.482469, ylo: 0.000000, yhi: 107.494156, zlo: 214.988312, zhi: 322.482469
[Rank 33] xlo: 214.988312, xhi: 322.482469, ylo: 0.000000, yhi: 107.494156, zlo: 107.494156, zhi: 214.988312
[Rank 31] xlo: 107.494156, xhi: 214.988312, ylo: 322.482469, yhi: 429.976625, zlo: 322.482469, zhi: 429.976625
[Rank 29] xlo: 107.494156, xhi: 214.988312, ylo: 322.482469, yhi: 429.976625, zlo: 107.494156, zhi: 214.988312
[Rank 30] xlo: 107.494156, xhi: 214.988312, ylo: 322.482469, yhi: 429.976625, zlo: 214.988312, zhi: 322.482469
# Starting dynamics ...
# Timestep T U P Time
0 1.440000e+00 -6.773368e+00 -5.019669e+00  0.000
100 8.112874e-01 -5.836199e+00 3.658783e-02  0.983
[Atom] pack_comm: 600, unpack_comm: 600, pack_comm_self: 0, pack_reverse: 606, unpack_reverse: 606
[Rank 0] inte[0]: 205.718, comm[0]: 218.596, comm[1]: 1950.839, comm[2]: 218.830, force: 3110.080, rev_comm[0]: 212.121, rev_comm[1]: 2012.609, rev_comm[2]: 243.208, inte[1]: 144.386
[Rank 1] inte[0]: 206.721, comm[0]: 217.885, comm[1]: 1997.485, comm[2]: 218.644, force: 3082.318, rev_comm[0]: 211.230, rev_comm[1]: 2070.438, rev_comm[2]: 242.265, inte[1]: 144.540
[Rank 2] inte[0]: 205.815, comm[0]: 223.494, comm[1]: 1971.772, comm[2]: 222.734, force: 3109.914, rev_comm[0]: 215.228, rev_comm[1]: 2036.622, rev_comm[2]: 245.901, inte[1]: 144.915
[Rank 3] inte[0]: 205.138, comm[0]: 222.286, comm[1]: 1996.282, comm[2]: 221.284, force: 3087.121, rev_comm[0]: 214.324, rev_comm[1]: 2072.857, rev_comm[2]: 243.895, inte[1]: 144.195
[Rank 4] inte[0]: 203.846, comm[0]: 211.070, comm[1]: 1829.870, comm[2]: 210.254, force: 3088.620, rev_comm[0]: 204.809, rev_comm[1]: 1931.308, rev_comm[2]: 234.228, inte[1]: 143.310
[Rank 5] inte[0]: 203.348, comm[0]: 204.863, comm[1]: 1903.176, comm[2]: 205.042, force: 3036.131, rev_comm[0]: 199.172, rev_comm[1]: 2009.812, rev_comm[2]: 228.073, inte[1]: 142.602
[Rank 6] inte[0]: 205.534, comm[0]: 222.554, comm[1]: 1870.764, comm[2]: 221.730, force: 3076.978, rev_comm[0]: 215.754, rev_comm[1]: 1970.539, rev_comm[2]: 243.976, inte[1]: 144.552
[Rank 7] inte[0]: 205.044, comm[0]: 221.484, comm[1]: 1899.808, comm[2]: 220.489, force: 3083.139, rev_comm[0]: 213.747, rev_comm[1]: 2010.010, rev_comm[2]: 244.069, inte[1]: 144.114
[Rank 8] inte[0]: 205.959, comm[0]: 215.667, comm[1]: 1539.276, comm[2]: 217.355, force: 2879.395, rev_comm[0]: 208.550, rev_comm[1]: 1628.379, rev_comm[2]: 239.837, inte[1]: 141.656
[Rank 9] inte[0]: 205.190, comm[0]: 218.799, comm[1]: 1602.244, comm[2]: 218.570, force: 3073.474, rev_comm[0]: 211.117, rev_comm[1]: 1683.959, rev_comm[2]: 242.064, inte[1]: 143.516
[Rank 10] inte[0]: 204.952, comm[0]: 224.090, comm[1]: 1565.033, comm[2]: 223.536, force: 3091.384, rev_comm[0]: 216.567, rev_comm[1]: 1649.825, rev_comm[2]: 246.560, inte[1]: 144.152
[Rank 11] inte[0]: 205.853, comm[0]: 221.783, comm[1]: 1603.747, comm[2]: 221.363, force: 2932.527, rev_comm[0]: 213.998, rev_comm[1]: 1682.715, rev_comm[2]: 245.415, inte[1]: 142.818
[Rank 12] inte[0]: 206.521, comm[0]: 217.978, comm[1]: 1740.481, comm[2]: 218.042, force: 3100.065, rev_comm[0]: 211.284, rev_comm[1]: 1900.462, rev_comm[2]: 240.638, inte[1]: 144.193
[Rank 13] inte[0]: 204.732, comm[0]: 218.672, comm[1]: 1798.371, comm[2]: 217.779, force: 3082.705, rev_comm[0]: 211.232, rev_comm[1]: 1975.992, rev_comm[2]: 241.484, inte[1]: 143.183
[Rank 14] inte[0]: 204.636, comm[0]: 207.368, comm[1]: 1756.164, comm[2]: 208.295, force: 3084.352, rev_comm[0]: 201.119, rev_comm[1]: 1922.083, rev_comm[2]: 230.318, inte[1]: 142.569
[Rank 15] inte[0]: 205.979, comm[0]: 207.344, comm[1]: 1801.727, comm[2]: 207.057, force: 3086.790, rev_comm[0]: 200.902, rev_comm[1]: 1972.921, rev_comm[2]: 228.923, inte[1]: 143.660
[Rank 16] inte[0]: 205.214, comm[0]: 220.397, comm[1]: 1835.861, comm[2]: 221.662, force: 3091.089, rev_comm[0]: 212.120, rev_comm[1]: 1746.976, rev_comm[2]: 243.865, inte[1]: 144.244
[Rank 17] inte[0]: 206.222, comm[0]: 220.175, comm[1]: 1867.270, comm[2]: 220.813, force: 3058.791, rev_comm[0]: 212.695, rev_comm[1]: 1781.923, rev_comm[2]: 244.244, inte[1]: 144.268
[Rank 18] inte[0]: 205.591, comm[0]: 223.436, comm[1]: 1840.460, comm[2]: 224.372, force: 3080.567, rev_comm[0]: 216.328, rev_comm[1]: 1762.612, rev_comm[2]: 247.357, inte[1]: 144.228
[Rank 19] inte[0]: 205.678, comm[0]: 223.935, comm[1]: 1868.321, comm[2]: 222.747, force: 3093.136, rev_comm[0]: 215.765, rev_comm[1]: 1785.348, rev_comm[2]: 245.688, inte[1]: 144.573
[Rank 20] inte[0]: 205.977, comm[0]: 220.473, comm[1]: 1904.221, comm[2]: 222.486, force: 3086.226, rev_comm[0]: 213.364, rev_comm[1]: 1924.021, rev_comm[2]: 244.223, inte[1]: 143.709
[Rank 21] inte[0]: 206.434, comm[0]: 222.064, comm[1]: 1945.230, comm[2]: 223.088, force: 3055.484, rev_comm[0]: 214.171, rev_comm[1]: 1962.006, rev_comm[2]: 244.925, inte[1]: 144.320
[Rank 22] inte[0]: 205.423, comm[0]: 221.786, comm[1]: 1892.504, comm[2]: 220.932, force: 3087.291, rev_comm[0]: 214.748, rev_comm[1]: 1924.438, rev_comm[2]: 245.376, inte[1]: 144.692
[Rank 23] inte[0]: 205.435, comm[0]: 220.313, comm[1]: 1947.928, comm[2]: 219.799, force: 3108.566, rev_comm[0]: 213.638, rev_comm[1]: 1961.220, rev_comm[2]: 243.262, inte[1]: 143.983
[Rank 24] inte[0]: 207.266, comm[0]: 222.316, comm[1]: 1567.982, comm[2]: 221.783, force: 3074.207, rev_comm[0]: 213.501, rev_comm[1]: 1665.808, rev_comm[2]: 244.644, inte[1]: 144.643
[Rank 25] inte[0]: 206.750, comm[0]: 219.365, comm[1]: 1605.769, comm[2]: 219.981, force: 3042.838, rev_comm[0]: 211.597, rev_comm[1]: 1712.609, rev_comm[2]: 243.695, inte[1]: 143.420
[Rank 26] inte[0]: 204.339, comm[0]: 207.933, comm[1]: 1573.518, comm[2]: 208.466, force: 3082.965, rev_comm[0]: 202.588, rev_comm[1]: 1683.890, rev_comm[2]: 231.279, inte[1]: 143.073
[Rank 27] inte[0]: 204.385, comm[0]: 208.724, comm[1]: 1607.341, comm[2]: 207.428, force: 3046.308, rev_comm[0]: 203.028, rev_comm[1]: 1711.809, rev_comm[2]: 230.925, inte[1]: 142.207
[Rank 28] inte[0]: 204.840, comm[0]: 218.640, comm[1]: 1632.665, comm[2]: 219.514, force: 3093.272, rev_comm[0]: 212.147, rev_comm[1]: 1743.423, rev_comm[2]: 242.067, inte[1]: 143.703
[Rank 29] inte[0]: 206.443, comm[0]: 219.347, comm[1]: 1676.290, comm[2]: 219.141, force: 3087.776, rev_comm[0]: 212.966, rev_comm[1]: 1790.623, rev_comm[2]: 242.022, inte[1]: 144.207
[Rank 30] inte[0]: 205.297, comm[0]: 223.232, comm[1]: 1637.763, comm[2]: 222.834, force: 3101.040, rev_comm[0]: 216.512, rev_comm[1]: 1750.752, rev_comm[2]: 246.889, inte[1]: 144.756
[Rank 31] inte[0]: 205.080, comm[0]: 222.954, comm[1]: 1679.295, comm[2]: 221.265, force: 3093.738, rev_comm[0]: 216.428, rev_comm[1]: 1793.744, rev_comm[2]: 246.168, inte[1]: 144.002
[Rank 32] inte[0]: 206.342, comm[0]: 220.743, comm[1]: 1911.391, comm[2]: 221.827, force: 2984.769, rev_comm[0]: 212.808, rev_comm[1]: 1906.145, rev_comm[2]: 242.906, inte[1]: 142.618
[Rank 33] inte[0]: 206.252, comm[0]: 220.605, comm[1]: 1947.573, comm[2]: 220.775, force: 3102.858, rev_comm[0]: 212.224, rev_comm[1]: 1934.593, rev_comm[2]: 243.546, inte[1]: 143.825
[Rank 34] inte[0]: 205.897, comm[0]: 222.703, comm[1]: 1898.027, comm[2]: 220.491, force: 3082.805, rev_comm[0]: 215.556, rev_comm[1]: 1902.374, rev_comm[2]: 244.458, inte[1]: 144.606
[Rank 35] inte[0]: 205.188, comm[0]: 220.538, comm[1]: 1952.901, comm[2]: 220.012, force: 3063.842, rev_comm[0]: 213.121, rev_comm[1]: 1940.239, rev_comm[2]: 242.908, inte[1]: 143.201
[Rank 36] inte[0]: 206.452, comm[0]: 224.086, comm[1]: 1713.442, comm[2]: 226.329, force: 3084.619, rev_comm[0]: 215.672, rev_comm[1]: 1638.676, rev_comm[2]: 249.216, inte[1]: 145.199
[Rank 37] inte[0]: 205.078, comm[0]: 221.352, comm[1]: 1729.485, comm[2]: 221.390, force: 3024.963, rev_comm[0]: 213.470, rev_comm[1]: 1651.481, rev_comm[2]: 244.585, inte[1]: 143.007
[Rank 38] inte[0]: 205.056, comm[0]: 221.496, comm[1]: 1683.213, comm[2]: 220.877, force: 3075.258, rev_comm[0]: 214.600, rev_comm[1]: 1611.882, rev_comm[2]: 243.707, inte[1]: 144.163
[Rank 39] inte[0]: 205.923, comm[0]: 219.247, comm[1]: 1731.585, comm[2]: 219.551, force: 3099.714, rev_comm[0]: 212.105, rev_comm[1]: 1650.761, rev_comm[2]: 242.967, inte[1]: 143.817
[Rank 40] inte[0]: 205.254, comm[0]: 219.202, comm[1]: 1672.244, comm[2]: 220.145, force: 3084.639, rev_comm[0]: 212.198, rev_comm[1]: 1660.424, rev_comm[2]: 245.351, inte[1]: 144.551
[Rank 41] inte[0]: 205.069, comm[0]: 218.506, comm[1]: 1702.111, comm[2]: 218.913, force: 3067.383, rev_comm[0]: 211.509, rev_comm[1]: 1668.583, rev_comm[2]: 243.089, inte[1]: 143.703
[Rank 42] inte[0]: 207.057, comm[0]: 222.124, comm[1]: 1702.504, comm[2]: 225.229, force: 3094.061, rev_comm[0]: 215.095, rev_comm[1]: 1674.240, rev_comm[2]: 247.092, inte[1]: 144.498
[Rank 43] inte[0]: 206.088, comm[0]: 222.408, comm[1]: 1709.368, comm[2]: 223.115, force: 3068.127, rev_comm[0]: 214.401, rev_comm[1]: 1683.120, rev_comm[2]: 247.720, inte[1]: 143.523
[Rank 44] inte[0]: 205.493, comm[0]: 222.150, comm[1]: 1912.433, comm[2]: 222.333, force: 3103.997, rev_comm[0]: 214.732, rev_comm[1]: 1893.262, rev_comm[2]: 245.348, inte[1]: 144.476
[Rank 45] inte[0]: 205.885, comm[0]: 219.723, comm[1]: 1953.461, comm[2]: 221.463, force: 3067.624, rev_comm[0]: 213.110, rev_comm[1]: 1934.514, rev_comm[2]: 244.563, inte[1]: 144.109
[Rank 46] inte[0]: 206.129, comm[0]: 224.899, comm[1]: 1940.169, comm[2]: 225.418, force: 3094.640, rev_comm[0]: 216.618, rev_comm[1]: 1929.840, rev_comm[2]: 248.764, inte[1]: 145.221
[Rank 47] inte[0]: 206.115, comm[0]: 223.508, comm[1]: 1957.336, comm[2]: 223.145, force: 3070.567, rev_comm[0]: 215.177, rev_comm[1]: 1942.030, rev_comm[2]: 245.855, inte[1]: 144.323
[Rank 48] inte[0]: 206.094, comm[0]: 220.411, comm[1]: 1598.120, comm[2]: 221.684, force: 3091.766, rev_comm[0]: 213.274, rev_comm[1]: 1738.473, rev_comm[2]: 244.712, inte[1]: 143.884
[Rank 49] inte[0]: 204.890, comm[0]: 219.432, comm[1]: 1621.600, comm[2]: 220.491, force: 3096.523, rev_comm[0]: 212.266, rev_comm[1]: 1764.600, rev_comm[2]: 244.643, inte[1]: 143.974
[Rank 50] inte[0]: 205.786, comm[0]: 225.953, comm[1]: 1606.112, comm[2]: 225.968, force: 3099.372, rev_comm[0]: 216.901, rev_comm[1]: 1747.851, rev_comm[2]: 248.726, inte[1]: 144.717
[Rank 51] inte[0]: 205.953, comm[0]: 225.139, comm[1]: 1620.190, comm[2]: 224.239, force: 3090.691, rev_comm[0]: 216.592, rev_comm[1]: 1763.900, rev_comm[2]: 246.795, inte[1]: 143.920
[Rank 52] inte[0]: 205.347, comm[0]: 219.965, comm[1]: 1749.415, comm[2]: 219.299, force: 3096.980, rev_comm[0]: 212.953, rev_comm[1]: 1791.640, rev_comm[2]: 243.898, inte[1]: 143.704
[Rank 53] inte[0]: 206.785, comm[0]: 217.773, comm[1]: 1822.358, comm[2]: 218.534, force: 3076.978, rev_comm[0]: 211.638, rev_comm[1]: 1853.157, rev_comm[2]: 241.384, inte[1]: 143.916
[Rank 54] inte[0]: 205.249, comm[0]: 207.922, comm[1]: 1809.603, comm[2]: 209.329, force: 3090.005, rev_comm[0]: 202.236, rev_comm[1]: 1842.264, rev_comm[2]: 231.722, inte[1]: 143.320
[Rank 55] inte[0]: 205.323, comm[0]: 207.884, comm[1]: 1812.869, comm[2]: 206.846, force: 3051.470, rev_comm[0]: 201.935, rev_comm[1]: 1839.313, rev_comm[2]: 229.677, inte[1]: 142.885
[Rank 56] inte[0]: 206.625, comm[0]: 221.609, comm[1]: 1569.381, comm[2]: 220.605, force: 3102.932, rev_comm[0]: 214.521, rev_comm[1]: 1584.849, rev_comm[2]: 244.758, inte[1]: 144.500
[Rank 57] inte[0]: 205.423, comm[0]: 218.653, comm[1]: 1633.834, comm[2]: 219.228, force: 3077.641, rev_comm[0]: 212.728, rev_comm[1]: 1639.063, rev_comm[2]: 243.946, inte[1]: 143.893
[Rank 58] inte[0]: 205.739, comm[0]: 223.357, comm[1]: 1627.171, comm[2]: 224.748, force: 3089.744, rev_comm[0]: 215.651, rev_comm[1]: 1638.590, rev_comm[2]: 247.325, inte[1]: 144.431
[Rank 59] inte[0]: 206.590, comm[0]: 223.519, comm[1]: 1635.150, comm[2]: 222.172, force: 3108.686, rev_comm[0]: 215.260, rev_comm[1]: 1641.580, rev_comm[2]: 245.905, inte[1]: 144.728
[Rank 60] inte[0]: 206.051, comm[0]: 222.119, comm[1]: 1767.163, comm[2]: 221.175, force: 3096.938, rev_comm[0]: 213.156, rev_comm[1]: 1789.297, rev_comm[2]: 245.608, inte[1]: 144.915
[Rank 61] inte[0]: 205.962, comm[0]: 218.133, comm[1]: 1829.755, comm[2]: 221.051, force: 2891.011, rev_comm[0]: 211.783, rev_comm[1]: 1864.124, rev_comm[2]: 242.232, inte[1]: 141.359
[Rank 62] inte[0]: 205.681, comm[0]: 222.300, comm[1]: 1811.809, comm[2]: 223.476, force: 2888.434, rev_comm[0]: 215.282, rev_comm[1]: 1851.452, rev_comm[2]: 245.752, inte[1]: 141.948
[Rank 63] inte[0]: 205.056, comm[0]: 220.823, comm[1]: 1832.092, comm[2]: 219.765, force: 3079.632, rev_comm[0]: 212.583, rev_comm[1]: 1862.616, rev_comm[2]: 242.956, inte[1]: 143.788
[Max rank 1] inte[0]: 206.721, comm[0]: 217.885, comm[1]: 1997.485, comm[2]: 218.644, force: 3082.318, rev_comm[0]: 211.230, rev_comm[1]: 2070.438, rev_comm[2]: 242.265, inte[1]: 144.540


# Performance Summary:
# MPI_proc OMP_threads nsteps natoms t_total t_force t_neigh t_comm t_other performance perf/thread grep_string t_extra
64 1 100 67108864 0.983670 0.311073 0.000000 0.634948 0.037650 6822291805.422496 106598309.459726 PERF_SUMMARY 0.000000


