[Rank 85] xlo: 214.988312, xhi: 322.482469, ylo: 537.470781, yhi: 644.964937, zlo: 107.494156, zhi: 214.988312
[Rank 13] xlo: 0.000000, xhi: 107.494156, ylo: 322.482469, yhi: 429.976625, zlo: 107.494156, zhi: 214.988312
[Rank 115] xlo: 322.482469, xhi: 429.976625, ylo: 429.976625, yhi: 537.470781, zlo: 322.482469, zhi: 429.976625
[Rank 114] xlo: 322.482469, xhi: 429.976625, ylo: 429.976625, yhi: 537.470781, zlo: 214.988312, zhi: 322.482469
[Rank 112] xlo: 322.482469, xhi: 429.976625, ylo: 429.976625, yhi: 537.470781, zlo: 0.000000, zhi: 107.494156
[Rank 224] xlo: 752.459094, xhi: 859.953250, ylo: 0.000000, yhi: 107.494156, zlo: 0.000000, zhi: 107.494156
[Rank 113] xlo: 322.482469, xhi: 429.976625, ylo: 429.976625, yhi: 537.470781, zlo: 107.494156, zhi: 214.988312
[Rank 225] xlo: 752.459094, xhi: 859.953250, ylo: 0.000000, yhi: 107.494156, zlo: 107.494156, zhi: 214.988312
[Rank 121] xlo: 322.482469, xhi: 429.976625, ylo: 644.964937, yhi: 752.459094, zlo: 107.494156, zhi: 214.988312
[Rank 120] xlo: 322.482469, xhi: 429.976625, ylo: 644.964937, yhi: 752.459094, zlo: 0.000000, zhi: 107.494156
[Rank 241] xlo: 752.459094, xhi: 859.953250, ylo: 429.976625, yhi: 537.470781, zlo: 107.494156, zhi: 214.988312
[Rank 240] xlo: 752.459094, xhi: 859.953250, ylo: 429.976625, yhi: 537.470781, zlo: 0.000000, zhi: 107.494156
[Rank 137] xlo: 429.976625, xhi: 537.470781, ylo: 214.988312, yhi: 322.482469, zlo: 107.494156, zhi: 214.988312
[Rank 216] xlo: 644.964937, xhi: 752.459094, ylo: 644.964937, yhi: 752.459094, zlo: 0.000000, zhi: 107.494156
[Rank 59] xlo: 107.494156, xhi: 214.988312, ylo: 644.964937, yhi: 752.459094, zlo: 322.482469, zhi: 429.976625
[Rank 254] xlo: 752.459094, xhi: 859.953250, ylo: 752.459094, yhi: 859.953250, zlo: 214.988312, zhi: 322.482469
[Rank 58] xlo: 107.494156, xhi: 214.988312, ylo: 644.964937, yhi: 752.459094, zlo: 214.988312, zhi: 322.482469
[Rank 214] xlo: 644.964937, xhi: 752.459094, ylo: 537.470781, yhi: 644.964937, zlo: 214.988312, zhi: 322.482469
[Rank 70] xlo: 214.988312, xhi: 322.482469, ylo: 107.494156, yhi: 214.988312, zlo: 214.988312, zhi: 322.482469
[Rank 136] xlo: 429.976625, xhi: 537.470781, ylo: 214.988312, yhi: 322.482469, zlo: 0.000000, zhi: 107.494156
[Rank 122] xlo: 322.482469, xhi: 429.976625, ylo: 644.964937, yhi: 752.459094, zlo: 214.988312, zhi: 322.482469
[Rank 215] xlo: 644.964937, xhi: 752.459094, ylo: 537.470781, yhi: 644.964937, zlo: 322.482469, zhi: 429.976625
[Rank 227] xlo: 752.459094, xhi: 859.953250, ylo: 0.000000, yhi: 107.494156, zlo: 322.482469, zhi: 429.976625
[Rank 190] xlo: 537.470781, xhi: 644.964937, ylo: 752.459094, yhi: 859.953250, zlo: 214.988312, zhi: 322.482469
[Rank 71] xlo: 214.988312, xhi: 322.482469, ylo: 107.494156, yhi: 214.988312, zlo: 322.482469, zhi: 429.976625
[Rank 123] xlo: 322.482469, xhi: 429.976625, ylo: 644.964937, yhi: 752.459094, zlo: 322.482469, zhi: 429.976625
[Rank 226] xlo: 752.459094, xhi: 859.953250, ylo: 0.000000, yhi: 107.494156, zlo: 214.988312, zhi: 322.482469
[Rank 219] xlo: 644.964937, xhi: 752.459094, ylo: 644.964937, yhi: 752.459094, zlo: 322.482469, zhi: 429.976625
[Rank 255] xlo: 752.459094, xhi: 859.953250, ylo: 752.459094, yhi: 859.953250, zlo: 322.482469, zhi: 429.976625
[Rank 251] xlo: 752.459094, xhi: 859.953250, ylo: 644.964937, yhi: 752.459094, zlo: 322.482469, zhi: 429.976625
[Rank 189] xlo: 537.470781, xhi: 644.964937, ylo: 752.459094, yhi: 859.953250, zlo: 107.494156, zhi: 214.988312
[Rank 250] xlo: 752.459094, xhi: 859.953250, ylo: 644.964937, yhi: 752.459094, zlo: 214.988312, zhi: 322.482469
[Rank 188] xlo: 537.470781, xhi: 644.964937, ylo: 752.459094, yhi: 859.953250, zlo: 0.000000, zhi: 107.494156
[Rank 119] xlo: 322.482469, xhi: 429.976625, ylo: 537.470781, yhi: 644.964937, zlo: 322.482469, zhi: 429.976625
[Rank 142] xlo: 429.976625, xhi: 537.470781, ylo: 322.482469, yhi: 429.976625, zlo: 214.988312, zhi: 322.482469
[Rank 93] xlo: 214.988312, xhi: 322.482469, ylo: 752.459094, yhi: 859.953250, zlo: 107.494156, zhi: 214.988312
[Rank 116] xlo: 322.482469, xhi: 429.976625, ylo: 537.470781, yhi: 644.964937, zlo: 0.000000, zhi: 107.494156
[Rank 92] xlo: 214.988312, xhi: 322.482469, ylo: 752.459094, yhi: 859.953250, zlo: 0.000000, zhi: 107.494156
[Rank 118] xlo: 322.482469, xhi: 429.976625, ylo: 537.470781, yhi: 644.964937, zlo: 214.988312, zhi: 322.482469
[Rank 77] xlo: 214.988312, xhi: 322.482469, ylo: 322.482469, yhi: 429.976625, zlo: 107.494156, zhi: 214.988312
[Rank 76] xlo: 214.988312, xhi: 322.482469, ylo: 322.482469, yhi: 429.976625, zlo: 0.000000, zhi: 107.494156
[Rank 81] xlo: 214.988312, xhi: 322.482469, ylo: 429.976625, yhi: 537.470781, zlo: 107.494156, zhi: 214.988312
[Rank 80] xlo: 214.988312, xhi: 322.482469, ylo: 429.976625, yhi: 537.470781, zlo: 0.000000, zhi: 107.494156
[Rank 143] xlo: 429.976625, xhi: 537.470781, ylo: 322.482469, yhi: 429.976625, zlo: 322.482469, zhi: 429.976625
[Rank 242] xlo: 752.459094, xhi: 859.953250, ylo: 429.976625, yhi: 537.470781, zlo: 214.988312, zhi: 322.482469
[Rank 243] xlo: 752.459094, xhi: 859.953250, ylo: 429.976625, yhi: 537.470781, zlo: 322.482469, zhi: 429.976625
[Rank 26] xlo: 0.000000, xhi: 107.494156, ylo: 644.964937, yhi: 752.459094, zlo: 214.988312, zhi: 322.482469
[Rank 182] xlo: 537.470781, xhi: 644.964937, ylo: 537.470781, yhi: 644.964937, zlo: 214.988312, zhi: 322.482469
[Rank 221] xlo: 644.964937, xhi: 752.459094, ylo: 752.459094, yhi: 859.953250, zlo: 107.494156, zhi: 214.988312
[Rank 27] xlo: 0.000000, xhi: 107.494156, ylo: 644.964937, yhi: 752.459094, zlo: 322.482469, zhi: 429.976625
[Rank 212] xlo: 644.964937, xhi: 752.459094, ylo: 537.470781, yhi: 644.964937, zlo: 0.000000, zhi: 107.494156
[Rank 220] xlo: 644.964937, xhi: 752.459094, ylo: 752.459094, yhi: 859.953250, zlo: 0.000000, zhi: 107.494156
[Rank 56] xlo: 107.494156, xhi: 214.988312, ylo: 644.964937, yhi: 752.459094, zlo: 0.000000, zhi: 107.494156
[Rank 69] xlo: 214.988312, xhi: 322.482469, ylo: 107.494156, yhi: 214.988312, zlo: 107.494156, zhi: 214.988312
[Rank 213] xlo: 644.964937, xhi: 752.459094, ylo: 537.470781, yhi: 644.964937, zlo: 107.494156, zhi: 214.988312
[Rank 21] xlo: 0.000000, xhi: 107.494156, ylo: 537.470781, yhi: 644.964937, zlo: 107.494156, zhi: 214.988312
[Rank 138] xlo: 429.976625, xhi: 537.470781, ylo: 214.988312, yhi: 322.482469, zlo: 214.988312, zhi: 322.482469
[Rank 191] xlo: 537.470781, xhi: 644.964937, ylo: 752.459094, yhi: 859.953250, zlo: 322.482469, zhi: 429.976625
[Rank 57] xlo: 107.494156, xhi: 214.988312, ylo: 644.964937, yhi: 752.459094, zlo: 107.494156, zhi: 214.988312
[Rank 68] xlo: 214.988312, xhi: 322.482469, ylo: 107.494156, yhi: 214.988312, zlo: 0.000000, zhi: 107.494156
[Rank 117] xlo: 322.482469, xhi: 429.976625, ylo: 537.470781, yhi: 644.964937, zlo: 107.494156, zhi: 214.988312
[Rank 20] xlo: 0.000000, xhi: 107.494156, ylo: 537.470781, yhi: 644.964937, zlo: 0.000000, zhi: 107.494156
[Rank 139] xlo: 429.976625, xhi: 537.470781, ylo: 214.988312, yhi: 322.482469, zlo: 322.482469, zhi: 429.976625
[Rank 30] xlo: 0.000000, xhi: 107.494156, ylo: 752.459094, yhi: 859.953250, zlo: 214.988312, zhi: 322.482469
[Rank 129] xlo: 429.976625, xhi: 537.470781, ylo: 0.000000, yhi: 107.494156, zlo: 107.494156, zhi: 214.988312
[Rank 31] xlo: 0.000000, xhi: 107.494156, ylo: 752.459094, yhi: 859.953250, zlo: 322.482469, zhi: 429.976625
[Rank 183] xlo: 537.470781, xhi: 644.964937, ylo: 537.470781, yhi: 644.964937, zlo: 322.482469, zhi: 429.976625
[Rank 128] xlo: 429.976625, xhi: 537.470781, ylo: 0.000000, yhi: 107.494156, zlo: 0.000000, zhi: 107.494156
[Rank 4] xlo: 0.000000, xhi: 107.494156, ylo: 107.494156, yhi: 214.988312, zlo: 0.000000, zhi: 107.494156
# Create System:
[Rank 0] xlo: 0.000000, xhi: 107.494156, ylo: 0.000000, yhi: 107.494156, zlo: 0.000000, zhi: 107.494156
# Done .... 
# miniMD-Reference 1.2 (MPI+OpenMP) output ...
# Run Settings: 
	# MPI processes: 256
	# Host Threads: 1
	# Inputfile: in.lj.miniMD
	# Datafile: None
# Physics Settings: 
	# ForceStyle: LJ
	# Force Parameters: 1.00 1.00
	# Units: LJ
	# Atoms: 268435456
	# Atom types: 8
	# System size: 859.95 859.95 429.98 (unit cells: 512 512 256)
	# Density: 0.844200
	# Force cutoff: 2.500000
	# Timestep size: 0.005000
# Technical Settings: 
	# Neigh cutoff: 2.800000
	# Half neighborlists: 1
	# Team neighborlist construction: 0
	# Neighbor bins: 307 307 153
	# Neighbor frequency: 1000
	# Sorting frequency: 1000
	# Thermo frequency: 100
	# Ghost Newton: 1
	# Use intrinsics: 0
	# Do safe exchange: 0
	# Size of float: 8

[Rank 98] xlo: 322.482469, xhi: 429.976625, ylo: 0.000000, yhi: 107.494156, zlo: 214.988312, zhi: 322.482469
[Rank 5] xlo: 0.000000, xhi: 107.494156, ylo: 107.494156, yhi: 214.988312, zlo: 107.494156, zhi: 214.988312
[Rank 127] xlo: 322.482469, xhi: 429.976625, ylo: 752.459094, yhi: 859.953250, zlo: 322.482469, zhi: 429.976625
[Rank 1] xlo: 0.000000, xhi: 107.494156, ylo: 0.000000, yhi: 107.494156, zlo: 107.494156, zhi: 214.988312
[Rank 82] xlo: 214.988312, xhi: 322.482469, ylo: 429.976625, yhi: 537.470781, zlo: 214.988312, zhi: 322.482469
[Rank 249] xlo: 752.459094, xhi: 859.953250, ylo: 644.964937, yhi: 752.459094, zlo: 107.494156, zhi: 214.988312
[Rank 126] xlo: 322.482469, xhi: 429.976625, ylo: 752.459094, yhi: 859.953250, zlo: 214.988312, zhi: 322.482469
[Rank 217] xlo: 644.964937, xhi: 752.459094, ylo: 644.964937, yhi: 752.459094, zlo: 107.494156, zhi: 214.988312
[Rank 79] xlo: 214.988312, xhi: 322.482469, ylo: 322.482469, yhi: 429.976625, zlo: 322.482469, zhi: 429.976625
[Rank 252] xlo: 752.459094, xhi: 859.953250, ylo: 752.459094, yhi: 859.953250, zlo: 0.000000, zhi: 107.494156
[Rank 83] xlo: 214.988312, xhi: 322.482469, ylo: 429.976625, yhi: 537.470781, zlo: 322.482469, zhi: 429.976625
[Rank 193] xlo: 644.964937, xhi: 752.459094, ylo: 0.000000, yhi: 107.494156, zlo: 107.494156, zhi: 214.988312
[Rank 78] xlo: 214.988312, xhi: 322.482469, ylo: 322.482469, yhi: 429.976625, zlo: 214.988312, zhi: 322.482469
[Rank 84] xlo: 214.988312, xhi: 322.482469, ylo: 537.470781, yhi: 644.964937, zlo: 0.000000, zhi: 107.494156
[Rank 248] xlo: 752.459094, xhi: 859.953250, ylo: 644.964937, yhi: 752.459094, zlo: 0.000000, zhi: 107.494156
[Rank 99] xlo: 322.482469, xhi: 429.976625, ylo: 0.000000, yhi: 107.494156, zlo: 322.482469, zhi: 429.976625
[Rank 140] xlo: 429.976625, xhi: 537.470781, ylo: 322.482469, yhi: 429.976625, zlo: 0.000000, zhi: 107.494156
[Rank 253] xlo: 752.459094, xhi: 859.953250, ylo: 752.459094, yhi: 859.953250, zlo: 107.494156, zhi: 214.988312
[Rank 150] xlo: 429.976625, xhi: 537.470781, ylo: 537.470781, yhi: 644.964937, zlo: 214.988312, zhi: 322.482469
[Rank 192] xlo: 644.964937, xhi: 752.459094, ylo: 0.000000, yhi: 107.494156, zlo: 0.000000, zhi: 107.494156
[Rank 218] xlo: 644.964937, xhi: 752.459094, ylo: 644.964937, yhi: 752.459094, zlo: 214.988312, zhi: 322.482469
[Rank 228] xlo: 752.459094, xhi: 859.953250, ylo: 107.494156, yhi: 214.988312, zlo: 0.000000, zhi: 107.494156
[Rank 231] xlo: 752.459094, xhi: 859.953250, ylo: 107.494156, yhi: 214.988312, zlo: 322.482469, zhi: 429.976625
[Rank 198] xlo: 644.964937, xhi: 752.459094, ylo: 107.494156, yhi: 214.988312, zlo: 214.988312, zhi: 322.482469
[Rank 95] xlo: 214.988312, xhi: 322.482469, ylo: 752.459094, yhi: 859.953250, zlo: 322.482469, zhi: 429.976625
[Rank 186] xlo: 537.470781, xhi: 644.964937, ylo: 644.964937, yhi: 752.459094, zlo: 214.988312, zhi: 322.482469
[Rank 23] xlo: 0.000000, xhi: 107.494156, ylo: 537.470781, yhi: 644.964937, zlo: 322.482469, zhi: 429.976625
[Rank 94] xlo: 214.988312, xhi: 322.482469, ylo: 752.459094, yhi: 859.953250, zlo: 214.988312, zhi: 322.482469
[Rank 24] xlo: 0.000000, xhi: 107.494156, ylo: 644.964937, yhi: 752.459094, zlo: 0.000000, zhi: 107.494156
[Rank 141] xlo: 429.976625, xhi: 537.470781, ylo: 322.482469, yhi: 429.976625, zlo: 107.494156, zhi: 214.988312
[Rank 151] xlo: 429.976625, xhi: 537.470781, ylo: 537.470781, yhi: 644.964937, zlo: 322.482469, zhi: 429.976625
[Rank 45] xlo: 107.494156, xhi: 214.988312, ylo: 322.482469, yhi: 429.976625, zlo: 107.494156, zhi: 214.988312
[Rank 199] xlo: 644.964937, xhi: 752.459094, ylo: 107.494156, yhi: 214.988312, zlo: 322.482469, zhi: 429.976625
[Rank 22] xlo: 0.000000, xhi: 107.494156, ylo: 537.470781, yhi: 644.964937, zlo: 214.988312, zhi: 322.482469
[Rank 146] xlo: 429.976625, xhi: 537.470781, ylo: 429.976625, yhi: 537.470781, zlo: 214.988312, zhi: 322.482469
[Rank 222] xlo: 644.964937, xhi: 752.459094, ylo: 752.459094, yhi: 859.953250, zlo: 214.988312, zhi: 322.482469
[Rank 25] xlo: 0.000000, xhi: 107.494156, ylo: 644.964937, yhi: 752.459094, zlo: 107.494156, zhi: 214.988312
[Rank 44] xlo: 107.494156, xhi: 214.988312, ylo: 322.482469, yhi: 429.976625, zlo: 0.000000, zhi: 107.494156
[Rank 223] xlo: 644.964937, xhi: 752.459094, ylo: 752.459094, yhi: 859.953250, zlo: 322.482469, zhi: 429.976625
[Rank 175] xlo: 537.470781, xhi: 644.964937, ylo: 322.482469, yhi: 429.976625, zlo: 322.482469, zhi: 429.976625
[Rank 233] xlo: 752.459094, xhi: 859.953250, ylo: 214.988312, yhi: 322.482469, zlo: 107.494156, zhi: 214.988312
[Rank 28] xlo: 0.000000, xhi: 107.494156, ylo: 752.459094, yhi: 859.953250, zlo: 0.000000, zhi: 107.494156
[Rank 187] xlo: 537.470781, xhi: 644.964937, ylo: 644.964937, yhi: 752.459094, zlo: 322.482469, zhi: 429.976625
[Rank 51] xlo: 107.494156, xhi: 214.988312, ylo: 429.976625, yhi: 537.470781, zlo: 322.482469, zhi: 429.976625
[Rank 174] xlo: 537.470781, xhi: 644.964937, ylo: 322.482469, yhi: 429.976625, zlo: 214.988312, zhi: 322.482469
[Rank 12] xlo: 0.000000, xhi: 107.494156, ylo: 322.482469, yhi: 429.976625, zlo: 0.000000, zhi: 107.494156
[Rank 29] xlo: 0.000000, xhi: 107.494156, ylo: 752.459094, yhi: 859.953250, zlo: 107.494156, zhi: 214.988312
[Rank 106] xlo: 322.482469, xhi: 429.976625, ylo: 214.988312, yhi: 322.482469, zlo: 214.988312, zhi: 322.482469
[Rank 180] xlo: 537.470781, xhi: 644.964937, ylo: 537.470781, yhi: 644.964937, zlo: 0.000000, zhi: 107.494156
[Rank 245] xlo: 752.459094, xhi: 859.953250, ylo: 537.470781, yhi: 644.964937, zlo: 107.494156, zhi: 214.988312
[Rank 48] xlo: 107.494156, xhi: 214.988312, ylo: 429.976625, yhi: 537.470781, zlo: 0.000000, zhi: 107.494156
[Rank 134] xlo: 429.976625, xhi: 537.470781, ylo: 107.494156, yhi: 214.988312, zlo: 214.988312, zhi: 322.482469
[Rank 66] xlo: 214.988312, xhi: 322.482469, ylo: 0.000000, yhi: 107.494156, zlo: 214.988312, zhi: 322.482469
[Rank 197] xlo: 644.964937, xhi: 752.459094, ylo: 107.494156, yhi: 214.988312, zlo: 107.494156, zhi: 214.988312
[Rank 124] xlo: 322.482469, xhi: 429.976625, ylo: 752.459094, yhi: 859.953250, zlo: 0.000000, zhi: 107.494156
[Rank 17] xlo: 0.000000, xhi: 107.494156, ylo: 429.976625, yhi: 537.470781, zlo: 107.494156, zhi: 214.988312
[Rank 107] xlo: 322.482469, xhi: 429.976625, ylo: 214.988312, yhi: 322.482469, zlo: 322.482469, zhi: 429.976625
[Rank 149] xlo: 429.976625, xhi: 537.470781, ylo: 537.470781, yhi: 644.964937, zlo: 107.494156, zhi: 214.988312
[Rank 196] xlo: 644.964937, xhi: 752.459094, ylo: 107.494156, yhi: 214.988312, zlo: 0.000000, zhi: 107.494156
[Rank 181] xlo: 537.470781, xhi: 644.964937, ylo: 537.470781, yhi: 644.964937, zlo: 107.494156, zhi: 214.988312
[Rank 133] xlo: 429.976625, xhi: 537.470781, ylo: 107.494156, yhi: 214.988312, zlo: 107.494156, zhi: 214.988312
[Rank 67] xlo: 214.988312, xhi: 322.482469, ylo: 0.000000, yhi: 107.494156, zlo: 322.482469, zhi: 429.976625
[Rank 244] xlo: 752.459094, xhi: 859.953250, ylo: 537.470781, yhi: 644.964937, zlo: 0.000000, zhi: 107.494156
[Rank 167] xlo: 537.470781, xhi: 644.964937, ylo: 107.494156, yhi: 214.988312, zlo: 322.482469, zhi: 429.976625
[Rank 135] xlo: 429.976625, xhi: 537.470781, ylo: 107.494156, yhi: 214.988312, zlo: 322.482469, zhi: 429.976625
[Rank 125] xlo: 322.482469, xhi: 429.976625, ylo: 752.459094, yhi: 859.953250, zlo: 107.494156, zhi: 214.988312
[Rank 2] xlo: 0.000000, xhi: 107.494156, ylo: 0.000000, yhi: 107.494156, zlo: 214.988312, zhi: 322.482469
[Rank 16] xlo: 0.000000, xhi: 107.494156, ylo: 429.976625, yhi: 537.470781, zlo: 0.000000, zhi: 107.494156
[Rank 148] xlo: 429.976625, xhi: 537.470781, ylo: 537.470781, yhi: 644.964937, zlo: 0.000000, zhi: 107.494156
[Rank 96] xlo: 322.482469, xhi: 429.976625, ylo: 0.000000, yhi: 107.494156, zlo: 0.000000, zhi: 107.494156
[Rank 110] xlo: 322.482469, xhi: 429.976625, ylo: 322.482469, yhi: 429.976625, zlo: 214.988312, zhi: 322.482469
[Rank 195] xlo: 644.964937, xhi: 752.459094, ylo: 0.000000, yhi: 107.494156, zlo: 322.482469, zhi: 429.976625
[Rank 132] xlo: 429.976625, xhi: 537.470781, ylo: 107.494156, yhi: 214.988312, zlo: 0.000000, zhi: 107.494156
[Rank 6] xlo: 0.000000, xhi: 107.494156, ylo: 107.494156, yhi: 214.988312, zlo: 214.988312, zhi: 322.482469
[Rank 130] xlo: 429.976625, xhi: 537.470781, ylo: 0.000000, yhi: 107.494156, zlo: 214.988312, zhi: 322.482469
[Rank 87] xlo: 214.988312, xhi: 322.482469, ylo: 537.470781, yhi: 644.964937, zlo: 322.482469, zhi: 429.976625
[Rank 229] xlo: 752.459094, xhi: 859.953250, ylo: 107.494156, yhi: 214.988312, zlo: 107.494156, zhi: 214.988312
[Rank 230] xlo: 752.459094, xhi: 859.953250, ylo: 107.494156, yhi: 214.988312, zlo: 214.988312, zhi: 322.482469
[Rank 32] xlo: 107.494156, xhi: 214.988312, ylo: 0.000000, yhi: 107.494156, zlo: 0.000000, zhi: 107.494156
[Rank 166] xlo: 537.470781, xhi: 644.964937, ylo: 107.494156, yhi: 214.988312, zlo: 214.988312, zhi: 322.482469
[Rank 86] xlo: 214.988312, xhi: 322.482469, ylo: 537.470781, yhi: 644.964937, zlo: 214.988312, zhi: 322.482469
[Rank 111] xlo: 322.482469, xhi: 429.976625, ylo: 322.482469, yhi: 429.976625, zlo: 322.482469, zhi: 429.976625
[Rank 194] xlo: 644.964937, xhi: 752.459094, ylo: 0.000000, yhi: 107.494156, zlo: 214.988312, zhi: 322.482469
[Rank 7] xlo: 0.000000, xhi: 107.494156, ylo: 107.494156, yhi: 214.988312, zlo: 322.482469, zhi: 429.976625
[Rank 40] xlo: 107.494156, xhi: 214.988312, ylo: 214.988312, yhi: 322.482469, zlo: 0.000000, zhi: 107.494156
[Rank 97] xlo: 322.482469, xhi: 429.976625, ylo: 0.000000, yhi: 107.494156, zlo: 107.494156, zhi: 214.988312
[Rank 210] xlo: 644.964937, xhi: 752.459094, ylo: 429.976625, yhi: 537.470781, zlo: 214.988312, zhi: 322.482469
[Rank 33] xlo: 107.494156, xhi: 214.988312, ylo: 0.000000, yhi: 107.494156, zlo: 107.494156, zhi: 214.988312
[Rank 49] xlo: 107.494156, xhi: 214.988312, ylo: 429.976625, yhi: 537.470781, zlo: 107.494156, zhi: 214.988312
[Rank 47] xlo: 107.494156, xhi: 214.988312, ylo: 322.482469, yhi: 429.976625, zlo: 322.482469, zhi: 429.976625
[Rank 3] xlo: 0.000000, xhi: 107.494156, ylo: 0.000000, yhi: 107.494156, zlo: 322.482469, zhi: 429.976625
[Rank 65] xlo: 214.988312, xhi: 322.482469, ylo: 0.000000, yhi: 107.494156, zlo: 107.494156, zhi: 214.988312
[Rank 63] xlo: 107.494156, xhi: 214.988312, ylo: 752.459094, yhi: 859.953250, zlo: 322.482469, zhi: 429.976625
[Rank 246] xlo: 752.459094, xhi: 859.953250, ylo: 537.470781, yhi: 644.964937, zlo: 214.988312, zhi: 322.482469
[Rank 162] xlo: 537.470781, xhi: 644.964937, ylo: 0.000000, yhi: 107.494156, zlo: 214.988312, zhi: 322.482469
[Rank 211] xlo: 644.964937, xhi: 752.459094, ylo: 429.976625, yhi: 537.470781, zlo: 322.482469, zhi: 429.976625
[Rank 64] xlo: 214.988312, xhi: 322.482469, ylo: 0.000000, yhi: 107.494156, zlo: 0.000000, zhi: 107.494156
[Rank 131] xlo: 429.976625, xhi: 537.470781, ylo: 0.000000, yhi: 107.494156, zlo: 322.482469, zhi: 429.976625
[Rank 46] xlo: 107.494156, xhi: 214.988312, ylo: 322.482469, yhi: 429.976625, zlo: 214.988312, zhi: 322.482469
[Rank 60] xlo: 107.494156, xhi: 214.988312, ylo: 752.459094, yhi: 859.953250, zlo: 0.000000, zhi: 107.494156
[Rank 163] xlo: 537.470781, xhi: 644.964937, ylo: 0.000000, yhi: 107.494156, zlo: 322.482469, zhi: 429.976625
[Rank 247] xlo: 752.459094, xhi: 859.953250, ylo: 537.470781, yhi: 644.964937, zlo: 322.482469, zhi: 429.976625
[Rank 237] xlo: 752.459094, xhi: 859.953250, ylo: 322.482469, yhi: 429.976625, zlo: 107.494156, zhi: 214.988312
[Rank 144] xlo: 429.976625, xhi: 537.470781, ylo: 429.976625, yhi: 537.470781, zlo: 0.000000, zhi: 107.494156
[Rank 165] xlo: 537.470781, xhi: 644.964937, ylo: 107.494156, yhi: 214.988312, zlo: 107.494156, zhi: 214.988312
[Rank 158] xlo: 429.976625, xhi: 537.470781, ylo: 752.459094, yhi: 859.953250, zlo: 214.988312, zhi: 322.482469
[Rank 91] xlo: 214.988312, xhi: 322.482469, ylo: 644.964937, yhi: 752.459094, zlo: 322.482469, zhi: 429.976625
[Rank 236] xlo: 752.459094, xhi: 859.953250, ylo: 322.482469, yhi: 429.976625, zlo: 0.000000, zhi: 107.494156
[Rank 164] xlo: 537.470781, xhi: 644.964937, ylo: 107.494156, yhi: 214.988312, zlo: 0.000000, zhi: 107.494156
[Rank 159] xlo: 429.976625, xhi: 537.470781, ylo: 752.459094, yhi: 859.953250, zlo: 322.482469, zhi: 429.976625
[Rank 147] xlo: 429.976625, xhi: 537.470781, ylo: 429.976625, yhi: 537.470781, zlo: 322.482469, zhi: 429.976625
[Rank 160] xlo: 537.470781, xhi: 644.964937, ylo: 0.000000, yhi: 107.494156, zlo: 0.000000, zhi: 107.494156
[Rank 90] xlo: 214.988312, xhi: 322.482469, ylo: 644.964937, yhi: 752.459094, zlo: 214.988312, zhi: 322.482469
[Rank 172] xlo: 537.470781, xhi: 644.964937, ylo: 322.482469, yhi: 429.976625, zlo: 0.000000, zhi: 107.494156
[Rank 53] xlo: 107.494156, xhi: 214.988312, ylo: 537.470781, yhi: 644.964937, zlo: 107.494156, zhi: 214.988312
[Rank 36] xlo: 107.494156, xhi: 214.988312, ylo: 107.494156, yhi: 214.988312, zlo: 0.000000, zhi: 107.494156
[Rank 200] xlo: 644.964937, xhi: 752.459094, ylo: 214.988312, yhi: 322.482469, zlo: 0.000000, zhi: 107.494156
[Rank 50] xlo: 107.494156, xhi: 214.988312, ylo: 429.976625, yhi: 537.470781, zlo: 214.988312, zhi: 322.482469
[Rank 161] xlo: 537.470781, xhi: 644.964937, ylo: 0.000000, yhi: 107.494156, zlo: 107.494156, zhi: 214.988312
[Rank 173] xlo: 537.470781, xhi: 644.964937, ylo: 322.482469, yhi: 429.976625, zlo: 107.494156, zhi: 214.988312
[Rank 179] xlo: 537.470781, xhi: 644.964937, ylo: 429.976625, yhi: 537.470781, zlo: 322.482469, zhi: 429.976625
[Rank 37] xlo: 107.494156, xhi: 214.988312, ylo: 107.494156, yhi: 214.988312, zlo: 107.494156, zhi: 214.988312
[Rank 203] xlo: 644.964937, xhi: 752.459094, ylo: 214.988312, yhi: 322.482469, zlo: 322.482469, zhi: 429.976625
[Rank 34] xlo: 107.494156, xhi: 214.988312, ylo: 0.000000, yhi: 107.494156, zlo: 214.988312, zhi: 322.482469
[Rank 14] xlo: 0.000000, xhi: 107.494156, ylo: 322.482469, yhi: 429.976625, zlo: 214.988312, zhi: 322.482469
[Rank 178] xlo: 537.470781, xhi: 644.964937, ylo: 429.976625, yhi: 537.470781, zlo: 214.988312, zhi: 322.482469
[Rank 62] xlo: 107.494156, xhi: 214.988312, ylo: 752.459094, yhi: 859.953250, zlo: 214.988312, zhi: 322.482469
[Rank 43] xlo: 107.494156, xhi: 214.988312, ylo: 214.988312, yhi: 322.482469, zlo: 322.482469, zhi: 429.976625
[Rank 35] xlo: 107.494156, xhi: 214.988312, ylo: 0.000000, yhi: 107.494156, zlo: 322.482469, zhi: 429.976625
[Rank 15] xlo: 0.000000, xhi: 107.494156, ylo: 322.482469, yhi: 429.976625, zlo: 322.482469, zhi: 429.976625
[Rank 145] xlo: 429.976625, xhi: 537.470781, ylo: 429.976625, yhi: 537.470781, zlo: 107.494156, zhi: 214.988312
[Rank 61] xlo: 107.494156, xhi: 214.988312, ylo: 752.459094, yhi: 859.953250, zlo: 107.494156, zhi: 214.988312
[Rank 73] xlo: 214.988312, xhi: 322.482469, ylo: 214.988312, yhi: 322.482469, zlo: 107.494156, zhi: 214.988312
[Rank 109] xlo: 322.482469, xhi: 429.976625, ylo: 322.482469, yhi: 429.976625, zlo: 107.494156, zhi: 214.988312
[Rank 19] xlo: 0.000000, xhi: 107.494156, ylo: 429.976625, yhi: 537.470781, zlo: 322.482469, zhi: 429.976625
[Rank 72] xlo: 214.988312, xhi: 322.482469, ylo: 214.988312, yhi: 322.482469, zlo: 0.000000, zhi: 107.494156
[Rank 108] xlo: 322.482469, xhi: 429.976625, ylo: 322.482469, yhi: 429.976625, zlo: 0.000000, zhi: 107.494156
[Rank 18] xlo: 0.000000, xhi: 107.494156, ylo: 429.976625, yhi: 537.470781, zlo: 214.988312, zhi: 322.482469
[Rank 171] xlo: 537.470781, xhi: 644.964937, ylo: 214.988312, yhi: 322.482469, zlo: 322.482469, zhi: 429.976625
[Rank 238] xlo: 752.459094, xhi: 859.953250, ylo: 322.482469, yhi: 429.976625, zlo: 214.988312, zhi: 322.482469
[Rank 177] xlo: 537.470781, xhi: 644.964937, ylo: 429.976625, yhi: 537.470781, zlo: 107.494156, zhi: 214.988312
[Rank 170] xlo: 537.470781, xhi: 644.964937, ylo: 214.988312, yhi: 322.482469, zlo: 214.988312, zhi: 322.482469
[Rank 157] xlo: 429.976625, xhi: 537.470781, ylo: 752.459094, yhi: 859.953250, zlo: 107.494156, zhi: 214.988312
[Rank 239] xlo: 752.459094, xhi: 859.953250, ylo: 322.482469, yhi: 429.976625, zlo: 322.482469, zhi: 429.976625
[Rank 176] xlo: 537.470781, xhi: 644.964937, ylo: 429.976625, yhi: 537.470781, zlo: 0.000000, zhi: 107.494156
[Rank 156] xlo: 429.976625, xhi: 537.470781, ylo: 752.459094, yhi: 859.953250, zlo: 0.000000, zhi: 107.494156
[Rank 185] xlo: 537.470781, xhi: 644.964937, ylo: 644.964937, yhi: 752.459094, zlo: 107.494156, zhi: 214.988312
[Rank 208] xlo: 644.964937, xhi: 752.459094, ylo: 429.976625, yhi: 537.470781, zlo: 0.000000, zhi: 107.494156
[Rank 39] xlo: 107.494156, xhi: 214.988312, ylo: 107.494156, yhi: 214.988312, zlo: 322.482469, zhi: 429.976625
[Rank 155] xlo: 429.976625, xhi: 537.470781, ylo: 644.964937, yhi: 752.459094, zlo: 322.482469, zhi: 429.976625
[Rank 209] xlo: 644.964937, xhi: 752.459094, ylo: 429.976625, yhi: 537.470781, zlo: 107.494156, zhi: 214.988312
[Rank 38] xlo: 107.494156, xhi: 214.988312, ylo: 107.494156, yhi: 214.988312, zlo: 214.988312, zhi: 322.482469
[Rank 104] xlo: 322.482469, xhi: 429.976625, ylo: 214.988312, yhi: 322.482469, zlo: 0.000000, zhi: 107.494156
[Rank 184] xlo: 537.470781, xhi: 644.964937, ylo: 644.964937, yhi: 752.459094, zlo: 0.000000, zhi: 107.494156
[Rank 154] xlo: 429.976625, xhi: 537.470781, ylo: 644.964937, yhi: 752.459094, zlo: 214.988312, zhi: 322.482469
[Rank 105] xlo: 322.482469, xhi: 429.976625, ylo: 214.988312, yhi: 322.482469, zlo: 107.494156, zhi: 214.988312
[Rank 201] xlo: 644.964937, xhi: 752.459094, ylo: 214.988312, yhi: 322.482469, zlo: 107.494156, zhi: 214.988312
[Rank 88] xlo: 214.988312, xhi: 322.482469, ylo: 644.964937, yhi: 752.459094, zlo: 0.000000, zhi: 107.494156
[Rank 202] xlo: 644.964937, xhi: 752.459094, ylo: 214.988312, yhi: 322.482469, zlo: 214.988312, zhi: 322.482469
[Rank 89] xlo: 214.988312, xhi: 322.482469, ylo: 644.964937, yhi: 752.459094, zlo: 107.494156, zhi: 214.988312
[Rank 8] xlo: 0.000000, xhi: 107.494156, ylo: 214.988312, yhi: 322.482469, zlo: 0.000000, zhi: 107.494156
[Rank 75] xlo: 214.988312, xhi: 322.482469, ylo: 214.988312, yhi: 322.482469, zlo: 322.482469, zhi: 429.976625
[Rank 74] xlo: 214.988312, xhi: 322.482469, ylo: 214.988312, yhi: 322.482469, zlo: 214.988312, zhi: 322.482469
[Rank 41] xlo: 107.494156, xhi: 214.988312, ylo: 214.988312, yhi: 322.482469, zlo: 107.494156, zhi: 214.988312
[Rank 42] xlo: 107.494156, xhi: 214.988312, ylo: 214.988312, yhi: 322.482469, zlo: 214.988312, zhi: 322.482469
[Rank 168] xlo: 537.470781, xhi: 644.964937, ylo: 214.988312, yhi: 322.482469, zlo: 0.000000, zhi: 107.494156
[Rank 169] xlo: 537.470781, xhi: 644.964937, ylo: 214.988312, yhi: 322.482469, zlo: 107.494156, zhi: 214.988312
[Rank 152] xlo: 429.976625, xhi: 537.470781, ylo: 644.964937, yhi: 752.459094, zlo: 0.000000, zhi: 107.494156
[Rank 153] xlo: 429.976625, xhi: 537.470781, ylo: 644.964937, yhi: 752.459094, zlo: 107.494156, zhi: 214.988312
[Rank 11] xlo: 0.000000, xhi: 107.494156, ylo: 214.988312, yhi: 322.482469, zlo: 322.482469, zhi: 429.976625
[Rank 9] xlo: 0.000000, xhi: 107.494156, ylo: 214.988312, yhi: 322.482469, zlo: 107.494156, zhi: 214.988312
[Rank 10] xlo: 0.000000, xhi: 107.494156, ylo: 214.988312, yhi: 322.482469, zlo: 214.988312, zhi: 322.482469
[Rank 232] xlo: 752.459094, xhi: 859.953250, ylo: 214.988312, yhi: 322.482469, zlo: 0.000000, zhi: 107.494156
[Rank 207] xlo: 644.964937, xhi: 752.459094, ylo: 322.482469, yhi: 429.976625, zlo: 322.482469, zhi: 429.976625
[Rank 204] xlo: 644.964937, xhi: 752.459094, ylo: 322.482469, yhi: 429.976625, zlo: 0.000000, zhi: 107.494156
[Rank 206] xlo: 644.964937, xhi: 752.459094, ylo: 322.482469, yhi: 429.976625, zlo: 214.988312, zhi: 322.482469
[Rank 205] xlo: 644.964937, xhi: 752.459094, ylo: 322.482469, yhi: 429.976625, zlo: 107.494156, zhi: 214.988312
[Rank 235] xlo: 752.459094, xhi: 859.953250, ylo: 214.988312, yhi: 322.482469, zlo: 322.482469, zhi: 429.976625
[Rank 103] xlo: 322.482469, xhi: 429.976625, ylo: 107.494156, yhi: 214.988312, zlo: 322.482469, zhi: 429.976625
[Rank 234] xlo: 752.459094, xhi: 859.953250, ylo: 214.988312, yhi: 322.482469, zlo: 214.988312, zhi: 322.482469
[Rank 102] xlo: 322.482469, xhi: 429.976625, ylo: 107.494156, yhi: 214.988312, zlo: 214.988312, zhi: 322.482469
[Rank 52] xlo: 107.494156, xhi: 214.988312, ylo: 537.470781, yhi: 644.964937, zlo: 0.000000, zhi: 107.494156
[Rank 100] xlo: 322.482469, xhi: 429.976625, ylo: 107.494156, yhi: 214.988312, zlo: 0.000000, zhi: 107.494156
[Rank 101] xlo: 322.482469, xhi: 429.976625, ylo: 107.494156, yhi: 214.988312, zlo: 107.494156, zhi: 214.988312
[Rank 55] xlo: 107.494156, xhi: 214.988312, ylo: 537.470781, yhi: 644.964937, zlo: 322.482469, zhi: 429.976625
[Rank 54] xlo: 107.494156, xhi: 214.988312, ylo: 537.470781, yhi: 644.964937, zlo: 214.988312, zhi: 322.482469
# Starting dynamics ...
# Timestep T U P Time
0 1.440000e+00 -6.773368e+00 -5.019669e+00  0.000
100 7.341298e-01 -5.721656e+00 4.609505e-01  1.147
[Atom] pack_comm: 600, unpack_comm: 600, pack_comm_self: 0, pack_reverse: 606, unpack_reverse: 606
[Rank 0] inte[0]: 207.435, comm[0]: 222.581, comm[1]: 1648.115, comm[2]: 220.999, force: 3204.691, rev_comm[0]: 214.850, rev_comm[1]: 1607.745, rev_comm[2]: 245.123, inte[1]: 145.613
[Rank 1] inte[0]: 205.811, comm[0]: 220.149, comm[1]: 1699.560, comm[2]: 219.035, force: 3182.473, rev_comm[0]: 213.472, rev_comm[1]: 1664.318, rev_comm[2]: 242.330, inte[1]: 145.126
[Rank 2] inte[0]: 208.259, comm[0]: 225.636, comm[1]: 1673.527, comm[2]: 224.742, force: 3183.525, rev_comm[0]: 219.357, rev_comm[1]: 1640.958, rev_comm[2]: 248.470, inte[1]: 145.574
[Rank 3] inte[0]: 207.601, comm[0]: 227.845, comm[1]: 1702.142, comm[2]: 225.492, force: 3197.526, rev_comm[0]: 220.614, rev_comm[1]: 1668.492, rev_comm[2]: 250.288, inte[1]: 145.951
[Rank 4] inte[0]: 206.346, comm[0]: 220.307, comm[1]: 1606.461, comm[2]: 221.256, force: 3198.808, rev_comm[0]: 214.100, rev_comm[1]: 1665.768, rev_comm[2]: 245.022, inte[1]: 145.191
[Rank 5] inte[0]: 206.369, comm[0]: 220.446, comm[1]: 1650.407, comm[2]: 221.299, force: 3192.232, rev_comm[0]: 214.815, rev_comm[1]: 1707.510, rev_comm[2]: 244.540, inte[1]: 145.034
[Rank 6] inte[0]: 206.557, comm[0]: 223.186, comm[1]: 1638.543, comm[2]: 222.534, force: 3189.468, rev_comm[0]: 216.869, rev_comm[1]: 1691.808, rev_comm[2]: 248.326, inte[1]: 144.815
[Rank 7] inte[0]: 206.305, comm[0]: 221.411, comm[1]: 1651.673, comm[2]: 221.631, force: 3202.362, rev_comm[0]: 216.262, rev_comm[1]: 1708.467, rev_comm[2]: 246.534, inte[1]: 145.295
[Rank 8] inte[0]: 205.825, comm[0]: 224.930, comm[1]: 1882.518, comm[2]: 223.201, force: 3205.106, rev_comm[0]: 217.552, rev_comm[1]: 1941.996, rev_comm[2]: 248.320, inte[1]: 145.043
[Rank 9] inte[0]: 205.923, comm[0]: 221.734, comm[1]: 1953.771, comm[2]: 220.883, force: 3194.593, rev_comm[0]: 216.696, rev_comm[1]: 2010.938, rev_comm[2]: 246.115, inte[1]: 144.751
[Rank 10] inte[0]: 206.142, comm[0]: 225.227, comm[1]: 1910.909, comm[2]: 222.644, force: 3197.437, rev_comm[0]: 219.083, rev_comm[1]: 1971.224, rev_comm[2]: 248.044, inte[1]: 145.255
[Rank 11] inte[0]: 205.865, comm[0]: 221.637, comm[1]: 1953.412, comm[2]: 220.442, force: 3205.000, rev_comm[0]: 216.425, rev_comm[1]: 2010.977, rev_comm[2]: 244.124, inte[1]: 145.113
[Rank 12] inte[0]: 205.679, comm[0]: 221.808, comm[1]: 1746.726, comm[2]: 221.356, force: 3194.713, rev_comm[0]: 215.163, rev_comm[1]: 1765.228, rev_comm[2]: 246.326, inte[1]: 144.767
[Rank 13] inte[0]: 205.853, comm[0]: 219.225, comm[1]: 1790.776, comm[2]: 219.767, force: 3183.166, rev_comm[0]: 213.028, rev_comm[1]: 1813.937, rev_comm[2]: 243.689, inte[1]: 145.104
[Rank 14] inte[0]: 206.557, comm[0]: 223.939, comm[1]: 1749.640, comm[2]: 221.651, force: 3182.917, rev_comm[0]: 217.000, rev_comm[1]: 1772.507, rev_comm[2]: 246.632, inte[1]: 145.534
[Rank 15] inte[0]: 205.284, comm[0]: 220.865, comm[1]: 1794.648, comm[2]: 219.657, force: 3195.062, rev_comm[0]: 214.799, rev_comm[1]: 1814.975, rev_comm[2]: 243.913, inte[1]: 144.617
[Rank 16] inte[0]: 206.579, comm[0]: 223.096, comm[1]: 1937.967, comm[2]: 219.980, force: 3189.565, rev_comm[0]: 217.018, rev_comm[1]: 2072.898, rev_comm[2]: 244.643, inte[1]: 145.117
[Rank 17] inte[0]: 206.058, comm[0]: 220.387, comm[1]: 1999.793, comm[2]: 219.070, force: 3192.478, rev_comm[0]: 216.206, rev_comm[1]: 2120.469, rev_comm[2]: 243.969, inte[1]: 143.949
[Rank 18] inte[0]: 207.728, comm[0]: 226.323, comm[1]: 1960.076, comm[2]: 223.859, force: 3183.879, rev_comm[0]: 219.377, rev_comm[1]: 2099.171, rev_comm[2]: 249.165, inte[1]: 146.121
[Rank 19] inte[0]: 206.733, comm[0]: 223.181, comm[1]: 2009.517, comm[2]: 221.703, force: 3188.934, rev_comm[0]: 216.764, rev_comm[1]: 2133.813, rev_comm[2]: 246.822, inte[1]: 145.321
[Rank 20] inte[0]: 206.163, comm[0]: 220.147, comm[1]: 1557.289, comm[2]: 220.545, force: 3197.449, rev_comm[0]: 214.467, rev_comm[1]: 1632.498, rev_comm[2]: 244.843, inte[1]: 144.730
[Rank 21] inte[0]: 206.025, comm[0]: 221.643, comm[1]: 1581.112, comm[2]: 221.362, force: 3189.224, rev_comm[0]: 215.104, rev_comm[1]: 1660.803, rev_comm[2]: 246.123, inte[1]: 145.215
[Rank 22] inte[0]: 207.699, comm[0]: 226.064, comm[1]: 1560.048, comm[2]: 224.150, force: 3189.329, rev_comm[0]: 219.312, rev_comm[1]: 1636.760, rev_comm[2]: 246.847, inte[1]: 145.786
[Rank 23] inte[0]: 205.995, comm[0]: 223.672, comm[1]: 1590.290, comm[2]: 222.582, force: 3200.116, rev_comm[0]: 218.465, rev_comm[1]: 1666.979, rev_comm[2]: 246.605, inte[1]: 145.030
[Rank 24] inte[0]: 206.744, comm[0]: 223.089, comm[1]: 1446.430, comm[2]: 222.272, force: 3182.083, rev_comm[0]: 216.558, rev_comm[1]: 1488.818, rev_comm[2]: 246.020, inte[1]: 146.033
[Rank 25] inte[0]: 207.427, comm[0]: 222.822, comm[1]: 1497.848, comm[2]: 222.626, force: 3170.910, rev_comm[0]: 217.013, rev_comm[1]: 1537.618, rev_comm[2]: 247.383, inte[1]: 145.548
[Rank 26] inte[0]: 207.511, comm[0]: 226.222, comm[1]: 1484.205, comm[2]: 225.634, force: 3172.832, rev_comm[0]: 218.772, rev_comm[1]: 1518.620, rev_comm[2]: 250.160, inte[1]: 146.146
[Rank 27] inte[0]: 206.809, comm[0]: 225.842, comm[1]: 1497.583, comm[2]: 223.820, force: 3202.751, rev_comm[0]: 218.883, rev_comm[1]: 1534.743, rev_comm[2]: 248.008, inte[1]: 145.570
[Rank 28] inte[0]: 206.923, comm[0]: 220.100, comm[1]: 1557.270, comm[2]: 221.602, force: 3209.832, rev_comm[0]: 214.244, rev_comm[1]: 1577.650, rev_comm[2]: 243.932, inte[1]: 145.052
[Rank 29] inte[0]: 207.642, comm[0]: 220.814, comm[1]: 1615.601, comm[2]: 221.266, force: 3188.351, rev_comm[0]: 214.585, rev_comm[1]: 1638.213, rev_comm[2]: 245.019, inte[1]: 145.111
[Rank 30] inte[0]: 207.678, comm[0]: 225.939, comm[1]: 1594.542, comm[2]: 226.681, force: 3188.203, rev_comm[0]: 218.805, rev_comm[1]: 1617.840, rev_comm[2]: 248.182, inte[1]: 146.021
[Rank 31] inte[0]: 206.184, comm[0]: 223.951, comm[1]: 1617.916, comm[2]: 223.133, force: 3200.319, rev_comm[0]: 216.707, rev_comm[1]: 1637.049, rev_comm[2]: 247.327, inte[1]: 145.331
[Rank 32] inte[0]: 205.937, comm[0]: 222.676, comm[1]: 1696.497, comm[2]: 222.000, force: 3196.799, rev_comm[0]: 215.367, rev_comm[1]: 1689.012, rev_comm[2]: 246.780, inte[1]: 145.111
[Rank 33] inte[0]: 205.729, comm[0]: 217.938, comm[1]: 1746.859, comm[2]: 219.184, force: 3201.044, rev_comm[0]: 212.558, rev_comm[1]: 1746.391, rev_comm[2]: 243.194, inte[1]: 143.715
[Rank 34] inte[0]: 206.465, comm[0]: 222.739, comm[1]: 1701.318, comm[2]: 219.322, force: 3187.928, rev_comm[0]: 216.054, rev_comm[1]: 1698.234, rev_comm[2]: 244.756, inte[1]: 144.791
[Rank 35] inte[0]: 205.605, comm[0]: 220.004, comm[1]: 1747.866, comm[2]: 218.569, force: 3199.304, rev_comm[0]: 213.929, rev_comm[1]: 1745.350, rev_comm[2]: 242.830, inte[1]: 145.416
[Rank 36] inte[0]: 207.757, comm[0]: 224.946, comm[1]: 1818.923, comm[2]: 224.069, force: 3205.676, rev_comm[0]: 217.826, rev_comm[1]: 1759.853, rev_comm[2]: 247.789, inte[1]: 145.611
[Rank 37] inte[0]: 205.961, comm[0]: 219.823, comm[1]: 1849.846, comm[2]: 221.365, force: 3196.239, rev_comm[0]: 214.324, rev_comm[1]: 1795.992, rev_comm[2]: 245.104, inte[1]: 144.920
[Rank 38] inte[0]: 206.939, comm[0]: 226.058, comm[1]: 1824.714, comm[2]: 225.753, force: 3193.873, rev_comm[0]: 219.430, rev_comm[1]: 1763.563, rev_comm[2]: 249.919, inte[1]: 145.726
[Rank 39] inte[0]: 206.237, comm[0]: 224.791, comm[1]: 1857.841, comm[2]: 223.801, force: 3206.951, rev_comm[0]: 218.581, rev_comm[1]: 1795.572, rev_comm[2]: 248.714, inte[1]: 145.129
[Rank 40] inte[0]: 206.596, comm[0]: 221.300, comm[1]: 1984.733, comm[2]: 221.449, force: 3208.491, rev_comm[0]: 215.990, rev_comm[1]: 2027.911, rev_comm[2]: 246.424, inte[1]: 146.007
[Rank 41] inte[0]: 206.587, comm[0]: 219.615, comm[1]: 2064.116, comm[2]: 219.385, force: 3202.322, rev_comm[0]: 215.575, rev_comm[1]: 2098.614, rev_comm[2]: 244.477, inte[1]: 145.198
[Rank 42] inte[0]: 206.076, comm[0]: 223.129, comm[1]: 2018.509, comm[2]: 222.066, force: 3199.523, rev_comm[0]: 218.238, rev_comm[1]: 2048.378, rev_comm[2]: 245.399, inte[1]: 144.852
[Rank 43] inte[0]: 205.643, comm[0]: 222.968, comm[1]: 2065.961, comm[2]: 221.902, force: 3216.495, rev_comm[0]: 218.547, rev_comm[1]: 2098.320, rev_comm[2]: 247.379, inte[1]: 144.261
[Rank 44] inte[0]: 205.972, comm[0]: 218.895, comm[1]: 1527.374, comm[2]: 220.369, force: 3197.910, rev_comm[0]: 212.501, rev_comm[1]: 1493.756, rev_comm[2]: 245.511, inte[1]: 145.084
[Rank 45] inte[0]: 206.743, comm[0]: 220.253, comm[1]: 1581.224, comm[2]: 220.510, force: 3187.611, rev_comm[0]: 213.123, rev_comm[1]: 1542.163, rev_comm[2]: 243.773, inte[1]: 144.808
[Rank 46] inte[0]: 206.471, comm[0]: 224.570, comm[1]: 1548.977, comm[2]: 223.954, force: 3191.536, rev_comm[0]: 218.008, rev_comm[1]: 1509.233, rev_comm[2]: 247.311, inte[1]: 145.863
[Rank 47] inte[0]: 205.627, comm[0]: 222.617, comm[1]: 1583.715, comm[2]: 221.342, force: 3203.108, rev_comm[0]: 216.030, rev_comm[1]: 1543.729, rev_comm[2]: 245.821, inte[1]: 144.762
[Rank 48] inte[0]: 206.217, comm[0]: 219.270, comm[1]: 1871.650, comm[2]: 221.307, force: 3191.074, rev_comm[0]: 213.495, rev_comm[1]: 1972.975, rev_comm[2]: 247.006, inte[1]: 145.084
[Rank 49] inte[0]: 206.540, comm[0]: 215.880, comm[1]: 1909.794, comm[2]: 217.539, force: 3182.748, rev_comm[0]: 211.316, rev_comm[1]: 2001.126, rev_comm[2]: 241.854, inte[1]: 145.021
[Rank 50] inte[0]: 206.842, comm[0]: 224.016, comm[1]: 1883.504, comm[2]: 224.426, force: 3184.993, rev_comm[0]: 217.090, rev_comm[1]: 1990.392, rev_comm[2]: 247.748, inte[1]: 145.791
[Rank 51] inte[0]: 205.596, comm[0]: 223.220, comm[1]: 1922.645, comm[2]: 221.929, force: 3198.976, rev_comm[0]: 217.289, rev_comm[1]: 2014.484, rev_comm[2]: 246.577, inte[1]: 144.324
[Rank 52] inte[0]: 206.084, comm[0]: 207.617, comm[1]: 1452.453, comm[2]: 209.283, force: 3196.041, rev_comm[0]: 200.441, rev_comm[1]: 1490.772, rev_comm[2]: 230.512, inte[1]: 144.281
[Rank 53] inte[0]: 204.921, comm[0]: 206.433, comm[1]: 1464.275, comm[2]: 207.251, force: 3187.107, rev_comm[0]: 199.436, rev_comm[1]: 1496.801, rev_comm[2]: 228.649, inte[1]: 143.889
[Rank 54] inte[0]: 206.579, comm[0]: 225.290, comm[1]: 1462.531, comm[2]: 224.785, force: 3193.565, rev_comm[0]: 219.378, rev_comm[1]: 1491.835, rev_comm[2]: 248.707, inte[1]: 145.552
[Rank 55] inte[0]: 206.675, comm[0]: 224.529, comm[1]: 1478.419, comm[2]: 223.613, force: 3205.323, rev_comm[0]: 218.758, rev_comm[1]: 1507.711, rev_comm[2]: 246.788, inte[1]: 144.960
[Rank 56] inte[0]: 206.265, comm[0]: 219.678, comm[1]: 1592.831, comm[2]: 218.881, force: 3186.095, rev_comm[0]: 214.304, rev_comm[1]: 1670.655, rev_comm[2]: 243.572, inte[1]: 145.403
[Rank 57] inte[0]: 206.391, comm[0]: 220.866, comm[1]: 1647.437, comm[2]: 221.061, force: 3177.510, rev_comm[0]: 215.446, rev_comm[1]: 1722.338, rev_comm[2]: 245.199, inte[1]: 145.128
[Rank 58] inte[0]: 205.932, comm[0]: 208.333, comm[1]: 1614.611, comm[2]: 208.117, force: 3171.686, rev_comm[0]: 202.088, rev_comm[1]: 1690.612, rev_comm[2]: 230.638, inte[1]: 144.702
[Rank 59] inte[0]: 204.966, comm[0]: 207.157, comm[1]: 1646.308, comm[2]: 207.571, force: 3196.979, rev_comm[0]: 199.956, rev_comm[1]: 1720.639, rev_comm[2]: 230.374, inte[1]: 143.927
[Rank 60] inte[0]: 206.132, comm[0]: 221.223, comm[1]: 1703.350, comm[2]: 221.647, force: 3201.098, rev_comm[0]: 214.535, rev_comm[1]: 1640.950, rev_comm[2]: 246.705, inte[1]: 145.369
[Rank 61] inte[0]: 205.728, comm[0]: 220.833, comm[1]: 1752.351, comm[2]: 220.636, force: 3190.083, rev_comm[0]: 215.344, rev_comm[1]: 1696.637, rev_comm[2]: 245.693, inte[1]: 144.694
[Rank 62] inte[0]: 205.865, comm[0]: 225.193, comm[1]: 1720.654, comm[2]: 223.605, force: 3192.629, rev_comm[0]: 217.034, rev_comm[1]: 1664.685, rev_comm[2]: 248.118, inte[1]: 145.484
[Rank 63] inte[0]: 206.461, comm[0]: 225.244, comm[1]: 1756.488, comm[2]: 223.386, force: 3204.275, rev_comm[0]: 217.432, rev_comm[1]: 1697.281, rev_comm[2]: 247.469, inte[1]: 145.371
[Rank 64] inte[0]: 206.761, comm[0]: 220.423, comm[1]: 1742.646, comm[2]: 220.304, force: 3204.875, rev_comm[0]: 214.848, rev_comm[1]: 1752.194, rev_comm[2]: 244.470, inte[1]: 145.508
[Rank 65] inte[0]: 205.011, comm[0]: 220.102, comm[1]: 1769.678, comm[2]: 220.562, force: 3193.249, rev_comm[0]: 214.836, rev_comm[1]: 1781.013, rev_comm[2]: 245.009, inte[1]: 144.184
[Rank 66] inte[0]: 206.457, comm[0]: 223.654, comm[1]: 1740.624, comm[2]: 222.269, force: 3193.617, rev_comm[0]: 217.498, rev_comm[1]: 1760.864, rev_comm[2]: 248.327, inte[1]: 145.569
[Rank 67] inte[0]: 208.098, comm[0]: 220.979, comm[1]: 1779.789, comm[2]: 221.008, force: 3217.693, rev_comm[0]: 215.667, rev_comm[1]: 1788.545, rev_comm[2]: 244.473, inte[1]: 145.369
[Rank 68] inte[0]: 206.313, comm[0]: 222.547, comm[1]: 1924.394, comm[2]: 222.187, force: 3207.014, rev_comm[0]: 216.189, rev_comm[1]: 1854.758, rev_comm[2]: 246.947, inte[1]: 145.120
[Rank 69] inte[0]: 206.313, comm[0]: 223.499, comm[1]: 1934.115, comm[2]: 223.616, force: 3200.914, rev_comm[0]: 216.706, rev_comm[1]: 1873.699, rev_comm[2]: 246.404, inte[1]: 145.583
[Rank 70] inte[0]: 206.744, comm[0]: 225.071, comm[1]: 1909.649, comm[2]: 223.631, force: 3200.090, rev_comm[0]: 218.188, rev_comm[1]: 1854.159, rev_comm[2]: 247.661, inte[1]: 145.559
[Rank 71] inte[0]: 206.608, comm[0]: 222.273, comm[1]: 1947.129, comm[2]: 220.742, force: 3211.757, rev_comm[0]: 216.414, rev_comm[1]: 1881.528, rev_comm[2]: 245.282, inte[1]: 145.318
[Rank 72] inte[0]: 206.577, comm[0]: 223.520, comm[1]: 1551.428, comm[2]: 221.727, force: 3210.525, rev_comm[0]: 216.434, rev_comm[1]: 1541.149, rev_comm[2]: 247.429, inte[1]: 145.450
[Rank 73] inte[0]: 206.683, comm[0]: 219.821, comm[1]: 1581.093, comm[2]: 220.783, force: 3209.486, rev_comm[0]: 214.626, rev_comm[1]: 1572.301, rev_comm[2]: 244.727, inte[1]: 144.398
[Rank 74] inte[0]: 206.434, comm[0]: 225.712, comm[1]: 1544.009, comm[2]: 223.528, force: 3205.230, rev_comm[0]: 219.235, rev_comm[1]: 1534.271, rev_comm[2]: 247.774, inte[1]: 145.513
[Rank 75] inte[0]: 206.914, comm[0]: 223.630, comm[1]: 1585.785, comm[2]: 222.093, force: 3219.702, rev_comm[0]: 217.214, rev_comm[1]: 1575.473, rev_comm[2]: 246.047, inte[1]: 144.873
[Rank 76] inte[0]: 207.021, comm[0]: 222.451, comm[1]: 1547.933, comm[2]: 223.131, force: 3201.583, rev_comm[0]: 216.412, rev_comm[1]: 1540.936, rev_comm[2]: 247.500, inte[1]: 145.266
[Rank 77] inte[0]: 206.672, comm[0]: 221.500, comm[1]: 1568.108, comm[2]: 221.475, force: 3195.586, rev_comm[0]: 215.700, rev_comm[1]: 1556.844, rev_comm[2]: 247.040, inte[1]: 144.975
[Rank 78] inte[0]: 206.724, comm[0]: 223.439, comm[1]: 1536.002, comm[2]: 222.348, force: 3196.736, rev_comm[0]: 217.292, rev_comm[1]: 1521.323, rev_comm[2]: 248.013, inte[1]: 145.509
[Rank 79] inte[0]: 205.914, comm[0]: 221.283, comm[1]: 1573.528, comm[2]: 220.560, force: 3208.444, rev_comm[0]: 215.443, rev_comm[1]: 1563.913, rev_comm[2]: 244.110, inte[1]: 144.803
[Rank 80] inte[0]: 207.995, comm[0]: 223.994, comm[1]: 1534.323, comm[2]: 225.248, force: 3199.341, rev_comm[0]: 217.548, rev_comm[1]: 1630.045, rev_comm[2]: 249.769, inte[1]: 146.783
[Rank 81] inte[0]: 207.618, comm[0]: 221.345, comm[1]: 1573.806, comm[2]: 222.154, force: 3188.104, rev_comm[0]: 215.658, rev_comm[1]: 1664.609, rev_comm[2]: 246.095, inte[1]: 145.323
[Rank 82] inte[0]: 206.516, comm[0]: 224.067, comm[1]: 1562.051, comm[2]: 225.927, force: 3190.258, rev_comm[0]: 217.179, rev_comm[1]: 1647.049, rev_comm[2]: 248.721, inte[1]: 145.122
[Rank 83] inte[0]: 206.408, comm[0]: 221.330, comm[1]: 1575.282, comm[2]: 221.386, force: 3213.784, rev_comm[0]: 215.543, rev_comm[1]: 1662.707, rev_comm[2]: 245.675, inte[1]: 144.546
[Rank 84] inte[0]: 207.794, comm[0]: 220.233, comm[1]: 1440.210, comm[2]: 221.286, force: 3201.632, rev_comm[0]: 215.204, rev_comm[1]: 1470.909, rev_comm[2]: 245.442, inte[1]: 145.560
[Rank 85] inte[0]: 205.862, comm[0]: 222.287, comm[1]: 1461.700, comm[2]: 222.197, force: 3195.410, rev_comm[0]: 215.873, rev_comm[1]: 1494.145, rev_comm[2]: 246.771, inte[1]: 145.417
[Rank 86] inte[0]: 206.158, comm[0]: 224.529, comm[1]: 1448.509, comm[2]: 223.703, force: 3197.383, rev_comm[0]: 218.478, rev_comm[1]: 1480.845, rev_comm[2]: 248.044, inte[1]: 145.252
[Rank 87] inte[0]: 205.899, comm[0]: 222.670, comm[1]: 1469.919, comm[2]: 221.798, force: 3211.366, rev_comm[0]: 216.949, rev_comm[1]: 1500.580, rev_comm[2]: 246.638, inte[1]: 145.140
[Rank 88] inte[0]: 206.497, comm[0]: 220.348, comm[1]: 1904.006, comm[2]: 220.744, force: 3188.841, rev_comm[0]: 213.943, rev_comm[1]: 1916.013, rev_comm[2]: 245.025, inte[1]: 145.354
[Rank 89] inte[0]: 205.310, comm[0]: 221.198, comm[1]: 1937.706, comm[2]: 219.949, force: 3181.849, rev_comm[0]: 215.246, rev_comm[1]: 1956.978, rev_comm[2]: 244.478, inte[1]: 144.748
[Rank 90] inte[0]: 207.990, comm[0]: 226.597, comm[1]: 1928.509, comm[2]: 223.595, force: 3184.328, rev_comm[0]: 219.601, rev_comm[1]: 1940.564, rev_comm[2]: 249.531, inte[1]: 145.385
[Rank 91] inte[0]: 205.886, comm[0]: 222.304, comm[1]: 1956.926, comm[2]: 221.021, force: 3194.039, rev_comm[0]: 216.845, rev_comm[1]: 1968.476, rev_comm[2]: 245.463, inte[1]: 144.916
[Rank 92] inte[0]: 204.171, comm[0]: 207.729, comm[1]: 1665.660, comm[2]: 209.874, force: 3198.308, rev_comm[0]: 201.121, rev_comm[1]: 1783.637, rev_comm[2]: 231.364, inte[1]: 143.648
[Rank 93] inte[0]: 205.959, comm[0]: 205.776, comm[1]: 1683.242, comm[2]: 206.097, force: 3191.135, rev_comm[0]: 199.195, rev_comm[1]: 1808.569, rev_comm[2]: 229.281, inte[1]: 143.988
[Rank 94] inte[0]: 207.252, comm[0]: 224.557, comm[1]: 1691.760, comm[2]: 224.378, force: 3196.701, rev_comm[0]: 218.215, rev_comm[1]: 1805.576, rev_comm[2]: 249.478, inte[1]: 144.986
[Rank 95] inte[0]: 205.829, comm[0]: 222.849, comm[1]: 1701.554, comm[2]: 221.240, force: 3208.942, rev_comm[0]: 216.169, rev_comm[1]: 1817.234, rev_comm[2]: 245.963, inte[1]: 144.672
[Rank 96] inte[0]: 207.099, comm[0]: 220.637, comm[1]: 2004.923, comm[2]: 218.640, force: 3191.612, rev_comm[0]: 213.186, rev_comm[1]: 1807.783, rev_comm[2]: 244.634, inte[1]: 145.044
[Rank 97] inte[0]: 206.223, comm[0]: 221.238, comm[1]: 2029.889, comm[2]: 219.421, force: 3185.076, rev_comm[0]: 214.362, rev_comm[1]: 1830.296, rev_comm[2]: 243.435, inte[1]: 145.045
[Rank 98] inte[0]: 206.013, comm[0]: 223.412, comm[1]: 1989.890, comm[2]: 221.404, force: 3184.594, rev_comm[0]: 216.071, rev_comm[1]: 1790.923, rev_comm[2]: 246.986, inte[1]: 144.862
[Rank 99] inte[0]: 206.041, comm[0]: 222.430, comm[1]: 2035.340, comm[2]: 220.639, force: 3197.482, rev_comm[0]: 215.104, rev_comm[1]: 1837.186, rev_comm[2]: 244.769, inte[1]: 144.696
[Rank 100] inte[0]: 205.006, comm[0]: 221.515, comm[1]: 1733.393, comm[2]: 220.632, force: 3203.423, rev_comm[0]: 215.244, rev_comm[1]: 1771.924, rev_comm[2]: 244.733, inte[1]: 144.673
[Rank 101] inte[0]: 206.211, comm[0]: 220.682, comm[1]: 1796.783, comm[2]: 220.580, force: 3194.151, rev_comm[0]: 214.636, rev_comm[1]: 1842.003, rev_comm[2]: 244.639, inte[1]: 144.604
[Rank 102] inte[0]: 204.627, comm[0]: 206.940, comm[1]: 1755.733, comm[2]: 209.067, force: 3184.886, rev_comm[0]: 201.325, rev_comm[1]: 1799.126, rev_comm[2]: 231.028, inte[1]: 143.988
[Rank 103] inte[0]: 205.074, comm[0]: 207.623, comm[1]: 1792.892, comm[2]: 208.222, force: 3197.018, rev_comm[0]: 201.574, rev_comm[1]: 1835.589, rev_comm[2]: 230.343, inte[1]: 144.142
[Rank 104] inte[0]: 206.715, comm[0]: 226.525, comm[1]: 1539.566, comm[2]: 226.385, force: 3210.952, rev_comm[0]: 219.897, rev_comm[1]: 1554.055, rev_comm[2]: 250.580, inte[1]: 145.735
[Rank 105] inte[0]: 205.474, comm[0]: 220.202, comm[1]: 1588.738, comm[2]: 220.754, force: 3200.581, rev_comm[0]: 215.280, rev_comm[1]: 1607.671, rev_comm[2]: 243.833, inte[1]: 145.038
[Rank 106] inte[0]: 207.570, comm[0]: 226.392, comm[1]: 1558.238, comm[2]: 225.204, force: 3197.272, rev_comm[0]: 219.594, rev_comm[1]: 1576.220, rev_comm[2]: 249.082, inte[1]: 145.918
[Rank 107] inte[0]: 206.501, comm[0]: 224.022, comm[1]: 1590.203, comm[2]: 223.525, force: 3211.451, rev_comm[0]: 217.902, rev_comm[1]: 1606.017, rev_comm[2]: 247.732, inte[1]: 144.914
[Rank 108] inte[0]: 205.871, comm[0]: 223.098, comm[1]: 1424.033, comm[2]: 220.740, force: 3192.738, rev_comm[0]: 215.153, rev_comm[1]: 1457.559, rev_comm[2]: 246.158, inte[1]: 144.518
[Rank 109] inte[0]: 206.134, comm[0]: 220.165, comm[1]: 1461.823, comm[2]: 219.799, force: 3186.114, rev_comm[0]: 213.976, rev_comm[1]: 1494.863, rev_comm[2]: 244.216, inte[1]: 144.987
[Rank 110] inte[0]: 207.031, comm[0]: 224.459, comm[1]: 1447.707, comm[2]: 222.957, force: 3186.789, rev_comm[0]: 217.138, rev_comm[1]: 1477.302, rev_comm[2]: 247.611, inte[1]: 145.184
[Rank 111] inte[0]: 207.107, comm[0]: 222.909, comm[1]: 1462.070, comm[2]: 221.423, force: 3198.060, rev_comm[0]: 216.671, rev_comm[1]: 1493.392, rev_comm[2]: 247.038, inte[1]: 144.713
[Rank 112] inte[0]: 206.349, comm[0]: 220.269, comm[1]: 1528.025, comm[2]: 221.413, force: 3189.105, rev_comm[0]: 215.297, rev_comm[1]: 1581.718, rev_comm[2]: 244.850, inte[1]: 144.802
[Rank 113] inte[0]: 206.848, comm[0]: 220.216, comm[1]: 1574.520, comm[2]: 220.978, force: 3182.722, rev_comm[0]: 214.796, rev_comm[1]: 1645.742, rev_comm[2]: 245.408, inte[1]: 144.503
[Rank 114] inte[0]: 204.846, comm[0]: 204.775, comm[1]: 1557.199, comm[2]: 207.298, force: 3171.790, rev_comm[0]: 198.474, rev_comm[1]: 1625.985, rev_comm[2]: 229.286, inte[1]: 144.416
[Rank 115] inte[0]: 204.452, comm[0]: 207.657, comm[1]: 1567.847, comm[2]: 207.028, force: 3186.680, rev_comm[0]: 199.442, rev_comm[1]: 1635.865, rev_comm[2]: 229.670, inte[1]: 144.385
[Rank 116] inte[0]: 206.402, comm[0]: 219.688, comm[1]: 1399.163, comm[2]: 220.605, force: 3194.627, rev_comm[0]: 214.541, rev_comm[1]: 1416.960, rev_comm[2]: 244.809, inte[1]: 145.796
[Rank 117] inte[0]: 206.150, comm[0]: 221.151, comm[1]: 1421.421, comm[2]: 221.342, force: 3188.546, rev_comm[0]: 215.521, rev_comm[1]: 1439.183, rev_comm[2]: 246.066, inte[1]: 145.151
[Rank 118] inte[0]: 208.127, comm[0]: 226.672, comm[1]: 1408.578, comm[2]: 226.749, force: 3189.270, rev_comm[0]: 219.743, rev_comm[1]: 1426.576, rev_comm[2]: 248.962, inte[1]: 146.384
[Rank 119] inte[0]: 207.148, comm[0]: 225.750, comm[1]: 1426.184, comm[2]: 223.955, force: 3202.177, rev_comm[0]: 219.226, rev_comm[1]: 1441.595, rev_comm[2]: 248.364, inte[1]: 145.633
[Rank 120] inte[0]: 204.554, comm[0]: 205.170, comm[1]: 1819.769, comm[2]: 207.959, force: 3176.792, rev_comm[0]: 199.202, rev_comm[1]: 1784.902, rev_comm[2]: 230.935, inte[1]: 143.954
[Rank 121] inte[0]: 205.350, comm[0]: 208.176, comm[1]: 1842.611, comm[2]: 208.668, force: 3166.535, rev_comm[0]: 203.608, rev_comm[1]: 1808.464, rev_comm[2]: 231.174, inte[1]: 144.506
[Rank 122] inte[0]: 205.689, comm[0]: 223.253, comm[1]: 1835.868, comm[2]: 222.907, force: 3172.843, rev_comm[0]: 217.825, rev_comm[1]: 1797.996, rev_comm[2]: 247.561, inte[1]: 145.431
[Rank 123] inte[0]: 206.519, comm[0]: 222.879, comm[1]: 1867.596, comm[2]: 221.149, force: 3186.216, rev_comm[0]: 216.488, rev_comm[1]: 1824.565, rev_comm[2]: 245.175, inte[1]: 145.396
[Rank 124] inte[0]: 206.550, comm[0]: 220.354, comm[1]: 1852.502, comm[2]: 219.608, force: 3196.819, rev_comm[0]: 214.361, rev_comm[1]: 1827.987, rev_comm[2]: 243.477, inte[1]: 144.661
[Rank 125] inte[0]: 205.937, comm[0]: 222.124, comm[1]: 1876.230, comm[2]: 221.639, force: 3187.806, rev_comm[0]: 215.105, rev_comm[1]: 1847.504, rev_comm[2]: 246.907, inte[1]: 144.740
[Rank 126] inte[0]: 205.908, comm[0]: 226.795, comm[1]: 1864.269, comm[2]: 225.467, force: 3189.239, rev_comm[0]: 218.859, rev_comm[1]: 1833.892, rev_comm[2]: 248.794, inte[1]: 145.536
[Rank 127] inte[0]: 206.262, comm[0]: 224.764, comm[1]: 1881.589, comm[2]: 222.971, force: 3199.447, rev_comm[0]: 217.360, rev_comm[1]: 1857.383, rev_comm[2]: 247.319, inte[1]: 145.139
[Rank 128] inte[0]: 207.253, comm[0]: 221.581, comm[1]: 1867.678, comm[2]: 221.085, force: 3192.598, rev_comm[0]: 216.263, rev_comm[1]: 1745.591, rev_comm[2]: 245.393, inte[1]: 145.357
[Rank 129] inte[0]: 206.968, comm[0]: 221.393, comm[1]: 1907.835, comm[2]: 221.378, force: 3184.464, rev_comm[0]: 216.488, rev_comm[1]: 1801.293, rev_comm[2]: 244.474, inte[1]: 144.919
[Rank 130] inte[0]: 206.915, comm[0]: 223.284, comm[1]: 1869.249, comm[2]: 222.302, force: 3183.403, rev_comm[0]: 216.849, rev_comm[1]: 1758.135, rev_comm[2]: 247.039, inte[1]: 145.386
[Rank 131] inte[0]: 206.605, comm[0]: 220.982, comm[1]: 1916.935, comm[2]: 220.004, force: 3194.410, rev_comm[0]: 215.122, rev_comm[1]: 1802.280, rev_comm[2]: 244.984, inte[1]: 144.860
[Rank 132] inte[0]: 207.498, comm[0]: 221.027, comm[1]: 1612.684, comm[2]: 221.232, force: 3195.764, rev_comm[0]: 215.725, rev_comm[1]: 1668.959, rev_comm[2]: 246.589, inte[1]: 145.567
[Rank 133] inte[0]: 205.668, comm[0]: 220.191, comm[1]: 1677.468, comm[2]: 220.624, force: 3189.311, rev_comm[0]: 214.780, rev_comm[1]: 1738.676, rev_comm[2]: 245.260, inte[1]: 144.622
[Rank 134] inte[0]: 207.071, comm[0]: 225.533, comm[1]: 1650.054, comm[2]: 223.803, force: 3188.451, rev_comm[0]: 218.302, rev_comm[1]: 1708.009, rev_comm[2]: 248.918, inte[1]: 145.476
[Rank 135] inte[0]: 206.309, comm[0]: 223.049, comm[1]: 1677.897, comm[2]: 221.174, force: 3198.241, rev_comm[0]: 217.106, rev_comm[1]: 1733.441, rev_comm[2]: 246.138, inte[1]: 144.972
[Rank 136] inte[0]: 206.605, comm[0]: 221.758, comm[1]: 1816.331, comm[2]: 221.708, force: 3199.606, rev_comm[0]: 214.950, rev_comm[1]: 1773.139, rev_comm[2]: 247.101, inte[1]: 145.195
[Rank 137] inte[0]: 205.783, comm[0]: 219.401, comm[1]: 1864.122, comm[2]: 220.533, force: 3194.789, rev_comm[0]: 213.728, rev_comm[1]: 1816.797, rev_comm[2]: 245.929, inte[1]: 145.156
[Rank 138] inte[0]: 207.209, comm[0]: 224.048, comm[1]: 1828.668, comm[2]: 223.398, force: 3194.797, rev_comm[0]: 217.439, rev_comm[1]: 1790.766, rev_comm[2]: 247.549, inte[1]: 145.352
[Rank 139] inte[0]: 207.106, comm[0]: 222.689, comm[1]: 1864.468, comm[2]: 220.960, force: 3208.939, rev_comm[0]: 215.860, rev_comm[1]: 1817.912, rev_comm[2]: 246.365, inte[1]: 145.404
[Rank 140] inte[0]: 206.119, comm[0]: 221.018, comm[1]: 1411.859, comm[2]: 221.763, force: 3191.001, rev_comm[0]: 214.786, rev_comm[1]: 1425.865, rev_comm[2]: 246.421, inte[1]: 145.059
[Rank 141] inte[0]: 206.721, comm[0]: 222.539, comm[1]: 1443.551, comm[2]: 221.945, force: 3188.177, rev_comm[0]: 215.984, rev_comm[1]: 1462.689, rev_comm[2]: 246.012, inte[1]: 145.132
[Rank 142] inte[0]: 205.396, comm[0]: 207.693, comm[1]: 1407.252, comm[2]: 208.342, force: 3179.654, rev_comm[0]: 201.819, rev_comm[1]: 1428.994, rev_comm[2]: 231.829, inte[1]: 144.477
[Rank 143] inte[0]: 206.115, comm[0]: 210.013, comm[1]: 1442.635, comm[2]: 209.967, force: 3189.747, rev_comm[0]: 202.605, rev_comm[1]: 1460.678, rev_comm[2]: 232.936, inte[1]: 144.336
[Rank 144] inte[0]: 206.680, comm[0]: 224.516, comm[1]: 1424.189, comm[2]: 225.172, force: 3186.854, rev_comm[0]: 217.883, rev_comm[1]: 1423.743, rev_comm[2]: 249.120, inte[1]: 145.550
[Rank 145] inte[0]: 205.356, comm[0]: 219.886, comm[1]: 1469.293, comm[2]: 220.470, force: 3178.307, rev_comm[0]: 214.676, rev_comm[1]: 1468.071, rev_comm[2]: 247.080, inte[1]: 144.778
[Rank 146] inte[0]: 207.725, comm[0]: 222.623, comm[1]: 1441.997, comm[2]: 221.354, force: 3174.687, rev_comm[0]: 216.879, rev_comm[1]: 1438.719, rev_comm[2]: 246.793, inte[1]: 145.687
[Rank 147] inte[0]: 206.722, comm[0]: 221.303, comm[1]: 1468.001, comm[2]: 221.674, force: 3188.863, rev_comm[0]: 215.208, rev_comm[1]: 1464.347, rev_comm[2]: 247.636, inte[1]: 144.584
[Rank 148] inte[0]: 205.857, comm[0]: 220.322, comm[1]: 1424.978, comm[2]: 221.913, force: 3197.673, rev_comm[0]: 214.145, rev_comm[1]: 1447.944, rev_comm[2]: 245.666, inte[1]: 145.407
[Rank 149] inte[0]: 206.081, comm[0]: 221.332, comm[1]: 1471.359, comm[2]: 221.807, force: 3184.757, rev_comm[0]: 215.795, rev_comm[1]: 1494.490, rev_comm[2]: 245.042, inte[1]: 144.751
[Rank 150] inte[0]: 206.488, comm[0]: 222.093, comm[1]: 1457.236, comm[2]: 221.395, force: 3184.407, rev_comm[0]: 215.912, rev_comm[1]: 1483.241, rev_comm[2]: 245.354, inte[1]: 145.451
[Rank 151] inte[0]: 206.680, comm[0]: 222.821, comm[1]: 1468.367, comm[2]: 221.458, force: 3200.536, rev_comm[0]: 216.172, rev_comm[1]: 1490.294, rev_comm[2]: 247.258, inte[1]: 145.342
[Rank 152] inte[0]: 206.896, comm[0]: 222.825, comm[1]: 1429.057, comm[2]: 223.264, force: 3182.004, rev_comm[0]: 216.422, rev_comm[1]: 1411.160, rev_comm[2]: 247.219, inte[1]: 145.333
[Rank 153] inte[0]: 205.970, comm[0]: 222.236, comm[1]: 1465.025, comm[2]: 223.061, force: 3173.294, rev_comm[0]: 216.832, rev_comm[1]: 1457.076, rev_comm[2]: 246.865, inte[1]: 144.358
[Rank 154] inte[0]: 207.349, comm[0]: 222.448, comm[1]: 1430.230, comm[2]: 221.818, force: 3170.165, rev_comm[0]: 216.406, rev_comm[1]: 1431.784, rev_comm[2]: 246.829, inte[1]: 146.064
[Rank 155] inte[0]: 207.103, comm[0]: 221.197, comm[1]: 1467.076, comm[2]: 220.061, force: 3187.554, rev_comm[0]: 215.082, rev_comm[1]: 1456.820, rev_comm[2]: 244.568, inte[1]: 145.001
[Rank 156] inte[0]: 206.961, comm[0]: 225.118, comm[1]: 1455.032, comm[2]: 223.841, force: 3195.522, rev_comm[0]: 218.244, rev_comm[1]: 1453.214, rev_comm[2]: 248.556, inte[1]: 145.556
[Rank 157] inte[0]: 206.043, comm[0]: 222.016, comm[1]: 1496.259, comm[2]: 220.973, force: 3185.811, rev_comm[0]: 215.646, rev_comm[1]: 1498.922, rev_comm[2]: 245.121, inte[1]: 144.991
[Rank 158] inte[0]: 206.534, comm[0]: 227.100, comm[1]: 1464.842, comm[2]: 224.543, force: 3185.612, rev_comm[0]: 219.609, rev_comm[1]: 1469.459, rev_comm[2]: 250.271, inte[1]: 145.651
[Rank 159] inte[0]: 206.544, comm[0]: 225.136, comm[1]: 1498.793, comm[2]: 224.180, force: 3201.359, rev_comm[0]: 218.491, rev_comm[1]: 1498.641, rev_comm[2]: 247.502, inte[1]: 145.689
[Rank 160] inte[0]: 205.936, comm[0]: 220.449, comm[1]: 1848.560, comm[2]: 219.298, force: 3192.754, rev_comm[0]: 215.432, rev_comm[1]: 1860.463, rev_comm[2]: 244.512, inte[1]: 144.536
[Rank 161] inte[0]: 205.915, comm[0]: 219.474, comm[1]: 1919.259, comm[2]: 219.083, force: 3199.992, rev_comm[0]: 214.738, rev_comm[1]: 1929.580, rev_comm[2]: 243.084, inte[1]: 144.647
[Rank 162] inte[0]: 206.466, comm[0]: 225.838, comm[1]: 1858.820, comm[2]: 222.707, force: 3186.120, rev_comm[0]: 219.330, rev_comm[1]: 1879.469, rev_comm[2]: 248.169, inte[1]: 146.386
[Rank 163] inte[0]: 205.609, comm[0]: 219.857, comm[1]: 1920.776, comm[2]: 218.685, force: 3195.286, rev_comm[0]: 214.415, rev_comm[1]: 1930.713, rev_comm[2]: 244.309, inte[1]: 144.636
[Rank 164] inte[0]: 205.582, comm[0]: 218.698, comm[1]: 1630.092, comm[2]: 219.757, force: 3196.156, rev_comm[0]: 212.808, rev_comm[1]: 1617.216, rev_comm[2]: 243.241, inte[1]: 144.708
[Rank 165] inte[0]: 207.409, comm[0]: 219.931, comm[1]: 1665.921, comm[2]: 220.598, force: 3188.803, rev_comm[0]: 214.154, rev_comm[1]: 1659.141, rev_comm[2]: 244.045, inte[1]: 145.586
[Rank 166] inte[0]: 206.843, comm[0]: 223.696, comm[1]: 1631.447, comm[2]: 220.897, force: 3188.349, rev_comm[0]: 217.103, rev_comm[1]: 1633.722, rev_comm[2]: 245.357, inte[1]: 145.086
[Rank 167] inte[0]: 206.601, comm[0]: 223.268, comm[1]: 1669.292, comm[2]: 221.089, force: 3215.251, rev_comm[0]: 216.037, rev_comm[1]: 1661.372, rev_comm[2]: 246.184, inte[1]: 144.741
[Rank 168] inte[0]: 207.135, comm[0]: 219.664, comm[1]: 1956.706, comm[2]: 220.011, force: 3204.549, rev_comm[0]: 213.705, rev_comm[1]: 1944.946, rev_comm[2]: 245.696, inte[1]: 145.038
[Rank 169] inte[0]: 206.972, comm[0]: 218.629, comm[1]: 1985.531, comm[2]: 219.246, force: 3195.696, rev_comm[0]: 213.272, rev_comm[1]: 1973.392, rev_comm[2]: 245.032, inte[1]: 144.651
[Rank 170] inte[0]: 206.251, comm[0]: 221.602, comm[1]: 1907.044, comm[2]: 220.181, force: 3208.788, rev_comm[0]: 217.092, rev_comm[1]: 1909.197, rev_comm[2]: 244.892, inte[1]: 144.847
[Rank 171] inte[0]: 206.793, comm[0]: 219.730, comm[1]: 1990.922, comm[2]: 220.482, force: 3222.637, rev_comm[0]: 215.049, rev_comm[1]: 1978.781, rev_comm[2]: 245.142, inte[1]: 145.234
[Rank 172] inte[0]: 206.430, comm[0]: 225.580, comm[1]: 1445.889, comm[2]: 228.055, force: 3195.515, rev_comm[0]: 218.652, rev_comm[1]: 1439.560, rev_comm[2]: 250.755, inte[1]: 145.985
[Rank 173] inte[0]: 206.499, comm[0]: 222.534, comm[1]: 1461.283, comm[2]: 222.663, force: 3186.057, rev_comm[0]: 216.604, rev_comm[1]: 1462.549, rev_comm[2]: 245.784, inte[1]: 145.604
[Rank 174] inte[0]: 206.896, comm[0]: 225.472, comm[1]: 1406.596, comm[2]: 224.172, force: 3184.269, rev_comm[0]: 218.919, rev_comm[1]: 1412.049, rev_comm[2]: 248.301, inte[1]: 145.951
[Rank 175] inte[0]: 206.189, comm[0]: 223.479, comm[1]: 1466.478, comm[2]: 221.863, force: 3197.687, rev_comm[0]: 217.342, rev_comm[1]: 1465.640, rev_comm[2]: 247.521, inte[1]: 145.233
[Rank 176] inte[0]: 206.123, comm[0]: 223.967, comm[1]: 1386.433, comm[2]: 223.461, force: 3192.847, rev_comm[0]: 217.171, rev_comm[1]: 1386.697, rev_comm[2]: 248.661, inte[1]: 145.985
[Rank 177] inte[0]: 205.692, comm[0]: 220.502, comm[1]: 1412.245, comm[2]: 220.342, force: 3182.689, rev_comm[0]: 215.051, rev_comm[1]: 1415.449, rev_comm[2]: 245.348, inte[1]: 144.267
[Rank 178] inte[0]: 206.050, comm[0]: 222.432, comm[1]: 1400.544, comm[2]: 222.972, force: 3188.231, rev_comm[0]: 216.616, rev_comm[1]: 1398.101, rev_comm[2]: 247.112, inte[1]: 145.805
[Rank 179] inte[0]: 206.609, comm[0]: 220.785, comm[1]: 1413.285, comm[2]: 220.332, force: 3188.842, rev_comm[0]: 215.438, rev_comm[1]: 1413.706, rev_comm[2]: 245.997, inte[1]: 145.502
[Rank 180] inte[0]: 206.153, comm[0]: 221.665, comm[1]: 1499.076, comm[2]: 221.220, force: 3195.308, rev_comm[0]: 215.388, rev_comm[1]: 1514.764, rev_comm[2]: 243.985, inte[1]: 144.775
[Rank 181] inte[0]: 206.589, comm[0]: 221.258, comm[1]: 1545.002, comm[2]: 221.856, force: 3187.700, rev_comm[0]: 214.898, rev_comm[1]: 1559.506, rev_comm[2]: 246.064, inte[1]: 145.547
[Rank 182] inte[0]: 206.851, comm[0]: 224.594, comm[1]: 1519.345, comm[2]: 223.021, force: 3194.191, rev_comm[0]: 216.594, rev_comm[1]: 1538.406, rev_comm[2]: 248.730, inte[1]: 145.454
[Rank 183] inte[0]: 206.927, comm[0]: 222.593, comm[1]: 1541.748, comm[2]: 220.471, force: 3198.462, rev_comm[0]: 215.037, rev_comm[1]: 1556.910, rev_comm[2]: 244.660, inte[1]: 144.823
[Rank 184] inte[0]: 205.181, comm[0]: 221.979, comm[1]: 1529.222, comm[2]: 220.159, force: 3178.870, rev_comm[0]: 216.057, rev_comm[1]: 1529.942, rev_comm[2]: 244.489, inte[1]: 145.200
[Rank 185] inte[0]: 207.797, comm[0]: 219.320, comm[1]: 1588.725, comm[2]: 218.503, force: 3183.465, rev_comm[0]: 213.527, rev_comm[1]: 1588.243, rev_comm[2]: 243.108, inte[1]: 144.590
[Rank 186] inte[0]: 207.438, comm[0]: 221.694, comm[1]: 1553.338, comm[2]: 220.552, force: 3172.912, rev_comm[0]: 216.023, rev_comm[1]: 1552.749, rev_comm[2]: 246.606, inte[1]: 144.926
[Rank 187] inte[0]: 206.125, comm[0]: 219.347, comm[1]: 1586.460, comm[2]: 221.005, force: 3200.219, rev_comm[0]: 214.295, rev_comm[1]: 1586.502, rev_comm[2]: 244.803, inte[1]: 144.779
[Rank 188] inte[0]: 205.632, comm[0]: 221.191, comm[1]: 1490.313, comm[2]: 219.191, force: 3197.986, rev_comm[0]: 214.644, rev_comm[1]: 1513.329, rev_comm[2]: 246.034, inte[1]: 144.888
[Rank 189] inte[0]: 206.037, comm[0]: 221.451, comm[1]: 1537.682, comm[2]: 221.832, force: 3190.936, rev_comm[0]: 216.741, rev_comm[1]: 1558.305, rev_comm[2]: 247.134, inte[1]: 144.429
[Rank 190] inte[0]: 206.584, comm[0]: 224.625, comm[1]: 1498.691, comm[2]: 221.130, force: 3186.354, rev_comm[0]: 216.751, rev_comm[1]: 1521.073, rev_comm[2]: 247.807, inte[1]: 145.608
[Rank 191] inte[0]: 206.276, comm[0]: 221.002, comm[1]: 1536.792, comm[2]: 220.109, force: 3210.825, rev_comm[0]: 215.195, rev_comm[1]: 1555.839, rev_comm[2]: 245.696, inte[1]: 144.222
[Rank 192] inte[0]: 205.864, comm[0]: 223.741, comm[1]: 1796.463, comm[2]: 223.048, force: 3182.278, rev_comm[0]: 217.151, rev_comm[1]: 1820.052, rev_comm[2]: 249.900, inte[1]: 144.918
[Rank 193] inte[0]: 206.364, comm[0]: 220.855, comm[1]: 1820.276, comm[2]: 220.206, force: 3181.129, rev_comm[0]: 215.171, rev_comm[1]: 1847.742, rev_comm[2]: 244.810, inte[1]: 144.519
[Rank 194] inte[0]: 207.455, comm[0]: 226.243, comm[1]: 1764.901, comm[2]: 222.586, force: 3174.990, rev_comm[0]: 218.265, rev_comm[1]: 1807.652, rev_comm[2]: 248.678, inte[1]: 145.720
[Rank 195] inte[0]: 205.982, comm[0]: 222.834, comm[1]: 1824.786, comm[2]: 221.607, force: 3187.225, rev_comm[0]: 217.341, rev_comm[1]: 1852.792, rev_comm[2]: 246.402, inte[1]: 145.278
[Rank 196] inte[0]: 206.769, comm[0]: 219.159, comm[1]: 1687.891, comm[2]: 220.179, force: 3186.208, rev_comm[0]: 212.490, rev_comm[1]: 1656.811, rev_comm[2]: 244.616, inte[1]: 144.744
[Rank 197] inte[0]: 205.470, comm[0]: 219.079, comm[1]: 1707.259, comm[2]: 219.514, force: 3179.654, rev_comm[0]: 212.960, rev_comm[1]: 1682.718, rev_comm[2]: 243.395, inte[1]: 144.116
[Rank 198] inte[0]: 207.176, comm[0]: 223.975, comm[1]: 1663.379, comm[2]: 221.642, force: 3180.080, rev_comm[0]: 217.981, rev_comm[1]: 1642.651, rev_comm[2]: 246.483, inte[1]: 145.768
[Rank 199] inte[0]: 205.782, comm[0]: 220.785, comm[1]: 1714.476, comm[2]: 218.705, force: 3189.676, rev_comm[0]: 214.562, rev_comm[1]: 1690.117, rev_comm[2]: 244.845, inte[1]: 145.076
[Rank 200] inte[0]: 206.869, comm[0]: 223.105, comm[1]: 1690.891, comm[2]: 223.742, force: 3195.618, rev_comm[0]: 216.351, rev_comm[1]: 1758.276, rev_comm[2]: 247.841, inte[1]: 145.975
[Rank 201] inte[0]: 207.067, comm[0]: 222.718, comm[1]: 1727.554, comm[2]: 220.497, force: 3185.418, rev_comm[0]: 215.113, rev_comm[1]: 1797.241, rev_comm[2]: 245.298, inte[1]: 145.590
[Rank 202] inte[0]: 206.690, comm[0]: 225.917, comm[1]: 1677.222, comm[2]: 223.083, force: 3185.526, rev_comm[0]: 219.506, rev_comm[1]: 1742.410, rev_comm[2]: 247.273, inte[1]: 146.278
[Rank 203] inte[0]: 206.230, comm[0]: 224.164, comm[1]: 1732.003, comm[2]: 223.065, force: 3198.049, rev_comm[0]: 215.885, rev_comm[1]: 1801.704, rev_comm[2]: 246.826, inte[1]: 144.978
[Rank 204] inte[0]: 207.651, comm[0]: 223.199, comm[1]: 1558.361, comm[2]: 223.204, force: 3180.301, rev_comm[0]: 216.528, rev_comm[1]: 1536.101, rev_comm[2]: 248.079, inte[1]: 145.101
[Rank 205] inte[0]: 206.029, comm[0]: 217.426, comm[1]: 1602.661, comm[2]: 220.029, force: 3175.663, rev_comm[0]: 213.187, rev_comm[1]: 1581.027, rev_comm[2]: 244.452, inte[1]: 145.004
[Rank 206] inte[0]: 206.209, comm[0]: 224.283, comm[1]: 1569.601, comm[2]: 223.611, force: 3174.822, rev_comm[0]: 218.220, rev_comm[1]: 1551.080, rev_comm[2]: 247.731, inte[1]: 145.820
[Rank 207] inte[0]: 206.445, comm[0]: 223.287, comm[1]: 1606.414, comm[2]: 222.524, force: 3188.309, rev_comm[0]: 217.902, rev_comm[1]: 1583.027, rev_comm[2]: 247.734, inte[1]: 144.451
[Rank 208] inte[0]: 206.827, comm[0]: 221.103, comm[1]: 1475.803, comm[2]: 223.654, force: 3177.520, rev_comm[0]: 215.460, rev_comm[1]: 1465.932, rev_comm[2]: 246.543, inte[1]: 145.478
[Rank 209] inte[0]: 205.482, comm[0]: 220.186, comm[1]: 1498.430, comm[2]: 221.553, force: 3172.372, rev_comm[0]: 215.006, rev_comm[1]: 1492.632, rev_comm[2]: 245.281, inte[1]: 144.176
[Rank 210] inte[0]: 206.866, comm[0]: 224.546, comm[1]: 1485.489, comm[2]: 224.783, force: 3170.060, rev_comm[0]: 217.958, rev_comm[1]: 1478.527, rev_comm[2]: 249.476, inte[1]: 145.723
[Rank 211] inte[0]: 206.942, comm[0]: 223.344, comm[1]: 1498.716, comm[2]: 222.383, force: 3181.517, rev_comm[0]: 216.654, rev_comm[1]: 1492.501, rev_comm[2]: 246.046, inte[1]: 146.161
[Rank 212] inte[0]: 206.674, comm[0]: 220.467, comm[1]: 1450.854, comm[2]: 222.802, force: 3185.136, rev_comm[0]: 214.470, rev_comm[1]: 1462.911, rev_comm[2]: 247.741, inte[1]: 145.132
[Rank 213] inte[0]: 208.350, comm[0]: 220.726, comm[1]: 1474.330, comm[2]: 221.796, force: 3176.677, rev_comm[0]: 215.669, rev_comm[1]: 1483.638, rev_comm[2]: 245.483, inte[1]: 145.753
[Rank 214] inte[0]: 204.266, comm[0]: 207.668, comm[1]: 1454.630, comm[2]: 207.883, force: 3170.666, rev_comm[0]: 200.054, rev_comm[1]: 1466.054, rev_comm[2]: 231.011, inte[1]: 143.736
[Rank 215] inte[0]: 204.236, comm[0]: 207.569, comm[1]: 1468.313, comm[2]: 208.609, force: 3187.376, rev_comm[0]: 200.490, rev_comm[1]: 1474.766, rev_comm[2]: 231.162, inte[1]: 144.107
[Rank 216] inte[0]: 205.609, comm[0]: 223.841, comm[1]: 1415.897, comm[2]: 223.159, force: 3175.229, rev_comm[0]: 216.914, rev_comm[1]: 1446.036, rev_comm[2]: 248.751, inte[1]: 144.577
[Rank 217] inte[0]: 206.028, comm[0]: 218.368, comm[1]: 1460.435, comm[2]: 217.386, force: 3164.230, rev_comm[0]: 213.284, rev_comm[1]: 1483.175, rev_comm[2]: 242.744, inte[1]: 145.137
[Rank 218] inte[0]: 206.616, comm[0]: 224.076, comm[1]: 1444.612, comm[2]: 223.610, force: 3164.657, rev_comm[0]: 216.568, rev_comm[1]: 1465.729, rev_comm[2]: 248.367, inte[1]: 145.681
[Rank 219] inte[0]: 206.706, comm[0]: 219.598, comm[1]: 1458.009, comm[2]: 219.516, force: 3176.117, rev_comm[0]: 213.477, rev_comm[1]: 1478.522, rev_comm[2]: 244.125, inte[1]: 145.203
[Rank 220] inte[0]: 206.513, comm[0]: 222.999, comm[1]: 1395.274, comm[2]: 223.902, force: 3190.628, rev_comm[0]: 216.463, rev_comm[1]: 1429.562, rev_comm[2]: 248.277, inte[1]: 144.971
[Rank 221] inte[0]: 205.618, comm[0]: 221.421, comm[1]: 1412.663, comm[2]: 221.917, force: 3176.025, rev_comm[0]: 214.999, rev_comm[1]: 1448.660, rev_comm[2]: 245.288, inte[1]: 144.550
[Rank 222] inte[0]: 206.918, comm[0]: 224.057, comm[1]: 1390.704, comm[2]: 222.789, force: 3177.250, rev_comm[0]: 218.516, rev_comm[1]: 1427.304, rev_comm[2]: 248.351, inte[1]: 145.428
[Rank 223] inte[0]: 207.241, comm[0]: 220.108, comm[1]: 1411.781, comm[2]: 219.934, force: 3186.665, rev_comm[0]: 215.132, rev_comm[1]: 1447.392, rev_comm[2]: 244.241, inte[1]: 144.824
[Rank 224] inte[0]: 205.515, comm[0]: 203.750, comm[1]: 1623.591, comm[2]: 204.786, force: 3185.477, rev_comm[0]: 196.144, rev_comm[1]: 1617.960, rev_comm[2]: 228.107, inte[1]: 143.325
[Rank 225] inte[0]: 204.196, comm[0]: 204.468, comm[1]: 1678.071, comm[2]: 204.975, force: 3178.701, rev_comm[0]: 196.809, rev_comm[1]: 1666.938, rev_comm[2]: 224.591, inte[1]: 143.541
[Rank 226] inte[0]: 207.199, comm[0]: 224.222, comm[1]: 1659.838, comm[2]: 222.825, force: 3185.066, rev_comm[0]: 217.164, rev_comm[1]: 1646.590, rev_comm[2]: 247.166, inte[1]: 145.415
[Rank 227] inte[0]: 206.075, comm[0]: 222.454, comm[1]: 1686.121, comm[2]: 220.924, force: 3196.252, rev_comm[0]: 215.550, rev_comm[1]: 1672.041, rev_comm[2]: 246.517, inte[1]: 144.863
[Rank 228] inte[0]: 207.577, comm[0]: 222.336, comm[1]: 1503.783, comm[2]: 219.593, force: 3201.764, rev_comm[0]: 215.702, rev_comm[1]: 1588.592, rev_comm[2]: 246.811, inte[1]: 145.106
[Rank 229] inte[0]: 205.131, comm[0]: 216.009, comm[1]: 1568.675, comm[2]: 217.528, force: 3192.982, rev_comm[0]: 212.283, rev_comm[1]: 1647.313, rev_comm[2]: 241.756, inte[1]: 144.153
[Rank 230] inte[0]: 206.586, comm[0]: 222.891, comm[1]: 1548.728, comm[2]: 222.524, force: 3194.227, rev_comm[0]: 216.102, rev_comm[1]: 1627.389, rev_comm[2]: 246.467, inte[1]: 145.552
[Rank 231] inte[0]: 206.648, comm[0]: 223.155, comm[1]: 1570.892, comm[2]: 221.878, force: 3204.070, rev_comm[0]: 216.915, rev_comm[1]: 1648.752, rev_comm[2]: 246.212, inte[1]: 145.032
[Rank 232] inte[0]: 206.667, comm[0]: 223.142, comm[1]: 1614.544, comm[2]: 222.867, force: 3207.248, rev_comm[0]: 216.311, rev_comm[1]: 1586.466, rev_comm[2]: 246.118, inte[1]: 145.686
[Rank 233] inte[0]: 205.914, comm[0]: 220.751, comm[1]: 1669.566, comm[2]: 220.350, force: 3196.488, rev_comm[0]: 214.183, rev_comm[1]: 1638.771, rev_comm[2]: 245.221, inte[1]: 145.033
[Rank 234] inte[0]: 206.277, comm[0]: 225.219, comm[1]: 1639.594, comm[2]: 224.790, force: 3203.633, rev_comm[0]: 218.228, rev_comm[1]: 1605.381, rev_comm[2]: 249.729, inte[1]: 145.317
[Rank 235] inte[0]: 207.929, comm[0]: 223.527, comm[1]: 1671.314, comm[2]: 222.854, force: 3211.780, rev_comm[0]: 216.363, rev_comm[1]: 1638.422, rev_comm[2]: 247.634, inte[1]: 145.833
[Rank 236] inte[0]: 205.983, comm[0]: 218.397, comm[1]: 1758.118, comm[2]: 218.598, force: 3191.459, rev_comm[0]: 211.079, rev_comm[1]: 1784.279, rev_comm[2]: 244.091, inte[1]: 144.582
[Rank 237] inte[0]: 207.338, comm[0]: 218.425, comm[1]: 1815.590, comm[2]: 218.568, force: 3181.400, rev_comm[0]: 212.881, rev_comm[1]: 1841.408, rev_comm[2]: 241.659, inte[1]: 145.005
[Rank 238] inte[0]: 206.340, comm[0]: 224.905, comm[1]: 1774.195, comm[2]: 222.054, force: 3185.771, rev_comm[0]: 218.252, rev_comm[1]: 1797.663, rev_comm[2]: 248.094, inte[1]: 145.387
[Rank 239] inte[0]: 207.150, comm[0]: 222.270, comm[1]: 1820.613, comm[2]: 221.814, force: 3197.053, rev_comm[0]: 216.115, rev_comm[1]: 1842.786, rev_comm[2]: 245.499, inte[1]: 145.742
[Rank 240] inte[0]: 204.914, comm[0]: 204.276, comm[1]: 1451.913, comm[2]: 208.448, force: 3180.731, rev_comm[0]: 197.741, rev_comm[1]: 1476.797, rev_comm[2]: 229.172, inte[1]: 143.494
[Rank 241] inte[0]: 205.286, comm[0]: 206.532, comm[1]: 1495.741, comm[2]: 208.174, force: 3175.089, rev_comm[0]: 200.151, rev_comm[1]: 1526.859, rev_comm[2]: 229.756, inte[1]: 143.608
[Rank 242] inte[0]: 206.293, comm[0]: 224.975, comm[1]: 1465.844, comm[2]: 223.486, force: 3182.878, rev_comm[0]: 217.880, rev_comm[1]: 1492.378, rev_comm[2]: 247.844, inte[1]: 145.193
[Rank 243] inte[0]: 206.292, comm[0]: 222.461, comm[1]: 1501.561, comm[2]: 221.542, force: 3192.925, rev_comm[0]: 216.849, rev_comm[1]: 1528.582, rev_comm[2]: 245.667, inte[1]: 145.133
[Rank 244] inte[0]: 206.220, comm[0]: 220.632, comm[1]: 1526.852, comm[2]: 220.278, force: 3193.137, rev_comm[0]: 214.008, rev_comm[1]: 1553.836, rev_comm[2]: 244.866, inte[1]: 144.804
[Rank 245] inte[0]: 206.888, comm[0]: 217.501, comm[1]: 1558.401, comm[2]: 218.217, force: 3190.837, rev_comm[0]: 211.598, rev_comm[1]: 1596.355, rev_comm[2]: 242.695, inte[1]: 144.802
[Rank 246] inte[0]: 207.222, comm[0]: 225.376, comm[1]: 1525.188, comm[2]: 224.419, force: 3187.248, rev_comm[0]: 219.281, rev_comm[1]: 1563.784, rev_comm[2]: 247.519, inte[1]: 146.055
[Rank 247] inte[0]: 207.543, comm[0]: 223.491, comm[1]: 1563.351, comm[2]: 222.207, force: 3202.115, rev_comm[0]: 217.163, rev_comm[1]: 1597.621, rev_comm[2]: 246.835, inte[1]: 145.344
[Rank 248] inte[0]: 206.954, comm[0]: 219.737, comm[1]: 1391.402, comm[2]: 218.750, force: 3182.221, rev_comm[0]: 213.961, rev_comm[1]: 1398.389, rev_comm[2]: 243.782, inte[1]: 145.175
[Rank 249] inte[0]: 205.275, comm[0]: 219.696, comm[1]: 1447.335, comm[2]: 218.100, force: 3175.880, rev_comm[0]: 214.115, rev_comm[1]: 1451.600, rev_comm[2]: 243.651, inte[1]: 144.643
[Rank 250] inte[0]: 206.761, comm[0]: 223.791, comm[1]: 1425.902, comm[2]: 222.700, force: 3173.575, rev_comm[0]: 216.736, rev_comm[1]: 1431.688, rev_comm[2]: 246.702, inte[1]: 145.966
[Rank 251] inte[0]: 206.530, comm[0]: 223.306, comm[1]: 1447.503, comm[2]: 221.898, force: 3185.634, rev_comm[0]: 216.795, rev_comm[1]: 1450.789, rev_comm[2]: 246.610, inte[1]: 145.221
[Rank 252] inte[0]: 206.000, comm[0]: 219.935, comm[1]: 1449.225, comm[2]: 219.312, force: 3197.635, rev_comm[0]: 214.900, rev_comm[1]: 1466.816, rev_comm[2]: 243.382, inte[1]: 145.005
[Rank 253] inte[0]: 206.767, comm[0]: 220.300, comm[1]: 1510.406, comm[2]: 219.494, force: 3187.994, rev_comm[0]: 215.066, rev_comm[1]: 1526.056, rev_comm[2]: 245.044, inte[1]: 145.401
[Rank 254] inte[0]: 206.404, comm[0]: 224.774, comm[1]: 1495.531, comm[2]: 223.420, force: 3188.026, rev_comm[0]: 218.304, rev_comm[1]: 1512.541, rev_comm[2]: 248.957, inte[1]: 145.594
[Rank 255] inte[0]: 207.050, comm[0]: 224.546, comm[1]: 1513.376, comm[2]: 221.790, force: 3199.863, rev_comm[0]: 217.728, rev_comm[1]: 1523.871, rev_comm[2]: 246.788, inte[1]: 145.246
[Max rank 43] inte[0]: 205.643, comm[0]: 222.968, comm[1]: 2065.961, comm[2]: 221.902, force: 3216.495, rev_comm[0]: 218.547, rev_comm[1]: 2098.320, rev_comm[2]: 247.379, inte[1]: 144.261


# Performance Summary:
# MPI_proc OMP_threads nsteps natoms t_total t_force t_neigh t_comm t_other performance perf/thread grep_string t_extra
256 1 100 268435456 1.148077 0.320533 0.000000 0.788650 0.038895 23381302854.292118 91333214.274579 PERF_SUMMARY 0.000000


