[Rank 2] xlo: 0.000000, xhi: 107.494156, ylo: 107.494156, yhi: 214.988312, zlo: 0.000000, zhi: 107.494156
[Rank 8] xlo: 214.988312, xhi: 322.482469, ylo: 0.000000, yhi: 107.494156, zlo: 0.000000, zhi: 107.494156
[Rank 5] xlo: 107.494156, xhi: 214.988312, ylo: 0.000000, yhi: 107.494156, zlo: 107.494156, zhi: 214.988312
[Rank 3] xlo: 0.000000, xhi: 107.494156, ylo: 107.494156, yhi: 214.988312, zlo: 107.494156, zhi: 214.988312
[Rank 1] xlo: 0.000000, xhi: 107.494156, ylo: 0.000000, yhi: 107.494156, zlo: 107.494156, zhi: 214.988312
[Rank 15] xlo: 322.482469, xhi: 429.976625, ylo: 107.494156, yhi: 214.988312, zlo: 107.494156, zhi: 214.988312
[Rank 14] xlo: 322.482469, xhi: 429.976625, ylo: 107.494156, yhi: 214.988312, zlo: 0.000000, zhi: 107.494156
[Rank 10] xlo: 214.988312, xhi: 322.482469, ylo: 107.494156, yhi: 214.988312, zlo: 0.000000, zhi: 107.494156
[Rank 9] xlo: 214.988312, xhi: 322.482469, ylo: 0.000000, yhi: 107.494156, zlo: 107.494156, zhi: 214.988312
# Create System:
[Rank 0] xlo: 0.000000, xhi: 107.494156, ylo: 0.000000, yhi: 107.494156, zlo: 0.000000, zhi: 107.494156
# Done .... 
# miniMD-Reference 1.2 (MPI+OpenMP) output ...
# Run Settings: 
	# MPI processes: 16
	# Host Threads: 1
	# Inputfile: in.lj.miniMD
	# Datafile: None
# Physics Settings: 
	# ForceStyle: LJ
	# Force Parameters: 1.00 1.00
	# Units: LJ
	# Atoms: 16777216
	# Atom types: 8
	# System size: 429.98 214.99 214.99 (unit cells: 256 128 128)
	# Density: 0.844200
	# Force cutoff: 2.500000
	# Timestep size: 0.005000
# Technical Settings: 
	# Neigh cutoff: 2.800000
	# Half neighborlists: 1
	# Team neighborlist construction: 0
	# Neighbor bins: 153 76 76
	# Neighbor frequency: 1000
	# Sorting frequency: 1000
	# Thermo frequency: 100
	# Ghost Newton: 1
	# Use intrinsics: 0
	# Do safe exchange: 0
	# Size of float: 8

[Rank 11] xlo: 214.988312, xhi: 322.482469, ylo: 107.494156, yhi: 214.988312, zlo: 107.494156, zhi: 214.988312
[Rank 12] xlo: 322.482469, xhi: 429.976625, ylo: 0.000000, yhi: 107.494156, zlo: 0.000000, zhi: 107.494156
[Rank 6] xlo: 107.494156, xhi: 214.988312, ylo: 107.494156, yhi: 214.988312, zlo: 0.000000, zhi: 107.494156
[Rank 13] xlo: 322.482469, xhi: 429.976625, ylo: 0.000000, yhi: 107.494156, zlo: 107.494156, zhi: 214.988312
[Rank 4] xlo: 107.494156, xhi: 214.988312, ylo: 0.000000, yhi: 107.494156, zlo: 0.000000, zhi: 107.494156
[Rank 7] xlo: 107.494156, xhi: 214.988312, ylo: 107.494156, yhi: 214.988312, zlo: 107.494156, zhi: 214.988312
# Starting dynamics ...
# Timestep T U P Time
0 1.440000e+00 -6.773368e+00 -5.019669e+00  0.000
[K - Rank 8] K: 200/600
[K - Rank 9] K: 200/600
[K - Rank 11] K: 200/600
[K - Rank 10] K: 200/600
[K - Rank 0] K: 200/600
[K - Rank 1] K: 200/600
[K - Rank 2] K: 200/600
[K - Rank 3] K: 200/600
[K - Rank 13] K: 200/600
[K - Rank 14] K: 200/600
[K - Rank 6] K: 200/600
[K - Rank 12] K: 200/600
[K - Rank 4] K: 200/600
[K - Rank 15] K: 200/600
[K - Rank 7] K: 200/600
[K - Rank 5] K: 200/600
100 8.279556e-01 -5.855292e+00 -3.504698e-02  0.611
[Atom] pack_comm: 600, unpack_comm: 600, pack_comm_self: 0, pack_reverse: 606, unpack_reverse: 606
[Rank 0] inte[0]: 205.534, comm[0]: 219.523, comm[1]: 812.576, comm[2]: 220.710, force: 2834.976, rev_comm[0]: 212.834, rev_comm[1]: 809.959, rev_comm[2]: 241.181, inte[1]: 140.228
[Rank 1] inte[0]: 205.015, comm[0]: 219.312, comm[1]: 861.993, comm[2]: 219.651, force: 2818.946, rev_comm[0]: 212.833, rev_comm[1]: 862.921, rev_comm[2]: 238.315, inte[1]: 140.429
[Rank 2] inte[0]: 206.153, comm[0]: 223.163, comm[1]: 850.588, comm[2]: 222.263, force: 2818.267, rev_comm[0]: 216.359, rev_comm[1]: 852.172, rev_comm[2]: 242.318, inte[1]: 141.246
[Rank 3] inte[0]: 206.211, comm[0]: 223.239, comm[1]: 860.604, comm[2]: 222.276, force: 2858.747, rev_comm[0]: 216.213, rev_comm[1]: 863.977, rev_comm[2]: 242.775, inte[1]: 141.320
[Rank 4] inte[0]: 207.980, comm[0]: 223.644, comm[1]: 823.491, comm[2]: 221.623, force: 2774.055, rev_comm[0]: 216.841, rev_comm[1]: 836.582, rev_comm[2]: 241.710, inte[1]: 140.112
[Rank 5] inte[0]: 205.803, comm[0]: 220.245, comm[1]: 860.537, comm[2]: 219.229, force: 2810.604, rev_comm[0]: 214.287, rev_comm[1]: 878.019, rev_comm[2]: 239.334, inte[1]: 140.025
[Rank 6] inte[0]: 205.891, comm[0]: 222.676, comm[1]: 841.722, comm[2]: 220.961, force: 2770.133, rev_comm[0]: 216.193, rev_comm[1]: 858.308, rev_comm[2]: 240.471, inte[1]: 139.930
[Rank 7] inte[0]: 206.615, comm[0]: 223.461, comm[1]: 858.978, comm[2]: 220.499, force: 2876.238, rev_comm[0]: 215.457, rev_comm[1]: 878.402, rev_comm[2]: 241.406, inte[1]: 141.294
[Rank 8] inte[0]: 207.048, comm[0]: 219.594, comm[1]: 829.267, comm[2]: 219.680, force: 2901.155, rev_comm[0]: 213.442, rev_comm[1]: 848.399, rev_comm[2]: 239.516, inte[1]: 141.057
[Rank 9] inte[0]: 206.898, comm[0]: 219.971, comm[1]: 860.869, comm[2]: 219.373, force: 2890.949, rev_comm[0]: 213.249, rev_comm[1]: 878.223, rev_comm[2]: 238.135, inte[1]: 141.295
[Rank 10] inte[0]: 206.262, comm[0]: 223.477, comm[1]: 842.471, comm[2]: 222.883, force: 2822.213, rev_comm[0]: 217.570, rev_comm[1]: 858.524, rev_comm[2]: 242.662, inte[1]: 140.727
[Rank 11] inte[0]: 207.146, comm[0]: 222.905, comm[1]: 859.999, comm[2]: 221.587, force: 2865.736, rev_comm[0]: 216.369, rev_comm[1]: 878.802, rev_comm[2]: 240.566, inte[1]: 141.585
[Rank 12] inte[0]: 206.070, comm[0]: 221.204, comm[1]: 829.910, comm[2]: 220.479, force: 2895.832, rev_comm[0]: 212.812, rev_comm[1]: 834.897, rev_comm[2]: 239.762, inte[1]: 141.587
[Rank 13] inte[0]: 205.693, comm[0]: 219.413, comm[1]: 870.347, comm[2]: 218.578, force: 2880.433, rev_comm[0]: 212.248, rev_comm[1]: 871.287, rev_comm[2]: 237.491, inte[1]: 140.895
[Rank 14] inte[0]: 205.454, comm[0]: 223.757, comm[1]: 857.724, comm[2]: 222.908, force: 2853.536, rev_comm[0]: 216.596, rev_comm[1]: 859.311, rev_comm[2]: 242.808, inte[1]: 141.321
[Rank 15] inte[0]: 206.482, comm[0]: 222.836, comm[1]: 870.159, comm[2]: 221.184, force: 2863.965, rev_comm[0]: 216.111, rev_comm[1]: 871.706, rev_comm[2]: 241.782, inte[1]: 141.485
[Max rank 13] inte[0]: 205.693, comm[0]: 219.413, comm[1]: 870.347, comm[2]: 218.578, force: 2880.433, rev_comm[0]: 212.248, rev_comm[1]: 871.287, rev_comm[2]: 237.491, inte[1]: 140.895


# Performance Summary:
# MPI_proc OMP_threads nsteps natoms t_total t_force t_neigh t_comm t_other performance perf/thread grep_string t_extra
16 1 100 16777216 0.611308 0.283564 0.000000 0.291294 0.036450 2744476996.412900 171529812.275806 PERF_SUMMARY 0.000000


