[Rank 189] xlo: 537.470781, xhi: 644.964937, ylo: 752.459094, yhi: 859.953250, zlo: 107.494156, zhi: 214.988312
[Rank 250] xlo: 752.459094, xhi: 859.953250, ylo: 644.964937, yhi: 752.459094, zlo: 214.988312, zhi: 322.482469
[Rank 98] xlo: 322.482469, xhi: 429.976625, ylo: 0.000000, yhi: 107.494156, zlo: 214.988312, zhi: 322.482469
[Rank 251] xlo: 752.459094, xhi: 859.953250, ylo: 644.964937, yhi: 752.459094, zlo: 322.482469, zhi: 429.976625
[Rank 177] xlo: 537.470781, xhi: 644.964937, ylo: 429.976625, yhi: 537.470781, zlo: 107.494156, zhi: 214.988312
[Rank 1] xlo: 0.000000, xhi: 107.494156, ylo: 0.000000, yhi: 107.494156, zlo: 107.494156, zhi: 214.988312
[Rank 2] xlo: 0.000000, xhi: 107.494156, ylo: 0.000000, yhi: 107.494156, zlo: 214.988312, zhi: 322.482469
[Rank 23] xlo: 0.000000, xhi: 107.494156, ylo: 537.470781, yhi: 644.964937, zlo: 322.482469, zhi: 429.976625
[Rank 22] xlo: 0.000000, xhi: 107.494156, ylo: 537.470781, yhi: 644.964937, zlo: 214.988312, zhi: 322.482469
[Rank 248] xlo: 752.459094, xhi: 859.953250, ylo: 644.964937, yhi: 752.459094, zlo: 0.000000, zhi: 107.494156
[Rank 249] xlo: 752.459094, xhi: 859.953250, ylo: 644.964937, yhi: 752.459094, zlo: 107.494156, zhi: 214.988312
[Rank 50] xlo: 107.494156, xhi: 214.988312, ylo: 429.976625, yhi: 537.470781, zlo: 214.988312, zhi: 322.482469
[Rank 205] xlo: 644.964937, xhi: 752.459094, ylo: 322.482469, yhi: 429.976625, zlo: 107.494156, zhi: 214.988312
[Rank 51] xlo: 107.494156, xhi: 214.988312, ylo: 429.976625, yhi: 537.470781, zlo: 322.482469, zhi: 429.976625
[Rank 3] xlo: 0.000000, xhi: 107.494156, ylo: 0.000000, yhi: 107.494156, zlo: 322.482469, zhi: 429.976625
[Rank 174] xlo: 537.470781, xhi: 644.964937, ylo: 322.482469, yhi: 429.976625, zlo: 214.988312, zhi: 322.482469
# Create System:
[Rank 0] xlo: 0.000000, xhi: 107.494156, ylo: 0.000000, yhi: 107.494156, zlo: 0.000000, zhi: 107.494156
# Done .... 
# miniMD-Reference 1.2 (MPI+OpenMP) output ...
# Run Settings: 
	# MPI processes: 256
	# Host Threads: 1
	# Inputfile: in.lj.miniMD
	# Datafile: None
# Physics Settings: 
	# ForceStyle: LJ
	# Force Parameters: 1.00 1.00
	# Units: LJ
	# Atoms: 268435456
	# Atom types: 8
	# System size: 859.95 859.95 429.98 (unit cells: 512 512 256)
	# Density: 0.844200
	# Force cutoff: 2.500000
	# Timestep size: 0.005000
# Technical Settings: 
	# Neigh cutoff: 2.800000
	# Half neighborlists: 1
	# Team neighborlist construction: 0
	# Neighbor bins: 307 307 153
	# Neighbor frequency: 1000
	# Sorting frequency: 1000
	# Thermo frequency: 100
	# Ghost Newton: 1
	# Use intrinsics: 0
	# Do safe exchange: 0
	# Size of float: 8

[Rank 20] xlo: 0.000000, xhi: 107.494156, ylo: 537.470781, yhi: 644.964937, zlo: 0.000000, zhi: 107.494156
[Rank 21] xlo: 0.000000, xhi: 107.494156, ylo: 537.470781, yhi: 644.964937, zlo: 107.494156, zhi: 214.988312
[Rank 184] xlo: 537.470781, xhi: 644.964937, ylo: 644.964937, yhi: 752.459094, zlo: 0.000000, zhi: 107.494156
[Rank 185] xlo: 537.470781, xhi: 644.964937, ylo: 644.964937, yhi: 752.459094, zlo: 107.494156, zhi: 214.988312
[Rank 12] xlo: 0.000000, xhi: 107.494156, ylo: 322.482469, yhi: 429.976625, zlo: 0.000000, zhi: 107.494156
[Rank 15] xlo: 0.000000, xhi: 107.494156, ylo: 322.482469, yhi: 429.976625, zlo: 322.482469, zhi: 429.976625
[Rank 94] xlo: 214.988312, xhi: 322.482469, ylo: 752.459094, yhi: 859.953250, zlo: 214.988312, zhi: 322.482469
[Rank 229] xlo: 752.459094, xhi: 859.953250, ylo: 107.494156, yhi: 214.988312, zlo: 107.494156, zhi: 214.988312
[Rank 230] xlo: 752.459094, xhi: 859.953250, ylo: 107.494156, yhi: 214.988312, zlo: 214.988312, zhi: 322.482469
[Rank 228] xlo: 752.459094, xhi: 859.953250, ylo: 107.494156, yhi: 214.988312, zlo: 0.000000, zhi: 107.494156
[Rank 95] xlo: 214.988312, xhi: 322.482469, ylo: 752.459094, yhi: 859.953250, zlo: 322.482469, zhi: 429.976625
[Rank 85] xlo: 214.988312, xhi: 322.482469, ylo: 537.470781, yhi: 644.964937, zlo: 107.494156, zhi: 214.988312
[Rank 24] xlo: 0.000000, xhi: 107.494156, ylo: 644.964937, yhi: 752.459094, zlo: 0.000000, zhi: 107.494156
[Rank 49] xlo: 107.494156, xhi: 214.988312, ylo: 429.976625, yhi: 537.470781, zlo: 107.494156, zhi: 214.988312
[Rank 48] xlo: 107.494156, xhi: 214.988312, ylo: 429.976625, yhi: 537.470781, zlo: 0.000000, zhi: 107.494156
[Rank 173] xlo: 537.470781, xhi: 644.964937, ylo: 322.482469, yhi: 429.976625, zlo: 107.494156, zhi: 214.988312
[Rank 242] xlo: 752.459094, xhi: 859.953250, ylo: 429.976625, yhi: 537.470781, zlo: 214.988312, zhi: 322.482469
[Rank 231] xlo: 752.459094, xhi: 859.953250, ylo: 107.494156, yhi: 214.988312, zlo: 322.482469, zhi: 429.976625
[Rank 178] xlo: 537.470781, xhi: 644.964937, ylo: 429.976625, yhi: 537.470781, zlo: 214.988312, zhi: 322.482469
[Rank 187] xlo: 537.470781, xhi: 644.964937, ylo: 644.964937, yhi: 752.459094, zlo: 322.482469, zhi: 429.976625
[Rank 126] xlo: 322.482469, xhi: 429.976625, ylo: 752.459094, yhi: 859.953250, zlo: 214.988312, zhi: 322.482469
[Rank 172] xlo: 537.470781, xhi: 644.964937, ylo: 322.482469, yhi: 429.976625, zlo: 0.000000, zhi: 107.494156
[Rank 186] xlo: 537.470781, xhi: 644.964937, ylo: 644.964937, yhi: 752.459094, zlo: 214.988312, zhi: 322.482469
[Rank 127] xlo: 322.482469, xhi: 429.976625, ylo: 752.459094, yhi: 859.953250, zlo: 322.482469, zhi: 429.976625
[Rank 175] xlo: 537.470781, xhi: 644.964937, ylo: 322.482469, yhi: 429.976625, zlo: 322.482469, zhi: 429.976625
[Rank 27] xlo: 0.000000, xhi: 107.494156, ylo: 644.964937, yhi: 752.459094, zlo: 322.482469, zhi: 429.976625
[Rank 160] xlo: 537.470781, xhi: 644.964937, ylo: 0.000000, yhi: 107.494156, zlo: 0.000000, zhi: 107.494156
[Rank 161] xlo: 537.470781, xhi: 644.964937, ylo: 0.000000, yhi: 107.494156, zlo: 107.494156, zhi: 214.988312
[Rank 179] xlo: 537.470781, xhi: 644.964937, ylo: 429.976625, yhi: 537.470781, zlo: 322.482469, zhi: 429.976625
[Rank 243] xlo: 752.459094, xhi: 859.953250, ylo: 429.976625, yhi: 537.470781, zlo: 322.482469, zhi: 429.976625
[Rank 30] xlo: 0.000000, xhi: 107.494156, ylo: 752.459094, yhi: 859.953250, zlo: 214.988312, zhi: 322.482469
[Rank 14] xlo: 0.000000, xhi: 107.494156, ylo: 322.482469, yhi: 429.976625, zlo: 214.988312, zhi: 322.482469
[Rank 13] xlo: 0.000000, xhi: 107.494156, ylo: 322.482469, yhi: 429.976625, zlo: 107.494156, zhi: 214.988312
[Rank 188] xlo: 537.470781, xhi: 644.964937, ylo: 752.459094, yhi: 859.953250, zlo: 0.000000, zhi: 107.494156
[Rank 92] xlo: 214.988312, xhi: 322.482469, ylo: 752.459094, yhi: 859.953250, zlo: 0.000000, zhi: 107.494156
[Rank 67] xlo: 214.988312, xhi: 322.482469, ylo: 0.000000, yhi: 107.494156, zlo: 322.482469, zhi: 429.976625
[Rank 62] xlo: 107.494156, xhi: 214.988312, ylo: 752.459094, yhi: 859.953250, zlo: 214.988312, zhi: 322.482469
[Rank 66] xlo: 214.988312, xhi: 322.482469, ylo: 0.000000, yhi: 107.494156, zlo: 214.988312, zhi: 322.482469
[Rank 53] xlo: 107.494156, xhi: 214.988312, ylo: 537.470781, yhi: 644.964937, zlo: 107.494156, zhi: 214.988312
[Rank 52] xlo: 107.494156, xhi: 214.988312, ylo: 537.470781, yhi: 644.964937, zlo: 0.000000, zhi: 107.494156
[Rank 93] xlo: 214.988312, xhi: 322.482469, ylo: 752.459094, yhi: 859.953250, zlo: 107.494156, zhi: 214.988312
[Rank 61] xlo: 107.494156, xhi: 214.988312, ylo: 752.459094, yhi: 859.953250, zlo: 107.494156, zhi: 214.988312
[Rank 63] xlo: 107.494156, xhi: 214.988312, ylo: 752.459094, yhi: 859.953250, zlo: 322.482469, zhi: 429.976625
[Rank 31] xlo: 0.000000, xhi: 107.494156, ylo: 752.459094, yhi: 859.953250, zlo: 322.482469, zhi: 429.976625
[Rank 71] xlo: 214.988312, xhi: 322.482469, ylo: 107.494156, yhi: 214.988312, zlo: 322.482469, zhi: 429.976625
[Rank 70] xlo: 214.988312, xhi: 322.482469, ylo: 107.494156, yhi: 214.988312, zlo: 214.988312, zhi: 322.482469
[Rank 124] xlo: 322.482469, xhi: 429.976625, ylo: 752.459094, yhi: 859.953250, zlo: 0.000000, zhi: 107.494156
[Rank 158] xlo: 429.976625, xhi: 537.470781, ylo: 752.459094, yhi: 859.953250, zlo: 214.988312, zhi: 322.482469
[Rank 125] xlo: 322.482469, xhi: 429.976625, ylo: 752.459094, yhi: 859.953250, zlo: 107.494156, zhi: 214.988312
[Rank 247] xlo: 752.459094, xhi: 859.953250, ylo: 537.470781, yhi: 644.964937, zlo: 322.482469, zhi: 429.976625
[Rank 159] xlo: 429.976625, xhi: 537.470781, ylo: 752.459094, yhi: 859.953250, zlo: 322.482469, zhi: 429.976625
[Rank 238] xlo: 752.459094, xhi: 859.953250, ylo: 322.482469, yhi: 429.976625, zlo: 214.988312, zhi: 322.482469
[Rank 176] xlo: 537.470781, xhi: 644.964937, ylo: 429.976625, yhi: 537.470781, zlo: 0.000000, zhi: 107.494156
[Rank 244] xlo: 752.459094, xhi: 859.953250, ylo: 537.470781, yhi: 644.964937, zlo: 0.000000, zhi: 107.494156
[Rank 239] xlo: 752.459094, xhi: 859.953250, ylo: 322.482469, yhi: 429.976625, zlo: 322.482469, zhi: 429.976625
[Rank 99] xlo: 322.482469, xhi: 429.976625, ylo: 0.000000, yhi: 107.494156, zlo: 322.482469, zhi: 429.976625
[Rank 150] xlo: 429.976625, xhi: 537.470781, ylo: 537.470781, yhi: 644.964937, zlo: 214.988312, zhi: 322.482469
[Rank 114] xlo: 322.482469, xhi: 429.976625, ylo: 429.976625, yhi: 537.470781, zlo: 214.988312, zhi: 322.482469
[Rank 163] xlo: 537.470781, xhi: 644.964937, ylo: 0.000000, yhi: 107.494156, zlo: 322.482469, zhi: 429.976625
[Rank 133] xlo: 429.976625, xhi: 537.470781, ylo: 107.494156, yhi: 214.988312, zlo: 107.494156, zhi: 214.988312
[Rank 137] xlo: 429.976625, xhi: 537.470781, ylo: 214.988312, yhi: 322.482469, zlo: 107.494156, zhi: 214.988312
[Rank 115] xlo: 322.482469, xhi: 429.976625, ylo: 429.976625, yhi: 537.470781, zlo: 322.482469, zhi: 429.976625
[Rank 233] xlo: 752.459094, xhi: 859.953250, ylo: 214.988312, yhi: 322.482469, zlo: 107.494156, zhi: 214.988312
[Rank 162] xlo: 537.470781, xhi: 644.964937, ylo: 0.000000, yhi: 107.494156, zlo: 214.988312, zhi: 322.482469
[Rank 136] xlo: 429.976625, xhi: 537.470781, ylo: 214.988312, yhi: 322.482469, zlo: 0.000000, zhi: 107.494156
[Rank 25] xlo: 0.000000, xhi: 107.494156, ylo: 644.964937, yhi: 752.459094, zlo: 107.494156, zhi: 214.988312
[Rank 151] xlo: 429.976625, xhi: 537.470781, ylo: 537.470781, yhi: 644.964937, zlo: 322.482469, zhi: 429.976625
[Rank 232] xlo: 752.459094, xhi: 859.953250, ylo: 214.988312, yhi: 322.482469, zlo: 0.000000, zhi: 107.494156
[Rank 57] xlo: 107.494156, xhi: 214.988312, ylo: 644.964937, yhi: 752.459094, zlo: 107.494156, zhi: 214.988312
[Rank 122] xlo: 322.482469, xhi: 429.976625, ylo: 644.964937, yhi: 752.459094, zlo: 214.988312, zhi: 322.482469
[Rank 123] xlo: 322.482469, xhi: 429.976625, ylo: 644.964937, yhi: 752.459094, zlo: 322.482469, zhi: 429.976625
[Rank 181] xlo: 537.470781, xhi: 644.964937, ylo: 537.470781, yhi: 644.964937, zlo: 107.494156, zhi: 214.988312
[Rank 240] xlo: 752.459094, xhi: 859.953250, ylo: 429.976625, yhi: 537.470781, zlo: 0.000000, zhi: 107.494156
[Rank 132] xlo: 429.976625, xhi: 537.470781, ylo: 107.494156, yhi: 214.988312, zlo: 0.000000, zhi: 107.494156
[Rank 106] xlo: 322.482469, xhi: 429.976625, ylo: 214.988312, yhi: 322.482469, zlo: 214.988312, zhi: 322.482469
[Rank 241] xlo: 752.459094, xhi: 859.953250, ylo: 429.976625, yhi: 537.470781, zlo: 107.494156, zhi: 214.988312
[Rank 200] xlo: 644.964937, xhi: 752.459094, ylo: 214.988312, yhi: 322.482469, zlo: 0.000000, zhi: 107.494156
[Rank 26] xlo: 0.000000, xhi: 107.494156, ylo: 644.964937, yhi: 752.459094, zlo: 214.988312, zhi: 322.482469
[Rank 180] xlo: 537.470781, xhi: 644.964937, ylo: 537.470781, yhi: 644.964937, zlo: 0.000000, zhi: 107.494156
[Rank 64] xlo: 214.988312, xhi: 322.482469, ylo: 0.000000, yhi: 107.494156, zlo: 0.000000, zhi: 107.494156
[Rank 56] xlo: 107.494156, xhi: 214.988312, ylo: 644.964937, yhi: 752.459094, zlo: 0.000000, zhi: 107.494156
[Rank 16] xlo: 0.000000, xhi: 107.494156, ylo: 429.976625, yhi: 537.470781, zlo: 0.000000, zhi: 107.494156
[Rank 54] xlo: 107.494156, xhi: 214.988312, ylo: 537.470781, yhi: 644.964937, zlo: 214.988312, zhi: 322.482469
[Rank 201] xlo: 644.964937, xhi: 752.459094, ylo: 214.988312, yhi: 322.482469, zlo: 107.494156, zhi: 214.988312
[Rank 65] xlo: 214.988312, xhi: 322.482469, ylo: 0.000000, yhi: 107.494156, zlo: 107.494156, zhi: 214.988312
[Rank 60] xlo: 107.494156, xhi: 214.988312, ylo: 752.459094, yhi: 859.953250, zlo: 0.000000, zhi: 107.494156
[Rank 38] xlo: 107.494156, xhi: 214.988312, ylo: 107.494156, yhi: 214.988312, zlo: 214.988312, zhi: 322.482469
[Rank 107] xlo: 322.482469, xhi: 429.976625, ylo: 214.988312, yhi: 322.482469, zlo: 322.482469, zhi: 429.976625
[Rank 129] xlo: 429.976625, xhi: 537.470781, ylo: 0.000000, yhi: 107.494156, zlo: 107.494156, zhi: 214.988312
[Rank 199] xlo: 644.964937, xhi: 752.459094, ylo: 107.494156, yhi: 214.988312, zlo: 322.482469, zhi: 429.976625
[Rank 154] xlo: 429.976625, xhi: 537.470781, ylo: 644.964937, yhi: 752.459094, zlo: 214.988312, zhi: 322.482469
[Rank 39] xlo: 107.494156, xhi: 214.988312, ylo: 107.494156, yhi: 214.988312, zlo: 322.482469, zhi: 429.976625
[Rank 128] xlo: 429.976625, xhi: 537.470781, ylo: 0.000000, yhi: 107.494156, zlo: 0.000000, zhi: 107.494156
[Rank 47] xlo: 107.494156, xhi: 214.988312, ylo: 322.482469, yhi: 429.976625, zlo: 322.482469, zhi: 429.976625
[Rank 55] xlo: 107.494156, xhi: 214.988312, ylo: 537.470781, yhi: 644.964937, zlo: 322.482469, zhi: 429.976625
[Rank 155] xlo: 429.976625, xhi: 537.470781, ylo: 644.964937, yhi: 752.459094, zlo: 322.482469, zhi: 429.976625
[Rank 191] xlo: 537.470781, xhi: 644.964937, ylo: 752.459094, yhi: 859.953250, zlo: 322.482469, zhi: 429.976625
[Rank 198] xlo: 644.964937, xhi: 752.459094, ylo: 107.494156, yhi: 214.988312, zlo: 214.988312, zhi: 322.482469
[Rank 73] xlo: 214.988312, xhi: 322.482469, ylo: 214.988312, yhi: 322.482469, zlo: 107.494156, zhi: 214.988312
[Rank 46] xlo: 107.494156, xhi: 214.988312, ylo: 322.482469, yhi: 429.976625, zlo: 214.988312, zhi: 322.482469
[Rank 72] xlo: 214.988312, xhi: 322.482469, ylo: 214.988312, yhi: 322.482469, zlo: 0.000000, zhi: 107.494156
[Rank 139] xlo: 429.976625, xhi: 537.470781, ylo: 214.988312, yhi: 322.482469, zlo: 322.482469, zhi: 429.976625
[Rank 113] xlo: 322.482469, xhi: 429.976625, ylo: 429.976625, yhi: 537.470781, zlo: 107.494156, zhi: 214.988312
[Rank 102] xlo: 322.482469, xhi: 429.976625, ylo: 107.494156, yhi: 214.988312, zlo: 214.988312, zhi: 322.482469
[Rank 225] xlo: 752.459094, xhi: 859.953250, ylo: 0.000000, yhi: 107.494156, zlo: 107.494156, zhi: 214.988312
[Rank 84] xlo: 214.988312, xhi: 322.482469, ylo: 537.470781, yhi: 644.964937, zlo: 0.000000, zhi: 107.494156
[Rank 245] xlo: 752.459094, xhi: 859.953250, ylo: 537.470781, yhi: 644.964937, zlo: 107.494156, zhi: 214.988312
[Rank 234] xlo: 752.459094, xhi: 859.953250, ylo: 214.988312, yhi: 322.482469, zlo: 214.988312, zhi: 322.482469
[Rank 112] xlo: 322.482469, xhi: 429.976625, ylo: 429.976625, yhi: 537.470781, zlo: 0.000000, zhi: 107.494156
[Rank 169] xlo: 537.470781, xhi: 644.964937, ylo: 214.988312, yhi: 322.482469, zlo: 107.494156, zhi: 214.988312
[Rank 190] xlo: 537.470781, xhi: 644.964937, ylo: 752.459094, yhi: 859.953250, zlo: 214.988312, zhi: 322.482469
[Rank 235] xlo: 752.459094, xhi: 859.953250, ylo: 214.988312, yhi: 322.482469, zlo: 322.482469, zhi: 429.976625
[Rank 138] xlo: 429.976625, xhi: 537.470781, ylo: 214.988312, yhi: 322.482469, zlo: 214.988312, zhi: 322.482469
[Rank 202] xlo: 644.964937, xhi: 752.459094, ylo: 214.988312, yhi: 322.482469, zlo: 214.988312, zhi: 322.482469
[Rank 168] xlo: 537.470781, xhi: 644.964937, ylo: 214.988312, yhi: 322.482469, zlo: 0.000000, zhi: 107.494156
[Rank 121] xlo: 322.482469, xhi: 429.976625, ylo: 644.964937, yhi: 752.459094, zlo: 107.494156, zhi: 214.988312
[Rank 253] xlo: 752.459094, xhi: 859.953250, ylo: 752.459094, yhi: 859.953250, zlo: 107.494156, zhi: 214.988312
[Rank 156] xlo: 429.976625, xhi: 537.470781, ylo: 752.459094, yhi: 859.953250, zlo: 0.000000, zhi: 107.494156
[Rank 120] xlo: 322.482469, xhi: 429.976625, ylo: 644.964937, yhi: 752.459094, zlo: 0.000000, zhi: 107.494156
[Rank 246] xlo: 752.459094, xhi: 859.953250, ylo: 537.470781, yhi: 644.964937, zlo: 214.988312, zhi: 322.482469
[Rank 96] xlo: 322.482469, xhi: 429.976625, ylo: 0.000000, yhi: 107.494156, zlo: 0.000000, zhi: 107.494156
[Rank 209] xlo: 644.964937, xhi: 752.459094, ylo: 429.976625, yhi: 537.470781, zlo: 107.494156, zhi: 214.988312
[Rank 68] xlo: 214.988312, xhi: 322.482469, ylo: 107.494156, yhi: 214.988312, zlo: 0.000000, zhi: 107.494156
[Rank 42] xlo: 107.494156, xhi: 214.988312, ylo: 214.988312, yhi: 322.482469, zlo: 214.988312, zhi: 322.482469
[Rank 203] xlo: 644.964937, xhi: 752.459094, ylo: 214.988312, yhi: 322.482469, zlo: 322.482469, zhi: 429.976625
[Rank 254] xlo: 752.459094, xhi: 859.953250, ylo: 752.459094, yhi: 859.953250, zlo: 214.988312, zhi: 322.482469
[Rank 34] xlo: 107.494156, xhi: 214.988312, ylo: 0.000000, yhi: 107.494156, zlo: 214.988312, zhi: 322.482469
[Rank 157] xlo: 429.976625, xhi: 537.470781, ylo: 752.459094, yhi: 859.953250, zlo: 107.494156, zhi: 214.988312
[Rank 97] xlo: 322.482469, xhi: 429.976625, ylo: 0.000000, yhi: 107.494156, zlo: 107.494156, zhi: 214.988312
[Rank 103] xlo: 322.482469, xhi: 429.976625, ylo: 107.494156, yhi: 214.988312, zlo: 322.482469, zhi: 429.976625
[Rank 208] xlo: 644.964937, xhi: 752.459094, ylo: 429.976625, yhi: 537.470781, zlo: 0.000000, zhi: 107.494156
[Rank 236] xlo: 752.459094, xhi: 859.953250, ylo: 322.482469, yhi: 429.976625, zlo: 0.000000, zhi: 107.494156
[Rank 36] xlo: 107.494156, xhi: 214.988312, ylo: 107.494156, yhi: 214.988312, zlo: 0.000000, zhi: 107.494156
[Rank 148] xlo: 429.976625, xhi: 537.470781, ylo: 537.470781, yhi: 644.964937, zlo: 0.000000, zhi: 107.494156
[Rank 152] xlo: 429.976625, xhi: 537.470781, ylo: 644.964937, yhi: 752.459094, zlo: 0.000000, zhi: 107.494156
[Rank 8] xlo: 0.000000, xhi: 107.494156, ylo: 214.988312, yhi: 322.482469, zlo: 0.000000, zhi: 107.494156
[Rank 28] xlo: 0.000000, xhi: 107.494156, ylo: 752.459094, yhi: 859.953250, zlo: 0.000000, zhi: 107.494156
[Rank 69] xlo: 214.988312, xhi: 322.482469, ylo: 107.494156, yhi: 214.988312, zlo: 107.494156, zhi: 214.988312
[Rank 183] xlo: 537.470781, xhi: 644.964937, ylo: 537.470781, yhi: 644.964937, zlo: 322.482469, zhi: 429.976625
[Rank 43] xlo: 107.494156, xhi: 214.988312, ylo: 214.988312, yhi: 322.482469, zlo: 322.482469, zhi: 429.976625
[Rank 131] xlo: 429.976625, xhi: 537.470781, ylo: 0.000000, yhi: 107.494156, zlo: 322.482469, zhi: 429.976625
[Rank 100] xlo: 322.482469, xhi: 429.976625, ylo: 107.494156, yhi: 214.988312, zlo: 0.000000, zhi: 107.494156
[Rank 211] xlo: 644.964937, xhi: 752.459094, ylo: 429.976625, yhi: 537.470781, zlo: 322.482469, zhi: 429.976625
[Rank 134] xlo: 429.976625, xhi: 537.470781, ylo: 107.494156, yhi: 214.988312, zlo: 214.988312, zhi: 322.482469
[Rank 35] xlo: 107.494156, xhi: 214.988312, ylo: 0.000000, yhi: 107.494156, zlo: 322.482469, zhi: 429.976625
[Rank 237] xlo: 752.459094, xhi: 859.953250, ylo: 322.482469, yhi: 429.976625, zlo: 107.494156, zhi: 214.988312
[Rank 255] xlo: 752.459094, xhi: 859.953250, ylo: 752.459094, yhi: 859.953250, zlo: 322.482469, zhi: 429.976625
[Rank 59] xlo: 107.494156, xhi: 214.988312, ylo: 644.964937, yhi: 752.459094, zlo: 322.482469, zhi: 429.976625
[Rank 118] xlo: 322.482469, xhi: 429.976625, ylo: 537.470781, yhi: 644.964937, zlo: 214.988312, zhi: 322.482469
[Rank 37] xlo: 107.494156, xhi: 214.988312, ylo: 107.494156, yhi: 214.988312, zlo: 107.494156, zhi: 214.988312
[Rank 196] xlo: 644.964937, xhi: 752.459094, ylo: 107.494156, yhi: 214.988312, zlo: 0.000000, zhi: 107.494156
[Rank 153] xlo: 429.976625, xhi: 537.470781, ylo: 644.964937, yhi: 752.459094, zlo: 107.494156, zhi: 214.988312
[Rank 9] xlo: 0.000000, xhi: 107.494156, ylo: 214.988312, yhi: 322.482469, zlo: 107.494156, zhi: 214.988312
[Rank 29] xlo: 0.000000, xhi: 107.494156, ylo: 752.459094, yhi: 859.953250, zlo: 107.494156, zhi: 214.988312
[Rank 149] xlo: 429.976625, xhi: 537.470781, ylo: 537.470781, yhi: 644.964937, zlo: 107.494156, zhi: 214.988312
[Rank 182] xlo: 537.470781, xhi: 644.964937, ylo: 537.470781, yhi: 644.964937, zlo: 214.988312, zhi: 322.482469
[Rank 130] xlo: 429.976625, xhi: 537.470781, ylo: 0.000000, yhi: 107.494156, zlo: 214.988312, zhi: 322.482469
[Rank 135] xlo: 429.976625, xhi: 537.470781, ylo: 107.494156, yhi: 214.988312, zlo: 322.482469, zhi: 429.976625
[Rank 210] xlo: 644.964937, xhi: 752.459094, ylo: 429.976625, yhi: 537.470781, zlo: 214.988312, zhi: 322.482469
[Rank 32] xlo: 107.494156, xhi: 214.988312, ylo: 0.000000, yhi: 107.494156, zlo: 0.000000, zhi: 107.494156
[Rank 10] xlo: 0.000000, xhi: 107.494156, ylo: 214.988312, yhi: 322.482469, zlo: 214.988312, zhi: 322.482469
[Rank 33] xlo: 107.494156, xhi: 214.988312, ylo: 0.000000, yhi: 107.494156, zlo: 107.494156, zhi: 214.988312
[Rank 58] xlo: 107.494156, xhi: 214.988312, ylo: 644.964937, yhi: 752.459094, zlo: 214.988312, zhi: 322.482469
[Rank 197] xlo: 644.964937, xhi: 752.459094, ylo: 107.494156, yhi: 214.988312, zlo: 107.494156, zhi: 214.988312
[Rank 119] xlo: 322.482469, xhi: 429.976625, ylo: 537.470781, yhi: 644.964937, zlo: 322.482469, zhi: 429.976625
[Rank 252] xlo: 752.459094, xhi: 859.953250, ylo: 752.459094, yhi: 859.953250, zlo: 0.000000, zhi: 107.494156
[Rank 11] xlo: 0.000000, xhi: 107.494156, ylo: 214.988312, yhi: 322.482469, zlo: 322.482469, zhi: 429.976625
[Rank 105] xlo: 322.482469, xhi: 429.976625, ylo: 214.988312, yhi: 322.482469, zlo: 107.494156, zhi: 214.988312
[Rank 45] xlo: 107.494156, xhi: 214.988312, ylo: 322.482469, yhi: 429.976625, zlo: 107.494156, zhi: 214.988312
[Rank 140] xlo: 429.976625, xhi: 537.470781, ylo: 322.482469, yhi: 429.976625, zlo: 0.000000, zhi: 107.494156
[Rank 19] xlo: 0.000000, xhi: 107.494156, ylo: 429.976625, yhi: 537.470781, zlo: 322.482469, zhi: 429.976625
[Rank 204] xlo: 644.964937, xhi: 752.459094, ylo: 322.482469, yhi: 429.976625, zlo: 0.000000, zhi: 107.494156
[Rank 44] xlo: 107.494156, xhi: 214.988312, ylo: 322.482469, yhi: 429.976625, zlo: 0.000000, zhi: 107.494156
[Rank 18] xlo: 0.000000, xhi: 107.494156, ylo: 429.976625, yhi: 537.470781, zlo: 214.988312, zhi: 322.482469
[Rank 141] xlo: 429.976625, xhi: 537.470781, ylo: 322.482469, yhi: 429.976625, zlo: 107.494156, zhi: 214.988312
[Rank 104] xlo: 322.482469, xhi: 429.976625, ylo: 214.988312, yhi: 322.482469, zlo: 0.000000, zhi: 107.494156
[Rank 165] xlo: 537.470781, xhi: 644.964937, ylo: 107.494156, yhi: 214.988312, zlo: 107.494156, zhi: 214.988312
[Rank 75] xlo: 214.988312, xhi: 322.482469, ylo: 214.988312, yhi: 322.482469, zlo: 322.482469, zhi: 429.976625
[Rank 170] xlo: 537.470781, xhi: 644.964937, ylo: 214.988312, yhi: 322.482469, zlo: 214.988312, zhi: 322.482469
[Rank 41] xlo: 107.494156, xhi: 214.988312, ylo: 214.988312, yhi: 322.482469, zlo: 107.494156, zhi: 214.988312
[Rank 164] xlo: 537.470781, xhi: 644.964937, ylo: 107.494156, yhi: 214.988312, zlo: 0.000000, zhi: 107.494156
[Rank 86] xlo: 214.988312, xhi: 322.482469, ylo: 537.470781, yhi: 644.964937, zlo: 214.988312, zhi: 322.482469
[Rank 142] xlo: 429.976625, xhi: 537.470781, ylo: 322.482469, yhi: 429.976625, zlo: 214.988312, zhi: 322.482469
[Rank 171] xlo: 537.470781, xhi: 644.964937, ylo: 214.988312, yhi: 322.482469, zlo: 322.482469, zhi: 429.976625
[Rank 89] xlo: 214.988312, xhi: 322.482469, ylo: 644.964937, yhi: 752.459094, zlo: 107.494156, zhi: 214.988312
[Rank 74] xlo: 214.988312, xhi: 322.482469, ylo: 214.988312, yhi: 322.482469, zlo: 214.988312, zhi: 322.482469
[Rank 17] xlo: 0.000000, xhi: 107.494156, ylo: 429.976625, yhi: 537.470781, zlo: 107.494156, zhi: 214.988312
[Rank 101] xlo: 322.482469, xhi: 429.976625, ylo: 107.494156, yhi: 214.988312, zlo: 107.494156, zhi: 214.988312
[Rank 226] xlo: 752.459094, xhi: 859.953250, ylo: 0.000000, yhi: 107.494156, zlo: 214.988312, zhi: 322.482469
[Rank 147] xlo: 429.976625, xhi: 537.470781, ylo: 429.976625, yhi: 537.470781, zlo: 322.482469, zhi: 429.976625
[Rank 110] xlo: 322.482469, xhi: 429.976625, ylo: 322.482469, yhi: 429.976625, zlo: 214.988312, zhi: 322.482469
[Rank 40] xlo: 107.494156, xhi: 214.988312, ylo: 214.988312, yhi: 322.482469, zlo: 0.000000, zhi: 107.494156
[Rank 88] xlo: 214.988312, xhi: 322.482469, ylo: 644.964937, yhi: 752.459094, zlo: 0.000000, zhi: 107.494156
[Rank 144] xlo: 429.976625, xhi: 537.470781, ylo: 429.976625, yhi: 537.470781, zlo: 0.000000, zhi: 107.494156
[Rank 111] xlo: 322.482469, xhi: 429.976625, ylo: 322.482469, yhi: 429.976625, zlo: 322.482469, zhi: 429.976625
[Rank 207] xlo: 644.964937, xhi: 752.459094, ylo: 322.482469, yhi: 429.976625, zlo: 322.482469, zhi: 429.976625
[Rank 87] xlo: 214.988312, xhi: 322.482469, ylo: 537.470781, yhi: 644.964937, zlo: 322.482469, zhi: 429.976625
[Rank 109] xlo: 322.482469, xhi: 429.976625, ylo: 322.482469, yhi: 429.976625, zlo: 107.494156, zhi: 214.988312
[Rank 80] xlo: 214.988312, xhi: 322.482469, ylo: 429.976625, yhi: 537.470781, zlo: 0.000000, zhi: 107.494156
[Rank 117] xlo: 322.482469, xhi: 429.976625, ylo: 537.470781, yhi: 644.964937, zlo: 107.494156, zhi: 214.988312
[Rank 166] xlo: 537.470781, xhi: 644.964937, ylo: 107.494156, yhi: 214.988312, zlo: 214.988312, zhi: 322.482469
[Rank 224] xlo: 752.459094, xhi: 859.953250, ylo: 0.000000, yhi: 107.494156, zlo: 0.000000, zhi: 107.494156
[Rank 91] xlo: 214.988312, xhi: 322.482469, ylo: 644.964937, yhi: 752.459094, zlo: 322.482469, zhi: 429.976625
[Rank 143] xlo: 429.976625, xhi: 537.470781, ylo: 322.482469, yhi: 429.976625, zlo: 322.482469, zhi: 429.976625
[Rank 146] xlo: 429.976625, xhi: 537.470781, ylo: 429.976625, yhi: 537.470781, zlo: 214.988312, zhi: 322.482469
[Rank 81] xlo: 214.988312, xhi: 322.482469, ylo: 429.976625, yhi: 537.470781, zlo: 107.494156, zhi: 214.988312
[Rank 90] xlo: 214.988312, xhi: 322.482469, ylo: 644.964937, yhi: 752.459094, zlo: 214.988312, zhi: 322.482469
[Rank 116] xlo: 322.482469, xhi: 429.976625, ylo: 537.470781, yhi: 644.964937, zlo: 0.000000, zhi: 107.494156
[Rank 145] xlo: 429.976625, xhi: 537.470781, ylo: 429.976625, yhi: 537.470781, zlo: 107.494156, zhi: 214.988312
[Rank 108] xlo: 322.482469, xhi: 429.976625, ylo: 322.482469, yhi: 429.976625, zlo: 0.000000, zhi: 107.494156
[Rank 167] xlo: 537.470781, xhi: 644.964937, ylo: 107.494156, yhi: 214.988312, zlo: 322.482469, zhi: 429.976625
[Rank 206] xlo: 644.964937, xhi: 752.459094, ylo: 322.482469, yhi: 429.976625, zlo: 214.988312, zhi: 322.482469
[Rank 227] xlo: 752.459094, xhi: 859.953250, ylo: 0.000000, yhi: 107.494156, zlo: 322.482469, zhi: 429.976625
[Rank 83] xlo: 214.988312, xhi: 322.482469, ylo: 429.976625, yhi: 537.470781, zlo: 322.482469, zhi: 429.976625
[Rank 82] xlo: 214.988312, xhi: 322.482469, ylo: 429.976625, yhi: 537.470781, zlo: 214.988312, zhi: 322.482469
[Rank 193] xlo: 644.964937, xhi: 752.459094, ylo: 0.000000, yhi: 107.494156, zlo: 107.494156, zhi: 214.988312
[Rank 216] xlo: 644.964937, xhi: 752.459094, ylo: 644.964937, yhi: 752.459094, zlo: 0.000000, zhi: 107.494156
[Rank 219] xlo: 644.964937, xhi: 752.459094, ylo: 644.964937, yhi: 752.459094, zlo: 322.482469, zhi: 429.976625
[Rank 6] xlo: 0.000000, xhi: 107.494156, ylo: 107.494156, yhi: 214.988312, zlo: 214.988312, zhi: 322.482469
[Rank 192] xlo: 644.964937, xhi: 752.459094, ylo: 0.000000, yhi: 107.494156, zlo: 0.000000, zhi: 107.494156
[Rank 221] xlo: 644.964937, xhi: 752.459094, ylo: 752.459094, yhi: 859.953250, zlo: 107.494156, zhi: 214.988312
[Rank 220] xlo: 644.964937, xhi: 752.459094, ylo: 752.459094, yhi: 859.953250, zlo: 0.000000, zhi: 107.494156
[Rank 218] xlo: 644.964937, xhi: 752.459094, ylo: 644.964937, yhi: 752.459094, zlo: 214.988312, zhi: 322.482469
[Rank 217] xlo: 644.964937, xhi: 752.459094, ylo: 644.964937, yhi: 752.459094, zlo: 107.494156, zhi: 214.988312
[Rank 212] xlo: 644.964937, xhi: 752.459094, ylo: 537.470781, yhi: 644.964937, zlo: 0.000000, zhi: 107.494156
[Rank 194] xlo: 644.964937, xhi: 752.459094, ylo: 0.000000, yhi: 107.494156, zlo: 214.988312, zhi: 322.482469
[Rank 195] xlo: 644.964937, xhi: 752.459094, ylo: 0.000000, yhi: 107.494156, zlo: 322.482469, zhi: 429.976625
[Rank 213] xlo: 644.964937, xhi: 752.459094, ylo: 537.470781, yhi: 644.964937, zlo: 107.494156, zhi: 214.988312
[Rank 222] xlo: 644.964937, xhi: 752.459094, ylo: 752.459094, yhi: 859.953250, zlo: 214.988312, zhi: 322.482469
[Rank 223] xlo: 644.964937, xhi: 752.459094, ylo: 752.459094, yhi: 859.953250, zlo: 322.482469, zhi: 429.976625
[Rank 214] xlo: 644.964937, xhi: 752.459094, ylo: 537.470781, yhi: 644.964937, zlo: 214.988312, zhi: 322.482469
[Rank 215] xlo: 644.964937, xhi: 752.459094, ylo: 537.470781, yhi: 644.964937, zlo: 322.482469, zhi: 429.976625
[Rank 7] xlo: 0.000000, xhi: 107.494156, ylo: 107.494156, yhi: 214.988312, zlo: 322.482469, zhi: 429.976625
[Rank 5] xlo: 0.000000, xhi: 107.494156, ylo: 107.494156, yhi: 214.988312, zlo: 107.494156, zhi: 214.988312
[Rank 4] xlo: 0.000000, xhi: 107.494156, ylo: 107.494156, yhi: 214.988312, zlo: 0.000000, zhi: 107.494156
[Rank 77] xlo: 214.988312, xhi: 322.482469, ylo: 322.482469, yhi: 429.976625, zlo: 107.494156, zhi: 214.988312
[Rank 76] xlo: 214.988312, xhi: 322.482469, ylo: 322.482469, yhi: 429.976625, zlo: 0.000000, zhi: 107.494156
[Rank 78] xlo: 214.988312, xhi: 322.482469, ylo: 322.482469, yhi: 429.976625, zlo: 214.988312, zhi: 322.482469
[Rank 79] xlo: 214.988312, xhi: 322.482469, ylo: 322.482469, yhi: 429.976625, zlo: 322.482469, zhi: 429.976625
# Starting dynamics ...
# Timestep T U P Time
0 1.440000e+00 -6.773368e+00 -5.019669e+00  0.000
[K - Rank 121] K: 400/600
[K - Rank 122] K: 400/600
[K - Rank 123] K: 400/600
[K - Rank 120] K: 400/600
[K - Rank 249] K: 400/600
[K - Rank 240] K: 400/600
[K - Rank 39] K: 400/600
[K - Rank 202] K: 400/600
[K - Rank 211] K: 400/600
[K - Rank 84] K: 400/600
[K - Rank 124] K: 400/600
[K - Rank 131] K: 400/600
[K - Rank 138] K: 400/600
[K - Rank 146] K: 400/600
[K - Rank 154] K: 400/600
[K - Rank 160] K: 400/600
[K - Rank 168] K: 400/600
[K - Rank 178] K: 400/600
[K - Rank 187] K: 400/600
[K - Rank 254] K: 400/600
[K - Rank 52] K: 400/600
[K - Rank 235] K: 400/600
[K - Rank 59] K: 400/600
[K - Rank 250] K: 400/600
[K - Rank 227] K: 400/600
[K - Rank 193] K: 400/600
[K - Rank 126] K: 400/600
[K - Rank 129] K: 400/600
[K - Rank 139] K: 400/600
[K - Rank 145] K: 400/600
[K - Rank 153] K: 400/600
[K - Rank 163] K: 400/600
[K - Rank 170] K: 400/600
[K - Rank 179] K: 400/600
[K - Rank 185] K: 400/600
[K - Rank 252] K: 400/600
[K - Rank 24] K: 400/600
[K - Rank 113] K: 400/600
[K - Rank 96] K: 400/600
[K - Rank 234] K: 400/600
[K - Rank 200] K: 400/600
[K - Rank 208] K: 400/600
[K - Rank 85] K: 400/600
[K - Rank 251] K: 400/600
[K - Rank 242] K: 400/600
[K - Rank 164] K: 400/600
[K - Rank 64] K: 400/600
[K - Rank 212] K: 400/600
[K - Rank 125] K: 400/600
[K - Rank 128] K: 400/600
[K - Rank 144] K: 400/600
[K - Rank 137] K: 400/600
[K - Rank 155] K: 400/600
[K - Rank 162] K: 400/600
[K - Rank 171] K: 400/600
[K - Rank 177] K: 400/600
[K - Rank 184] K: 400/600
[K - Rank 255] K: 400/600
[K - Rank 22] K: 400/600
[K - Rank 38] K: 400/600
[K - Rank 233] K: 400/600
[K - Rank 203] K: 400/600
[K - Rank 195] K: 400/600
[K - Rank 210] K: 400/600
[K - Rank 58] K: 400/600
[K - Rank 248] K: 400/600
[K - Rank 180] K: 400/600
[K - Rank 225] K: 400/600
[K - Rank 104] K: 400/600
[K - Rank 243] K: 400/600
[K - Rank 72] K: 400/600
[K - Rank 86] K: 400/600
[K - Rank 54] K: 400/600
[K - Rank 81] K: 400/600
[K - Rank 101] K: 400/600
[K - Rank 116] K: 400/600
[K - Rank 35] K: 400/600
[K - Rank 8] K: 400/600
[K - Rank 127] K: 400/600
[K - Rank 130] K: 400/600
[K - Rank 136] K: 400/600
[K - Rank 147] K: 400/600
[K - Rank 152] K: 400/600
[K - Rank 161] K: 400/600
[K - Rank 169] K: 400/600
[K - Rank 176] K: 400/600
[K - Rank 186] K: 400/600
[K - Rank 253] K: 400/600
[K - Rank 48] K: 400/600
[K - Rank 228] K: 400/600
[K - Rank 65] K: 400/600
[K - Rank 201] K: 400/600
[K - Rank 209] K: 400/600
[K - Rank 26] K: 400/600
[K - Rank 213] K: 400/600
[K - Rank 245] K: 400/600
[K - Rank 98] K: 400/600
[K - Rank 165] K: 400/600
[K - Rank 232] K: 400/600
[K - Rank 194] K: 400/600
[K - Rank 115] K: 400/600
[K - Rank 36] K: 400/600
[K - Rank 40] K: 400/600
[K - Rank 21] K: 400/600
[K - Rank 151] K: 400/600
[K - Rank 18] K: 400/600
[K - Rank 2] K: 400/600
[K - Rank 4] K: 400/600
[K - Rank 61] K: 400/600
[K - Rank 28] K: 400/600
[K - Rank 12] K: 400/600
[K - Rank 159] K: 400/600
[K - Rank 68] K: 400/600
[K - Rank 44] K: 400/600
[K - Rank 140] K: 400/600
[K - Rank 93] K: 400/600
[K - Rank 189] K: 400/600
[K - Rank 76] K: 400/600
[K - Rank 135] K: 400/600
[K - Rank 57] K: 400/600
[K - Rank 181] K: 400/600
[K - Rank 51] K: 400/600
[K - Rank 215] K: 400/600
[K - Rank 231] K: 400/600
[K - Rank 27] K: 400/600
[K - Rank 241] K: 400/600
[K - Rank 196] K: 400/600
[K - Rank 66] K: 400/600
[K - Rank 224] K: 400/600
[K - Rank 106] K: 400/600
[K - Rank 87] K: 400/600
[K - Rank 53] K: 400/600
[K - Rank 220] K: 400/600
[K - Rank 244] K: 400/600
[K - Rank 166] K: 400/600
[K - Rank 41] K: 400/600
[K - Rank 73] K: 400/600
[K - Rank 88] K: 400/600
[K - Rank 205] K: 400/600
[K - Rank 217] K: 400/600
[K - Rank 236] K: 400/600
[K - Rank 109] K: 400/600
[K - Rank 192] K: 400/600
[K - Rank 83] K: 400/600
[K - Rank 62] K: 400/600
[K - Rank 99] K: 400/600
[K - Rank 37] K: 400/600
[K - Rank 174] K: 400/600
[K - Rank 20] K: 400/600
[K - Rank 100] K: 400/600
[K - Rank 119] K: 400/600
[K - Rank 10] K: 400/600
[K - Rank 3] K: 400/600
[K - Rank 17] K: 400/600
[K - Rank 34] K: 400/600
[K - Rank 5] K: 400/600
[K - Rank 183] K: 400/600
[K - Rank 149] K: 400/600
[K - Rank 50] K: 400/600
[K - Rank 56] K: 400/600
[K - Rank 30] K: 400/600
[K - Rank 46] K: 400/600
[K - Rank 71] K: 400/600
[K - Rank 79] K: 400/600
[K - Rank 94] K: 400/600
[K - Rank 133] K: 400/600
[K - Rank 143] K: 400/600
[K - Rank 229] K: 400/600
[K - Rank 114] K: 400/600
[K - Rank 188] K: 400/600
[K - Rank 13] K: 400/600
[K - Rank 214] K: 400/600
[K - Rank 25] K: 400/600
[K - Rank 111] K: 400/600
[K - Rank 67] K: 400/600
[K - Rank 206] K: 400/600
[K - Rank 197] K: 400/600
[K - Rank 226] K: 400/600
[K - Rank 80] K: 400/600
[K - Rank 43] K: 400/600
[K - Rank 167] K: 400/600
[K - Rank 11] K: 400/600
[K - Rank 247] K: 400/600
[K - Rank 75] K: 400/600
[K - Rank 91] K: 400/600
[K - Rank 55] K: 400/600
[K - Rank 107] K: 400/600
[K - Rank 218] K: 400/600
[K - Rank 237] K: 400/600
[K - Rank 150] K: 400/600
[K - Rank 158] K: 400/600
[K - Rank 182] K: 400/600
[K - Rank 23] K: 400/600
[K - Rank 173] K: 400/600
[K - Rank 222] K: 400/600
[K - Rank 42] K: 400/600
[K - Rank 77] K: 400/600
[K - Rank 118] K: 400/600
[K - Rank 0] K: 400/600
[K - Rank 108] K: 400/600
[K - Rank 49] K: 400/600
[K - Rank 6] K: 400/600
[K - Rank 60] K: 400/600
[K - Rank 97] K: 400/600
[K - Rank 142] K: 400/600
[K - Rank 31] K: 400/600
[K - Rank 191] K: 400/600
[K - Rank 45] K: 400/600
[K - Rank 69] K: 400/600
[K - Rank 16] K: 400/600
[K - Rank 92] K: 400/600
[K - Rank 246] K: 400/600
[K - Rank 32] K: 400/600
[K - Rank 157] K: 400/600
[K - Rank 112] K: 400/600
[K - Rank 15] K: 400/600
[K - Rank 103] K: 400/600
[K - Rank 198] K: 400/600
[K - Rank 221] K: 400/600
[K - Rank 230] K: 400/600
[K - Rank 9] K: 400/600
[K - Rank 74] K: 400/600
[K - Rank 82] K: 400/600
[K - Rank 90] K: 400/600
[K - Rank 105] K: 400/600
[K - Rank 148] K: 400/600
[K - Rank 47] K: 400/600
[K - Rank 216] K: 400/600
[K - Rank 172] K: 400/600
[K - Rank 95] K: 400/600
[K - Rank 207] K: 400/600
[K - Rank 1] K: 400/600
[K - Rank 78] K: 400/600
[K - Rank 117] K: 400/600
[K - Rank 110] K: 400/600
[K - Rank 7] K: 400/600
[K - Rank 19] K: 400/600
[K - Rank 89] K: 400/600
[K - Rank 63] K: 400/600
[K - Rank 132] K: 400/600
[K - Rank 70] K: 400/600
[K - Rank 238] K: 400/600
[K - Rank 141] K: 400/600
[K - Rank 190] K: 400/600
[K - Rank 33] K: 400/600
[K - Rank 156] K: 400/600
[K - Rank 14] K: 400/600
[K - Rank 29] K: 400/600
[K - Rank 199] K: 400/600
[K - Rank 223] K: 400/600
[K - Rank 102] K: 400/600
[K - Rank 134] K: 400/600
[K - Rank 204] K: 400/600
100 7.341298e-01 -5.721656e+00 4.609505e-01  1.028
[Atom] pack_comm: 600, unpack_comm: 600, pack_comm_self: 0, pack_reverse: 606, unpack_reverse: 606
[Rank 0] inte[0]: 205.680, comm[0]: 209.077, comm[1]: 1939.936, comm[2]: 209.129, force: 3185.341, rev_comm[0]: 203.230, rev_comm[1]: 1841.365, rev_comm[2]: 232.665, inte[1]: 143.809
[Rank 1] inte[0]: 204.261, comm[0]: 208.101, comm[1]: 2009.227, comm[2]: 208.979, force: 3142.558, rev_comm[0]: 201.945, rev_comm[1]: 1910.990, rev_comm[2]: 231.069, inte[1]: 143.611
[Rank 2] inte[0]: 205.184, comm[0]: 207.449, comm[1]: 1991.284, comm[2]: 207.424, force: 3114.794, rev_comm[0]: 202.328, rev_comm[1]: 1893.444, rev_comm[2]: 229.720, inte[1]: 143.624
[Rank 3] inte[0]: 204.124, comm[0]: 208.028, comm[1]: 1996.690, comm[2]: 207.977, force: 3142.458, rev_comm[0]: 201.771, rev_comm[1]: 1902.527, rev_comm[2]: 231.287, inte[1]: 143.492
[Rank 4] inte[0]: 205.474, comm[0]: 222.765, comm[1]: 1946.555, comm[2]: 221.746, force: 3147.937, rev_comm[0]: 216.876, rev_comm[1]: 1905.876, rev_comm[2]: 248.159, inte[1]: 144.502
[Rank 5] inte[0]: 205.976, comm[0]: 223.163, comm[1]: 2004.491, comm[2]: 223.670, force: 3140.376, rev_comm[0]: 217.466, rev_comm[1]: 1960.913, rev_comm[2]: 246.251, inte[1]: 144.460
[Rank 6] inte[0]: 205.749, comm[0]: 222.093, comm[1]: 1978.121, comm[2]: 221.770, force: 3128.577, rev_comm[0]: 215.451, rev_comm[1]: 1941.738, rev_comm[2]: 247.774, inte[1]: 143.801
[Rank 7] inte[0]: 206.733, comm[0]: 221.690, comm[1]: 2005.005, comm[2]: 220.430, force: 3152.082, rev_comm[0]: 214.048, rev_comm[1]: 1958.762, rev_comm[2]: 246.947, inte[1]: 144.892
[Rank 8] inte[0]: 207.136, comm[0]: 225.626, comm[1]: 1744.432, comm[2]: 227.089, force: 3216.544, rev_comm[0]: 218.272, rev_comm[1]: 1744.886, rev_comm[2]: 252.387, inte[1]: 145.635
[Rank 9] inte[0]: 205.502, comm[0]: 221.342, comm[1]: 1785.873, comm[2]: 221.508, force: 3153.762, rev_comm[0]: 216.041, rev_comm[1]: 1790.467, rev_comm[2]: 247.447, inte[1]: 144.377
[Rank 10] inte[0]: 206.541, comm[0]: 224.888, comm[1]: 1759.305, comm[2]: 223.933, force: 3145.794, rev_comm[0]: 219.204, rev_comm[1]: 1761.619, rev_comm[2]: 249.634, inte[1]: 145.305
[Rank 11] inte[0]: 204.945, comm[0]: 222.275, comm[1]: 1791.527, comm[2]: 219.919, force: 3158.629, rev_comm[0]: 216.076, rev_comm[1]: 1791.718, rev_comm[2]: 246.631, inte[1]: 144.233
[Rank 12] inte[0]: 203.905, comm[0]: 207.464, comm[1]: 1815.212, comm[2]: 208.198, force: 3130.102, rev_comm[0]: 201.004, rev_comm[1]: 1875.941, rev_comm[2]: 230.716, inte[1]: 143.570
[Rank 13] inte[0]: 203.782, comm[0]: 204.113, comm[1]: 1888.299, comm[2]: 203.909, force: 3111.919, rev_comm[0]: 197.944, rev_comm[1]: 1949.129, rev_comm[2]: 227.367, inte[1]: 142.941
[Rank 14] inte[0]: 205.147, comm[0]: 204.168, comm[1]: 1856.349, comm[2]: 205.099, force: 3140.886, rev_comm[0]: 198.841, rev_comm[1]: 1922.112, rev_comm[2]: 228.345, inte[1]: 144.042
[Rank 15] inte[0]: 203.858, comm[0]: 206.427, comm[1]: 1888.600, comm[2]: 205.047, force: 3158.433, rev_comm[0]: 199.725, rev_comm[1]: 1948.726, rev_comm[2]: 228.521, inte[1]: 143.424
[Rank 16] inte[0]: 207.416, comm[0]: 223.298, comm[1]: 1523.111, comm[2]: 223.004, force: 3137.488, rev_comm[0]: 217.075, rev_comm[1]: 1501.805, rev_comm[2]: 247.309, inte[1]: 144.744
[Rank 17] inte[0]: 206.207, comm[0]: 221.246, comm[1]: 1574.678, comm[2]: 221.997, force: 3131.796, rev_comm[0]: 214.866, rev_comm[1]: 1555.290, rev_comm[2]: 245.859, inte[1]: 144.999
[Rank 18] inte[0]: 206.470, comm[0]: 222.829, comm[1]: 1534.126, comm[2]: 221.042, force: 3124.912, rev_comm[0]: 216.988, rev_comm[1]: 1517.813, rev_comm[2]: 247.774, inte[1]: 144.739
[Rank 19] inte[0]: 205.822, comm[0]: 219.992, comm[1]: 1574.614, comm[2]: 219.743, force: 3151.777, rev_comm[0]: 215.017, rev_comm[1]: 1554.390, rev_comm[2]: 245.635, inte[1]: 144.997
[Rank 20] inte[0]: 206.253, comm[0]: 217.829, comm[1]: 1963.857, comm[2]: 218.092, force: 3141.839, rev_comm[0]: 211.381, rev_comm[1]: 2039.115, rev_comm[2]: 243.379, inte[1]: 144.629
[Rank 21] inte[0]: 206.163, comm[0]: 218.623, comm[1]: 2029.005, comm[2]: 217.687, force: 31[K - Rank 175] K: 400/600
[K - Rank 219] K: 400/600
[K - Rank 239] K: 400/600
28.136, rev_comm[0]: 212.540, rev_comm[1]: 2103.049, rev_comm[2]: 242.784, inte[1]: 143.926
[Rank 22] inte[0]: 203.533, comm[0]: 205.072, comm[1]: 1994.456, comm[2]: 205.902, force: 3138.661, rev_comm[0]: 198.758, rev_comm[1]: 2071.583, rev_comm[2]: 229.152, inte[1]: 142.946
[Rank 23] inte[0]: 204.868, comm[0]: 206.143, comm[1]: 2027.805, comm[2]: 207.273, force: 3140.259, rev_comm[0]: 199.247, rev_comm[1]: 2100.213, rev_comm[2]: 229.691, inte[1]: 143.254
[Rank 24] inte[0]: 205.599, comm[0]: 221.305, comm[1]: 1935.041, comm[2]: 222.028, force: 3178.453, rev_comm[0]: 216.011, rev_comm[1]: 1994.018, rev_comm[2]: 247.782, inte[1]: 144.249
[Rank 25] inte[0]: 206.769, comm[0]: 222.225, comm[1]: 1986.357, comm[2]: 224.452, force: 3115.347, rev_comm[0]: 216.655, rev_comm[1]: 2051.445, rev_comm[2]: 247.520, inte[1]: 144.976
[Rank 26] inte[0]: 204.896, comm[0]: 220.808, comm[1]: 1959.179, comm[2]: 220.721, force: 3122.524, rev_comm[0]: 215.515, rev_comm[1]: 2017.482, rev_comm[2]: 245.855, inte[1]: 145.014
[Rank 27] inte[0]: 205.039, comm[0]: 219.324, comm[1]: 1980.846, comm[2]: 219.155, force: 3130.553, rev_comm[0]: 213.826, rev_comm[1]: 2048.347, rev_comm[2]: 242.698, inte[1]: 144.308
[Rank 28] inte[0]: 206.437, comm[0]: 221.863, comm[1]: 2078.536, comm[2]: 220.131, force: 3166.609, rev_comm[0]: 215.370, rev_comm[1]: 2166.352, rev_comm[2]: 244.641, inte[1]: 145.230
[Rank 29] inte[0]: 205.601, comm[0]: 220.343, comm[1]: 2153.888, comm[2]: 218.990, force: 3142.661, rev_comm[0]: 215.013, rev_comm[1]: 2237.858, rev_comm[2]: 244.987, inte[1]: 144.064
[Rank 30] inte[0]: 205.345, comm[0]: 222.344, comm[1]: 2108.787, comm[2]: 221.683, force: 3150.295, rev_comm[0]: 216.762, rev_comm[1]: 2190.415, rev_comm[2]: 246.370, inte[1]: 144.247
[Rank 31] inte[0]: 205.606, comm[0]: 220.598, comm[1]: 2151.885, comm[2]: 220.184, force: 3157.341, rev_comm[0]: 215.510, rev_comm[1]: 2237.354, rev_comm[2]: 245.127, inte[1]: 144.055
[Rank 32] inte[0]: 205.562, comm[0]: 218.043, comm[1]: 1978.482, comm[2]: 217.980, force: 3196.767, rev_comm[0]: 212.118, rev_comm[1]: 1932.124, rev_comm[2]: 242.620, inte[1]: 144.896
[Rank 33] inte[0]: 205.323, comm[0]: 218.044, comm[1]: 2055.840, comm[2]: 218.184, force: 3143.645, rev_comm[0]: 212.631, rev_comm[1]: 1997.604, rev_comm[2]: 242.723, inte[1]: 144.390
[Rank 34] inte[0]: 206.363, comm[0]: 221.113, comm[1]: 2048.354, comm[2]: 222.669, force: 3189.341, rev_comm[0]: 216.048, rev_comm[1]: 1989.761, rev_comm[2]: 247.126, inte[1]: 145.537
[Rank 35] inte[0]: 207.090, comm[0]: 219.530, comm[1]: 2040.186, comm[2]: 219.590, force: 3160.366, rev_comm[0]: 214.455, rev_comm[1]: 1987.875, rev_comm[2]: 243.982, inte[1]: 144.354
[Rank 36] inte[0]: 205.615, comm[0]: 221.748, comm[1]: 2017.328, comm[2]: 220.591, force: 3176.213, rev_comm[0]: 215.320, rev_comm[1]: 2002.691, rev_comm[2]: 246.268, inte[1]: 144.981
[Rank 37] inte[0]: 205.729, comm[0]: 218.004, comm[1]: 2057.585, comm[2]: 218.221, force: 3133.183, rev_comm[0]: 213.138, rev_comm[1]: 2045.313, rev_comm[2]: 243.292, inte[1]: 144.281
[Rank 38] inte[0]: 205.476, comm[0]: 222.170, comm[1]: 2019.823, comm[2]: 222.103, force: 3162.501, rev_comm[0]: 217.096, rev_comm[1]: 2005.811, rev_comm[2]: 246.930, inte[1]: 144.735
[Rank 39] inte[0]: 206.116, comm[0]: 221.518, comm[1]: 2058.636, comm[2]: 220.689, force: 3169.131, rev_comm[0]: 216.634, rev_comm[1]: 2046.072, rev_comm[2]: 246.155, inte[1]: 144.688
[Rank 40] inte[0]: 204.525, comm[0]: 219.238, comm[1]: 1778.487, comm[2]: 221.167, force: 3134.621, rev_comm[0]: 214.292, rev_comm[1]: 1780.676, rev_comm[2]: 245.756, inte[1]: 143.961
[Rank 41] inte[0]: 205.704, comm[0]: 221.636, comm[1]: 1783.155, comm[2]: 221.808, force: 3153.616, rev_comm[0]: 216.094, rev_comm[1]: 1788.128, rev_comm[2]: 247.053, inte[1]: 144.639
[Rank 42] inte[0]: 206.104, comm[0]: 222.296, comm[1]: 1770.113, comm[2]: 222.215, force: 3200.100, rev_comm[0]: 217.327, rev_comm[1]: 1772.756, rev_comm[2]: 247.796, inte[1]: 145.077
[Rank 43] inte[0]: 205.765, comm[0]: 219.947, comm[1]: 1796.203, comm[2]: 221.133, force: 3209.841, rev_comm[0]: 215.442, rev_comm[1]: 1796.751, rev_comm[2]: 245.016, inte[1]: 144.922
[Rank 44] inte[0]: 207.067, comm[0]: 221.109, comm[1]: 1712.508, comm[2]: 222.936, force: 3145.452, rev_comm[0]: 216.006, rev_comm[1]: 1707.764, rev_comm[2]: 248.061, inte[1]: 145.559
[Rank 45] inte[0]: 206.445, comm[0]: 219.109, comm[1]: 1768.116, comm[2]: 220.399, force: 3119.932, rev_comm[0]: 214.908, rev_comm[1]: 1756.159, rev_comm[2]: 246.119, inte[1]: 144.286
[Rank 46] inte[0]: 207.436, comm[0]: 221.041, comm[1]: 1753.962, comm[2]: 222.716, force: 3140.562, rev_comm[0]: 216.130, rev_comm[1]: 1737.562, rev_comm[2]: 247.570, inte[1]: 145.096
[Rank 47] inte[0]: 206.337, comm[0]: 220.509, comm[1]: 1770.894, comm[2]: 220.420, force: 3154.326, rev_comm[0]: 213.985, rev_comm[1]: 1755.889, rev_comm[2]: 244.861, inte[1]: 144.843
[Rank 48] inte[0]: 206.968, comm[0]: 219.614, comm[1]: 1877.418, comm[2]: 219.891, force: 3190.951, rev_comm[0]: 213.851, rev_comm[1]: 1957.970, rev_comm[2]: 245.373, inte[1]: 145.127
[Rank 49] inte[0]: 205.218, comm[0]: 219.937, comm[1]: 1940.087, comm[2]: 220.988, force: 3123.706, rev_comm[0]: 215.242, rev_comm[1]: 2023.405, rev_comm[2]: 245.847, inte[1]: 144.048
[Rank 50] inte[0]: 204.565, comm[0]: 206.452, comm[1]: 1910.756, comm[2]: 206.643, force: 3139.405, rev_comm[0]: 199.788, rev_comm[1]: 1995.178, rev_comm[2]: 229.079, inte[1]: 143.888
[Rank 51] inte[0]: 205.056, comm[0]: 209.333, comm[1]: 1931.831, comm[2]: 209.539, force: 3191.171, rev_comm[0]: 200.918, rev_comm[1]: 2011.838, rev_comm[2]: 230.743, inte[1]: 143.547
[Rank 52] inte[0]: 206.937, comm[0]: 220.700, comm[1]: 1522.392, comm[2]: 220.482, force: 3164.806, rev_comm[0]: 213.993, rev_comm[1]: 1608.778, rev_comm[2]: 244.143, inte[1]: 145.188
[Rank 53] inte[0]: 205.611, comm[0]: 219.762, comm[1]: 1578.139, comm[2]: 220.076, force: 3147.688, rev_comm[0]: 214.535, rev_comm[1]: 1659.098, rev_comm[2]: 243.762, inte[1]: 144.558
[Rank 54] inte[0]: 205.571, comm[0]: 222.078, comm[1]: 1560.135, comm[2]: 221.706, force: 3136.434, rev_comm[0]: 215.836, rev_comm[1]: 1644.069, rev_comm[2]: 245.862, inte[1]: 144.092
[Rank 55] inte[0]: 205.393, comm[0]: 218.474, comm[1]: 1575.284, comm[2]: 219.197, force: 3144.831, rev_comm[0]: 214.462, rev_comm[1]: 1656.089, rev_comm[2]: 243.703, inte[1]: 144.291
[Rank 56] inte[0]: 205.613, comm[0]: 222.922, comm[1]: 1982.811, comm[2]: 222.041, force: 3183.676, rev_comm[0]: 216.622, rev_comm[1]: 2071.937, rev_comm[2]: 246.361, inte[1]: 145.052
[Rank 57] inte[0]: 205.712, comm[0]: 221.516, comm[1]: 2041.361, comm[2]: 221.408, force: 3123.684, rev_comm[0]: 215.644, rev_comm[1]: 2125.628, rev_comm[2]: 246.448, inte[1]: 143.926
[Rank 58] inte[0]: 207.282, comm[0]: 227.956, comm[1]: 1996.283, comm[2]: 225.049, force: 3178.798, rev_comm[0]: 219.585, rev_comm[1]: 2086.588, rev_comm[2]: 251.060, inte[1]: 146.602
[Rank 59] inte[0]: 205.015, comm[0]: 223.466, comm[1]: 2040.675, comm[2]: 221.994, force: 3132.633, rev_comm[0]: 217.526, rev_comm[1]: 2123.751, rev_comm[2]: 247.596, inte[1]: 144.758
[Rank 60] inte[0]: 206.684, comm[0]: 225.967, comm[1]: 1578.610, comm[2]: 225.094, force: 3198.672, rev_comm[0]: 219.002, rev_comm[1]: 1672.790, rev_comm[2]: 250.518, inte[1]: 145.123
[Rank 61] inte[0]: 206.357, comm[0]: 222.605, comm[1]: 1627.744, comm[2]: 223.196, force: 3134.014, rev_comm[0]: 217.291, rev_comm[1]: 1727.676, rev_comm[2]: 247.691, inte[1]: 145.209
[Rank 62] inte[0]: 206.477, comm[0]: 221.325, comm[1]: 1605.711, comm[2]: 221.205, force: 3154.297, rev_comm[0]: 215.225, rev_comm[1]: 1710.785, rev_comm[2]: 247.043, inte[1]: 144.565
[Rank 63] inte[0]: 206.169, comm[0]: 218.806, comm[1]: 1626.363, comm[2]: 218.777, force: 3158.265, rev_comm[0]: 214.111, rev_comm[1]: 1725.245, rev_comm[2]: 244.921, inte[1]: 144.288
[Rank 64] inte[0]: 205.778, comm[0]: 224.252, comm[1]: 1840.248, comm[2]: 221.574, force: 3199.689, rev_comm[0]: 216.791, rev_comm[1]: 1913.665, rev_comm[2]: 247.725, inte[1]: 145.087
[Rank 65] inte[0]: 206.504, comm[0]: 218.584, comm[1]: 1937.564, comm[2]: 219.104, force: 3133.618, rev_comm[0]: 214.654, rev_comm[1]: 2012.507, rev_comm[2]: 244.136, inte[1]: 144.400
[Rank 66] inte[0]: 206.344, comm[0]: 220.910, comm[1]: 1914.822, comm[2]: 221.684, force: 3151.297, rev_comm[0]: 215.630, rev_comm[1]: 1998.545, rev_comm[2]: 246.872, inte[1]: 144.633
[Rank 67] inte[0]: 205.954, comm[0]: 220.843, comm[1]: 1934.743, comm[2]: 220.137, force: 3140.782, rev_comm[0]: 215.226, rev_comm[1]: 2008.613, rev_comm[2]: 245.529, inte[1]: 144.031
[Rank 68] inte[0]: 207.043, comm[0]: 220.167, comm[1]: 1542.282, comm[2]: 220.064, force: 3149.833, rev_comm[0]: 215.293, rev_comm[1]: 1650.130, rev_comm[2]: 243.778, inte[1]: 144.688
[Rank 69] inte[0]: 205.073, comm[0]: 219.000, comm[1]: 1584.784, comm[2]: 220.250, force: 3150.896, rev_comm[0]: 214.682, rev_comm[1]: 1702.347, rev_comm[2]: 244.814, inte[1]: 144.050
[Rank 70] inte[0]: 205.046, comm[0]: 204.536, comm[1]: 1552.945, comm[2]: 205.212, force: 3157.713, rev_comm[0]: 199.122, rev_comm[1]: 1651.376, rev_comm[2]: 227.725, inte[1]: 143.215
[Rank 71] inte[0]: 205.538, comm[0]: 207.934, comm[1]: 1584.287, comm[2]: 207.913, force: 3172.555, rev_comm[0]: 200.838, rev_comm[1]: 1700.169, rev_comm[2]: 231.412, inte[1]: 143.676
[Rank 72] inte[0]: 206.611, comm[0]: 208.765, comm[1]: 1771.980, comm[2]: 210.520, force: 3208.846, rev_comm[0]: 203.836, rev_comm[1]: 1898.853, rev_comm[2]: 233.297, inte[1]: 144.260
[Rank 73] inte[0]: 205.238, comm[0]: 206.822, comm[1]: 1829.243, comm[2]: 206.924, force: 3148.684, rev_comm[0]: 201.505, rev_comm[1]: 1951.819, rev_comm[2]: 231.051, inte[1]: 143.826
[Rank 74] inte[0]: 205.218, comm[0]: 221.366, comm[1]: 1811.900, comm[2]: 221.234, force: 3144.320, rev_comm[0]: 216.078, rev_comm[1]: 1933.200, rev_comm[2]: 246.736, inte[1]: 144.639
[Rank 75] inte[0]: 205.988, comm[0]: 220.597, comm[1]: 1835.075, comm[2]: 219.176, force: 3167.597, rev_comm[0]: 214.390, rev_comm[1]: 1958.479, rev_comm[2]: 243.811, inte[1]: 144.542
[Rank 76] inte[0]: 205.442, comm[0]: 218.838, comm[1]: 1947.860, comm[2]: 219.780, force: 3138.594, rev_comm[0]: 214.222, rev_comm[1]: 2035.375, rev_comm[2]: 244.487, inte[1]: 144.577
[Rank 77] inte[0]: 205.205, comm[0]: 219.060, comm[1]: 2009.528, comm[2]: 219.326, force: 3138.207, rev_comm[0]: 214.190, rev_comm[1]: 2087.565, rev_comm[2]: 245.427, inte[1]: 144.617
[Rank 78] inte[0]: 206.420, comm[0]: 221.625, comm[1]: 1972.774, comm[2]: 221.382, force: 3166.887, rev_comm[0]: 215.729, rev_comm[1]: 2057.375, rev_comm[2]: 246.040, inte[1]: 144.740
[Rank 79] inte[0]: 206.040, comm[0]: 220.566, comm[1]: 2013.430, comm[2]: 220.486, force: 3141.040, rev_comm[0]: 215.369, rev_comm[1]: 2090.605, rev_comm[2]: 245.768, inte[1]: 144.645
[Rank 80] inte[0]: 207.851, comm[0]: 220.448, comm[1]: 1891.038, comm[2]: 221.341, force: 3155.339, rev_comm[0]: 215.302, rev_comm[1]: 1968.383, rev_comm[2]: 245.217, inte[1]: 145.431
[Rank 81] inte[0]: 205.762, comm[0]: 221.714, comm[1]: 1943.022, comm[2]: 220.507, force: 3147.102, rev_comm[0]: 216.032, rev_comm[1]: 2024.423, rev_comm[2]: 244.972, inte[1]: 144.272
[Rank 82] inte[0]: 205.864, comm[0]: 222.229, comm[1]: 1917.698, comm[2]: 222.646, force: 3132.452, rev_comm[0]: 215.981, rev_comm[1]: 1996.050, rev_comm[2]: 247.101, inte[1]: 144.942
[Rank 83] inte[0]: 205.560, comm[0]: 220.310, comm[1]: 1939.004, comm[2]: 220.485, force: 3152.538, rev_comm[0]: 214.291, rev_comm[1]: 2017.823, rev_comm[2]: 245.059, inte[1]: 144.990
[Rank 84] inte[0]: 204.675, comm[0]: 206.314, comm[1]: 1286.208, comm[2]: 207.479, force: 3198.756, rev_comm[0]: 200.215, rev_comm[1]: 1309.573, rev_comm[2]: 233.352, inte[1]: 143.740
[Rank 85] inte[0]: 205.341, comm[0]: 204.075, comm[1]: 1340.314, comm[2]: 203.934, force: 3135.856, rev_comm[0]: 198.809, rev_comm[1]: 1363.906, rev_comm[2]: 227.553, inte[1]: 143.673
[Rank 86] inte[0]: 206.532, comm[0]: 224.359, comm[1]: 1339.456, comm[2]: 224.288, force: 3154.167, rev_comm[0]: 218.052, rev_comm[1]: 1363.413, rev_comm[2]: 248.933, inte[1]: 144.864
[Rank 87] inte[0]: 206.618, comm[0]: 223.325, comm[1]: 1340.742, comm[2]: 222.873, force: 3154.710, rev_comm[0]: 217.567, rev_comm[1]: 1365.411, rev_comm[2]: 248.057, inte[1]: 145.178
[Rank 88] inte[0]: 206.372, comm[0]: 222.329, comm[1]: 1889.915, comm[2]: 223.110, force: 3190.414, rev_comm[0]: 215.361, rev_comm[1]: 1964.288, rev_comm[2]: 247.266, inte[1]: 145.233
[Rank 89] inte[0]: 206.068, comm[0]: 219.846, comm[1]: 1954.034, comm[2]: 221.837, force: 3141.494, rev_comm[0]: 214.777, rev_comm[1]: 2034.232, rev_comm[2]: 246.744, inte[1]: 144.594
[Rank 90] inte[0]: 206.232, comm[0]: 222.177, comm[1]: 1913.270, comm[2]: 221.952, force: 3144.200, rev_comm[0]: 215.918, rev_comm[1]: 1998.642, rev_comm[2]: 247.008, inte[1]: 144.899
[Rank 91] inte[0]: 205.206, comm[0]: 221.666, comm[1]: 1954.036, comm[2]: 221.518, force: 3127.173, rev_comm[0]: 215.661, rev_comm[1]: 2029.831, rev_comm[2]: 245.612, inte[1]: 144.076
[Rank 92] inte[0]: 206.068, comm[0]: 222.067, comm[1]: 1581.503, comm[2]: 221.153, force: 3143.500, rev_comm[0]: 216.135, rev_comm[1]: 1556.825, rev_comm[2]: 246.365, inte[1]: 144.662
[Rank 93] inte[0]: 205.540, comm[0]: 220.489, comm[1]: 1644.638, comm[2]: 219.921, force: 3152.978, rev_comm[0]: 215.025, rev_comm[1]: 1606.241, rev_comm[2]: 246.126, inte[1]: 144.006
[Rank 94] inte[0]: 205.935, comm[0]: 224.722, comm[1]: 1632.808, comm[2]: 222.982, force: 3158.058, rev_comm[0]: 217.618, rev_comm[1]: 1594.335, rev_comm[2]: 248.600, inte[1]: 145.360
[Rank 95] inte[0]: 205.576, comm[0]: 221.063, comm[1]: 1641.788, comm[2]: 220.442, force: 3155.470, rev_comm[0]: 215.722, rev_comm[1]: 1602.820, rev_comm[2]: 246.744, inte[1]: 144.778
[Rank 96] inte[0]: 204.989, comm[0]: 218.076, comm[1]: 2116.119, comm[2]: 218.615, force: 3155.118, rev_comm[0]: 212.480, rev_comm[1]: 2254.888, rev_comm[2]: 243.793, inte[1]: 144.104
[Rank 97] inte[0]: 206.206, comm[0]: 218.275, comm[1]: 2184.309, comm[2]: 217.809, force: 3147.564, rev_comm[0]: 213.721, rev_comm[1]: 2322.472, rev_comm[2]: 243.362, inte[1]: 144.370
[Rank 98] inte[0]: 206.117, comm[0]: 222.108, comm[1]: 2164.134, comm[2]: 221.966, force: 3151.106, rev_comm[0]: 216.228, rev_comm[1]: 2302.516, rev_comm[2]: 246.658, inte[1]: 144.578
[Rank 99] inte[0]: 205.083, comm[0]: 221.238, comm[1]: 2183.978, comm[2]: 219.843, force: 3151.448, rev_comm[0]: 215.262, rev_comm[1]: 2318.453, rev_comm[2]: 245.085, inte[1]: 144.967
[Rank 100] inte[0]: 207.324, comm[0]: 222.817, comm[1]: 2011.612, comm[2]: 220.539, force: 3200.155, rev_comm[0]: 216.319, rev_comm[1]: 1970.143, rev_comm[2]: 245.560, inte[1]: 145.222
[Rank 101] inte[0]: 206.561, comm[0]: 221.954, comm[1]: 2090.499, comm[2]: 220.450, force: 3126.960, rev_comm[0]: 215.230, rev_comm[1]: 2049.996, rev_comm[2]: 244.940, inte[1]: 144.179
[Rank 102] inte[0]: 206.974, comm[0]: 225.181, comm[1]: 2046.787, comm[2]: 224.768, force: 3188.620, rev_comm[0]: 218.249, rev_comm[1]: 2012.248, rev_comm[2]: 250.307, inte[1]: 146.178
[Rank 103] inte[0]: 204.910, comm[0]: 220.711, comm[1]: 2094.023, comm[2]: 219.904, force: 3161.173, rev_comm[0]: 215.584, rev_comm[1]: 2052.233, rev_comm[2]: 245.559, inte[1]: 144.218
[Rank 104] inte[0]: 206.446, comm[0]: 223.252, comm[1]: 1772.483, comm[2]: 223.231, force: 3146.509, rev_comm[0]: 217.852, rev_comm[1]: 1769.642, rev_comm[2]: 246.631, inte[1]: 144.414
[Rank 105] inte[0]: 205.187, comm[0]: 221.096, comm[1]: 1833.253, comm[2]: 221.639, force: 3158.000, rev_comm[0]: 215.488, rev_comm[1]: 1839.017, rev_comm[2]: 245.416, inte[1]: 144.639
[Rank 106] inte[0]: 206.179, comm[0]: 226.379, comm[1]: 1798.956, comm[2]: 224.936, force: 3178.916, rev_comm[0]: 220.185, rev_comm[1]: 1807.149, rev_comm[2]: 249.487, inte[1]: 144.871
[Rank 107] inte[0]: 207.511, comm[0]: 224.207, comm[1]: 1839.469, comm[2]: 222.195, force: 3207.903, rev_comm[0]: 217.629, rev_comm[1]: 1841.591, rev_comm[2]: 248.099, inte[1]: 146.155
[Rank 108] inte[0]: 204.998, comm[0]: 216.811, comm[1]: 1712.226, comm[2]: 218.410, force: 3149.790, rev_comm[0]: 211.865, rev_comm[1]: 1713.731, rev_comm[2]: 243.013, inte[1]: 144.094
[Rank 109] inte[0]: 204.958, comm[0]: 217.977, comm[1]: 1741.800, comm[2]: 219.441, force: 3138.154, rev_comm[0]: 212.311, rev_comm[1]: 1758.889, rev_comm[2]: 243.620, inte[1]: 144.539
[Rank 110] inte[0]: 205.887, comm[0]: 223.842, comm[1]: 1701.232, comm[2]: 223.631, force: 3185.557, rev_comm[0]: 217.661, rev_comm[1]: 1722.304, rev_comm[2]: 248.374, inte[1]: 145.162
[Rank 111] inte[0]: 205.628, comm[0]: 220.003, comm[1]: 1743.896, comm[2]: 220.483, force: 3152.836, rev_comm[0]: 214.295, rev_comm[1]: 1760.199, rev_comm[2]: 243.956, inte[1]: 144.662
[Rank 112] inte[0]: 205.825, comm[0]: 220.205, comm[1]: 1940.085, comm[2]: 219.950, force: 3141.019, rev_comm[0]: 213.746, rev_comm[1]: 1922.524, rev_comm[2]: 245.464, inte[1]: 144.579
[Rank 113] inte[0]: 206.517, comm[0]: 216.255, comm[1]: 2017.457, comm[2]: 217.465, force: 3129.873, rev_comm[0]: 211.574, rev_comm[1]: 1991.054, rev_comm[2]: 242.376, inte[1]: 144.709
[Rank 114] inte[0]: 206.788, comm[0]: 221.706, comm[1]: 1986.158, comm[2]: 220.893, force: 3129.140, rev_comm[0]: 214.828, rev_comm[1]: 1958.437, rev_comm[2]: 246.427, inte[1]: 144.873
[Rank 115] inte[0]: 205.794, comm[0]: 217.128, comm[1]: 2011.015, comm[2]: 216.924, force: 3139.411, rev_comm[0]: 212.334, rev_comm[1]: 1988.622, rev_comm[2]: 242.593, inte[1]: 144.818
[Rank 116] inte[0]: 205.108, comm[0]: 218.462, comm[1]: 1893.305, comm[2]: 219.264, force: 3143.328, rev_comm[0]: 213.604, rev_comm[1]: 1958.813, rev_comm[2]: 243.956, inte[1]: 144.400
[Rank 117] inte[0]: 204.990, comm[0]: 217.932, comm[1]: 1946.032, comm[2]: 219.033, force: 3134.709, rev_comm[0]: 213.005, rev_comm[1]: 2042.760, rev_comm[2]: 243.844, inte[1]: 143.936
[Rank 118] inte[0]: 205.659, comm[0]: 220.522, comm[1]: 1918.435, comm[2]: 220.731, force: 3146.355, rev_comm[0]: 215.084, rev_comm[1]: 2009.503, rev_comm[2]: 246.202, inte[1]: 145.058
[Rank 119] inte[0]: 205.057, comm[0]: 220.286, comm[1]: 1947.141, comm[2]: 219.985, force: 3152.521, rev_comm[0]: 214.129, rev_comm[1]: 2040.288, rev_comm[2]: 244.286, inte[1]: 144.503
[Rank 120] inte[0]: 206.074, comm[0]: 220.886, comm[1]: 1923.596, comm[2]: 221.204, force: 3200.276, rev_comm[0]: 215.820, rev_comm[1]: 2023.740, rev_comm[2]: 246.625, inte[1]: 144.784
[Rank 121] inte[0]: 206.241, comm[0]: 222.655, comm[1]: 1992.031, comm[2]: 224.374, force: 3154.769, rev_comm[0]: 217.206, rev_comm[1]: 2091.918, rev_comm[2]: 248.547, inte[1]: 144.661
[Rank 122] inte[0]: 206.469, comm[0]: 224.634, comm[1]: 1968.191, comm[2]: 223.525, force: 3174.721, rev_comm[0]: 218.265, rev_comm[1]: 2067.014, rev_comm[2]: 249.705, inte[1]: 145.676
[Rank 123] inte[0]: 206.015, comm[0]: 223.125, comm[1]: 1991.284, comm[2]: 221.984, force: 3121.115, rev_comm[0]: 217.270, rev_comm[1]: 2088.397, rev_comm[2]: 247.560, inte[1]: 145.019
[Rank 124] inte[0]: 206.685, comm[0]: 224.977, comm[1]: 2172.851, comm[2]: 223.052, force: 3130.880, rev_comm[0]: 217.094, rev_comm[1]: 2206.716, rev_comm[2]: 245.818, inte[1]: 144.946
[Rank 125] inte[0]: 206.646, comm[0]: 220.036, comm[1]: 2237.525, comm[2]: 220.260, force: 3140.880, rev_comm[0]: 213.656, rev_comm[1]: 2282.008, rev_comm[2]: 243.391, inte[1]: 144.328
[Rank 126] inte[0]: 206.392, comm[0]: 219.795, comm[1]: 2228.908, comm[2]: 221.069, force: 3140.197, rev_comm[0]: 214.332, rev_comm[1]: 2259.608, rev_comm[2]: 245.793, inte[1]: 145.327
[Rank 127] inte[0]: 206.266, comm[0]: 219.973, comm[1]: 2238.199, comm[2]: 220.297, force: 3153.796, rev_comm[0]: 213.946, rev_comm[1]: 2277.391, rev_comm[2]: 244.565, inte[1]: 144.700
[Rank 128] inte[0]: 206.500, comm[0]: 222.431, comm[1]: 1957.795, comm[2]: 220.571, force: 3134.529, rev_comm[0]: 215.640, rev_comm[1]: 2059.180, rev_comm[2]: 243.660, inte[1]: 144.945
[Rank 129] inte[0]: 205.827, comm[0]: 218.655, comm[1]: 2031.993, comm[2]: 218.270, force: 3129.715, rev_comm[0]: 212.938, rev_comm[1]: 2146.831, rev_comm[2]: 242.042, inte[1]: 144.502
[Rank 130] inte[0]: 206.262, comm[0]: 223.593, comm[1]: 1997.946, comm[2]: 222.691, force: 3181.940, rev_comm[0]: 217.224, rev_comm[1]: 2109.817, rev_comm[2]: 247.485, inte[1]: 144.722
[Rank 131] inte[0]: 205.750, comm[0]: 221.468, comm[1]: 2032.557, comm[2]: 220.468, force: 3149.434, rev_comm[0]: 216.596, rev_comm[1]: 2143.824, rev_comm[2]: 245.580, inte[1]: 144.348
[Rank 132] inte[0]: 206.466, comm[0]: 219.724, comm[1]: 2031.312, comm[2]: 220.234, force: 3194.902, rev_comm[0]: 213.816, rev_comm[1]: 1985.805, rev_comm[2]: 243.984, inte[1]: 145.468
[Rank 133] inte[0]: 205.325, comm[0]: 216.443, comm[1]: 2106.411, comm[2]: 217.265, force: 3149.236, rev_comm[0]: 210.727, rev_comm[1]: 2071.213, rev_comm[2]: 240.645, inte[1]: 144.014
[Rank 134] inte[0]: 206.402, comm[0]: 223.848, comm[1]: 2056.118, comm[2]: 222.250, force: 3189.981, rev_comm[0]: 216.746, rev_comm[1]: 2034.659, rev_comm[2]: 248.083, inte[1]: 144.649
[Rank 135] inte[0]: 206.365, comm[0]: 220.120, comm[1]: 2109.327, comm[2]: 218.160, force: 3144.935, rev_comm[0]: 215.500, rev_comm[1]: 2071.940, rev_comm[2]: 244.608, inte[1]: 144.341
[Rank 136] inte[0]: 206.188, comm[0]: 219.747, comm[1]: 1723.814, comm[2]: 217.858, force: 3149.883, rev_comm[0]: 213.743, rev_comm[1]: 1748.995, rev_comm[2]: 243.370, inte[1]: 144.593
[Rank 137] inte[0]: 205.992, comm[0]: 221.066, comm[1]: 1791.004, comm[2]: 220.424, force: 3139.283, rev_comm[0]: 215.486, rev_comm[1]: 1815.803, rev_comm[2]: 245.660, inte[1]: 145.258
[Rank 138] inte[0]: 206.287, comm[0]: 222.538, comm[1]: 1747.232, comm[2]: 222.112, force: 3193.248, rev_comm[0]: 217.367, rev_comm[1]: 1769.668, rev_comm[2]: 246.965, inte[1]: 144.976
[Rank 139] inte[0]: 205.450, comm[0]: 220.745, comm[1]: 1793.930, comm[2]: 219.368, force: 3158.370, rev_comm[0]: 215.956, rev_comm[1]: 1816.733, rev_comm[2]: 245.028, inte[1]: 144.503
[Rank 140] inte[0]: 207.534, comm[0]: 219.331, comm[1]: 1537.420, comm[2]: 219.828, force: 3190.369, rev_comm[0]: 212.758, rev_comm[1]: 1488.097, rev_comm[2]: 244.313, inte[1]: 145.452
[Rank 141] inte[0]: 206.552, comm[0]: 219.072, comm[1]: 1575.560, comm[2]: 218.601, force: 3144.177, rev_comm[0]: 213.122, rev_comm[1]: 1528.173, rev_comm[2]: 242.637, inte[1]: 144.302
[Rank 142] inte[0]: 206.686, comm[0]: 222.010, comm[1]: 1536.730, comm[2]: 220.945, force: 3142.691, rev_comm[0]: 214.968, rev_comm[1]: 1489.489, rev_comm[2]: 246.651, inte[1]: 144.863
[Rank 143] inte[0]: 204.938, comm[0]: 221.475, comm[1]: 1577.120, comm[2]: 220.169, force: 3130.845, rev_comm[0]: 215.936, rev_comm[1]: 1529.676, rev_comm[2]: 245.753, inte[1]: 144.032
[Rank 144] inte[0]: 207.080, comm[0]: 218.128, comm[1]: 1935.105, comm[2]: 218.829, force: 3186.816, rev_comm[0]: 212.188, rev_comm[1]: 1913.041, rev_comm[2]: 244.433, inte[1]: 145.381
[Rank 145] inte[0]: 205.266, comm[0]: 218.441, comm[1]: 2024.162, comm[2]: 218.046, force: 3138.431, rev_comm[0]: 212.768, rev_comm[1]: 1987.348, rev_comm[2]: 243.771, inte[1]: 144.022
[Rank 146] inte[0]: 205.745, comm[0]: 222.573, comm[1]: 1987.439, comm[2]: 221.868, force: 3127.834, rev_comm[0]: 216.756, rev_comm[1]: 1956.899, rev_comm[2]: 246.640, inte[1]: 144.894
[Rank 147] inte[0]: 206.013, comm[0]: 222.296, comm[1]: 2022.845, comm[2]: 219.305, force: 3139.258, rev_comm[0]: 214.853, rev_comm[1]: 1986.403, rev_comm[2]: 245.664, inte[1]: 144.678
[Rank 148] inte[0]: 207.475, comm[0]: 221.149, comm[1]: 1697.231, comm[2]: 220.635, force: 3147.177, rev_comm[0]: 214.941, rev_comm[1]: 1697.158, rev_comm[2]: 245.660, inte[1]: 145.236
[Rank 149] inte[0]: 206.738, comm[0]: 218.358, comm[1]: 1740.787, comm[2]: 218.343, force: 3182.368, rev_comm[0]: 212.609, rev_comm[1]: 1761.064, rev_comm[2]: 243.967, inte[1]: 144.616
[Rank 150] inte[0]: 206.978, comm[0]: 223.724, comm[1]: 1710.254, comm[2]: 223.471, force: 3185.942, rev_comm[0]: 218.152, rev_comm[1]: 1733.455, rev_comm[2]: 248.677, inte[1]: 145.448
[Rank 151] inte[0]: 205.646, comm[0]: 222.495, comm[1]: 1741.843, comm[2]: 221.420, force: 3200.344, rev_comm[0]: 216.154, rev_comm[1]: 1758.995, rev_comm[2]: 246.911, inte[1]: 145.545
[Rank 152] inte[0]: 206.781, comm[0]: 218.916, comm[1]: 1707.334, comm[2]: 219.044, force: 3132.944, rev_comm[0]: 213.378, rev_comm[1]: 1736.248, rev_comm[2]: 245.166, inte[1]: 145.422
[Rank 153] inte[0]: 205.574, comm[0]: 222.446, comm[1]: 1759.573, comm[2]: 222.920, force: 3130.005, rev_comm[0]: 216.808, rev_comm[1]: 1777.488, rev_comm[2]: 249.615, inte[1]: 144.645
[Rank 154] inte[0]: 205.426, comm[0]: 219.364, comm[1]: 1749.650, comm[2]: 220.529, force: 3121.212, rev_comm[0]: 214.547, rev_comm[1]: 1769.437, rev_comm[2]: 245.962, inte[1]: 144.829
[Rank 155] inte[0]: 206.087, comm[0]: 219.097, comm[1]: 1753.695, comm[2]: 219.486, force: 3143.372, rev_comm[0]: 214.116, rev_comm[1]: 1771.150, rev_comm[2]: 244.232, inte[1]: 143.596
[Rank 156] inte[0]: 206.594, comm[0]: 221.660, comm[1]: 2116.096, comm[2]: 218.479, force: 3143.254, rev_comm[0]: 215.416, rev_comm[1]: 2161.981, rev_comm[2]: 242.985, inte[1]: 144.496
[Rank 157] inte[0]: 206.706, comm[0]: 219.483, comm[1]: 2212.199, comm[2]: 219.510, force: 3155.515, rev_comm[0]: 213.168, rev_comm[1]: 2270.433, rev_comm[2]: 243.453, inte[1]: 145.061
[Rank 158] inte[0]: 206.065, comm[0]: 221.782, comm[1]: 2199.158, comm[2]: 222.693, force: 3181.694, rev_comm[0]: 216.213, rev_comm[1]: 2238.703, rev_comm[2]: 248.308, inte[1]: 144.691
[Rank 159] inte[0]: 206.032, comm[0]: 220.918, comm[1]: 2213.688, comm[2]: 220.161, force: 3158.522, rev_comm[0]: 214.894, rev_comm[1]: 2263.063, rev_comm[2]: 245.101, inte[1]: 145.214
[Rank 160] inte[0]: 206.110, comm[0]: 219.978, comm[1]: 1554.639, comm[2]: 221.815, force: 3144.229, rev_comm[0]: 214.349, rev_comm[1]: 1651.116, rev_comm[2]: 245.440, inte[1]: 144.369
[Rank 161] inte[0]: 206.058, comm[0]: 220.725, comm[1]: 1595.150, comm[2]: 221.974, force: 3128.957, rev_comm[0]: 214.390, rev_comm[1]: 1692.867, rev_comm[2]: 245.505, inte[1]: 143.898
[Rank 162] inte[0]: 205.666, comm[0]: 225.457, comm[1]: 1541.041, comm[2]: 224.174, force: 3145.821, rev_comm[0]: 219.307, rev_comm[1]: 1650.944, rev_comm[2]: 249.780, inte[1]: 144.475
[Rank 163] inte[0]: 206.201, comm[0]: 223.864, comm[1]: 1597.764, comm[2]: 222.731, force: 3147.335, rev_comm[0]: 217.246, rev_comm[1]: 1696.660, rev_comm[2]: 247.943, inte[1]: 145.182
[Rank 164] inte[0]: 205.639, comm[0]: 216.933, comm[1]: 1472.946, comm[2]: 218.397, force: 3196.060, rev_comm[0]: 210.054, rev_comm[1]: 1536.248, rev_comm[2]: 243.189, inte[1]: 144.746
[Rank 165] inte[0]: 205.419, comm[0]: 218.072, comm[1]: 1511.526, comm[2]: 218.813, force: 3151.859, rev_comm[0]: 211.927, rev_comm[1]: 1581.295, rev_comm[2]: 242.222, inte[1]: 144.759
[Rank 166] inte[0]: 206.176, comm[0]: 223.380, comm[1]: 1473.776, comm[2]: 222.266, force: 3134.544, rev_comm[0]: 215.776, rev_comm[1]: 1539.159, rev_comm[2]: 246.000, inte[1]: 144.925
[Rank 167] inte[0]: 204.490, comm[0]: 219.505, comm[1]: 1513.886, comm[2]: 219.257, force: 3155.341, rev_comm[0]: 213.310, rev_comm[1]: 1581.374, rev_comm[2]: 243.573, inte[1]: 144.132
[Rank 168] inte[0]: 206.278, comm[0]: 217.948, comm[1]: 1717.037, comm[2]: 219.555, force: 3153.103, rev_comm[0]: 212.596, rev_comm[1]: 1734.213, rev_comm[2]: 244.374, inte[1]: 144.503
[Rank 169] inte[0]: 205.677, comm[0]: 218.112, comm[1]: 1782.244, comm[2]: 217.873, force: 3134.641, rev_comm[0]: 212.899, rev_comm[1]: 1797.901, rev_comm[2]: 242.534, inte[1]: 144.005
[Rank 170] inte[0]: 205.947, comm[0]: 222.624, comm[1]: 1746.290, comm[2]: 222.001, force: 3149.213, rev_comm[0]: 217.249, rev_comm[1]: 1759.431, rev_comm[2]: 248.006, inte[1]: 144.667
[Rank 171] inte[0]: 205.357, comm[0]: 221.774, comm[1]: 1783.413, comm[2]: 221.361, force: 3175.696, rev_comm[0]: 215.369, rev_comm[1]: 1798.904, rev_comm[2]: 245.887, inte[1]: 144.658
[Rank 172] inte[0]: 205.523, comm[0]: 220.211, comm[1]: 1527.568, comm[2]: 219.673, force: 3160.044, rev_comm[0]: 213.748, rev_comm[1]: 1575.006, rev_comm[2]: 245.457, inte[1]: 144.290
[Rank 173] inte[0]: 207.042, comm[0]: 219.038, comm[1]: 1553.599, comm[2]: 219.499, force: 3150.559, rev_comm[0]: 213.340, rev_comm[1]: 1607.535, rev_comm[2]: 244.147, inte[1]: 145.284
[Rank 174] inte[0]: 205.485, comm[0]: 210.118, comm[1]: 1491.591, comm[2]: 209.922, force: 3180.352, rev_comm[0]: 204.043, rev_comm[1]: 1552.787, rev_comm[2]: 233.074, inte[1]: 144.694
[Rank 175] inte[0]: 205.556, comm[0]: 209.532, comm[1]: 1554.691, comm[2]: 208.311, force: 3164.546, rev_comm[0]: 201.981, rev_comm[1]: 1607.176, rev_comm[2]: 232.531, inte[1]: 144.184
[Rank 176] inte[0]: 205.536, comm[0]: 218.512, comm[1]: 1728.881, comm[2]: 216.753, force: 3166.629, rev_comm[0]: 211.916, rev_comm[1]: 1737.971, rev_comm[2]: 245.510, inte[1]: 143.963
[Rank 177] inte[0]: 206.110, comm[0]: 216.604, comm[1]: 1785.452, comm[2]: 217.088, force: 3143.866, rev_comm[0]: 213.397, rev_comm[1]: 1783.976, rev_comm[2]: 242.240, inte[1]: 144.160
[Rank 178] inte[0]: 204.980, comm[0]: 219.712, comm[1]: 1723.305, comm[2]: 219.143, force: 3126.370, rev_comm[0]: 214.189, rev_comm[1]: 1724.142, rev_comm[2]: 244.991, inte[1]: 143.842
[Rank 179] inte[0]: 206.327, comm[0]: 219.408, comm[1]: 1786.893, comm[2]: 218.813, force: 3153.355, rev_comm[0]: 213.112, rev_comm[1]: 1784.714, rev_comm[2]: 245.368, inte[1]: 144.021
[Rank 180] inte[0]: 205.357, comm[0]: 206.325, comm[1]: 1791.798, comm[2]: 208.073, force: 3188.175, rev_comm[0]: 199.561, rev_comm[1]: 1819.384, rev_comm[2]: 230.796, inte[1]: 144.145
[Rank 181] inte[0]: 204.212, comm[0]: 206.248, comm[1]: 1834.245, comm[2]: 205.723, force: 3119.461, rev_comm[0]: 199.534, rev_comm[1]: 1866.337, rev_comm[2]: 229.588, inte[1]: 143.157
[Rank 182] inte[0]: 206.597, comm[0]: 222.823, comm[1]: 1793.623, comm[2]: 222.429, force: 3136.506, rev_comm[0]: 216.437, rev_comm[1]: 1814.262, rev_comm[2]: 247.041, inte[1]: 144.585
[Rank 183] inte[0]: 205.588, comm[0]: 220.264, comm[1]: 1841.922, comm[2]: 219.448, force: 3153.558, rev_comm[0]: 214.539, rev_comm[1]: 1867.175, rev_comm[2]: 245.457, inte[1]: 143.327
[Rank 184] inte[0]: 205.718, comm[0]: 217.473, comm[1]: 1560.483, comm[2]: 218.861, force: 3178.126, rev_comm[0]: 211.111, rev_comm[1]: 1637.725, rev_comm[2]: 244.377, inte[1]: 144.659
[Rank 185] inte[0]: 206.070, comm[0]: 216.335, comm[1]: 1601.804, comm[2]: 217.961, force: 3109.690, rev_comm[0]: 212.409, rev_comm[1]: 1689.174, rev_comm[2]: 243.514, inte[1]: 144.379
[Rank 186] inte[0]: 206.527, comm[0]: 220.614, comm[1]: 1585.414, comm[2]: 221.656, force: 3132.382, rev_comm[0]: 214.859, rev_comm[1]: 1668.913, rev_comm[2]: 246.974, inte[1]: 144.711
[Rank 187] inte[0]: 204.741, comm[0]: 219.147, comm[1]: 1605.460, comm[2]: 218.802, force: 3145.845, rev_comm[0]: 213.646, rev_comm[1]: 1687.991, rev_comm[2]: 244.358, inte[1]: 144.739
[Rank 188] inte[0]: 206.836, comm[0]: 219.087, comm[1]: 1612.866, comm[2]: 219.276, force: 3197.393, rev_comm[0]: 213.018, rev_comm[1]: 1571.489, rev_comm[2]: 245.858, inte[1]: 145.265
[Rank 189] inte[0]: 205.149, comm[0]: 218.630, comm[1]: 1655.272, comm[2]: 219.114, force: 3148.806, rev_comm[0]: 213.496, rev_comm[1]: 1617.754, rev_comm[2]: 244.213, inte[1]: 144.287
[Rank 190] inte[0]: 205.484, comm[0]: 221.644, comm[1]: 1611.537, comm[2]: 221.297, force: 3146.741, rev_comm[0]: 215.328, rev_comm[1]: 1596.059, rev_comm[2]: 246.388, inte[1]: 144.641
[Rank 191] inte[0]: 205.528, comm[0]: 220.538, comm[1]: 1657.963, comm[2]: 218.239, force: 3144.722, rev_comm[0]: 213.105, rev_comm[1]: 1620.121, rev_comm[2]: 244.402, inte[1]: 144.664
[Rank 192] inte[0]: 205.763, comm[0]: 219.755, comm[1]: 1498.258, comm[2]: 219.167, force: 3133.837, rev_comm[0]: 214.743, rev_comm[1]: 1575.096, rev_comm[2]: 244.244, inte[1]: 144.253
[Rank 193] inte[0]: 205.408, comm[0]: 220.416, comm[1]: 1557.627, comm[2]: 220.006, force: 3123.328, rev_comm[0]: 215.272, rev_comm[1]: 1633.476, rev_comm[2]: 245.102, inte[1]: 143.778
[Rank 194] inte[0]: 206.045, comm[0]: 222.074, comm[1]: 1520.675, comm[2]: 221.436, force: 3180.216, rev_comm[0]: 215.203, rev_comm[1]: 1598.882, rev_comm[2]: 246.765, inte[1]: 144.573
[Rank 195] inte[0]: 204.601, comm[0]: 218.722, comm[1]: 1558.846, comm[2]: 218.329, force: 3130.732, rev_comm[0]: 214.218, rev_comm[1]: 1634.538, rev_comm[2]: 243.521, inte[1]: 143.452
[Rank 196] inte[0]: 205.827, comm[0]: 219.935, comm[1]: 1782.788, comm[2]: 219.987, force: 3187.409, rev_comm[0]: 214.246, rev_comm[1]: 1676.718, rev_comm[2]: 245.225, inte[1]: 144.805
[Rank 197] inte[0]: 205.845, comm[0]: 217.695, comm[1]: 1878.063, comm[2]: 218.258, force: 3178.342, rev_comm[0]: 212.759, rev_comm[1]: 1752.437, rev_comm[2]: 244.243, inte[1]: 143.754
[Rank 198] inte[0]: 207.018, comm[0]: 223.458, comm[1]: 1847.492, comm[2]: 222.407, force: 3180.300, rev_comm[0]: 215.863, rev_comm[1]: 1721.959, rev_comm[2]: 248.972, inte[1]: 145.858
[Rank 199] inte[0]: 205.305, comm[0]: 221.699, comm[1]: 1874.588, comm[2]: 219.933, force: 3133.727, rev_comm[0]: 215.327, rev_comm[1]: 1749.806, rev_comm[2]: 246.156, inte[1]: 143.894
[Rank 200] inte[0]: 206.519, comm[0]: 217.540, comm[1]: 1712.711, comm[2]: 218.423, force: 3140.522, rev_comm[0]: 212.645, rev_comm[1]: 1706.755, rev_comm[2]: 243.476, inte[1]: 144.504
[Rank 201] inte[0]: 206.197, comm[0]: 217.711, comm[1]: 1786.935, comm[2]: 217.949, force: 3139.743, rev_comm[0]: 212.371, rev_comm[1]: 1789.580, rev_comm[2]: 242.256, inte[1]: 144.407
[Rank 202] inte[0]: 206.564, comm[0]: 221.608, comm[1]: 1764.522, comm[2]: 222.020, force: 3158.766, rev_comm[0]: 215.441, rev_comm[1]: 1771.857, rev_comm[2]: 247.129, inte[1]: 145.114
[Rank 203] inte[0]: 205.149, comm[0]: 218.910, comm[1]: 1788.108, comm[2]: 219.129, force: 3136.290, rev_comm[0]: 213.729, rev_comm[1]: 1790.245, rev_comm[2]: 244.154, inte[1]: 144.593
[Rank 204] inte[0]: 206.889, comm[0]: 220.947, comm[1]: 1719.950, comm[2]: 220.973, force: 3148.125, rev_comm[0]: 213.901, rev_comm[1]: 1729.092, rev_comm[2]: 246.249, inte[1]: 144.648
[Rank 205] inte[0]: 206.359, comm[0]: 218.322, comm[1]: 1758.303, comm[2]: 219.151, force: 3138.083, rev_comm[0]: 212.010, rev_comm[1]: 1770.145, rev_comm[2]: 242.208, inte[1]: 144.692
[Rank 206] inte[0]: 205.596, comm[0]: 221.297, comm[1]: 1714.051, comm[2]: 221.741, force: 3132.708, rev_comm[0]: 215.638, rev_comm[1]: 1730.711, rev_comm[2]: 246.426, inte[1]: 144.812
[Rank 207] inte[0]: 205.761, comm[0]: 220.605, comm[1]: 1762.200, comm[2]: 219.850, force: 3151.867, rev_comm[0]: 214.581, rev_comm[1]: 1770.573, rev_comm[2]: 243.808, inte[1]: 144.565
[Rank 208] inte[0]: 206.977, comm[0]: 218.372, comm[1]: 1952.365, comm[2]: 219.942, force: 3175.113, rev_comm[0]: 212.772, rev_comm[1]: 1920.326, rev_comm[2]: 245.079, inte[1]: 145.022
[Rank 209] inte[0]: 206.282, comm[0]: 217.320, comm[1]: 2016.535, comm[2]: 218.965, force: 3120.172, rev_comm[0]: 212.781, rev_comm[1]: 1971.699, rev_comm[2]: 243.620, inte[1]: 143.822
[Rank 210] inte[0]: 205.662, comm[0]: 220.562, comm[1]: 1955.214, comm[2]: 221.977, force: 3166.948, rev_comm[0]: 215.173, rev_comm[1]: 1926.688, rev_comm[2]: 246.252, inte[1]: 144.948
[Rank 211] inte[0]: 205.946, comm[0]: 219.051, comm[1]: 2017.933, comm[2]: 217.970, force: 3123.688, rev_comm[0]: 213.952, rev_comm[1]: 1973.588, rev_comm[2]: 243.285, inte[1]: 144.293
[Rank 212] inte[0]: 206.958, comm[0]: 217.513, comm[1]: 1982.049, comm[2]: 218.376, force: 3139.818, rev_comm[0]: 212.198, rev_comm[1]: 1945.625, rev_comm[2]: 244.570, inte[1]: 144.750
[Rank 213] inte[0]: 206.008, comm[0]: 215.723, comm[1]: 2047.090, comm[2]: 216.348, force: 3137.100, rev_comm[0]: 210.424, rev_comm[1]: 2006.598, rev_comm[2]: 241.140, inte[1]: 144.092
[Rank 214] inte[0]: 207.057, comm[0]: 225.204, comm[1]: 2000.014, comm[2]: 223.944, force: 3176.530, rev_comm[0]: 218.189, rev_comm[1]: 1971.061, rev_comm[2]: 250.241, inte[1]: 144.993
[Rank 215] inte[0]: 205.529, comm[0]: 221.896, comm[1]: 2047.534, comm[2]: 220.913, force: 3141.127, rev_comm[0]: 216.910, rev_comm[1]: 2004.833, rev_comm[2]: 246.034, inte[1]: 144.211
[Rank 216] inte[0]: 207.273, comm[0]: 218.966, comm[1]: 1699.853, comm[2]: 220.748, force: 3126.848, rev_comm[0]: 213.763, rev_comm[1]: 1719.327, rev_comm[2]: 245.430, inte[1]: 145.311
[Rank 217] inte[0]: 206.760, comm[0]: 220.896, comm[1]: 1743.929, comm[2]: 220.942, force: 3123.457, rev_comm[0]: 214.557, rev_comm[1]: 1759.857, rev_comm[2]: 244.073, inte[1]: 144.698
[Rank 218] inte[0]: 205.885, comm[0]: 207.563, comm[1]: 1706.616, comm[2]: 206.590, force: 3155.320, rev_comm[0]: 201.540, rev_comm[1]: 1734.846, rev_comm[2]: 230.754, inte[1]: 144.447
[Rank 219] inte[0]: 205.009, comm[0]: 208.313, comm[1]: 1742.482, comm[2]: 207.036, force: 3130.623, rev_comm[0]: 200.393, rev_comm[1]: 1755.543, rev_comm[2]: 230.510, inte[1]: 144.008
[Rank 220] inte[0]: 207.519, comm[0]: 221.014, comm[1]: 1627.784, comm[2]: 221.102, force: 3183.354, rev_comm[0]: 215.962, rev_comm[1]: 1581.485, rev_comm[2]: 248.775, inte[1]: 145.783
[Rank 221] inte[0]: 205.691, comm[0]: 221.934, comm[1]: 1654.343, comm[2]: 220.875, force: 3154.675, rev_comm[0]: 216.591, rev_comm[1]: 1607.768, rev_comm[2]: 246.098, inte[1]: 145.003
[Rank 222] inte[0]: 207.229, comm[0]: 223.809, comm[1]: 1620.020, comm[2]: 222.596, force: 3179.234, rev_comm[0]: 217.222, rev_comm[1]: 1572.990, rev_comm[2]: 248.669, inte[1]: 145.815
[Rank 223] inte[0]: 205.498, comm[0]: 220.580, comm[1]: 1656.375, comm[2]: 219.613, force: 3149.583, rev_comm[0]: 214.926, rev_comm[1]: 1609.051, rev_comm[2]: 245.405, inte[1]: 143.968
[Rank 224] inte[0]: 206.035, comm[0]: 223.739, comm[1]: 1517.400, comm[2]: 222.203, force: 3191.298, rev_comm[0]: 215.516, rev_comm[1]: 1584.707, rev_comm[2]: 247.452, inte[1]: 145.235
[Rank 225] inte[0]: 205.418, comm[0]: 218.523, comm[1]: 1575.984, comm[2]: 219.080, force: 3134.438, rev_comm[0]: 212.345, rev_comm[1]: 1641.853, rev_comm[2]: 243.429, inte[1]: 144.654
[Rank 226] inte[0]: 206.845, comm[0]: 225.390, comm[1]: 1547.894, comm[2]: 224.666, force: 3185.011, rev_comm[0]: 217.850, rev_comm[1]: 1615.744, rev_comm[2]: 248.795, inte[1]: 144.869
[Rank 227] inte[0]: 206.346, comm[0]: 223.791, comm[1]: 1578.658, comm[2]: 222.919, force: 3147.084, rev_comm[0]: 218.268, rev_comm[1]: 1643.296, rev_comm[2]: 247.437, inte[1]: 145.029
[Rank 228] inte[0]: 204.291, comm[0]: 209.298, comm[1]: 1898.936, comm[2]: 209.787, force: 3135.672, rev_comm[0]: 202.677, rev_comm[1]: 1874.441, rev_comm[2]: 232.642, inte[1]: 143.539
[Rank 229] inte[0]: 205.266, comm[0]: 204.363, comm[1]: 2035.522, comm[2]: 204.265, force: 3123.904, rev_comm[0]: 198.238, rev_comm[1]: 1984.809, rev_comm[2]: 227.616, inte[1]: 143.504
[Rank 230] inte[0]: 205.287, comm[0]: 219.911, comm[1]: 2020.942, comm[2]: 221.537, force: 3128.703, rev_comm[0]: 213.809, rev_comm[1]: 1967.576, rev_comm[2]: 245.576, inte[1]: 144.093
[Rank 231] inte[0]: 205.853, comm[0]: 219.496, comm[1]: 2031.800, comm[2]: 220.998, force: 3140.360, rev_comm[0]: 212.430, rev_comm[1]: 1981.086, rev_comm[2]: 246.644, inte[1]: 144.699
[Rank 232] inte[0]: 204.680, comm[0]: 216.804, comm[1]: 1695.340, comm[2]: 219.141, force: 3148.096, rev_comm[0]: 211.873, rev_comm[1]: 1698.505, rev_comm[2]: 242.912, inte[1]: 143.926
[Rank 233] inte[0]: 206.588, comm[0]: 216.354, comm[1]: 1762.295, comm[2]: 216.966, force: 3140.750, rev_comm[0]: 211.328, rev_comm[1]: 1770.512, rev_comm[2]: 241.552, inte[1]: 144.332
[Rank 234] inte[0]: 206.128, comm[0]: 223.541, comm[1]: 1736.107, comm[2]: 224.391, force: 3193.965, rev_comm[0]: 215.557, rev_comm[1]: 1754.355, rev_comm[2]: 250.417, inte[1]: 145.078
[Rank 235] inte[0]: 205.716, comm[0]: 220.015, comm[1]: 1763.322, comm[2]: 221.132, force: 3141.983, rev_comm[0]: 214.986, rev_comm[1]: 1770.793, rev_comm[2]: 245.562, inte[1]: 144.585
[Rank 236] inte[0]: 205.752, comm[0]: 219.532, comm[1]: 1789.381, comm[2]: 218.598, force: 3192.996, rev_comm[0]: 213.370, rev_comm[1]: 1872.331, rev_comm[2]: 244.810, inte[1]: 144.331
[Rank 237] inte[0]: 205.652, comm[0]: 220.214, comm[1]: 1875.475, comm[2]: 219.274, force: 3137.327, rev_comm[0]: 214.785, rev_comm[1]: 1949.304, rev_comm[2]: 243.938, inte[1]: 144.427
[Rank 238] inte[0]: 205.506, comm[0]: 223.743, comm[1]: 1831.653, comm[2]: 223.725, force: 3140.476, rev_comm[0]: 218.306, rev_comm[1]: 1916.136, rev_comm[2]: 247.789, inte[1]: 144.774
[Rank 239] inte[0]: 206.702, comm[0]: 222.898, comm[1]: 1875.626, comm[2]: 221.701, force: 3141.518, rev_comm[0]: 217.728, rev_comm[1]: 1948.402, rev_comm[2]: 246.889, inte[1]: 144.370
[Rank 240] inte[0]: 206.567, comm[0]: 221.688, comm[1]: 1796.040, comm[2]: 221.074, force: 3134.023, rev_comm[0]: 214.833, rev_comm[1]: 1685.042, rev_comm[2]: 244.172, inte[1]: 145.045
[Rank 241] inte[0]: 206.159, comm[0]: 220.528, comm[1]: 1862.754, comm[2]: 220.235, force: 3157.753, rev_comm[0]: 213.635, rev_comm[1]: 1748.737, rev_comm[2]: 244.841, inte[1]: 144.499
[Rank 242] inte[0]: 206.225, comm[0]: 223.822, comm[1]: 1809.752, comm[2]: 221.349, force: 3119.861, rev_comm[0]: 216.516, rev_comm[1]: 1721.078, rev_comm[2]: 246.818, inte[1]: 145.100
[Rank 243] inte[0]: 206.195, comm[0]: 220.470, comm[1]: 1862.711, comm[2]: 217.152, force: 3140.304, rev_comm[0]: 215.171, rev_comm[1]: 1748.966, rev_comm[2]: 245.608, inte[1]: 144.605
[Rank 244] inte[0]: 205.781, comm[0]: 217.993, comm[1]: 2090.555, comm[2]: 217.443, force: 3176.024, rev_comm[0]: 212.770, rev_comm[1]: 2112.405, rev_comm[2]: 242.906, inte[1]: 144.886
[Rank 245] inte[0]: 206.531, comm[0]: 217.526, comm[1]: 2200.992, comm[2]: 218.675, force: 3130.752, rev_comm[0]: 213.750, rev_comm[1]: 2213.087, rev_comm[2]: 242.788, inte[1]: 144.731
[Rank 246] inte[0]: 205.884, comm[0]: 224.930, comm[1]: 2172.126, comm[2]: 224.901, force: 3142.309, rev_comm[0]: 217.708, rev_comm[1]: 2195.474, rev_comm[2]: 249.630, inte[1]: 144.489
[Rank 247] inte[0]: 205.506, comm[0]: 224.054, comm[1]: 2198.829, comm[2]: 221.867, force: 3157.114, rev_comm[0]: 217.182, rev_comm[1]: 2212.844, rev_comm[2]: 248.146, inte[1]: 144.177
[Rank 248] inte[0]: 203.628, comm[0]: 202.802, comm[1]: 1918.184, comm[2]: 206.955, force: 3118.155, rev_comm[0]: 197.134, rev_comm[1]: 1985.800, rev_comm[2]: 228.797, inte[1]: 142.370
[Rank 249] inte[0]: 205.680, comm[0]: 205.685, comm[1]: 1965.286, comm[2]: 207.152, force: 3112.789, rev_comm[0]: 200.456, rev_comm[1]: 2044.047, rev_comm[2]: 230.027, inte[1]: 144.034
[Rank 250] inte[0]: 205.249, comm[0]: 207.748, comm[1]: 1940.261, comm[2]: 208.578, force: 3127.272, rev_comm[0]: 202.366, rev_comm[1]: 2017.343, rev_comm[2]: 231.711, inte[1]: 144.380
[Rank 251] inte[0]: 205.716, comm[0]: 210.154, comm[1]: 1961.169, comm[2]: 209.987, force: 3113.889, rev_comm[0]: 204.729, rev_comm[1]: 2040.152, rev_comm[2]: 232.304, inte[1]: 143.979
[Rank 252] inte[0]: 205.530, comm[0]: 223.515, comm[1]: 1977.390, comm[2]: 221.435, force: 3146.763, rev_comm[0]: 216.441, rev_comm[1]: 2034.214, rev_comm[2]: 247.601, inte[1]: 144.695
[Rank 253] inte[0]: 205.183, comm[0]: 218.824, comm[1]: 2049.722, comm[2]: 218.904, force: 3132.182, rev_comm[0]: 213.932, rev_comm[1]: 2096.883, rev_comm[2]: 244.342, inte[1]: 143.784
[Rank 254] inte[0]: 206.206, comm[0]: 221.310, comm[1]: 1998.110, comm[2]: 220.495, force: 3187.827, rev_comm[0]: 215.262, rev_comm[1]: 2040.966, rev_comm[2]: 246.524, inte[1]: 144.532
[Rank 255] inte[0]: 205.838, comm[0]: 219.099, comm[1]: 2053.271, comm[2]: 218.631, force: 3152.049, rev_comm[0]: 214.256, rev_comm[1]: 2098.049, rev_comm[2]: 245.329, inte[1]: 144.016
[Max rank 127] inte[0]: 206.266, comm[0]: 219.973, comm[1]: 2238.199, comm[2]: 220.297, force: 3153.796, rev_comm[0]: 213.946, rev_comm[1]: 2277.391, rev_comm[2]: 244.565, inte[1]: 144.700


# Performance Summary:
# MPI_proc OMP_threads nsteps natoms t_total t_force t_neigh t_comm t_other performance perf/thread grep_string t_extra
256 1 100 268435456 1.029411 0.318599 0.000000 0.672617 0.038195 26076617899.363262 101861788.669388 PERF_SUMMARY 0.000000


