[Rank 31] xlo: 322.482469, xhi: 429.976625, ylo: 322.482469, yhi: 429.976625, zlo: 107.494156, zhi: 214.988312
[Rank 30] xlo: 322.482469, xhi: 429.976625, ylo: 322.482469, yhi: 429.976625, zlo: 0.000000, zhi: 107.494156
# Create System:
[Rank 0] xlo: 0.000000, xhi: 107.494156, ylo: 0.000000, yhi: 107.494156, zlo: 0.000000, zhi: 107.494156
# Done .... 
# miniMD-Reference 1.2 (MPI+OpenMP) output ...
# Run Settings: 
	# MPI processes: 32
	# Host Threads: 1
	# Inputfile: in.lj.miniMD
	# Datafile: None
# Physics Settings: 
	# ForceStyle: LJ
	# Force Parameters: 1.00 1.00
	# Units: LJ
	# Atoms: 33554432
	# Atom types: 8
	# System size: 429.98 429.98 214.99 (unit cells: 256 256 128)
	# Density: 0.844200
	# Force cutoff: 2.500000
	# Timestep size: 0.005000
# Technical Settings: 
	# Neigh cutoff: 2.800000
	# Half neighborlists: 1
	# Team neighborlist construction: 0
	# Neighbor bins: 153 153 76
	# Neighbor frequency: 1000
	# Sorting frequency: 1000
	# Thermo frequency: 100
	# Ghost Newton: 1
	# Use intrinsics: 0
	# Do safe exchange: 0
	# Size of float: 8

[Rank 1] xlo: 0.000000, xhi: 107.494156, ylo: 0.000000, yhi: 107.494156, zlo: 107.494156, zhi: 214.988312
[Rank 29] xlo: 322.482469, xhi: 429.976625, ylo: 214.988312, yhi: 322.482469, zlo: 107.494156, zhi: 214.988312
[Rank 28] xlo: 322.482469, xhi: 429.976625, ylo: 214.988312, yhi: 322.482469, zlo: 0.000000, zhi: 107.494156
[Rank 18] xlo: 214.988312, xhi: 322.482469, ylo: 107.494156, yhi: 214.988312, zlo: 0.000000, zhi: 107.494156
[Rank 4] xlo: 0.000000, xhi: 107.494156, ylo: 214.988312, yhi: 322.482469, zlo: 0.000000, zhi: 107.494156
[Rank 19] xlo: 214.988312, xhi: 322.482469, ylo: 107.494156, yhi: 214.988312, zlo: 107.494156, zhi: 214.988312
[Rank 5] xlo: 0.000000, xhi: 107.494156, ylo: 214.988312, yhi: 322.482469, zlo: 107.494156, zhi: 214.988312
[Rank 11] xlo: 107.494156, xhi: 214.988312, ylo: 107.494156, yhi: 214.988312, zlo: 107.494156, zhi: 214.988312
[Rank 24] xlo: 322.482469, xhi: 429.976625, ylo: 0.000000, yhi: 107.494156, zlo: 0.000000, zhi: 107.494156
[Rank 10] xlo: 107.494156, xhi: 214.988312, ylo: 107.494156, yhi: 214.988312, zlo: 0.000000, zhi: 107.494156
[Rank 25] xlo: 322.482469, xhi: 429.976625, ylo: 0.000000, yhi: 107.494156, zlo: 107.494156, zhi: 214.988312
[Rank 16] xlo: 214.988312, xhi: 322.482469, ylo: 0.000000, yhi: 107.494156, zlo: 0.000000, zhi: 107.494156
[Rank 27] xlo: 322.482469, xhi: 429.976625, ylo: 107.494156, yhi: 214.988312, zlo: 107.494156, zhi: 214.988312
[Rank 7] xlo: 0.000000, xhi: 107.494156, ylo: 322.482469, yhi: 429.976625, zlo: 107.494156, zhi: 214.988312
[Rank 17] xlo: 214.988312, xhi: 322.482469, ylo: 0.000000, yhi: 107.494156, zlo: 107.494156, zhi: 214.988312
[Rank 2] xlo: 0.000000, xhi: 107.494156, ylo: 107.494156, yhi: 214.988312, zlo: 0.000000, zhi: 107.494156
[Rank 6] xlo: 0.000000, xhi: 107.494156, ylo: 322.482469, yhi: 429.976625, zlo: 0.000000, zhi: 107.494156
[Rank 8] xlo: 107.494156, xhi: 214.988312, ylo: 0.000000, yhi: 107.494156, zlo: 0.000000, zhi: 107.494156
[Rank 26] xlo: 322.482469, xhi: 429.976625, ylo: 107.494156, yhi: 214.988312, zlo: 0.000000, zhi: 107.494156
[Rank 3] xlo: 0.000000, xhi: 107.494156, ylo: 107.494156, yhi: 214.988312, zlo: 107.494156, zhi: 214.988312
[Rank 9] xlo: 107.494156, xhi: 214.988312, ylo: 0.000000, yhi: 107.494156, zlo: 107.494156, zhi: 214.988312
[Rank 13] xlo: 107.494156, xhi: 214.988312, ylo: 214.988312, yhi: 322.482469, zlo: 107.494156, zhi: 214.988312
[Rank 15] xlo: 107.494156, xhi: 214.988312, ylo: 322.482469, yhi: 429.976625, zlo: 107.494156, zhi: 214.988312
[Rank 20] xlo: 214.988312, xhi: 322.482469, ylo: 214.988312, yhi: 322.482469, zlo: 0.000000, zhi: 107.494156
[Rank 21] xlo: 214.988312, xhi: 322.482469, ylo: 214.988312, yhi: 322.482469, zlo: 107.494156, zhi: 214.988312
[Rank 23] xlo: 214.988312, xhi: 322.482469, ylo: 322.482469, yhi: 429.976625, zlo: 107.494156, zhi: 214.988312
[Rank 12] xlo: 107.494156, xhi: 214.988312, ylo: 214.988312, yhi: 322.482469, zlo: 0.000000, zhi: 107.494156
[Rank 22] xlo: 214.988312, xhi: 322.482469, ylo: 322.482469, yhi: 429.976625, zlo: 0.000000, zhi: 107.494156
[Rank 14] xlo: 107.494156, xhi: 214.988312, ylo: 322.482469, yhi: 429.976625, zlo: 0.000000, zhi: 107.494156
# Starting dynamics ...
# Timestep T U P Time
0 1.440000e+00 -6.773368e+00 -5.019669e+00  0.000
[K - Rank 31] K: 300/600
[K - Rank 30] K: 300/600
[K - Rank 28] K: 300/600
[K - Rank 29] K: 300/600
[K - Rank 3] K: 300/600
[K - Rank 14] K: 300/600
[K - Rank 4] K: 300/600
[K - Rank 0] K: 300/600
[K - Rank 13] K: 300/600
[K - Rank 5] K: 300/600
[K - Rank 12] K: 300/600
[K - Rank 2] K: 300/600
[K - Rank 15] K: 300/600
[K - Rank 16] K: 300/600
[K - Rank 7] K: 300/600
[K - Rank 21] K: 300/600
[K - Rank 1] K: 300/600
[K - Rank 8] K: 300/600
[K - Rank 17] K: 300/600
[K - Rank 20] K: 300/600
[K - Rank 25] K: 300/600
[K - Rank 6] K: 300/600
[K - Rank 10] K: 300/600
[K - Rank 18] K: 300/600
[K - Rank 9] K: 300/600
[K - Rank 11] K: 300/600
[K - Rank 27] K: 300/600
[K - Rank 19] K: 300/600
[K - Rank 23] K: 300/600
100 8.102448e-01 -5.834690e+00 5.059590e-02  0.688
[Atom] pack_comm: 600, unpack_comm: 600, pack_comm_self: 0, pack_reverse: 606, unpack_reverse: 606
[Rank 0] inte[0]: 205.377, comm[0]: 215.999, comm[1]: 1085.411, comm[2]: 217.845, force: 2815.542, rev_comm[0]: 208.298, rev_comm[1]: 1107.737, rev_comm[2]: 236.359, inte[1]: 139.676
[Rank 1] inte[0]: 207.199, comm[0]: 218.309, comm[1]: 1124.128, comm[2]: 217.912, force: 2876.609, rev_comm[0]: 211.984, rev_comm[1]: 1140.699, rev_comm[2]: 238.654, inte[1]: 140.787
[Rank 2] inte[0]: 205.757, comm[0]: 220.429, comm[1]: 1103.948, comm[2]: 220.885, force: 2880.628, rev_comm[0]: 213.263, rev_comm[1]: 1116.987, rev_comm[2]: 241.967, inte[1]: 141.475
[Rank 3] inte[0]: 205.726, comm[0]: 217.194, comm[1]: 1126.198, comm[2]: 217.706, force: 2800.328, rev_comm[0]: 211.095, rev_comm[1]: 1144.760, rev_comm[2]: 238.888, inte[1]: 139.949
[Rank 4] inte[0]: 205.884, comm[0]: 218.593, comm[1]: 1103.650, comm[2]: 220.037, force: 2822.550, rev_comm[0]: 211.522, rev_comm[1]: 1116.686, rev_comm[2]: 238.708, inte[1]: 140.393
[Rank 5] inte[0]: 205.950, comm[0]: 217.957, comm[1]: 1127.722, comm[2]: 218.984, force: 2924.819, rev_comm[0]: 211.102, rev_comm[1]: 1147.871, rev_comm[2]: 238.611, inte[1]: 141.619
[Rank 6] inte[0]: 205.471, comm[0]: 221.165, comm[1]: 1095.004, comm[2]: 220.440, force: 2803.488, rev_comm[0]: 214.228, rev_comm[1]: 1111.145, rev_comm[2]: 241.974, inte[1]: 140.630
[Rank 7] inte[0]: 205.602, comm[0]: 217.949, comm[1]: 1123.844, comm[2]: 218.544, force: 2863.113, rev_comm[0]: 212.173, rev_comm[1]: 1141.997, rev_comm[2]: 239.595, inte[1]: 141.112
[Rank 8] inte[0]: 206.547, comm[0]: 218.093, comm[1]: 1126.193, comm[2]: 219.501, force: 2899.881, rev_comm[0]: 211.217, rev_comm[1]: 1157.339, rev_comm[2]: 239.301, inte[1]: 141.197
[Rank 9] inte[0]: 207.307, comm[0]: 219.201, comm[1]: 1162.983, comm[2]: 217.740, force: 2805.615, rev_comm[0]: 212.157, rev_comm[1]: 1186.780, rev_comm[2]: 237.452, inte[1]: 139.714
[Rank 10] inte[0]: 205.662, comm[0]: 221.043, comm[1]: 1141.241, comm[2]: 221.905, force: 2857.842, rev_comm[0]: 214.792, rev_comm[1]: 1164.000, rev_comm[2]: 243.222, inte[1]: 141.537
[Rank 11] inte[0]: 205.842, comm[0]: 218.861, comm[1]: 1161.367, comm[2]: 219.413, force: 2886.061, rev_comm[0]: 212.626, rev_comm[1]: 1185.295, rev_comm[2]: 241.558, inte[1]: 141.091
[Rank 12] inte[0]: 207.458, comm[0]: 219.796, comm[1]: 1117.779, comm[2]: 220.544, force: 2805.456, rev_comm[0]: 213.833, rev_comm[1]: 1153.347, rev_comm[2]: 239.537, inte[1]: 140.439
[Rank 13] inte[0]: 206.524, comm[0]: 217.896, comm[1]: 1144.398, comm[2]: 218.109, force: 2806.435, rev_comm[0]: 211.667, rev_comm[1]: 1180.290, rev_comm[2]: 237.486, inte[1]: 139.998
[Rank 14] inte[0]: 205.866, comm[0]: 220.948, comm[1]: 1121.123, comm[2]: 221.853, force: 2906.692, rev_comm[0]: 214.521, rev_comm[1]: 1157.510, rev_comm[2]: 243.594, inte[1]: 141.453
[Rank 15] inte[0]: 205.548, comm[0]: 218.205, comm[1]: 1146.328, comm[2]: 219.336, force: 2902.039, rev_comm[0]: 212.736, rev_comm[1]: 1181.713, rev_comm[2]: 242.267, inte[1]: 141.567
[Rank 16] inte[0]: 207.109, comm[0]: 222.006, comm[1]: 1129.880, comm[2]: 221.382, force: 2914.724, rev_comm[0]: 214.780, rev_comm[1]: 1156.405, rev_comm[2]: 241.482, inte[1]: 141.503
[Rank 17] inte[0]: 207.092, comm[0]: 216.080, comm[1]: 1161.040, comm[2]: 218.088, force: 2844.452, rev_comm[0]: 210.659, rev_comm[1]: 1184.447, rev_comm[2]: 237.059, inte[1]: 140.264
[Rank 18] inte[0]: 206.913, comm[0]: 218.322, comm[1]: 1140.015, comm[2]: 218.575, force: 2893.299, rev_comm[0]: 212.039, rev_comm[1]: 1163.324, rev_comm[2]: 240.438, inte[1]: 141.982
[Rank 19] inte[0]: 206.477, comm[0]: 218.440, comm[1]: 1161.643, comm[2]: 217.457, force: 2920.654, rev_comm[0]: 211.504, rev_comm[1]: 1182.117, rev_comm[2]: 239.356, inte[1]: 142.157
[Rank 20] inte[0]: 207.487, comm[0]: 220.015, comm[1]: 1107.144, comm[2]: 220.720, force: 2868.532, rev_comm[0]: 213.629, rev_comm[1]: 1130.128, rev_comm[2]: 241.108, inte[1]: 141.043
[Rank 21] inte[0]: 207.374, comm[0]: 217.380, comm[1]: 1133.869, comm[2]: 218.678, force: 2889.436, rev_comm[0]: 211.880, rev_comm[1]: 1156.007, rev_comm[2]: 238.337, inte[1]: 141.247
[Rank 22] inte[0]: 205.231, comm[0]: 221.465, comm[1]: 1105.203, comm[2]: 220.989, force: 2884.253, rev_comm[0]: 215.029, rev_comm[1]: 1131.095, rev_comm[2]: 242.286, inte[1]: 141.991
[Rank 23] inte[0]: 205.407, comm[0]: 219.497, comm[1]: 1132.957, comm[2]: 220.138, force: 2855.852, rev_comm[0]: 214.635, rev_comm[1]: 1156.962, rev_comm[2]: 242.540, inte[1]: 141.141
[Rank 24] inte[0]: 205.910, comm[0]: 221.908, comm[1]: 1108.989, comm[2]: 221.620, force: 2882.051, rev_comm[0]: 214.312, rev_comm[1]: 1126.731, rev_comm[2]: 241.562, inte[1]: 141.162
[Rank 25] inte[0]: 207.143, comm[0]: 217.373, comm[1]: 1140.858, comm[2]: 217.609, force: 2846.981, rev_comm[0]: 211.811, rev_comm[1]: 1158.589, rev_comm[2]: 237.982, inte[1]: 140.277
[Rank 26] inte[0]: 205.987, comm[0]: 220.776, comm[1]: 1120.080, comm[2]: 221.424, force: 2906.206, rev_comm[0]: 213.821, rev_comm[1]: 1137.355, rev_comm[2]: 242.996, inte[1]: 141.914
[Rank 27] inte[0]: 206.287, comm[0]: 218.963, comm[1]: 1142.070, comm[2]: 219.548, force: 2857.893, rev_comm[0]: 212.433, rev_comm[1]: 1158.968, rev_comm[2]: 241.540, inte[1]: 140.535
[Rank 28] inte[0]: 206.096, comm[0]: 217.719, comm[1]: 1102.212, comm[2]: 219.379, force: 2837.445, rev_comm[0]: 210.703, rev_comm[1]: 1111.391, rev_comm[2]: 239.728, inte[1]: 139.838
[Rank 29] inte[0]: 208.020, comm[0]: 217.888, comm[1]: 1125.504, comm[2]: 218.954, force: 2923.151, rev_comm[0]: 211.678, rev_comm[1]: 1138.059, rev_comm[2]: 239.965, inte[1]: 141.668
[Rank 30] inte[0]: 204.791, comm[0]: 206.617, comm[1]: 1088.371, comm[2]: 205.131, force: 2918.602, rev_comm[0]: 200.846, rev_comm[1]: 1100.558, rev_comm[2]: 228.301, inte[1]: 140.509
[Rank 31] inte[0]: 204.834, comm[0]: 205.119, comm[1]: 1119.040, comm[2]: 203.350, force: 2880.205, rev_comm[0]: 199.188, rev_comm[1]: 1131.879, rev_comm[2]: 226.427, inte[1]: 139.988
[Max rank 9] inte[0]: 207.307, comm[0]: 219.201, comm[1]: 1162.983, comm[2]: 217.740, force: 2805.615, rev_comm[0]: 212.157, rev_comm[1]: 1186.780, rev_comm[2]: 237.452, inte[1]: 139.714
[K - Rank 22] K: 300/600
[K - Rank 24] K: 300/600
[K - Rank 26] K: 300/600


# Performance Summary:
# MPI_proc OMP_threads nsteps natoms t_total t_force t_neigh t_comm t_other performance perf/thread grep_string t_extra
32 1 100 33554432 0.688381 0.281624 0.000000 0.370399 0.036358 4874397945.190400 152324935.787200 PERF_SUMMARY 0.000000


