




	# Atom types: 8
	# Atoms: 67108864
	# Datafile: None
	# Density: 0.844200
	# Do safe exchange: 0
	# Force Parameters: 1.00 1.00
	# Force cutoff: 2.500000
	# ForceStyle: LJ
	# Ghost Newton: 1
	# Half neighborlists: 1
	# Host Threads: 1
	# Inputfile: in.lj.miniMD
	# MPI processes: 64
	# Neigh cutoff: 2.800000
	# Neighbor bins: 153 153 153
	# Neighbor frequency: 1000
	# Size of float: 8
	# Sorting frequency: 1000
	# System size: 429.98 429.98 429.98 (unit cells: 256 256 256)
	# Team neighborlist construction: 0
	# Thermo frequency: 100
	# Timestep size: 0.005000
	# Units: LJ
	# Use intrinsics: 0
# Create System:
# Done .... 
# MPI_proc OMP_threads nsteps natoms t_total t_force t_neigh t_comm t_other performance perf/thread grep_string t_extra
# Performance Summary:
# Physics Settings: 
# Run Settings: 
# Starting dynamics ...
# Technical Settings: 
# Timestep T U P Time
# miniMD-Reference 1.2 (MPI+OpenMP) output ...
0 1.440000e+00 -6.773368e+00 -5.019669e+00  0.000
100 8.112874e-01 -5.836199e+00 3.658783e-02  0.841
64 1 100 67108864 0.841196 0.286154 0.000000 0.518046 0.036995 7977791848.115069 124652997.626798 PERF_SUMMARY 0.000000
[Atom] pack_comm: 600, unpack_comm: 600, pack_comm_self: 0, pack_reverse: 606, unpack_reverse: 606
[K - Rank 0] K: 400/600
[K - Rank 10] K: 400/600
[K - Rank 11] K: 400/600
[K - Rank 12] K: 400/600
[K - Rank 13] K: 400/600
[K - Rank 14] K: 400/600
[K - Rank 15] K: 400/600
[K - Rank 16] K: 400/600
[K - Rank 17] K: 400/600
[K - Rank 18] K: 400/600
[K - Rank 19] K: 400/600
[K - Rank 1] K: 400/600
[K - Rank 20] K: 400/600
[K - Rank 21] K: 400/600
[K - Rank 22] K: 400/600
[K - Rank 23] K: 400/600
[K - Rank 24] K: 400/600
[K - Rank 25] K: 400/600
[K - Rank 26] K: 400/600
[K - Rank 27] K: 400/600
[K - Rank 28] K: 400/600
[K - Rank 29] K: 400/600
[K - Rank 2] K: 400/600
[K - Rank 30] K: 400/600
[K - Rank 31] K: 400/600
[K - Rank 32] K: 400/600
[K - Rank 33] K: 400/600
[K - Rank 34] K: 400/600
[K - Rank 35] K: 400/600
[K - Rank 36] K: 400/600
[K - Rank 37] K: 400/600
[K - Rank 38] K: 400/600
[K - Rank 39] K: 400/600
[K - Rank 3] K: 400/600
[K - Rank 40] K: 400/600
[K - Rank 41] K: 400/600
[K - Rank 42] K: 400/600
[K - Rank 43] K: 400/600
[K - Rank 44] K: 400/600
[K - Rank 45] K: 400/600
[K - Rank 46] K: 400/600
[K - Rank 47] K: 400/600
[K - Rank 48] K: 400/600
[K - Rank 49] K: 400/600
[K - Rank 4] K: 400/600
[K - Rank 50] K: 400/600
[K - Rank 51] K: 400/600
[K - Rank 52] K: 400/600
[K - Rank 53] K: 400/600
[K - Rank 54] K: 400/600
[K - Rank 55] K: 400/600
[K - Rank 56] K: 400/600
[K - Rank 57] K: 400/600
[K - Rank 58] K: 400/600
[K - Rank 59] K: 400/600
[K - Rank 5] K: 400/600
[K - Rank 60] K: 400/600
[K - Rank 61] K: 400/600
[K - Rank 62] K: 400/600
[K - Rank 63] K: 400/600
[K - Rank 6] K: 400/600
[K - Rank 7] K: 400/600
[K - Rank 8] K: 400/600
[K - Rank 9] K: 400/600
[Max rank 47] inte[0]: 205.222, comm[0]: 218.171, comm[1]: 1677.912, comm[2]: 217.914, force: 2857.847, rev_comm[0]: 211.410, rev_comm[1]: 1611.789, rev_comm[2]: 243.278, inte[1]: 140.180
[Rank 0] inte[0]: 205.574, comm[0]: 217.355, comm[1]: 1465.759, comm[2]: 216.990, force: 2860.859, rev_comm[0]: 210.134, rev_comm[1]: 1512.847, rev_comm[2]: 240.975, inte[1]: 140.518
[Rank 0] xlo: 0.000000, xhi: 107.494156, ylo: 0.000000, yhi: 107.494156, zlo: 0.000000, zhi: 107.494156
[Rank 10] inte[0]: 206.275, comm[0]: 219.696, comm[1]: 1534.052, comm[2]: 220.635, force: 2849.938, rev_comm[0]: 212.015, rev_comm[1]: 1582.325, rev_comm[2]: 245.226, inte[1]: 140.768
[Rank 10] xlo: 0.000000, xhi: 107.494156, ylo: 214.988312, yhi: 322.482469, zlo: 214.988312, zhi: 322.482469
[Rank 11] inte[0]: 206.086, comm[0]: 218.326, comm[1]: 1554.256, comm[2]: 219.807, force: 2886.727, rev_comm[0]: 211.433, rev_comm[1]: 1601.025, rev_comm[2]: 242.546, inte[1]: 141.202
[Rank 11] xlo: 0.000000, xhi: 107.494156, ylo: 214.988312, yhi: 322.482469, zlo: 322.482469, zhi: 429.976625
[Rank 12] inte[0]: 204.917, comm[0]: 218.364, comm[1]: 1512.593, comm[2]: 218.459, force: 2900.157, rev_comm[0]: 212.628, rev_comm[1]: 1602.092, rev_comm[2]: 244.562, inte[1]: 141.011
[Rank 12] xlo: 0.000000, xhi: 107.494156, ylo: 322.482469, yhi: 429.976625, zlo: 0.000000, zhi: 107.494156
[Rank 13] inte[0]: 204.662, comm[0]: 215.729, comm[1]: 1571.384, comm[2]: 217.741, force: 2836.470, rev_comm[0]: 211.437, rev_comm[1]: 1668.133, rev_comm[2]: 241.457, inte[1]: 140.331
[Rank 13] xlo: 0.000000, xhi: 107.494156, ylo: 322.482469, yhi: 429.976625, zlo: 107.494156, zhi: 214.988312
[Rank 14] inte[0]: 206.127, comm[0]: 221.258, comm[1]: 1529.889, comm[2]: 220.894, force: 2879.898, rev_comm[0]: 215.099, rev_comm[1]: 1632.570, rev_comm[2]: 245.175, inte[1]: 140.854
[Rank 14] xlo: 0.000000, xhi: 107.494156, ylo: 322.482469, yhi: 429.976625, zlo: 214.988312, zhi: 322.482469
[Rank 15] inte[0]: 206.816, comm[0]: 220.096, comm[1]: 1573.303, comm[2]: 220.112, force: 2899.235, rev_comm[0]: 214.403, rev_comm[1]: 1668.897, rev_comm[2]: 243.020, inte[1]: 141.293
[Rank 15] xlo: 0.000000, xhi: 107.494156, ylo: 322.482469, yhi: 429.976625, zlo: 322.482469, zhi: 429.976625
[Rank 16] inte[0]: 206.940, comm[0]: 222.362, comm[1]: 1342.095, comm[2]: 221.503, force: 2866.903, rev_comm[0]: 214.233, rev_comm[1]: 1373.577, rev_comm[2]: 244.672, inte[1]: 141.171
[Rank 16] xlo: 107.494156, xhi: 214.988312, ylo: 0.000000, yhi: 107.494156, zlo: 0.000000, zhi: 107.494156
[Rank 17] inte[0]: 207.118, comm[0]: 216.174, comm[1]: 1396.766, comm[2]: 217.978, force: 2873.072, rev_comm[0]: 209.384, rev_comm[1]: 1428.960, rev_comm[2]: 240.461, inte[1]: 140.406
[Rank 17] xlo: 107.494156, xhi: 214.988312, ylo: 0.000000, yhi: 107.494156, zlo: 107.494156, zhi: 214.988312
[Rank 18] inte[0]: 205.937, comm[0]: 223.229, comm[1]: 1371.240, comm[2]: 224.076, force: 2901.610, rev_comm[0]: 216.676, rev_comm[1]: 1401.233, rev_comm[2]: 248.201, inte[1]: 141.929
[Rank 18] xlo: 107.494156, xhi: 214.988312, ylo: 0.000000, yhi: 107.494156, zlo: 214.988312, zhi: 322.482469
[Rank 19] inte[0]: 204.868, comm[0]: 221.594, comm[1]: 1399.212, comm[2]: 220.382, force: 2846.525, rev_comm[0]: 214.466, rev_comm[1]: 1429.602, rev_comm[2]: 242.276, inte[1]: 140.986
[Rank 19] xlo: 107.494156, xhi: 214.988312, ylo: 0.000000, yhi: 107.494156, zlo: 322.482469, zhi: 429.976625
[Rank 1] inte[0]: 206.436, comm[0]: 218.437, comm[1]: 1501.679, comm[2]: 218.433, force: 2894.530, rev_comm[0]: 212.443, rev_comm[1]: 1541.654, rev_comm[2]: 242.328, inte[1]: 141.635
[Rank 1] xlo: 0.000000, xhi: 107.494156, ylo: 0.000000, yhi: 107.494156, zlo: 107.494156, zhi: 214.988312
[Rank 20] inte[0]: 205.637, comm[0]: 218.387, comm[1]: 1486.960, comm[2]: 219.282, force: 2893.950, rev_comm[0]: 212.928, rev_comm[1]: 1570.121, rev_comm[2]: 242.987, inte[1]: 140.947
[Rank 20] xlo: 107.494156, xhi: 214.988312, ylo: 107.494156, yhi: 214.988312, zlo: 0.000000, zhi: 107.494156
[Rank 21] inte[0]: 207.112, comm[0]: 218.635, comm[1]: 1523.223, comm[2]: 218.835, force: 2872.439, rev_comm[0]: 212.788, rev_comm[1]: 1620.977, rev_comm[2]: 242.498, inte[1]: 140.740
[Rank 21] xlo: 107.494156, xhi: 214.988312, ylo: 107.494156, yhi: 214.988312, zlo: 107.494156, zhi: 214.988312
[Rank 22] inte[0]: 206.489, comm[0]: 220.319, comm[1]: 1500.534, comm[2]: 219.991, force: 2826.923, rev_comm[0]: 214.363, rev_comm[1]: 1596.281, rev_comm[2]: 245.294, inte[1]: 140.486
[Rank 22] xlo: 107.494156, xhi: 214.988312, ylo: 107.494156, yhi: 214.988312, zlo: 214.988312, zhi: 322.482469
[Rank 23] inte[0]: 205.851, comm[0]: 218.768, comm[1]: 1526.510, comm[2]: 219.455, force: 2878.866, rev_comm[0]: 212.296, rev_comm[1]: 1619.147, rev_comm[2]: 243.023, inte[1]: 141.384
[Rank 23] xlo: 107.494156, xhi: 214.988312, ylo: 107.494156, yhi: 214.988312, zlo: 322.482469, zhi: 429.976625
[Rank 24] inte[0]: 205.079, comm[0]: 216.182, comm[1]: 1510.306, comm[2]: 218.720, force: 2855.634, rev_comm[0]: 211.093, rev_comm[1]: 1555.108, rev_comm[2]: 242.523, inte[1]: 140.613
[Rank 24] xlo: 107.494156, xhi: 214.988312, ylo: 214.988312, yhi: 322.482469, zlo: 0.000000, zhi: 107.494156
[Rank 25] inte[0]: 205.886, comm[0]: 218.427, comm[1]: 1556.322, comm[2]: 220.198, force: 2841.377, rev_comm[0]: 213.065, rev_comm[1]: 1609.465, rev_comm[2]: 243.761, inte[1]: 140.796
[Rank 25] xlo: 107.494156, xhi: 214.988312, ylo: 214.988312, yhi: 322.482469, zlo: 107.494156, zhi: 214.988312
[Rank 26] inte[0]: 206.302, comm[0]: 221.216, comm[1]: 1530.396, comm[2]: 222.495, force: 2846.551, rev_comm[0]: 216.030, rev_comm[1]: 1588.427, rev_comm[2]: 247.153, inte[1]: 141.414
[Rank 26] xlo: 107.494156, xhi: 214.988312, ylo: 214.988312, yhi: 322.482469, zlo: 214.988312, zhi: 322.482469
[Rank 27] inte[0]: 205.679, comm[0]: 219.702, comm[1]: 1555.452, comm[2]: 219.367, force: 2843.115, rev_comm[0]: 214.673, rev_comm[1]: 1606.269, rev_comm[2]: 243.133, inte[1]: 140.533
[Rank 27] xlo: 107.494156, xhi: 214.988312, ylo: 214.988312, yhi: 322.482469, zlo: 322.482469, zhi: 429.976625
[Rank 28] inte[0]: 205.571, comm[0]: 217.280, comm[1]: 1577.738, comm[2]: 218.625, force: 2858.193, rev_comm[0]: 210.836, rev_comm[1]: 1509.261, rev_comm[2]: 243.200, inte[1]: 140.514
[Rank 28] xlo: 107.494156, xhi: 214.988312, ylo: 322.482469, yhi: 429.976625, zlo: 0.000000, zhi: 107.494156
[Rank 29] inte[0]: 205.184, comm[0]: 218.060, comm[1]: 1622.918, comm[2]: 220.398, force: 2859.973, rev_comm[0]: 212.332, rev_comm[1]: 1558.832, rev_comm[2]: 242.856, inte[1]: 140.661
[Rank 29] xlo: 107.494156, xhi: 214.988312, ylo: 322.482469, yhi: 429.976625, zlo: 107.494156, zhi: 214.988312
[Rank 2] inte[0]: 205.421, comm[0]: 222.019, comm[1]: 1461.907, comm[2]: 221.356, force: 2866.283, rev_comm[0]: 216.354, rev_comm[1]: 1499.906, rev_comm[2]: 245.523, inte[1]: 141.833
[Rank 2] xlo: 0.000000, xhi: 107.494156, ylo: 0.000000, yhi: 107.494156, zlo: 214.988312, zhi: 322.482469
[Rank 30] inte[0]: 204.546, comm[0]: 203.458, comm[1]: 1584.316, comm[2]: 203.918, force: 2889.747, rev_comm[0]: 197.510, rev_comm[1]: 1530.472, rev_comm[2]: 227.465, inte[1]: 140.632
[Rank 30] xlo: 107.494156, xhi: 214.988312, ylo: 322.482469, yhi: 429.976625, zlo: 214.988312, zhi: 322.482469
[Rank 31] inte[0]: 205.527, comm[0]: 206.748, comm[1]: 1621.919, comm[2]: 206.013, force: 2901.348, rev_comm[0]: 199.426, rev_comm[1]: 1556.331, rev_comm[2]: 230.036, inte[1]: 139.911
[Rank 31] xlo: 107.494156, xhi: 214.988312, ylo: 322.482469, yhi: 429.976625, zlo: 322.482469, zhi: 429.976625
[Rank 32] inte[0]: 206.445, comm[0]: 218.669, comm[1]: 1598.547, comm[2]: 219.653, force: 2862.164, rev_comm[0]: 212.665, rev_comm[1]: 1533.970, rev_comm[2]: 243.721, inte[1]: 140.824
[Rank 32] xlo: 214.988312, xhi: 322.482469, ylo: 0.000000, yhi: 107.494156, zlo: 0.000000, zhi: 107.494156
[Rank 33] inte[0]: 205.274, comm[0]: 217.064, comm[1]: 1647.830, comm[2]: 219.005, force: 2889.648, rev_comm[0]: 211.441, rev_comm[1]: 1573.604, rev_comm[2]: 242.923, inte[1]: 141.338
[Rank 33] xlo: 214.988312, xhi: 322.482469, ylo: 0.000000, yhi: 107.494156, zlo: 107.494156, zhi: 214.988312
[Rank 34] inte[0]: 206.141, comm[0]: 220.951, comm[1]: 1608.108, comm[2]: 221.495, force: 2872.669, rev_comm[0]: 214.537, rev_comm[1]: 1529.313, rev_comm[2]: 245.062, inte[1]: 141.099
[Rank 34] xlo: 214.988312, xhi: 322.482469, ylo: 0.000000, yhi: 107.494156, zlo: 214.988312, zhi: 322.482469
[Rank 35] inte[0]: 206.055, comm[0]: 218.068, comm[1]: 1649.223, comm[2]: 217.762, force: 2838.217, rev_comm[0]: 211.429, rev_comm[1]: 1573.718, rev_comm[2]: 241.386, inte[1]: 140.277
[Rank 35] xlo: 214.988312, xhi: 322.482469, ylo: 0.000000, yhi: 107.494156, zlo: 322.482469, zhi: 429.976625
[Rank 36] inte[0]: 205.741, comm[0]: 217.497, comm[1]: 1292.042, comm[2]: 218.746, force: 2889.240, rev_comm[0]: 212.651, rev_comm[1]: 1304.973, rev_comm[2]: 242.963, inte[1]: 140.732
[Rank 36] xlo: 214.988312, xhi: 322.482469, ylo: 107.494156, yhi: 214.988312, zlo: 0.000000, zhi: 107.494156
[Rank 37] inte[0]: 205.769, comm[0]: 216.761, comm[1]: 1340.320, comm[2]: 219.068, force: 2888.174, rev_comm[0]: 212.366, rev_comm[1]: 1353.687, rev_comm[2]: 241.565, inte[1]: 140.483
[Rank 37] xlo: 214.988312, xhi: 322.482469, ylo: 107.494156, yhi: 214.988312, zlo: 107.494156, zhi: 214.988312
[Rank 38] inte[0]: 205.766, comm[0]: 220.915, comm[1]: 1308.412, comm[2]: 221.322, force: 2857.892, rev_comm[0]: 215.369, rev_comm[1]: 1323.616, rev_comm[2]: 245.451, inte[1]: 140.934
[Rank 38] xlo: 214.988312, xhi: 322.482469, ylo: 107.494156, yhi: 214.988312, zlo: 214.988312, zhi: 322.482469
[Rank 39] inte[0]: 205.786, comm[0]: 219.950, comm[1]: 1340.203, comm[2]: 220.214, force: 2880.693, rev_comm[0]: 213.628, rev_comm[1]: 1351.760, rev_comm[2]: 243.218, inte[1]: 141.171
[Rank 39] xlo: 214.988312, xhi: 322.482469, ylo: 107.494156, yhi: 214.988312, zlo: 322.482469, zhi: 429.976625
[Rank 3] inte[0]: 206.015, comm[0]: 221.183, comm[1]: 1504.367, comm[2]: 220.561, force: 2902.816, rev_comm[0]: 215.069, rev_comm[1]: 1543.350, rev_comm[2]: 244.475, inte[1]: 141.154
[Rank 3] xlo: 0.000000, xhi: 107.494156, ylo: 0.000000, yhi: 107.494156, zlo: 322.482469, zhi: 429.976625
[Rank 40] inte[0]: 205.431, comm[0]: 219.033, comm[1]: 1385.091, comm[2]: 220.270, force: 2848.060, rev_comm[0]: 212.475, rev_comm[1]: 1381.438, rev_comm[2]: 244.398, inte[1]: 140.352
[Rank 40] xlo: 214.988312, xhi: 322.482469, ylo: 214.988312, yhi: 322.482469, zlo: 0.000000, zhi: 107.494156
[Rank 41] inte[0]: 205.287, comm[0]: 217.349, comm[1]: 1397.122, comm[2]: 219.530, force: 2856.290, rev_comm[0]: 211.828, rev_comm[1]: 1402.187, rev_comm[2]: 241.398, inte[1]: 140.574
[Rank 41] xlo: 214.988312, xhi: 322.482469, ylo: 214.988312, yhi: 322.482469, zlo: 107.494156, zhi: 214.988312
[Rank 42] inte[0]: 205.100, comm[0]: 203.738, comm[1]: 1371.575, comm[2]: 204.670, force: 2854.267, rev_comm[0]: 197.806, rev_comm[1]: 1378.270, rev_comm[2]: 228.260, inte[1]: 139.884
[Rank 42] xlo: 214.988312, xhi: 322.482469, ylo: 214.988312, yhi: 322.482469, zlo: 214.988312, zhi: 322.482469
[Rank 43] inte[0]: 204.639, comm[0]: 204.644, comm[1]: 1396.336, comm[2]: 203.565, force: 2853.162, rev_comm[0]: 198.382, rev_comm[1]: 1398.502, rev_comm[2]: 227.515, inte[1]: 139.672
[Rank 43] xlo: 214.988312, xhi: 322.482469, ylo: 214.988312, yhi: 322.482469, zlo: 322.482469, zhi: 429.976625
[Rank 44] inte[0]: 207.046, comm[0]: 222.250, comm[1]: 1634.937, comm[2]: 222.124, force: 2886.229, rev_comm[0]: 215.616, rev_comm[1]: 1576.773, rev_comm[2]: 245.917, inte[1]: 141.416
[Rank 44] xlo: 214.988312, xhi: 322.482469, ylo: 322.482469, yhi: 429.976625, zlo: 0.000000, zhi: 107.494156
[Rank 45] inte[0]: 205.862, comm[0]: 216.963, comm[1]: 1672.067, comm[2]: 218.438, force: 2877.258, rev_comm[0]: 211.438, rev_comm[1]: 1610.450, rev_comm[2]: 241.219, inte[1]: 140.368
[Rank 45] xlo: 214.988312, xhi: 322.482469, ylo: 322.482469, yhi: 429.976625, zlo: 107.494156, zhi: 214.988312
[Rank 46] inte[0]: 206.070, comm[0]: 220.616, comm[1]: 1636.111, comm[2]: 220.025, force: 2856.530, rev_comm[0]: 213.350, rev_comm[1]: 1579.463, rev_comm[2]: 243.867, inte[1]: 140.817
[Rank 46] xlo: 214.988312, xhi: 322.482469, ylo: 322.482469, yhi: 429.976625, zlo: 214.988312, zhi: 322.482469
[Rank 47] inte[0]: 205.222, comm[0]: 218.171, comm[1]: 1677.912, comm[2]: 217.914, force: 2857.847, rev_comm[0]: 211.410, rev_comm[1]: 1611.789, rev_comm[2]: 243.278, inte[1]: 140.180
[Rank 47] xlo: 214.988312, xhi: 322.482469, ylo: 322.482469, yhi: 429.976625, zlo: 322.482469, zhi: 429.976625
[Rank 48] inte[0]: 205.484, comm[0]: 218.809, comm[1]: 1552.920, comm[2]: 219.436, force: 2888.507, rev_comm[0]: 212.855, rev_comm[1]: 1507.904, rev_comm[2]: 243.615, inte[1]: 140.884
[Rank 48] xlo: 322.482469, xhi: 429.976625, ylo: 0.000000, yhi: 107.494156, zlo: 0.000000, zhi: 107.494156
[Rank 49] inte[0]: 206.117, comm[0]: 217.865, comm[1]: 1590.174, comm[2]: 219.735, force: 2896.995, rev_comm[0]: 213.068, rev_comm[1]: 1533.398, rev_comm[2]: 243.101, inte[1]: 141.200
[Rank 49] xlo: 322.482469, xhi: 429.976625, ylo: 0.000000, yhi: 107.494156, zlo: 107.494156, zhi: 214.988312
[Rank 4] inte[0]: 205.962, comm[0]: 218.453, comm[1]: 1616.888, comm[2]: 218.931, force: 2849.188, rev_comm[0]: 211.673, rev_comm[1]: 1711.520, rev_comm[2]: 242.996, inte[1]: 140.615
[Rank 4] xlo: 0.000000, xhi: 107.494156, ylo: 107.494156, yhi: 214.988312, zlo: 0.000000, zhi: 107.494156
[Rank 50] inte[0]: 205.148, comm[0]: 204.337, comm[1]: 1530.544, comm[2]: 204.488, force: 2855.241, rev_comm[0]: 197.588, rev_comm[1]: 1478.010, rev_comm[2]: 227.952, inte[1]: 140.160
[Rank 50] xlo: 322.482469, xhi: 429.976625, ylo: 0.000000, yhi: 107.494156, zlo: 214.988312, zhi: 322.482469
[Rank 51] inte[0]: 205.267, comm[0]: 204.788, comm[1]: 1589.786, comm[2]: 204.380, force: 2844.654, rev_comm[0]: 198.316, rev_comm[1]: 1531.973, rev_comm[2]: 227.218, inte[1]: 139.931
[Rank 51] xlo: 322.482469, xhi: 429.976625, ylo: 0.000000, yhi: 107.494156, zlo: 322.482469, zhi: 429.976625
[Rank 52] inte[0]: 205.435, comm[0]: 216.195, comm[1]: 1448.791, comm[2]: 218.401, force: 2840.788, rev_comm[0]: 209.684, rev_comm[1]: 1541.428, rev_comm[2]: 240.796, inte[1]: 140.089
[Rank 52] xlo: 322.482469, xhi: 429.976625, ylo: 107.494156, yhi: 214.988312, zlo: 0.000000, zhi: 107.494156
[Rank 53] inte[0]: 204.739, comm[0]: 215.261, comm[1]: 1503.413, comm[2]: 218.062, force: 2851.612, rev_comm[0]: 211.782, rev_comm[1]: 1583.763, rev_comm[2]: 240.402, inte[1]: 139.928
[Rank 53] xlo: 322.482469, xhi: 429.976625, ylo: 107.494156, yhi: 214.988312, zlo: 107.494156, zhi: 214.988312
[Rank 54] inte[0]: 205.301, comm[0]: 203.603, comm[1]: 1481.938, comm[2]: 203.630, force: 2855.601, rev_comm[0]: 197.704, rev_comm[1]: 1559.088, rev_comm[2]: 227.686, inte[1]: 140.603
[Rank 54] xlo: 322.482469, xhi: 429.976625, ylo: 107.494156, yhi: 214.988312, zlo: 214.988312, zhi: 322.482469
[Rank 55] inte[0]: 204.679, comm[0]: 205.033, comm[1]: 1499.902, comm[2]: 204.353, force: 2875.616, rev_comm[0]: 199.124, rev_comm[1]: 1580.098, rev_comm[2]: 227.115, inte[1]: 140.315
[Rank 55] xlo: 322.482469, xhi: 429.976625, ylo: 107.494156, yhi: 214.988312, zlo: 322.482469, zhi: 429.976625
[Rank 56] inte[0]: 205.045, comm[0]: 219.374, comm[1]: 1344.533, comm[2]: 220.329, force: 2852.095, rev_comm[0]: 213.028, rev_comm[1]: 1354.191, rev_comm[2]: 243.290, inte[1]: 140.983
[Rank 56] xlo: 322.482469, xhi: 429.976625, ylo: 214.988312, yhi: 322.482469, zlo: 0.000000, zhi: 107.494156
[Rank 57] inte[0]: 204.831, comm[0]: 218.317, comm[1]: 1391.754, comm[2]: 218.780, force: 2879.329, rev_comm[0]: 212.489, rev_comm[1]: 1398.861, rev_comm[2]: 242.529, inte[1]: 140.777
[Rank 57] xlo: 322.482469, xhi: 429.976625, ylo: 214.988312, yhi: 322.482469, zlo: 107.494156, zhi: 214.988312
[Rank 58] inte[0]: 205.905, comm[0]: 221.517, comm[1]: 1383.902, comm[2]: 223.020, force: 2862.198, rev_comm[0]: 216.261, rev_comm[1]: 1392.792, rev_comm[2]: 247.094, inte[1]: 141.610
[Rank 58] xlo: 322.482469, xhi: 429.976625, ylo: 214.988312, yhi: 322.482469, zlo: 214.988312, zhi: 322.482469
[Rank 59] inte[0]: 205.282, comm[0]: 222.202, comm[1]: 1389.788, comm[2]: 222.275, force: 2845.000, rev_comm[0]: 215.664, rev_comm[1]: 1397.409, rev_comm[2]: 247.360, inte[1]: 140.624
[Rank 59] xlo: 322.482469, xhi: 429.976625, ylo: 214.988312, yhi: 322.482469, zlo: 322.482469, zhi: 429.976625
[Rank 5] inte[0]: 205.208, comm[0]: 217.697, comm[1]: 1643.611, comm[2]: 219.513, force: 2840.643, rev_comm[0]: 212.624, rev_comm[1]: 1730.040, rev_comm[2]: 241.698, inte[1]: 140.358
[Rank 5] xlo: 0.000000, xhi: 107.494156, ylo: 107.494156, yhi: 214.988312, zlo: 107.494156, zhi: 214.988312
[Rank 60] inte[0]: 205.295, comm[0]: 217.761, comm[1]: 1447.312, comm[2]: 218.904, force: 2848.077, rev_comm[0]: 211.213, rev_comm[1]: 1526.329, rev_comm[2]: 241.216, inte[1]: 140.423
[Rank 60] xlo: 322.482469, xhi: 429.976625, ylo: 322.482469, yhi: 429.976625, zlo: 0.000000, zhi: 107.494156
[Rank 61] inte[0]: 205.147, comm[0]: 216.246, comm[1]: 1508.195, comm[2]: 218.229, force: 2878.588, rev_comm[0]: 211.389, rev_comm[1]: 1592.538, rev_comm[2]: 242.094, inte[1]: 140.670
[Rank 61] xlo: 322.482469, xhi: 429.976625, ylo: 322.482469, yhi: 429.976625, zlo: 107.494156, zhi: 214.988312
[Rank 62] inte[0]: 206.185, comm[0]: 220.622, comm[1]: 1476.327, comm[2]: 220.419, force: 2841.267, rev_comm[0]: 214.602, rev_comm[1]: 1568.909, rev_comm[2]: 244.311, inte[1]: 141.119
[Rank 62] xlo: 322.482469, xhi: 429.976625, ylo: 322.482469, yhi: 429.976625, zlo: 214.988312, zhi: 322.482469
[Rank 63] inte[0]: 206.523, comm[0]: 219.485, comm[1]: 1509.717, comm[2]: 219.762, force: 2892.651, rev_comm[0]: 213.460, rev_comm[1]: 1592.840, rev_comm[2]: 244.330, inte[1]: 141.135
[Rank 63] xlo: 322.482469, xhi: 429.976625, ylo: 322.482469, yhi: 429.976625, zlo: 322.482469, zhi: 429.976625
[Rank 6] inte[0]: 206.017, comm[0]: 221.533, comm[1]: 1626.247, comm[2]: 222.239, force: 2829.269, rev_comm[0]: 214.977, rev_comm[1]: 1708.012, rev_comm[2]: 244.629, inte[1]: 140.864
[Rank 6] xlo: 0.000000, xhi: 107.494156, ylo: 107.494156, yhi: 214.988312, zlo: 214.988312, zhi: 322.482469
[Rank 7] inte[0]: 205.777, comm[0]: 220.706, comm[1]: 1644.050, comm[2]: 221.100, force: 2857.639, rev_comm[0]: 214.235, rev_comm[1]: 1730.731, rev_comm[2]: 244.043, inte[1]: 140.706
[Rank 7] xlo: 0.000000, xhi: 107.494156, ylo: 107.494156, yhi: 214.988312, zlo: 322.482469, zhi: 429.976625
[Rank 8] inte[0]: 206.908, comm[0]: 220.332, comm[1]: 1506.957, comm[2]: 221.584, force: 2852.743, rev_comm[0]: 213.755, rev_comm[1]: 1550.194, rev_comm[2]: 245.319, inte[1]: 141.046
[Rank 8] xlo: 0.000000, xhi: 107.494156, ylo: 214.988312, yhi: 322.482469, zlo: 0.000000, zhi: 107.494156
[Rank 9] inte[0]: 204.762, comm[0]: 218.050, comm[1]: 1552.162, comm[2]: 219.264, force: 2894.432, rev_comm[0]: 213.198, rev_comm[1]: 1599.891, rev_comm[2]: 242.089, inte[1]: 140.659
[Rank 9] xlo: 0.000000, xhi: 107.494156, ylo: 214.988312, yhi: 322.482469, zlo: 107.494156, zhi: 214.988312
